#
# There is insufficient memory for the Java Runtime Environment to continue.
# Native memory allocation (malloc) failed to allocate 90976 bytes for Chunk::new
# Possible reasons:
#   The system is out of physical RAM or swap space
#   The process is running with CompressedOops enabled, and the Java Heap may be blocking the growth of the native heap
# Possible solutions:
#   Reduce memory load on the system
#   Increase physical memory or swap space
#   Check if swap backing store is full
#   Decrease Java heap size (-Xmx/-Xms)
#   Decrease number of Java threads
#   Decrease Java thread stack sizes (-Xss)
#   Set larger code cache with -XX:ReservedCodeCacheSize=
#   JVM is running with Unscaled Compressed Oops mode in which the Java heap is
#     placed in the first 4GB address space. The Java Heap base address is the
#     maximum limit for the native heap growth. Please use -XX:HeapBaseMinAddress
#     to set the Java Heap base and to place the Java Heap above 4GB virtual address.
# This output file may be truncated or incomplete.
#
#  Out of Memory Error (arena.cpp:168), pid=22916, tid=1908
#
# JRE version: Java(TM) SE Runtime Environment (21.0.2+13) (build 21.0.2+13-LTS-58)
# Java VM: Java HotSpot(TM) 64-Bit Server VM (21.0.2+13-LTS-58, mixed mode, sharing, tiered, compressed oops, compressed class ptrs, g1 gc, windows-amd64)
# No core dump will be written. Minidumps are not enabled by default on client versions of Windows
#

---------------  S U M M A R Y ------------

Command Line: -Dfile.encoding=UTF-8 -Dstdout.encoding=UTF-8 -Dstderr.encoding=UTF-8 -XX:+ShowCodeDetailsInExceptionMessages selenium_maven.selenium_id1.javascriptexecutor1

Host: Intel(R) Core(TM) i5-4210U CPU @ 1.70GHz, 4 cores, 3G,  Windows 10 , 64 bit Build 19041 (10.0.19041.3636)
Time: Thu May 23 18:41:38 2024 India Standard Time elapsed time: 6.731559 seconds (0d 0h 0m 6s)

---------------  T H R E A D  ---------------

Current thread (0x000002caf982af80):  JavaThread "C2 CompilerThread0" daemon [_thread_in_native, id=1908, stack(0x000000d153800000,0x000000d153900000) (1024K)]


Current CompileTask:
C2:   6731 1631       4       java.lang.String::replace (42 bytes)

Stack: [0x000000d153800000,0x000000d153900000]
Native frames: (J=compiled Java code, j=interpreted, Vv=VM code, C=native code)
V  [jvm.dll+0x6cade9]
V  [jvm.dll+0x8569c1]
V  [jvm.dll+0x858d2e]
V  [jvm.dll+0x859413]
V  [jvm.dll+0x280e56]
V  [jvm.dll+0xc3f3d]
V  [jvm.dll+0xc4473]
V  [jvm.dll+0x2f437f]
V  [jvm.dll+0x5f5056]
V  [jvm.dll+0x252d7f]
V  [jvm.dll+0x24b6d6]
V  [jvm.dll+0x2490a3]
V  [jvm.dll+0x1c9634]
V  [jvm.dll+0x258859]
V  [jvm.dll+0x256e3a]
V  [jvm.dll+0x3ef6c6]
V  [jvm.dll+0x7ff568]
V  [jvm.dll+0x6c953d]
C  [ucrtbase.dll+0x21bb2]
C  [KERNEL32.DLL+0x17344]
C  [ntdll.dll+0x526b1]


---------------  P R O C E S S  ---------------

Threads class SMR info:
_java_thread_list=0x000002cafeb60320, length=19, elements={
0x000002caebabe430, 0x000002caf9820400, 0x000002caf9822220, 0x000002caf9827f70,
0x000002caf9828d30, 0x000002caf9829790, 0x000002caf982a1f0, 0x000002caf982af80,
0x000002caf989c970, 0x000002caf9a8dca0, 0x000002caf9a95710, 0x000002cafe57b790,
0x000002cafea48d20, 0x000002cafeaf48b0, 0x000002cafeae18d0, 0x000002cafeae1f40,
0x000002cafeaaac90, 0x000002cafe9e95d0, 0x000002cafec1d170
}

Java Threads: ( => current thread )
  0x000002caebabe430 JavaThread "Forwarding newSession on session null to remote"        [_thread_in_vm, id=20100, stack(0x000000d152a00000,0x000000d152b00000) (1024K)]
  0x000002caf9820400 JavaThread "Reference Handler"          daemon [_thread_blocked, id=19192, stack(0x000000d153200000,0x000000d153300000) (1024K)]
  0x000002caf9822220 JavaThread "Finalizer"                  daemon [_thread_blocked, id=9912, stack(0x000000d153300000,0x000000d153400000) (1024K)]
  0x000002caf9827f70 JavaThread "Signal Dispatcher"          daemon [_thread_blocked, id=11136, stack(0x000000d153400000,0x000000d153500000) (1024K)]
  0x000002caf9828d30 JavaThread "Attach Listener"            daemon [_thread_blocked, id=932, stack(0x000000d153500000,0x000000d153600000) (1024K)]
  0x000002caf9829790 JavaThread "Service Thread"             daemon [_thread_blocked, id=16468, stack(0x000000d153600000,0x000000d153700000) (1024K)]
  0x000002caf982a1f0 JavaThread "Monitor Deflation Thread"   daemon [_thread_blocked, id=18040, stack(0x000000d153700000,0x000000d153800000) (1024K)]
=>0x000002caf982af80 JavaThread "C2 CompilerThread0"         daemon [_thread_in_native, id=1908, stack(0x000000d153800000,0x000000d153900000) (1024K)]
  0x000002caf989c970 JavaThread "C1 CompilerThread0"         daemon [_thread_blocked, id=9932, stack(0x000000d153900000,0x000000d153a00000) (1024K)]
  0x000002caf9a8dca0 JavaThread "Notification Thread"        daemon [_thread_blocked, id=21912, stack(0x000000d153a00000,0x000000d153b00000) (1024K)]
  0x000002caf9a95710 JavaThread "Common-Cleaner"             daemon [_thread_blocked, id=6692, stack(0x000000d153b00000,0x000000d153c00000) (1024K)]
  0x000002cafe57b790 JavaThread "ForkJoinPool.commonPool-worker-1" daemon [_thread_blocked, id=16240, stack(0x000000d153c00000,0x000000d153d00000) (1024K)]
  0x000002cafea48d20 JavaThread "HttpClient-1-SelectorManager" daemon [_thread_in_native, id=5008, stack(0x000000d154000000,0x000000d154100000) (1024K)]
  0x000002cafeaf48b0 JavaThread "Thread-2"                          [_thread_in_native, id=6604, stack(0x000000d154100000,0x000000d154200000) (1024K)]
  0x000002cafeae18d0 JavaThread "Driver Service Executor"    daemon [_thread_blocked, id=18664, stack(0x000000d154200000,0x000000d154300000) (1024K)]
  0x000002cafeae1f40 JavaThread "Driver Service Executor"    daemon [_thread_in_native, id=23872, stack(0x000000d154300000,0x000000d154400000) (1024K)]
  0x000002cafeaaac90 JavaThread "pool-1-thread-1"                   [_thread_blocked, id=9452, stack(0x000000d154500000,0x000000d154600000) (1024K)]
  0x000002cafe9e95d0 JavaThread "pool-1-thread-2"                   [_thread_blocked, id=19832, stack(0x000000d154600000,0x000000d154700000) (1024K)]
  0x000002cafec1d170 JavaThread "pool-1-thread-3"                   [_thread_blocked, id=22400, stack(0x000000d154700000,0x000000d154800000) (1024K)]
Total: 19

Other Threads:
  0x000002caedc569e0 VMThread "VM Thread"                           [id=16300, stack(0x000000d153100000,0x000000d153200000) (1024K)]
  0x000002caedc40500 WatcherThread "VM Periodic Task Thread"        [id=24028, stack(0x000000d153000000,0x000000d153100000) (1024K)]
  0x000002caedbcff50 WorkerThread "GC Thread#0"                     [id=1488, stack(0x000000d152b00000,0x000000d152c00000) (1024K)]
  0x000002cafe987730 WorkerThread "GC Thread#1"                     [id=8708, stack(0x000000d153d00000,0x000000d153e00000) (1024K)]
  0x000002cafe9edcf0 WorkerThread "GC Thread#2"                     [id=3756, stack(0x000000d153e00000,0x000000d153f00000) (1024K)]
  0x000002cafe9ee090 WorkerThread "GC Thread#3"                     [id=17736, stack(0x000000d153f00000,0x000000d154000000) (1024K)]
  0x000002caedbd9690 ConcurrentGCThread "G1 Main Marker"            [id=21068, stack(0x000000d152c00000,0x000000d152d00000) (1024K)]
  0x000002caedbda9a0 WorkerThread "G1 Conc#0"                       [id=21824, stack(0x000000d152d00000,0x000000d152e00000) (1024K)]
  0x000002caedc30c30 ConcurrentGCThread "G1 Refine#0"               [id=10872, stack(0x000000d152e00000,0x000000d152f00000) (1024K)]
  0x000002caedc31950 ConcurrentGCThread "G1 Service"                [id=23304, stack(0x000000d152f00000,0x000000d153000000) (1024K)]
Total: 10

Threads with active compile tasks:
C2 CompilerThread0     6833 1631       4       java.lang.String::replace (42 bytes)
Total: 1

VM state: not at safepoint (normal execution)

VM Mutex/Monitor currently owned by a thread:  ([mutex/lock_event])
[0x00007ffca0c7ace8] Metaspace_lock - owner thread: 0x000002caebabe430

Heap address: 0x00000000c1000000, size: 1008 MB, Compressed Oops mode: 32-bit

CDS archive(s) mapped at: [0x000002ca8f000000-0x000002ca8fc90000-0x000002ca8fc90000), size 13172736, SharedBaseAddress: 0x000002ca8f000000, ArchiveRelocationMode: 1.
Compressed class space mapped at: 0x000002ca90000000-0x000002cad0000000, reserved size: 1073741824
Narrow klass base: 0x000002ca8f000000, Narrow klass shift: 0, Narrow klass range: 0x100000000

GC Precious Log:
 CardTable entry size: 512
 Card Set container configuration: InlinePtr #cards 5 size 8 Array Of Cards #cards 12 size 40 Howl #buckets 4 coarsen threshold 1843 Howl Bitmap #cards 512 size 80 coarsen threshold 460 Card regions per heap region 1 cards per card region 2048
 CPUs: 4 total, 4 available
 Memory: 4027M
 Large Page Support: Disabled
 NUMA Support: Disabled
 Compressed Oops: Enabled (32-bit)
 Heap Region Size: 1M
 Heap Min Capacity: 8M
 Heap Initial Capacity: 64M
 Heap Max Capacity: 1008M
 Pre-touch: Disabled
 Parallel Workers: 4
 Concurrent Workers: 1
 Concurrent Refinement Workers: 4
 Periodic GC: Disabled

Heap:
 garbage-first heap   total 65536K, used 9073K [0x00000000c1000000, 0x0000000100000000)
  region size 1024K, 6 young (6144K), 2 survivors (2048K)
 Metaspace       used 11997K, committed 12288K, reserved 1114112K
  class space    used 1444K, committed 1600K, reserved 1048576K

Heap Regions: E=young(eden), S=young(survivor), O=old, HS=humongous(starts), HC=humongous(continues), CS=collection set, F=free, TAMS=top-at-mark-start, PB=parsable bottom
|   0|0x00000000c1000000, 0x00000000c1100000, 0x00000000c1100000|100%| O|  |TAMS 0x00000000c1000000| PB 0x00000000c1000000| Untracked 
|   1|0x00000000c1100000, 0x00000000c1200000, 0x00000000c1200000|100%| O|  |TAMS 0x00000000c1100000| PB 0x00000000c1100000| Untracked 
|   2|0x00000000c1200000, 0x00000000c1300000, 0x00000000c1300000|100%| O|  |TAMS 0x00000000c1200000| PB 0x00000000c1200000| Untracked 
|   3|0x00000000c1300000, 0x00000000c1400000, 0x00000000c1400000|100%| O|  |TAMS 0x00000000c1300000| PB 0x00000000c1300000| Untracked 
|   4|0x00000000c1400000, 0x00000000c1426d60, 0x00000000c1500000| 15%| O|  |TAMS 0x00000000c1400000| PB 0x00000000c1400000| Untracked 
|   5|0x00000000c1500000, 0x00000000c1500000, 0x00000000c1600000|  0%| F|  |TAMS 0x00000000c1500000| PB 0x00000000c1500000| Untracked 
|   6|0x00000000c1600000, 0x00000000c1600000, 0x00000000c1700000|  0%| F|  |TAMS 0x00000000c1600000| PB 0x00000000c1600000| Untracked 
|   7|0x00000000c1700000, 0x00000000c1700000, 0x00000000c1800000|  0%| F|  |TAMS 0x00000000c1700000| PB 0x00000000c1700000| Untracked 
|   8|0x00000000c1800000, 0x00000000c1800000, 0x00000000c1900000|  0%| F|  |TAMS 0x00000000c1800000| PB 0x00000000c1800000| Untracked 
|   9|0x00000000c1900000, 0x00000000c1900000, 0x00000000c1a00000|  0%| F|  |TAMS 0x00000000c1900000| PB 0x00000000c1900000| Untracked 
|  10|0x00000000c1a00000, 0x00000000c1a00000, 0x00000000c1b00000|  0%| F|  |TAMS 0x00000000c1a00000| PB 0x00000000c1a00000| Untracked 
|  11|0x00000000c1b00000, 0x00000000c1b00000, 0x00000000c1c00000|  0%| F|  |TAMS 0x00000000c1b00000| PB 0x00000000c1b00000| Untracked 
|  12|0x00000000c1c00000, 0x00000000c1c00000, 0x00000000c1d00000|  0%| F|  |TAMS 0x00000000c1c00000| PB 0x00000000c1c00000| Untracked 
|  13|0x00000000c1d00000, 0x00000000c1d00000, 0x00000000c1e00000|  0%| F|  |TAMS 0x00000000c1d00000| PB 0x00000000c1d00000| Untracked 
|  14|0x00000000c1e00000, 0x00000000c1e00000, 0x00000000c1f00000|  0%| F|  |TAMS 0x00000000c1e00000| PB 0x00000000c1e00000| Untracked 
|  15|0x00000000c1f00000, 0x00000000c1f00000, 0x00000000c2000000|  0%| F|  |TAMS 0x00000000c1f00000| PB 0x00000000c1f00000| Untracked 
|  16|0x00000000c2000000, 0x00000000c2000000, 0x00000000c2100000|  0%| F|  |TAMS 0x00000000c2000000| PB 0x00000000c2000000| Untracked 
|  17|0x00000000c2100000, 0x00000000c2100000, 0x00000000c2200000|  0%| F|  |TAMS 0x00000000c2100000| PB 0x00000000c2100000| Untracked 
|  18|0x00000000c2200000, 0x00000000c2200000, 0x00000000c2300000|  0%| F|  |TAMS 0x00000000c2200000| PB 0x00000000c2200000| Untracked 
|  19|0x00000000c2300000, 0x00000000c2300000, 0x00000000c2400000|  0%| F|  |TAMS 0x00000000c2300000| PB 0x00000000c2300000| Untracked 
|  20|0x00000000c2400000, 0x00000000c2400000, 0x00000000c2500000|  0%| F|  |TAMS 0x00000000c2400000| PB 0x00000000c2400000| Untracked 
|  21|0x00000000c2500000, 0x00000000c2500000, 0x00000000c2600000|  0%| F|  |TAMS 0x00000000c2500000| PB 0x00000000c2500000| Untracked 
|  22|0x00000000c2600000, 0x00000000c2600000, 0x00000000c2700000|  0%| F|  |TAMS 0x00000000c2600000| PB 0x00000000c2600000| Untracked 
|  23|0x00000000c2700000, 0x00000000c2700000, 0x00000000c2800000|  0%| F|  |TAMS 0x00000000c2700000| PB 0x00000000c2700000| Untracked 
|  24|0x00000000c2800000, 0x00000000c2800000, 0x00000000c2900000|  0%| F|  |TAMS 0x00000000c2800000| PB 0x00000000c2800000| Untracked 
|  25|0x00000000c2900000, 0x00000000c2900000, 0x00000000c2a00000|  0%| F|  |TAMS 0x00000000c2900000| PB 0x00000000c2900000| Untracked 
|  26|0x00000000c2a00000, 0x00000000c2a00000, 0x00000000c2b00000|  0%| F|  |TAMS 0x00000000c2a00000| PB 0x00000000c2a00000| Untracked 
|  27|0x00000000c2b00000, 0x00000000c2b00000, 0x00000000c2c00000|  0%| F|  |TAMS 0x00000000c2b00000| PB 0x00000000c2b00000| Untracked 
|  28|0x00000000c2c00000, 0x00000000c2c00000, 0x00000000c2d00000|  0%| F|  |TAMS 0x00000000c2c00000| PB 0x00000000c2c00000| Untracked 
|  29|0x00000000c2d00000, 0x00000000c2d00000, 0x00000000c2e00000|  0%| F|  |TAMS 0x00000000c2d00000| PB 0x00000000c2d00000| Untracked 
|  30|0x00000000c2e00000, 0x00000000c2e00000, 0x00000000c2f00000|  0%| F|  |TAMS 0x00000000c2e00000| PB 0x00000000c2e00000| Untracked 
|  31|0x00000000c2f00000, 0x00000000c2f00000, 0x00000000c3000000|  0%| F|  |TAMS 0x00000000c2f00000| PB 0x00000000c2f00000| Untracked 
|  32|0x00000000c3000000, 0x00000000c3000000, 0x00000000c3100000|  0%| F|  |TAMS 0x00000000c3000000| PB 0x00000000c3000000| Untracked 
|  33|0x00000000c3100000, 0x00000000c3100000, 0x00000000c3200000|  0%| F|  |TAMS 0x00000000c3100000| PB 0x00000000c3100000| Untracked 
|  34|0x00000000c3200000, 0x00000000c3200000, 0x00000000c3300000|  0%| F|  |TAMS 0x00000000c3200000| PB 0x00000000c3200000| Untracked 
|  35|0x00000000c3300000, 0x00000000c3300000, 0x00000000c3400000|  0%| F|  |TAMS 0x00000000c3300000| PB 0x00000000c3300000| Untracked 
|  36|0x00000000c3400000, 0x00000000c3400000, 0x00000000c3500000|  0%| F|  |TAMS 0x00000000c3400000| PB 0x00000000c3400000| Untracked 
|  37|0x00000000c3500000, 0x00000000c3500000, 0x00000000c3600000|  0%| F|  |TAMS 0x00000000c3500000| PB 0x00000000c3500000| Untracked 
|  38|0x00000000c3600000, 0x00000000c3600000, 0x00000000c3700000|  0%| F|  |TAMS 0x00000000c3600000| PB 0x00000000c3600000| Untracked 
|  39|0x00000000c3700000, 0x00000000c3700000, 0x00000000c3800000|  0%| F|  |TAMS 0x00000000c3700000| PB 0x00000000c3700000| Untracked 
|  40|0x00000000c3800000, 0x00000000c3800000, 0x00000000c3900000|  0%| F|  |TAMS 0x00000000c3800000| PB 0x00000000c3800000| Untracked 
|  41|0x00000000c3900000, 0x00000000c3900000, 0x00000000c3a00000|  0%| F|  |TAMS 0x00000000c3900000| PB 0x00000000c3900000| Untracked 
|  42|0x00000000c3a00000, 0x00000000c3a00000, 0x00000000c3b00000|  0%| F|  |TAMS 0x00000000c3a00000| PB 0x00000000c3a00000| Untracked 
|  43|0x00000000c3b00000, 0x00000000c3b00000, 0x00000000c3c00000|  0%| F|  |TAMS 0x00000000c3b00000| PB 0x00000000c3b00000| Untracked 
|  44|0x00000000c3c00000, 0x00000000c3c00000, 0x00000000c3d00000|  0%| F|  |TAMS 0x00000000c3c00000| PB 0x00000000c3c00000| Untracked 
|  45|0x00000000c3d00000, 0x00000000c3d00000, 0x00000000c3e00000|  0%| F|  |TAMS 0x00000000c3d00000| PB 0x00000000c3d00000| Untracked 
|  46|0x00000000c3e00000, 0x00000000c3eb5710, 0x00000000c3f00000| 70%| S|CS|TAMS 0x00000000c3e00000| PB 0x00000000c3e00000| Complete 
|  47|0x00000000c3f00000, 0x00000000c4000000, 0x00000000c4000000|100%| S|CS|TAMS 0x00000000c3f00000| PB 0x00000000c3f00000| Complete 
|  48|0x00000000c4000000, 0x00000000c4000000, 0x00000000c4100000|  0%| F|  |TAMS 0x00000000c4000000| PB 0x00000000c4000000| Untracked 
|  49|0x00000000c4100000, 0x00000000c4100000, 0x00000000c4200000|  0%| F|  |TAMS 0x00000000c4100000| PB 0x00000000c4100000| Untracked 
|  50|0x00000000c4200000, 0x00000000c4200000, 0x00000000c4300000|  0%| F|  |TAMS 0x00000000c4200000| PB 0x00000000c4200000| Untracked 
|  51|0x00000000c4300000, 0x00000000c4300000, 0x00000000c4400000|  0%| F|  |TAMS 0x00000000c4300000| PB 0x00000000c4300000| Untracked 
|  52|0x00000000c4400000, 0x00000000c4400000, 0x00000000c4500000|  0%| F|  |TAMS 0x00000000c4400000| PB 0x00000000c4400000| Untracked 
|  53|0x00000000c4500000, 0x00000000c4500000, 0x00000000c4600000|  0%| F|  |TAMS 0x00000000c4500000| PB 0x00000000c4500000| Untracked 
|  54|0x00000000c4600000, 0x00000000c4600000, 0x00000000c4700000|  0%| F|  |TAMS 0x00000000c4600000| PB 0x00000000c4600000| Untracked 
|  55|0x00000000c4700000, 0x00000000c4700000, 0x00000000c4800000|  0%| F|  |TAMS 0x00000000c4700000| PB 0x00000000c4700000| Untracked 
|  56|0x00000000c4800000, 0x00000000c4800000, 0x00000000c4900000|  0%| F|  |TAMS 0x00000000c4800000| PB 0x00000000c4800000| Untracked 
|  57|0x00000000c4900000, 0x00000000c4900000, 0x00000000c4a00000|  0%| F|  |TAMS 0x00000000c4900000| PB 0x00000000c4900000| Untracked 
|  58|0x00000000c4a00000, 0x00000000c4a00000, 0x00000000c4b00000|  0%| F|  |TAMS 0x00000000c4a00000| PB 0x00000000c4a00000| Untracked 
|  59|0x00000000c4b00000, 0x00000000c4b00000, 0x00000000c4c00000|  0%| F|  |TAMS 0x00000000c4b00000| PB 0x00000000c4b00000| Untracked 
|  60|0x00000000c4c00000, 0x00000000c4c435c0, 0x00000000c4d00000| 26%| E|  |TAMS 0x00000000c4c00000| PB 0x00000000c4c00000| Complete 
|  61|0x00000000c4d00000, 0x00000000c4e00000, 0x00000000c4e00000|100%| E|CS|TAMS 0x00000000c4d00000| PB 0x00000000c4d00000| Complete 
|  62|0x00000000c4e00000, 0x00000000c4f00000, 0x00000000c4f00000|100%| E|CS|TAMS 0x00000000c4e00000| PB 0x00000000c4e00000| Complete 
|  63|0x00000000c4f00000, 0x00000000c5000000, 0x00000000c5000000|100%| E|CS|TAMS 0x00000000c4f00000| PB 0x00000000c4f00000| Complete 

Card table byte_map: [0x000002caf6210000,0x000002caf6410000] _byte_map_base: 0x000002caf5c08000

Marking Bits: (CMBitMap*) 0x000002caedbd0650
 Bits: [0x000002caf6410000, 0x000002caf73d0000)

Polling page: 0x000002caeba70000

Metaspace:

Usage:
  Non-class:     10.31 MB used.
      Class:      1.41 MB used.
       Both:     11.72 MB used.

Virtual space:
  Non-class space:       64.00 MB reserved,      10.44 MB ( 16%) committed,  1 nodes.
      Class space:        1.00 GB reserved,       1.56 MB ( <1%) committed,  1 nodes.
             Both:        1.06 GB reserved,      12.00 MB (  1%) committed. 

Chunk freelists:
   Non-Class:  5.42 MB
       Class:  14.30 MB
        Both:  19.72 MB

MaxMetaspaceSize: unlimited
CompressedClassSpaceSize: 1.00 GB
Initial GC threshold: 21.00 MB
Current GC threshold: 21.00 MB
CDS: on
 - commit_granule_bytes: 65536.
 - commit_granule_words: 8192.
 - virtual_space_node_default_size: 8388608.
 - enlarge_chunks_in_place: 1.
 - use_allocation_guard: 0.


Internal statistics:

num_allocs_failed_limit: 0.
num_arena_births: 304.
num_arena_deaths: 0.
num_vsnodes_births: 2.
num_vsnodes_deaths: 0.
num_space_committed: 192.
num_space_uncommitted: 0.
num_chunks_returned_to_freelist: 0.
num_chunks_taken_from_freelist: 593.
num_chunk_merges: 0.
num_chunk_splits: 354.
num_chunks_enlarged: 209.
num_inconsistent_stats: 0.

CodeHeap 'non-profiled nmethods': size=120000Kb used=533Kb max_used=533Kb free=119466Kb
 bounds [0x000002ca87ad0000, 0x000002ca87d40000, 0x000002ca8f000000]
CodeHeap 'profiled nmethods': size=120000Kb used=3131Kb max_used=3131Kb free=116868Kb
 bounds [0x000002ca80000000, 0x000002ca80310000, 0x000002ca87530000]
CodeHeap 'non-nmethods': size=5760Kb used=1460Kb max_used=1474Kb free=4299Kb
 bounds [0x000002ca87530000, 0x000002ca877a0000, 0x000002ca87ad0000]
 total_blobs=2175 nmethods=1630 adapters=450
 compilation: enabled
              stopped_count=0, restarted_count=0
 full_count=0

Compilation events (20 events):
Event: 6.689 Thread 0x000002caf989c970 nmethod 1620 0x000002ca8030b210 code [0x000002ca8030b440, 0x000002ca8030bbe0]
Event: 6.689 Thread 0x000002caf989c970 1621       3       java.util.zip.ZipUtils::LOCNAM (7 bytes)
Event: 6.689 Thread 0x000002caf989c970 nmethod 1621 0x000002ca8030bf10 code [0x000002ca8030c0c0, 0x000002ca8030c260]
Event: 6.689 Thread 0x000002caf989c970 1622       3       java.util.zip.ZipUtils::LOCEXT (7 bytes)
Event: 6.689 Thread 0x000002caf989c970 nmethod 1622 0x000002ca8030c390 code [0x000002ca8030c540, 0x000002ca8030c6e0]
Event: 6.689 Thread 0x000002caf989c970 1623   !   3       java.util.zip.ZipFile$Source::readAt (39 bytes)
Event: 6.690 Thread 0x000002caf989c970 nmethod 1623 0x000002ca8030c810 code [0x000002ca8030c9e0, 0x000002ca8030cd00]
Event: 6.690 Thread 0x000002caf989c970 1626       3       java.util.zip.ZipFile$ZipFileInflaterInputStream::<init> (14 bytes)
Event: 6.690 Thread 0x000002caf989c970 nmethod 1626 0x000002ca8030cf90 code [0x000002ca8030d140, 0x000002ca8030d2f8]
Event: 6.690 Thread 0x000002caf989c970 1624   !   3       java.util.zip.Inflater::reset (64 bytes)
Event: 6.690 Thread 0x000002caf989c970 nmethod 1624 0x000002ca8030d410 code [0x000002ca8030d5e0, 0x000002ca8030d958]
Event: 6.690 Thread 0x000002caf989c970 1627   !   3       java.util.zip.Inflater::setInput (56 bytes)
Event: 6.691 Thread 0x000002caf989c970 nmethod 1627 0x000002ca8030db10 code [0x000002ca8030dce0, 0x000002ca8030e0c8]
Event: 6.691 Thread 0x000002caf989c970 1628   !   3       java.util.zip.ZipFile$CleanableResource::releaseInflater (53 bytes)
Event: 6.691 Thread 0x000002caf989c970 nmethod 1628 0x000002ca8030e290 code [0x000002ca8030e480, 0x000002ca8030e8c0]
Event: 6.699 Thread 0x000002caf989c970 1629       3       java.security.SecureClassLoader::defineClass (16 bytes)
Event: 6.699 Thread 0x000002caf989c970 nmethod 1629 0x000002ca8030ea90 code [0x000002ca8030ec40, 0x000002ca8030ede8]
Event: 6.701 Thread 0x000002caf982af80 1630   !   4       jdk.internal.loader.URLClassPath$JarLoader::getResource (40 bytes)
Event: 6.706 Thread 0x000002caf982af80 nmethod 1630 0x000002ca87b55090 code [0x000002ca87b55260, 0x000002ca87b55528]
Event: 6.717 Thread 0x000002caf982af80 1631       4       java.lang.String::replace (42 bytes)

GC Heap History (4 events):
Event: 1.529 GC heap before
{Heap before GC invocations=0 (full 0):
 garbage-first heap   total 65536K, used 13312K [0x00000000c1000000, 0x0000000100000000)
  region size 1024K, 13 young (13312K), 0 survivors (0K)
 Metaspace       used 5906K, committed 6144K, reserved 1114112K
  class space    used 674K, committed 768K, reserved 1048576K
}
Event: 1.539 GC heap after
{Heap after GC invocations=1 (full 0):
 garbage-first heap   total 65536K, used 4096K [0x00000000c1000000, 0x0000000100000000)
  region size 1024K, 2 young (2048K), 2 survivors (2048K)
 Metaspace       used 5906K, committed 6144K, reserved 1114112K
  class space    used 674K, committed 768K, reserved 1048576K
}
Event: 2.087 GC heap before
{Heap before GC invocations=1 (full 0):
 garbage-first heap   total 65536K, used 17408K [0x00000000c1000000, 0x0000000100000000)
  region size 1024K, 16 young (16384K), 2 survivors (2048K)
 Metaspace       used 10724K, committed 11008K, reserved 1114112K
  class space    used 1260K, committed 1408K, reserved 1048576K
}
Event: 2.093 GC heap after
{Heap after GC invocations=2 (full 0):
 garbage-first heap   total 65536K, used 6001K [0x00000000c1000000, 0x0000000100000000)
  region size 1024K, 2 young (2048K), 2 survivors (2048K)
 Metaspace       used 10724K, committed 11008K, reserved 1114112K
  class space    used 1260K, committed 1408K, reserved 1048576K
}

Dll operation events (8 events):
Event: 0.014 Loaded shared library C:\Program Files\Java\jdk-21\bin\java.dll
Event: 0.095 Loaded shared library C:\Program Files\Java\jdk-21\bin\jsvml.dll
Event: 0.197 Loaded shared library C:\Program Files\Java\jdk-21\bin\net.dll
Event: 0.200 Loaded shared library C:\Program Files\Java\jdk-21\bin\nio.dll
Event: 0.205 Loaded shared library C:\Program Files\Java\jdk-21\bin\zip.dll
Event: 0.309 Loaded shared library C:\Program Files\Java\jdk-21\bin\jimage.dll
Event: 0.396 Loaded shared library C:\Program Files\Java\jdk-21\bin\extnet.dll
Event: 1.706 Loaded shared library C:\Program Files\Java\jdk-21\bin\sunmscapi.dll

Deoptimization events (20 events):
Event: 1.762 Thread 0x000002caebabe430 DEOPT PACKING pc=0x000002ca80040385 sp=0x000000d152afac80
Event: 1.762 Thread 0x000002caebabe430 DEOPT UNPACKING pc=0x000002ca87584e42 sp=0x000000d152afa0f0 mode 0
Event: 1.776 Thread 0x000002caebabe430 DEOPT PACKING pc=0x000002ca800a5f70 sp=0x000000d152afd3c0
Event: 1.776 Thread 0x000002caebabe430 DEOPT UNPACKING pc=0x000002ca87584e42 sp=0x000000d152afc970 mode 0
Event: 1.821 Thread 0x000002caebabe430 Uncommon trap: trap_request=0xffffffde fr.pc=0x000002ca87af0f64 relative=0x0000000000000304
Event: 1.821 Thread 0x000002caebabe430 Uncommon trap: reason=class_check action=maybe_recompile pc=0x000002ca87af0f64 method=java.util.regex.Pattern$BmpCharPropertyGreedy.match(Ljava/util/regex/Matcher;ILjava/lang/CharSequence;)Z @ 26 c2
Event: 1.821 Thread 0x000002caebabe430 DEOPT PACKING pc=0x000002ca87af0f64 sp=0x000000d152afe290
Event: 1.821 Thread 0x000002caebabe430 DEOPT UNPACKING pc=0x000002ca875846a2 sp=0x000000d152afe248 mode 2
Event: 1.821 Thread 0x000002caebabe430 Uncommon trap: trap_request=0xffffffde fr.pc=0x000002ca87af0f64 relative=0x0000000000000304
Event: 1.821 Thread 0x000002caebabe430 Uncommon trap: reason=class_check action=maybe_recompile pc=0x000002ca87af0f64 method=java.util.regex.Pattern$BmpCharPropertyGreedy.match(Ljava/util/regex/Matcher;ILjava/lang/CharSequence;)Z @ 26 c2
Event: 1.821 Thread 0x000002caebabe430 DEOPT PACKING pc=0x000002ca87af0f64 sp=0x000000d152afe290
Event: 1.821 Thread 0x000002caebabe430 DEOPT UNPACKING pc=0x000002ca875846a2 sp=0x000000d152afe248 mode 2
Event: 1.821 Thread 0x000002caebabe430 Uncommon trap: trap_request=0xffffffde fr.pc=0x000002ca87af0f64 relative=0x0000000000000304
Event: 1.821 Thread 0x000002caebabe430 Uncommon trap: reason=class_check action=maybe_recompile pc=0x000002ca87af0f64 method=java.util.regex.Pattern$BmpCharPropertyGreedy.match(Ljava/util/regex/Matcher;ILjava/lang/CharSequence;)Z @ 26 c2
Event: 1.821 Thread 0x000002caebabe430 DEOPT PACKING pc=0x000002ca87af0f64 sp=0x000000d152afe290
Event: 1.821 Thread 0x000002caebabe430 DEOPT UNPACKING pc=0x000002ca875846a2 sp=0x000000d152afe248 mode 2
Event: 1.962 Thread 0x000002caebabe430 Uncommon trap: trap_request=0xffffffde fr.pc=0x000002ca87b3d274 relative=0x0000000000000414
Event: 1.962 Thread 0x000002caebabe430 Uncommon trap: reason=class_check action=maybe_recompile pc=0x000002ca87b3d274 method=java.lang.String.<init>(Ljava/lang/AbstractStringBuilder;Ljava/lang/Void;)V @ 10 c2
Event: 1.962 Thread 0x000002caebabe430 DEOPT PACKING pc=0x000002ca87b3d274 sp=0x000000d152afede0
Event: 1.962 Thread 0x000002caebabe430 DEOPT UNPACKING pc=0x000002ca875846a2 sp=0x000000d152afeda8 mode 2

Classes loaded (20 events):
Event: 6.636 Loading class java/util/stream/LongPipeline
Event: 6.637 Loading class java/util/stream/LongStream
Event: 6.637 Loading class java/util/stream/LongStream done
Event: 6.637 Loading class java/util/stream/LongPipeline done
Event: 6.637 Loading class java/util/stream/LongPipeline$StatelessOp done
Event: 6.638 Loading class java/util/stream/ReferencePipeline$5 done
Event: 6.638 Loading class java/util/stream/FindOps$FindSink$OfLong
Event: 6.638 Loading class java/util/stream/Sink$OfLong
Event: 6.638 Loading class java/util/stream/Sink$OfLong done
Event: 6.638 Loading class java/util/stream/FindOps$FindSink$OfLong done
Event: 6.638 Loading class java/util/OptionalLong
Event: 6.638 Loading class java/util/OptionalLong done
Event: 6.643 Loading class java/util/stream/ReferencePipeline$5$1
Event: 6.643 Loading class java/util/stream/ReferencePipeline$5$1 done
Event: 6.644 Loading class java/lang/invoke/VarHandleBytes$FieldInstanceReadWrite
Event: 6.645 Loading class java/lang/invoke/VarHandleBytes$FieldInstanceReadOnly
Event: 6.645 Loading class java/lang/invoke/VarHandleBytes$FieldInstanceReadOnly done
Event: 6.645 Loading class java/lang/invoke/VarHandleBytes$FieldInstanceReadWrite done
Event: 6.704 Loading class java/util/DualPivotQuicksort
Event: 6.705 Loading class java/util/DualPivotQuicksort done

Classes unloaded (0 events):
No events

Classes redefined (0 events):
No events

Internal exceptions (20 events):
Event: 1.895 Thread 0x000002cafeae18d0 Exception <a 'java/net/ConnectException'{0x00000000c47db8a0}: Connection refused: getsockopt> (0x00000000c47db8a0) 
thrown [s\open\src\hotspot\share\prims\jni.cpp, line 539]
Event: 1.896 Thread 0x000002cafeae18d0 Exception <a 'java/net/ConnectException'{0x00000000c47dc0f8}: Connection refused: getsockopt> (0x00000000c47dc0f8) 
thrown [s\open\src\hotspot\share\prims\jni.cpp, line 539]
Event: 1.896 Thread 0x000002cafeae18d0 Exception <a 'java/net/ConnectException'{0x00000000c47dc950}: Connection refused: getsockopt> (0x00000000c47dc950) 
thrown [s\open\src\hotspot\share\prims\jni.cpp, line 539]
Event: 1.897 Thread 0x000002cafeae18d0 Exception <a 'java/net/ConnectException'{0x00000000c47dd1a8}: Connection refused: getsockopt> (0x00000000c47dd1a8) 
thrown [s\open\src\hotspot\share\prims\jni.cpp, line 539]
Event: 1.897 Thread 0x000002cafeae18d0 Exception <a 'java/net/ConnectException'{0x00000000c47dda00}: Connection refused: getsockopt> (0x00000000c47dda00) 
thrown [s\open\src\hotspot\share\prims\jni.cpp, line 539]
Event: 1.898 Thread 0x000002cafeae18d0 Exception <a 'java/net/ConnectException'{0x00000000c47de258}: Connection refused: getsockopt> (0x00000000c47de258) 
thrown [s\open\src\hotspot\share\prims\jni.cpp, line 539]
Event: 1.900 Thread 0x000002cafeae18d0 Exception <a 'java/net/ConnectException'{0x00000000c47deae8}: Connection refused: getsockopt> (0x00000000c47deae8) 
thrown [s\open\src\hotspot\share\prims\jni.cpp, line 539]
Event: 1.900 Thread 0x000002cafeae18d0 Exception <a 'java/net/ConnectException'{0x00000000c47df340}: Connection refused: getsockopt> (0x00000000c47df340) 
thrown [s\open\src\hotspot\share\prims\jni.cpp, line 539]
Event: 1.901 Thread 0x000002cafeae18d0 Exception <a 'java/net/ConnectException'{0x00000000c47dfb98}: Connection refused: getsockopt> (0x00000000c47dfb98) 
thrown [s\open\src\hotspot\share\prims\jni.cpp, line 539]
Event: 1.902 Thread 0x000002cafeae18d0 Exception <a 'java/net/ConnectException'{0x00000000c47e03f0}: Connection refused: getsockopt> (0x00000000c47e03f0) 
thrown [s\open\src\hotspot\share\prims\jni.cpp, line 539]
Event: 1.903 Thread 0x000002cafeae18d0 Exception <a 'java/net/ConnectException'{0x00000000c47e0c48}: Connection refused: getsockopt> (0x00000000c47e0c48) 
thrown [s\open\src\hotspot\share\prims\jni.cpp, line 539]
Event: 1.903 Thread 0x000002cafeae18d0 Exception <a 'java/net/ConnectException'{0x00000000c47e14a0}: Connection refused: getsockopt> (0x00000000c47e14a0) 
thrown [s\open\src\hotspot\share\prims\jni.cpp, line 539]
Event: 1.948 Thread 0x000002caebabe430 Exception <a 'java/lang/NoSuchMethodError'{0x00000000c46e9470}: 'java.lang.Object java.lang.invoke.DirectMethodHandle$Holder.newInvokeSpecial(java.lang.Object, java.lang.Object, int, int)'> (0x00000000c46e9470) 
thrown [s\open\src\hotspot\share\interpreter\linkResolver.cpp, line 773]
Event: 1.949 Thread 0x000002caebabe430 Exception <a 'java/lang/NoSuchMethodError'{0x00000000c46f37d0}: 'void java.lang.invoke.DirectMethodHandle$Holder.invokeStatic(java.lang.Object, java.lang.Object, int)'> (0x00000000c46f37d0) 
thrown [s\open\src\hotspot\share\interpreter\linkResolver.cpp, line 773]
Event: 1.982 Thread 0x000002caebabe430 Exception <a 'java/lang/NoSuchMethodError'{0x00000000c45fb180}: 'java.lang.Object java.lang.invoke.DirectMethodHandle$Holder.newInvokeSpecial(java.lang.Object, java.lang.Object, java.lang.Object, java.lang.Object, java.lang.Object)'> (0x00000000c45fb180) 
thrown [s\open\src\hotspot\share\interpreter\linkResolver.cpp, line 773]
Event: 2.050 Thread 0x000002caebabe430 Exception <a 'java/lang/NoSuchMethodError'{0x00000000c406bee8}: 'void java.lang.invoke.DirectMethodHandle$Holder.invokeSpecial(java.lang.Object, java.lang.Object, java.lang.Object)'> (0x00000000c406bee8) 
thrown [s\open\src\hotspot\share\interpreter\linkResolver.cpp, line 773]
Event: 2.099 Thread 0x000002cafeaaac90 Exception <a 'java/lang/NoSuchMethodError'{0x00000000c4f51678}: 'java.lang.Object java.lang.invoke.DirectMethodHandle$Holder.invokeSpecial(java.lang.Object, java.lang.Object, java.lang.Object, java.lang.Object, int)'> (0x00000000c4f51678) 
thrown [s\open\src\hotspot\share\interpreter\linkResolver.cpp, line 773]
Event: 2.100 Thread 0x000002cafeaaac90 Exception <a 'java/lang/NoSuchMethodError'{0x00000000c4f55208}: 'java.lang.Object java.lang.invoke.Invokers$Holder.linkToTargetMethod(java.lang.Object, java.lang.Object, int, java.lang.Object)'> (0x00000000c4f55208) 
thrown [s\open\src\hotspot\share\interpreter\linkResolver.cpp, line 773]
Event: 2.126 Thread 0x000002cafeaaac90 Exception <a 'java/lang/NoSuchMethodError'{0x00000000c4fad308}: 'void java.lang.invoke.DirectMethodHandle$Holder.invokeSpecial(java.lang.Object, java.lang.Object, java.lang.Object, java.lang.Object, java.lang.Object)'> (0x00000000c4fad308) 
thrown [s\open\src\hotspot\share\interpreter\linkResolver.cpp, line 773]
Event: 6.653 Thread 0x000002cafeaaac90 Exception <a 'java/lang/NoSuchMethodError'{0x00000000c4eebde0}: 'void java.lang.invoke.DirectMethodHandle$Holder.invokeSpecial(java.lang.Object, java.lang.Object, java.lang.Object, java.lang.Object, java.lang.Object, java.lang.Object, java.lang.Object)'> (0x00000000c4eebde0) 
thrown [s\open\src\hotspot\share\interpreter\linkResolver.cpp, line 773]

ZGC Phase Switch (0 events):
No events

VM Operations (20 events):
Event: 1.288 Executing VM operation: HandshakeAllThreads (Deoptimize)
Event: 1.288 Executing VM operation: HandshakeAllThreads (Deoptimize) done
Event: 1.529 Executing VM operation: G1CollectForAllocation (G1 Evacuation Pause)
Event: 1.539 Executing VM operation: G1CollectForAllocation (G1 Evacuation Pause) done
Event: 1.545 Executing VM operation: HandshakeAllThreads (Deoptimize)
Event: 1.545 Executing VM operation: HandshakeAllThreads (Deoptimize) done
Event: 1.915 Executing VM operation: HandshakeAllThreads (Deoptimize)
Event: 1.915 Executing VM operation: HandshakeAllThreads (Deoptimize) done
Event: 1.965 Executing VM operation: HandshakeAllThreads (Deoptimize)
Event: 1.965 Executing VM operation: HandshakeAllThreads (Deoptimize) done
Event: 2.087 Executing VM operation: G1CollectForAllocation (G1 Evacuation Pause)
Event: 2.093 Executing VM operation: G1CollectForAllocation (G1 Evacuation Pause) done
Event: 3.105 Executing VM operation: Cleanup
Event: 3.105 Executing VM operation: Cleanup done
Event: 6.627 Executing VM operation: HandshakeAllThreads (Deoptimize)
Event: 6.627 Executing VM operation: HandshakeAllThreads (Deoptimize) done
Event: 6.627 Executing VM operation: Cleanup
Event: 6.628 Executing VM operation: Cleanup done
Event: 6.631 Executing VM operation: HandshakeAllThreads (Deoptimize)
Event: 6.632 Executing VM operation: HandshakeAllThreads (Deoptimize) done

Events (20 events):
Event: 0.091 Thread 0x000002caf9820400 Thread added: 0x000002caf9820400
Event: 0.091 Thread 0x000002caf9822220 Thread added: 0x000002caf9822220
Event: 0.091 Thread 0x000002caf9827f70 Thread added: 0x000002caf9827f70
Event: 0.092 Thread 0x000002caf9828d30 Thread added: 0x000002caf9828d30
Event: 0.092 Thread 0x000002caf9829790 Thread added: 0x000002caf9829790
Event: 0.092 Thread 0x000002caf982a1f0 Thread added: 0x000002caf982a1f0
Event: 0.092 Thread 0x000002caf982af80 Thread added: 0x000002caf982af80
Event: 0.097 Thread 0x000002caf989c970 Thread added: 0x000002caf989c970
Event: 0.180 Thread 0x000002caf9a8dca0 Thread added: 0x000002caf9a8dca0
Event: 0.188 Thread 0x000002caf9a95710 Thread added: 0x000002caf9a95710
Event: 0.542 Thread 0x000002caf9dfd030 Thread added: 0x000002caf9dfd030
Event: 1.099 Thread 0x000002caf9dfd030 Thread exited: 0x000002caf9dfd030
Event: 1.218 Thread 0x000002cafe57b790 Thread added: 0x000002cafe57b790
Event: 1.760 Thread 0x000002cafea48d20 Thread added: 0x000002cafea48d20
Event: 1.843 Thread 0x000002cafeaf48b0 Thread added: 0x000002cafeaf48b0
Event: 1.845 Thread 0x000002cafeae18d0 Thread added: 0x000002cafeae18d0
Event: 1.846 Thread 0x000002cafeae1f40 Thread added: 0x000002cafeae1f40
Event: 2.076 Thread 0x000002cafeaaac90 Thread added: 0x000002cafeaaac90
Event: 2.143 Thread 0x000002cafe9e95d0 Thread added: 0x000002cafe9e95d0
Event: 2.144 Thread 0x000002cafec1d170 Thread added: 0x000002cafec1d170


Dynamic libraries:
0x00007ff7eea60000 - 0x00007ff7eea70000 	C:\Program Files\Java\jdk-21\bin\javaw.exe
0x00007ffcd29d0000 - 0x00007ffcd2bc8000 	C:\WINDOWS\SYSTEM32\ntdll.dll
0x00007ffcd10a0000 - 0x00007ffcd115d000 	C:\WINDOWS\System32\KERNEL32.DLL
0x00007ffcd03d0000 - 0x00007ffcd06c6000 	C:\WINDOWS\System32\KERNELBASE.dll
0x00007ffcd07f0000 - 0x00007ffcd08f0000 	C:\WINDOWS\System32\ucrtbase.dll
0x00007ffccbb80000 - 0x00007ffccbb9b000 	C:\Program Files\Java\jdk-21\bin\VCRUNTIME140.dll
0x00007ffccbb20000 - 0x00007ffccbb39000 	C:\Program Files\Java\jdk-21\bin\jli.dll
0x00007ffcd1680000 - 0x00007ffcd172f000 	C:\WINDOWS\System32\ADVAPI32.dll
0x00007ffcd21a0000 - 0x00007ffcd223e000 	C:\WINDOWS\System32\msvcrt.dll
0x00007ffcd0a30000 - 0x00007ffcd0acc000 	C:\WINDOWS\System32\sechost.dll
0x00007ffcd1550000 - 0x00007ffcd1676000 	C:\WINDOWS\System32\RPCRT4.dll
0x00007ffcd0de0000 - 0x00007ffcd0f7e000 	C:\WINDOWS\System32\USER32.dll
0x00007ffcd06d0000 - 0x00007ffcd06f2000 	C:\WINDOWS\System32\win32u.dll
0x00007ffcd1010000 - 0x00007ffcd103c000 	C:\WINDOWS\System32\GDI32.dll
0x00007ffcd0120000 - 0x00007ffcd023a000 	C:\WINDOWS\System32\gdi32full.dll
0x00007ffcd0700000 - 0x00007ffcd079d000 	C:\WINDOWS\System32\msvcp_win.dll
0x00007ffcc3540000 - 0x00007ffcc37da000 	C:\WINDOWS\WinSxS\amd64_microsoft.windows.common-controls_6595b64144ccf1df_6.0.19041.3636_none_60b6a03d71f818d5\COMCTL32.dll
0x00007ffcc5c90000 - 0x00007ffcc5c9a000 	C:\WINDOWS\SYSTEM32\VERSION.dll
0x00007ffcd0f80000 - 0x00007ffcd0fb0000 	C:\WINDOWS\System32\IMM32.DLL
0x00007ffccbb70000 - 0x00007ffccbb7c000 	C:\Program Files\Java\jdk-21\bin\vcruntime140_1.dll
0x00007ffcc8a00000 - 0x00007ffcc8a8e000 	C:\Program Files\Java\jdk-21\bin\msvcp140.dll
0x00007ffca0040000 - 0x00007ffca0d57000 	C:\Program Files\Java\jdk-21\bin\server\jvm.dll
0x00007ffcd0ad0000 - 0x00007ffcd0b3b000 	C:\WINDOWS\System32\WS2_32.dll
0x00007ffccf660000 - 0x00007ffccf6ab000 	C:\WINDOWS\SYSTEM32\POWRPROF.dll
0x00007ffcc5a40000 - 0x00007ffcc5a67000 	C:\WINDOWS\SYSTEM32\WINMM.dll
0x00007ffccf510000 - 0x00007ffccf522000 	C:\WINDOWS\SYSTEM32\UMPDC.dll
0x00007ffccdf70000 - 0x00007ffccdf82000 	C:\WINDOWS\SYSTEM32\kernel.appcore.dll
0x00007ffccbae0000 - 0x00007ffccbaea000 	C:\Program Files\Java\jdk-21\bin\jimage.dll
0x00007ffcbfdd0000 - 0x00007ffcbffb4000 	C:\WINDOWS\SYSTEM32\DBGHELP.DLL
0x00007ffcc00e0000 - 0x00007ffcc0114000 	C:\WINDOWS\SYSTEM32\dbgcore.DLL
0x00007ffcd09a0000 - 0x00007ffcd0a22000 	C:\WINDOWS\System32\bcryptPrimitives.dll
0x00007ffccb140000 - 0x00007ffccb15f000 	C:\Program Files\Java\jdk-21\bin\java.dll
0x00007ffcd2240000 - 0x00007ffcd2985000 	C:\WINDOWS\System32\SHELL32.dll
0x00007ffcce170000 - 0x00007ffcce90b000 	C:\WINDOWS\SYSTEM32\windows.storage.dll
0x00007ffcd1190000 - 0x00007ffcd14e4000 	C:\WINDOWS\System32\combase.dll
0x00007ffccfaf0000 - 0x00007ffccfb1d000 	C:\WINDOWS\SYSTEM32\Wldp.dll
0x00007ffcd0c50000 - 0x00007ffcd0cfd000 	C:\WINDOWS\System32\SHCORE.dll
0x00007ffcd1040000 - 0x00007ffcd1095000 	C:\WINDOWS\System32\shlwapi.dll
0x00007ffccffe0000 - 0x00007ffcd0005000 	C:\WINDOWS\SYSTEM32\profapi.dll
0x00007ffcba8a0000 - 0x00007ffcba977000 	C:\Program Files\Java\jdk-21\bin\jsvml.dll
0x00007ffccb640000 - 0x00007ffccb650000 	C:\Program Files\Java\jdk-21\bin\net.dll
0x00007ffcc9b30000 - 0x00007ffcc9c3a000 	C:\WINDOWS\SYSTEM32\WINHTTP.dll
0x00007ffccf850000 - 0x00007ffccf8ba000 	C:\WINDOWS\system32\mswsock.dll
0x00007ffccade0000 - 0x00007ffccadf6000 	C:\Program Files\Java\jdk-21\bin\nio.dll
0x00007ffccac00000 - 0x00007ffccac18000 	C:\Program Files\Java\jdk-21\bin\zip.dll
0x00007ffccbd70000 - 0x00007ffccbd79000 	C:\Program Files\Java\jdk-21\bin\extnet.dll
0x00007ffccf530000 - 0x00007ffccf5fa000 	C:\WINDOWS\SYSTEM32\DNSAPI.dll
0x00007ffccf4d0000 - 0x00007ffccf50b000 	C:\WINDOWS\SYSTEM32\IPHLPAPI.DLL
0x00007ffcd1160000 - 0x00007ffcd1168000 	C:\WINDOWS\System32\NSI.dll
0x00007ffcc3910000 - 0x00007ffcc391a000 	C:\Windows\System32\rasadhlp.dll
0x00007ffcc4440000 - 0x00007ffcc44c0000 	C:\WINDOWS\System32\fwpuclnt.dll
0x00007ffcd03a0000 - 0x00007ffcd03c7000 	C:\WINDOWS\System32\bcrypt.dll
0x00007ffccfa40000 - 0x00007ffccfa58000 	C:\WINDOWS\SYSTEM32\CRYPTSP.dll
0x00007ffccf0b0000 - 0x00007ffccf0e4000 	C:\WINDOWS\system32\rsaenh.dll
0x00007ffccff60000 - 0x00007ffccff8e000 	C:\WINDOWS\SYSTEM32\USERENV.dll
0x00007ffccfa60000 - 0x00007ffccfa6c000 	C:\WINDOWS\SYSTEM32\CRYPTBASE.dll
0x00007ffccad90000 - 0x00007ffccad9e000 	C:\Program Files\Java\jdk-21\bin\sunmscapi.dll
0x00007ffcd0240000 - 0x00007ffcd039d000 	C:\WINDOWS\System32\CRYPT32.dll
0x00007ffccfb60000 - 0x00007ffccfb87000 	C:\WINDOWS\SYSTEM32\ncrypt.dll
0x00007ffccfb20000 - 0x00007ffccfb5b000 	C:\WINDOWS\SYSTEM32\NTASN1.dll
0x00007ffccabf0000 - 0x00007ffccabf7000 	C:\WINDOWS\system32\wshunix.dll

dbghelp: loaded successfully - version: 4.0.5 - missing functions: none
symbol engine: initialized successfully - sym options: 0x614 - pdb path: .;C:\Program Files\Java\jdk-21\bin;C:\WINDOWS\SYSTEM32;C:\WINDOWS\WinSxS\amd64_microsoft.windows.common-controls_6595b64144ccf1df_6.0.19041.3636_none_60b6a03d71f818d5;C:\Program Files\Java\jdk-21\bin\server

VM Arguments:
jvm_args: -Dfile.encoding=UTF-8 -Dstdout.encoding=UTF-8 -Dstderr.encoding=UTF-8 -XX:+ShowCodeDetailsInExceptionMessages 
java_command: selenium_maven.selenium_id1.javascriptexecutor1
java_class_path (initial): C:\Users\Akshay\eclipse-workspace\selenium-id1\target\test-classes;C:\Users\Akshay\eclipse-workspace\selenium-id1\target\classes;C:\Users\Akshay\.m2\repository\org\seleniumhq\selenium\selenium-java\4.15.0\selenium-java-4.15.0.jar;C:\Users\Akshay\.m2\repository\org\seleniumhq\selenium\selenium-api\4.15.0\selenium-api-4.15.0.jar;C:\Users\Akshay\.m2\repository\org\seleniumhq\selenium\selenium-chrome-driver\4.15.0\selenium-chrome-driver-4.15.0.jar;C:\Users\Akshay\.m2\repository\com\google\auto\service\auto-service-annotations\1.1.1\auto-service-annotations-1.1.1.jar;C:\Users\Akshay\.m2\repository\org\seleniumhq\selenium\selenium-chromium-driver\4.15.0\selenium-chromium-driver-4.15.0.jar;C:\Users\Akshay\.m2\repository\org\seleniumhq\selenium\selenium-json\4.15.0\selenium-json-4.15.0.jar;C:\Users\Akshay\.m2\repository\org\seleniumhq\selenium\selenium-manager\4.15.0\selenium-manager-4.15.0.jar;C:\Users\Akshay\.m2\repository\org\seleniumhq\selenium\selenium-devtools-v117\4.15.0\selenium-devtools-v117-4.15.0.jar;C:\Users\Akshay\.m2\repository\org\seleniumhq\selenium\selenium-devtools-v118\4.15.0\selenium-devtools-v118-4.15.0.jar;C:\Users\Akshay\.m2\repository\org\seleniumhq\selenium\selenium-devtools-v119\4.15.0\selenium-devtools-v119-4.15.0.jar;C:\Users\Akshay\.m2\repository\org\seleniumhq\selenium\selenium-devtools-v85\4.15.0\selenium-devtools-v85-4.15.0.jar;C:\Users\Akshay\.m2\repository\org\seleniumhq\selenium\selenium-edge-driver\4.15.0\selenium-edge-driver-4.15.0.jar;C:\Users\Akshay\.m2\repository\org\seleniumhq\selenium\selenium-firefox-driver\4.15.0\selenium-firefox-driver-4.15.0.jar;C:\Users\Akshay\.m2\repository\org\seleniumhq\selenium\selenium-http\4.15.0\selenium-http-4.15.0.jar;C:\Users\Akshay\.m2\repository\dev\failsafe\failsafe\3.3.2\failsafe-3.3.2.jar;C:\Users\Akshay\.m2\repository\org\seleniumhq\selenium\selenium-ie-driver\4.15.0\selenium-ie-driver-4.15.0.jar;C:\Users\Akshay\.m2\repository\org\seleniumhq\selenium\selenium-remote-driver\4.15.0\selenium-remote-driver-4.15.0.jar;C:\Users\Akshay\.m2\repository\com\google\guava\guava\32.1.2-jre\guava-32.1.2-jre.jar;C:\Users\Akshay\.m2\repository\com\google\guava\failureaccess\1.0.1\failureaccess-1.0.1.jar;C:\Users\Akshay\.m2\repository\com\google\guava\listenablefuture\9999.0-empty-to-avoid-conflict-with-guava\listenablefuture-9999.0-empty-to-avoid-conflict-with-guava.jar;C:\Users\Akshay\.m2\repository\com\google\code\findbugs\jsr305\3.0.2\jsr305-3.0.2.jar;C:\Users\Akshay\.m2\repository\org\checkerframework\checker-qual\3.33.0\checker-qual-3.33.0.jar;C:\Users\Akshay\.m2\repository\com\google\errorprone\error_prone_annotations\2.18.0\error_prone_annotations-2.18.0.jar;C:\Users\Akshay\.m2\repository\com\google\j2objc\j2objc-annotations\2.8\j2objc-annotations-2.8.jar;C:\Users\Akshay\.m2\repository\io\opentelemetry\opentelemetry-api\1.28.0\opentelemetry-api-1.28.0.jar;C:\Users\Akshay\.m2\repository\io\opentelemetry\opentelemetry-context\1.28.0\opentelemetry-context-1.28.0.jar;C:\Users\Akshay\.m2\repository\io\opentelemetry\opentelemetry-exporter-logging\1.28.0\opentelemetry-exporter-logging-1.28.0.jar;C:\Users\Akshay\.m2\repository\io\opentelemetry\opentelemetry-sdk-metrics\1.28.0\opentelemetry-sdk-metrics-1.28.0.jar;C:\Users\Akshay\.m2\repository\io\opentelemetry\opentelemetry-extension-incubator\1.28.0-alpha\opentelemetry-extension-incubator-1.28.0-alpha.jar;C:\Users\Akshay\.m2\repository\io\opentelemetry\opentelemetry-sdk-logs\1.28.0\opentelemetry-sdk-logs-1.28.0.jar;C:\Users\Akshay\.m2\repository\io\opentelemetry\opentelemetry-sdk-common\1.28.0\opentelemetry-sdk-common-1.28.0.jar;C:\Users\Akshay\.m2\repository\io\opentelemetry\opentelemetry-sdk-extension-autoconfigure-spi\1.28.0\opentelemetry-sdk-extension-autoconfigure-spi-1.28.0.jar;C:\Users\Akshay\.m2\repository\io\opentelemetry\opentelemetry-sdk-extension-autoconfigure\1.28.0\opentelemetry-sdk-extension-autoconfigure-1.28.0.jar;C:\Users\Akshay\.m2\repository\io\opentelemetry\opentelemetry-api-events\1.28.0-alpha\opentelemetry-api-events-1.28.0-alpha.jar;C:\Users\Akshay\.m2\repository\io\opentelemetry\opentelemetry-sdk-trace\1.28.0\opentelemetry-sdk-trace-1.28.0.jar;C:\Users\Akshay\.m2\repository\io\opentelemetry\opentelemetry-sdk\1.28.0\opentelemetry-sdk-1.28.0.jar;C:\Users\Akshay\.m2\repository\io\opentelemetry\opentelemetry-semconv\1.28.0-alpha\opentelemetry-semconv-1.28.0-alpha.jar;C:\Users\Akshay\.m2\repository\net\bytebuddy\byte-buddy\1.14.5\byte-buddy-1.14.5.jar;C:\Users\Akshay\.m2\repository\org\seleniumhq\selenium\selenium-os\4.15.0\selenium-os-4.15.0.jar;C:\Users\Akshay\.m2\repository\org\apache\commons\commons-exec\1.3\commons-exec-1.3.jar;C:\Users\Akshay\.m2\repository\org\seleniumhq\selenium\selenium-safari-driver\4.15.0\selenium-safari-driver-4.15.0.jar;C:\Users\Akshay\.m2\repository\org\seleniumhq\selenium\selenium-support\4.15.0\selenium-support-4.15.0.jar;C:\Users\Akshay\.m2\repository\junit\junit\4.11\junit-4.11.jar;C:\Users\Akshay\.m2\repository\org\hamcrest\hamcrest-core\1.3\hamcrest-core-1.3.jar
Launcher Type: SUN_STANDARD

[Global flags]
     intx CICompilerCount                          = 3                                         {product} {ergonomic}
     uint ConcGCThreads                            = 1                                         {product} {ergonomic}
     uint G1ConcRefinementThreads                  = 4                                         {product} {ergonomic}
   size_t G1HeapRegionSize                         = 1048576                                   {product} {ergonomic}
    uintx GCDrainStackTargetSize                   = 64                                        {product} {ergonomic}
   size_t InitialHeapSize                          = 67108864                                  {product} {ergonomic}
   size_t MarkStackSize                            = 4194304                                   {product} {ergonomic}
   size_t MaxHeapSize                              = 1056964608                                {product} {ergonomic}
   size_t MaxNewSize                               = 633339904                                 {product} {ergonomic}
   size_t MinHeapDeltaBytes                        = 1048576                                   {product} {ergonomic}
   size_t MinHeapSize                              = 8388608                                   {product} {ergonomic}
    uintx NonNMethodCodeHeapSize                   = 5832780                                {pd product} {ergonomic}
    uintx NonProfiledCodeHeapSize                  = 122912730                              {pd product} {ergonomic}
    uintx ProfiledCodeHeapSize                     = 122912730                              {pd product} {ergonomic}
    uintx ReservedCodeCacheSize                    = 251658240                              {pd product} {ergonomic}
     bool SegmentedCodeCache                       = true                                      {product} {ergonomic}
     bool ShowCodeDetailsInExceptionMessages       = true                                   {manageable} {command line}
   size_t SoftMaxHeapSize                          = 1056964608                             {manageable} {ergonomic}
     bool UseCompressedOops                        = true                           {product lp64_product} {ergonomic}
     bool UseG1GC                                  = true                                      {product} {ergonomic}
     bool UseLargePagesIndividualAllocation        = false                                  {pd product} {ergonomic}

Logging:
Log output configuration:
 #0: stdout all=warning uptime,level,tags foldmultilines=false
 #1: stderr all=off uptime,level,tags foldmultilines=false

Environment Variables:
JAVA_HOME=C:\Program Files\Java\jdk-21
PATH=C:\Program Files\Common Files\Oracle\Java\javapath;C:\WINDOWS\system32;C:\WINDOWS;C:\WINDOWS\System32\Wbem;C:\WINDOWS\System32\WindowsPowerShell\v1.0\;C:\WINDOWS\System32\OpenSSH\;C:\Program Files\Git\cmd;C:\Program Files\Java\jdk-21\bin;C:\Program Files\Java\jdk-21\bin;C:\Program Files\MySQL\MySQL Shell 8.0\bin\;C:\Users\Akshay\AppData\Local\Microsoft\WindowsApps;;C:\Program Files\JetBrains\PyCharm Community Edition 2022.2.1\bin;;C:\Program Files\heroku\bin
USERNAME=Akshay
OS=Windows_NT
PROCESSOR_IDENTIFIER=Intel64 Family 6 Model 69 Stepping 1, GenuineIntel
TMP=C:\Users\Akshay\AppData\Local\Temp
TEMP=C:\Users\Akshay\AppData\Local\Temp




Periodic native trim disabled

---------------  S Y S T E M  ---------------

OS:
 Windows 10 , 64 bit Build 19041 (10.0.19041.3636)
OS uptime: 8 days 22:58 hours

CPU: total 4 (initial active 4) (2 cores per cpu, 2 threads per core) family 6 model 69 stepping 1 microcode 0x25, cx8, cmov, fxsr, ht, mmx, sse, sse2, sse3, ssse3, sse4.1, sse4.2, popcnt, lzcnt, tsc, tscinvbit, avx, avx2, aes, erms, clmul, bmi1, bmi2, fma, vzeroupper, clflush, rdtscp, f16c
Processor Information for all 4 processors :
  Max Mhz: 2401, Current Mhz: 2401, Mhz Limit: 2401

Memory: 4k page, system-wide physical 4027M (444M free)
TotalPageFile size 16315M (AvailPageFile size 25M)
current process WorkingSet (physical memory assigned to process): 82M, peak: 86M
current process commit charge ("private bytes"): 155M, peak: 159M

vm_info: Java HotSpot(TM) 64-Bit Server VM (21.0.2+13-LTS-58) for windows-amd64 JRE (21.0.2+13-LTS-58), built on 2024-01-05T18:32:24Z by "mach5one" with MS VC++ 17.1 (VS2022)

END.
