#
# There is insufficient memory for the Java Runtime Environment to continue.
# Native memory allocation (malloc) failed to allocate 1430416 bytes for Chunk::new
# Possible reasons:
#   The system is out of physical RAM or swap space
#   The process is running with CompressedOops enabled, and the Java Heap may be blocking the growth of the native heap
# Possible solutions:
#   Reduce memory load on the system
#   Increase physical memory or swap space
#   Check if swap backing store is full
#   Decrease Java heap size (-Xmx/-Xms)
#   Decrease number of Java threads
#   Decrease Java thread stack sizes (-Xss)
#   Set larger code cache with -XX:ReservedCodeCacheSize=
#   JVM is running with Unscaled Compressed Oops mode in which the Java heap is
#     placed in the first 4GB address space. The Java Heap base address is the
#     maximum limit for the native heap growth. Please use -XX:HeapBaseMinAddress
#     to set the Java Heap base and to place the Java Heap above 4GB virtual address.
# This output file may be truncated or incomplete.
#
#  Out of Memory Error (arena.cpp:168), pid=16140, tid=1396
#
# JRE version: Java(TM) SE Runtime Environment (21.0.2+13) (build 21.0.2+13-LTS-58)
# Java VM: Java HotSpot(TM) 64-Bit Server VM (21.0.2+13-LTS-58, mixed mode, sharing, tiered, compressed oops, compressed class ptrs, g1 gc, windows-amd64)
# No core dump will be written. Minidumps are not enabled by default on client versions of Windows
#

---------------  S U M M A R Y ------------

Command Line: -Dfile.encoding=UTF-8 -Dstdout.encoding=UTF-8 -Dstderr.encoding=UTF-8 -XX:+ShowCodeDetailsInExceptionMessages selenium_maven.selenium_id1.javascriptexecutor1

Host: Intel(R) Core(TM) i5-4210U CPU @ 1.70GHz, 4 cores, 3G,  Windows 10 , 64 bit Build 19041 (10.0.19041.3636)
Time: Thu May 23 18:32:17 2024 India Standard Time elapsed time: 10.951851 seconds (0d 0h 0m 10s)

---------------  T H R E A D  ---------------

Current thread (0x0000027a5b2ed920):  JavaThread "C2 CompilerThread0" daemon [_thread_in_native, id=1396, stack(0x000000c3e7400000,0x000000c3e7500000) (1024K)]


Current CompileTask:
C2:  10951 1734       4       java.lang.invoke.MethodType::makeImpl (109 bytes)

Stack: [0x000000c3e7400000,0x000000c3e7500000]
Native frames: (J=compiled Java code, j=interpreted, Vv=VM code, C=native code)
V  [jvm.dll+0x6cade9]
V  [jvm.dll+0x8569c1]
V  [jvm.dll+0x858d2e]
V  [jvm.dll+0x859413]
V  [jvm.dll+0x280e56]
V  [jvm.dll+0xc3f3d]
V  [jvm.dll+0xc4473]
V  [jvm.dll+0x3b5bf2]
V  [jvm.dll+0x382855]
V  [jvm.dll+0x381cca]
V  [jvm.dll+0x249bd0]
V  [jvm.dll+0x2491b1]
V  [jvm.dll+0x1c9634]
V  [jvm.dll+0x258859]
V  [jvm.dll+0x256e3a]
V  [jvm.dll+0x3ef6c6]
V  [jvm.dll+0x7ff568]
V  [jvm.dll+0x6c953d]
C  [ucrtbase.dll+0x21bb2]
C  [KERNEL32.DLL+0x17344]
C  [ntdll.dll+0x526b1]


---------------  P R O C E S S  ---------------

Threads class SMR info:
_java_thread_list=0x0000027aa1993d10, length=20, elements={
0x0000027a3e55e4a0, 0x0000027a4071dce0, 0x0000027a5b2d7130, 0x0000027a5b2dbbc0,
0x0000027a5b2e4b40, 0x0000027a5b2e69a0, 0x0000027a5b2e55f0, 0x0000027a5b2ed920,
0x0000027a5b303fd0, 0x0000027a5b2e7030, 0x0000027a5b2e8a70, 0x0000027a5b2e5c80,
0x0000027a5b2e6310, 0x0000027a5b2e76c0, 0x0000027a5b2e7d50, 0x0000027aa175a790,
0x0000027aa1758030, 0x0000027aa175ae20, 0x0000027aa175c1d0, 0x0000027aa1759a70
}

Java Threads: ( => current thread )
  0x0000027a3e55e4a0 JavaThread "Forwarding screenshot on session 0dcb0a86-18d3-4915-a12f-6feeb99d985d to remote"        [_thread_blocked, id=11476, stack(0x000000c3e6600000,0x000000c3e6700000) (1024K)]
  0x0000027a4071dce0 JavaThread "Reference Handler"          daemon [_thread_blocked, id=24340, stack(0x000000c3e6e00000,0x000000c3e6f00000) (1024K)]
  0x0000027a5b2d7130 JavaThread "Finalizer"                  daemon [_thread_blocked, id=17676, stack(0x000000c3e6f00000,0x000000c3e7000000) (1024K)]
  0x0000027a5b2dbbc0 JavaThread "Signal Dispatcher"          daemon [_thread_blocked, id=17112, stack(0x000000c3e7000000,0x000000c3e7100000) (1024K)]
  0x0000027a5b2e4b40 JavaThread "Attach Listener"            daemon [_thread_blocked, id=12972, stack(0x000000c3e7100000,0x000000c3e7200000) (1024K)]
  0x0000027a5b2e69a0 JavaThread "Service Thread"             daemon [_thread_blocked, id=14468, stack(0x000000c3e7200000,0x000000c3e7300000) (1024K)]
  0x0000027a5b2e55f0 JavaThread "Monitor Deflation Thread"   daemon [_thread_blocked, id=2132, stack(0x000000c3e7300000,0x000000c3e7400000) (1024K)]
=>0x0000027a5b2ed920 JavaThread "C2 CompilerThread0"         daemon [_thread_in_native, id=1396, stack(0x000000c3e7400000,0x000000c3e7500000) (1024K)]
  0x0000027a5b303fd0 JavaThread "C1 CompilerThread0"         daemon [_thread_blocked, id=19976, stack(0x000000c3e7500000,0x000000c3e7600000) (1024K)]
  0x0000027a5b2e7030 JavaThread "Notification Thread"        daemon [_thread_blocked, id=24192, stack(0x000000c3e7600000,0x000000c3e7700000) (1024K)]
  0x0000027a5b2e8a70 JavaThread "Common-Cleaner"             daemon [_thread_blocked, id=16680, stack(0x000000c3e7700000,0x000000c3e7800000) (1024K)]
  0x0000027a5b2e5c80 JavaThread "ForkJoinPool.commonPool-worker-1" daemon [_thread_blocked, id=14280, stack(0x000000c3e7800000,0x000000c3e7900000) (1024K)]
  0x0000027a5b2e6310 JavaThread "HttpClient-1-SelectorManager" daemon [_thread_in_native, id=1864, stack(0x000000c3e7c00000,0x000000c3e7d00000) (1024K)]
  0x0000027a5b2e76c0 JavaThread "Thread-2"                          [_thread_in_native, id=10888, stack(0x000000c3e7d00000,0x000000c3e7e00000) (1024K)]
  0x0000027a5b2e7d50 JavaThread "Driver Service Executor"    daemon [_thread_blocked, id=18572, stack(0x000000c3e7e00000,0x000000c3e7f00000) (1024K)]
  0x0000027aa175a790 JavaThread "Driver Service Executor"    daemon [_thread_in_native, id=8368, stack(0x000000c3e7f00000,0x000000c3e8000000) (1024K)]
  0x0000027aa1758030 JavaThread "pool-1-thread-1"                   [_thread_blocked, id=16752, stack(0x000000c3e8100000,0x000000c3e8200000) (1024K)]
  0x0000027aa175ae20 JavaThread "pool-1-thread-2"                   [_thread_blocked, id=9288, stack(0x000000c3e8200000,0x000000c3e8300000) (1024K)]
  0x0000027aa175c1d0 JavaThread "pool-1-thread-3"                   [_thread_blocked, id=22052, stack(0x000000c3e8300000,0x000000c3e8400000) (1024K)]
  0x0000027aa1759a70 JavaThread "HttpClient-2-SelectorManager" daemon [_thread_in_native, id=17124, stack(0x000000c3e8400000,0x000000c3e8500000) (1024K)]
Total: 20

Other Threads:
  0x0000027a4070b4b0 VMThread "VM Thread"                           [id=17244, stack(0x000000c3e6d00000,0x000000c3e6e00000) (1024K)]
  0x0000027a5b2cd120 WatcherThread "VM Periodic Task Thread"        [id=4248, stack(0x000000c3e6c00000,0x000000c3e6d00000) (1024K)]
  0x0000027a40680080 WorkerThread "GC Thread#0"                     [id=12596, stack(0x000000c3e6700000,0x000000c3e6800000) (1024K)]
  0x0000027aa16d0900 WorkerThread "GC Thread#1"                     [id=20484, stack(0x000000c3e7900000,0x000000c3e7a00000) (1024K)]
  0x0000027aa16c5bd0 WorkerThread "GC Thread#2"                     [id=1556, stack(0x000000c3e7a00000,0x000000c3e7b00000) (1024K)]
  0x0000027aa16c5f70 WorkerThread "GC Thread#3"                     [id=23728, stack(0x000000c3e7b00000,0x000000c3e7c00000) (1024K)]
  0x0000027a40688c70 ConcurrentGCThread "G1 Main Marker"            [id=6192, stack(0x000000c3e6800000,0x000000c3e6900000) (1024K)]
  0x0000027a4068a130 WorkerThread "G1 Conc#0"                       [id=15504, stack(0x000000c3e6900000,0x000000c3e6a00000) (1024K)]
  0x0000027a406dc9a0 ConcurrentGCThread "G1 Refine#0"               [id=22820, stack(0x000000c3e6a00000,0x000000c3e6b00000) (1024K)]
  0x0000027a406e16d0 ConcurrentGCThread "G1 Service"                [id=11328, stack(0x000000c3e6b00000,0x000000c3e6c00000) (1024K)]
Total: 10

Threads with active compile tasks:
C2 CompilerThread0    10998 1734       4       java.lang.invoke.MethodType::makeImpl (109 bytes)
Total: 1

VM state: not at safepoint (normal execution)

VM Mutex/Monitor currently owned by a thread: None

Heap address: 0x00000000c1000000, size: 1008 MB, Compressed Oops mode: 32-bit

CDS archive(s) mapped at: [0x0000027a5c000000-0x0000027a5cc90000-0x0000027a5cc90000), size 13172736, SharedBaseAddress: 0x0000027a5c000000, ArchiveRelocationMode: 1.
Compressed class space mapped at: 0x0000027a5d000000-0x0000027a9d000000, reserved size: 1073741824
Narrow klass base: 0x0000027a5c000000, Narrow klass shift: 0, Narrow klass range: 0x100000000

GC Precious Log:
 CardTable entry size: 512
 Card Set container configuration: InlinePtr #cards 5 size 8 Array Of Cards #cards 12 size 40 Howl #buckets 4 coarsen threshold 1843 Howl Bitmap #cards 512 size 80 coarsen threshold 460 Card regions per heap region 1 cards per card region 2048
 CPUs: 4 total, 4 available
 Memory: 4027M
 Large Page Support: Disabled
 NUMA Support: Disabled
 Compressed Oops: Enabled (32-bit)
 Heap Region Size: 1M
 Heap Min Capacity: 8M
 Heap Initial Capacity: 64M
 Heap Max Capacity: 1008M
 Pre-touch: Disabled
 Parallel Workers: 4
 Concurrent Workers: 1
 Concurrent Refinement Workers: 4
 Periodic GC: Disabled

Heap:
 garbage-first heap   total 65536K, used 12348K [0x00000000c1000000, 0x0000000100000000)
  region size 1024K, 9 young (9216K), 2 survivors (2048K)
 Metaspace       used 12617K, committed 12928K, reserved 1114112K
  class space    used 1534K, committed 1664K, reserved 1048576K

Heap Regions: E=young(eden), S=young(survivor), O=old, HS=humongous(starts), HC=humongous(continues), CS=collection set, F=free, TAMS=top-at-mark-start, PB=parsable bottom
|   0|0x00000000c1000000, 0x00000000c1100000, 0x00000000c1100000|100%| O|  |TAMS 0x00000000c1000000| PB 0x00000000c1000000| Untracked 
|   1|0x00000000c1100000, 0x00000000c1200000, 0x00000000c1200000|100%| O|  |TAMS 0x00000000c1100000| PB 0x00000000c1100000| Untracked 
|   2|0x00000000c1200000, 0x00000000c1300000, 0x00000000c1300000|100%| O|  |TAMS 0x00000000c1200000| PB 0x00000000c1200000| Untracked 
|   3|0x00000000c1300000, 0x00000000c1400000, 0x00000000c1400000|100%| O|  |TAMS 0x00000000c1300000| PB 0x00000000c1300000| Untracked 
|   4|0x00000000c1400000, 0x00000000c1465ec8, 0x00000000c1500000| 39%| O|  |TAMS 0x00000000c1400000| PB 0x00000000c1400000| Untracked 
|   5|0x00000000c1500000, 0x00000000c1500000, 0x00000000c1600000|  0%| F|  |TAMS 0x00000000c1500000| PB 0x00000000c1500000| Untracked 
|   6|0x00000000c1600000, 0x00000000c1600000, 0x00000000c1700000|  0%| F|  |TAMS 0x00000000c1600000| PB 0x00000000c1600000| Untracked 
|   7|0x00000000c1700000, 0x00000000c1700000, 0x00000000c1800000|  0%| F|  |TAMS 0x00000000c1700000| PB 0x00000000c1700000| Untracked 
|   8|0x00000000c1800000, 0x00000000c1800000, 0x00000000c1900000|  0%| F|  |TAMS 0x00000000c1800000| PB 0x00000000c1800000| Untracked 
|   9|0x00000000c1900000, 0x00000000c1900000, 0x00000000c1a00000|  0%| F|  |TAMS 0x00000000c1900000| PB 0x00000000c1900000| Untracked 
|  10|0x00000000c1a00000, 0x00000000c1a00000, 0x00000000c1b00000|  0%| F|  |TAMS 0x00000000c1a00000| PB 0x00000000c1a00000| Untracked 
|  11|0x00000000c1b00000, 0x00000000c1b00000, 0x00000000c1c00000|  0%| F|  |TAMS 0x00000000c1b00000| PB 0x00000000c1b00000| Untracked 
|  12|0x00000000c1c00000, 0x00000000c1c00000, 0x00000000c1d00000|  0%| F|  |TAMS 0x00000000c1c00000| PB 0x00000000c1c00000| Untracked 
|  13|0x00000000c1d00000, 0x00000000c1d00000, 0x00000000c1e00000|  0%| F|  |TAMS 0x00000000c1d00000| PB 0x00000000c1d00000| Untracked 
|  14|0x00000000c1e00000, 0x00000000c1e00000, 0x00000000c1f00000|  0%| F|  |TAMS 0x00000000c1e00000| PB 0x00000000c1e00000| Untracked 
|  15|0x00000000c1f00000, 0x00000000c1f00000, 0x00000000c2000000|  0%| F|  |TAMS 0x00000000c1f00000| PB 0x00000000c1f00000| Untracked 
|  16|0x00000000c2000000, 0x00000000c2000000, 0x00000000c2100000|  0%| F|  |TAMS 0x00000000c2000000| PB 0x00000000c2000000| Untracked 
|  17|0x00000000c2100000, 0x00000000c2100000, 0x00000000c2200000|  0%| F|  |TAMS 0x00000000c2100000| PB 0x00000000c2100000| Untracked 
|  18|0x00000000c2200000, 0x00000000c2200000, 0x00000000c2300000|  0%| F|  |TAMS 0x00000000c2200000| PB 0x00000000c2200000| Untracked 
|  19|0x00000000c2300000, 0x00000000c2300000, 0x00000000c2400000|  0%| F|  |TAMS 0x00000000c2300000| PB 0x00000000c2300000| Untracked 
|  20|0x00000000c2400000, 0x00000000c2400000, 0x00000000c2500000|  0%| F|  |TAMS 0x00000000c2400000| PB 0x00000000c2400000| Untracked 
|  21|0x00000000c2500000, 0x00000000c2500000, 0x00000000c2600000|  0%| F|  |TAMS 0x00000000c2500000| PB 0x00000000c2500000| Untracked 
|  22|0x00000000c2600000, 0x00000000c2600000, 0x00000000c2700000|  0%| F|  |TAMS 0x00000000c2600000| PB 0x00000000c2600000| Untracked 
|  23|0x00000000c2700000, 0x00000000c2700000, 0x00000000c2800000|  0%| F|  |TAMS 0x00000000c2700000| PB 0x00000000c2700000| Untracked 
|  24|0x00000000c2800000, 0x00000000c2800000, 0x00000000c2900000|  0%| F|  |TAMS 0x00000000c2800000| PB 0x00000000c2800000| Untracked 
|  25|0x00000000c2900000, 0x00000000c2900000, 0x00000000c2a00000|  0%| F|  |TAMS 0x00000000c2900000| PB 0x00000000c2900000| Untracked 
|  26|0x00000000c2a00000, 0x00000000c2a00000, 0x00000000c2b00000|  0%| F|  |TAMS 0x00000000c2a00000| PB 0x00000000c2a00000| Untracked 
|  27|0x00000000c2b00000, 0x00000000c2b00000, 0x00000000c2c00000|  0%| F|  |TAMS 0x00000000c2b00000| PB 0x00000000c2b00000| Untracked 
|  28|0x00000000c2c00000, 0x00000000c2c00000, 0x00000000c2d00000|  0%| F|  |TAMS 0x00000000c2c00000| PB 0x00000000c2c00000| Untracked 
|  29|0x00000000c2d00000, 0x00000000c2d00000, 0x00000000c2e00000|  0%| F|  |TAMS 0x00000000c2d00000| PB 0x00000000c2d00000| Untracked 
|  30|0x00000000c2e00000, 0x00000000c2e00000, 0x00000000c2f00000|  0%| F|  |TAMS 0x00000000c2e00000| PB 0x00000000c2e00000| Untracked 
|  31|0x00000000c2f00000, 0x00000000c2f00000, 0x00000000c3000000|  0%| F|  |TAMS 0x00000000c2f00000| PB 0x00000000c2f00000| Untracked 
|  32|0x00000000c3000000, 0x00000000c3000000, 0x00000000c3100000|  0%| F|  |TAMS 0x00000000c3000000| PB 0x00000000c3000000| Untracked 
|  33|0x00000000c3100000, 0x00000000c3100000, 0x00000000c3200000|  0%| F|  |TAMS 0x00000000c3100000| PB 0x00000000c3100000| Untracked 
|  34|0x00000000c3200000, 0x00000000c3200000, 0x00000000c3300000|  0%| F|  |TAMS 0x00000000c3200000| PB 0x00000000c3200000| Untracked 
|  35|0x00000000c3300000, 0x00000000c3300000, 0x00000000c3400000|  0%| F|  |TAMS 0x00000000c3300000| PB 0x00000000c3300000| Untracked 
|  36|0x00000000c3400000, 0x00000000c3400000, 0x00000000c3500000|  0%| F|  |TAMS 0x00000000c3400000| PB 0x00000000c3400000| Untracked 
|  37|0x00000000c3500000, 0x00000000c3500000, 0x00000000c3600000|  0%| F|  |TAMS 0x00000000c3500000| PB 0x00000000c3500000| Untracked 
|  38|0x00000000c3600000, 0x00000000c3600000, 0x00000000c3700000|  0%| F|  |TAMS 0x00000000c3600000| PB 0x00000000c3600000| Untracked 
|  39|0x00000000c3700000, 0x00000000c3700000, 0x00000000c3800000|  0%| F|  |TAMS 0x00000000c3700000| PB 0x00000000c3700000| Untracked 
|  40|0x00000000c3800000, 0x00000000c3800000, 0x00000000c3900000|  0%| F|  |TAMS 0x00000000c3800000| PB 0x00000000c3800000| Untracked 
|  41|0x00000000c3900000, 0x00000000c3900000, 0x00000000c3a00000|  0%| F|  |TAMS 0x00000000c3900000| PB 0x00000000c3900000| Untracked 
|  42|0x00000000c3a00000, 0x00000000c3a00000, 0x00000000c3b00000|  0%| F|  |TAMS 0x00000000c3a00000| PB 0x00000000c3a00000| Untracked 
|  43|0x00000000c3b00000, 0x00000000c3b00000, 0x00000000c3c00000|  0%| F|  |TAMS 0x00000000c3b00000| PB 0x00000000c3b00000| Untracked 
|  44|0x00000000c3c00000, 0x00000000c3c00000, 0x00000000c3d00000|  0%| F|  |TAMS 0x00000000c3c00000| PB 0x00000000c3c00000| Untracked 
|  45|0x00000000c3d00000, 0x00000000c3d00000, 0x00000000c3e00000|  0%| F|  |TAMS 0x00000000c3d00000| PB 0x00000000c3d00000| Untracked 
|  46|0x00000000c3e00000, 0x00000000c3ea9380, 0x00000000c3f00000| 66%| S|CS|TAMS 0x00000000c3e00000| PB 0x00000000c3e00000| Complete 
|  47|0x00000000c3f00000, 0x00000000c4000000, 0x00000000c4000000|100%| S|CS|TAMS 0x00000000c3f00000| PB 0x00000000c3f00000| Complete 
|  48|0x00000000c4000000, 0x00000000c4000000, 0x00000000c4100000|  0%| F|  |TAMS 0x00000000c4000000| PB 0x00000000c4000000| Untracked 
|  49|0x00000000c4100000, 0x00000000c4100000, 0x00000000c4200000|  0%| F|  |TAMS 0x00000000c4100000| PB 0x00000000c4100000| Untracked 
|  50|0x00000000c4200000, 0x00000000c4200000, 0x00000000c4300000|  0%| F|  |TAMS 0x00000000c4200000| PB 0x00000000c4200000| Untracked 
|  51|0x00000000c4300000, 0x00000000c4300000, 0x00000000c4400000|  0%| F|  |TAMS 0x00000000c4300000| PB 0x00000000c4300000| Untracked 
|  52|0x00000000c4400000, 0x00000000c4400000, 0x00000000c4500000|  0%| F|  |TAMS 0x00000000c4400000| PB 0x00000000c4400000| Untracked 
|  53|0x00000000c4500000, 0x00000000c4500000, 0x00000000c4600000|  0%| F|  |TAMS 0x00000000c4500000| PB 0x00000000c4500000| Untracked 
|  54|0x00000000c4600000, 0x00000000c4600000, 0x00000000c4700000|  0%| F|  |TAMS 0x00000000c4600000| PB 0x00000000c4600000| Untracked 
|  55|0x00000000c4700000, 0x00000000c4700000, 0x00000000c4800000|  0%| F|  |TAMS 0x00000000c4700000| PB 0x00000000c4700000| Untracked 
|  56|0x00000000c4800000, 0x00000000c4800000, 0x00000000c4900000|  0%| F|  |TAMS 0x00000000c4800000| PB 0x00000000c4800000| Untracked 
|  57|0x00000000c4900000, 0x00000000c49d9610, 0x00000000c4a00000| 84%| E|  |TAMS 0x00000000c4900000| PB 0x00000000c4900000| Complete 
|  58|0x00000000c4a00000, 0x00000000c4b00000, 0x00000000c4b00000|100%| E|CS|TAMS 0x00000000c4a00000| PB 0x00000000c4a00000| Complete 
|  59|0x00000000c4b00000, 0x00000000c4c00000, 0x00000000c4c00000|100%| E|CS|TAMS 0x00000000c4b00000| PB 0x00000000c4b00000| Complete 
|  60|0x00000000c4c00000, 0x00000000c4d00000, 0x00000000c4d00000|100%| E|CS|TAMS 0x00000000c4c00000| PB 0x00000000c4c00000| Complete 
|  61|0x00000000c4d00000, 0x00000000c4e00000, 0x00000000c4e00000|100%| E|CS|TAMS 0x00000000c4d00000| PB 0x00000000c4d00000| Complete 
|  62|0x00000000c4e00000, 0x00000000c4f00000, 0x00000000c4f00000|100%| E|CS|TAMS 0x00000000c4e00000| PB 0x00000000c4e00000| Complete 
|  63|0x00000000c4f00000, 0x00000000c5000000, 0x00000000c5000000|100%| E|CS|TAMS 0x00000000c4f00000| PB 0x00000000c4f00000| Complete 

Card table byte_map: [0x0000027a57cc0000,0x0000027a57ec0000] _byte_map_base: 0x0000027a576b8000

Marking Bits: (CMBitMap*) 0x0000027a40680590
 Bits: [0x0000027a57ec0000, 0x0000027a58e80000)

Polling page: 0x0000027a3e4a0000

Metaspace:

Usage:
  Non-class:     10.82 MB used.
      Class:      1.50 MB used.
       Both:     12.32 MB used.

Virtual space:
  Non-class space:       64.00 MB reserved,      11.00 MB ( 17%) committed,  1 nodes.
      Class space:        1.00 GB reserved,       1.62 MB ( <1%) committed,  1 nodes.
             Both:        1.06 GB reserved,      12.62 MB (  1%) committed. 

Chunk freelists:
   Non-Class:  4.52 MB
       Class:  14.23 MB
        Both:  18.74 MB

MaxMetaspaceSize: unlimited
CompressedClassSpaceSize: 1.00 GB
Initial GC threshold: 21.00 MB
Current GC threshold: 21.00 MB
CDS: on
 - commit_granule_bytes: 65536.
 - commit_granule_words: 8192.
 - virtual_space_node_default_size: 8388608.
 - enlarge_chunks_in_place: 1.
 - use_allocation_guard: 0.


Internal statistics:

num_allocs_failed_limit: 0.
num_arena_births: 308.
num_arena_deaths: 0.
num_vsnodes_births: 2.
num_vsnodes_deaths: 0.
num_space_committed: 202.
num_space_uncommitted: 0.
num_chunks_returned_to_freelist: 0.
num_chunks_taken_from_freelist: 628.
num_chunk_merges: 0.
num_chunk_splits: 372.
num_chunks_enlarged: 224.
num_inconsistent_stats: 0.

CodeHeap 'non-profiled nmethods': size=120000Kb used=570Kb max_used=570Kb free=119429Kb
 bounds [0x0000027a50590000, 0x0000027a50800000, 0x0000027a57ac0000]
CodeHeap 'profiled nmethods': size=120000Kb used=3435Kb max_used=3435Kb free=116565Kb
 bounds [0x0000027a48ac0000, 0x0000027a48e20000, 0x0000027a4fff0000]
CodeHeap 'non-nmethods': size=5760Kb used=1461Kb max_used=1479Kb free=4298Kb
 bounds [0x0000027a4fff0000, 0x0000027a50260000, 0x0000027a50590000]
 total_blobs=2317 nmethods=1771 adapters=451
 compilation: enabled
              stopped_count=0, restarted_count=0
 full_count=0

Compilation events (20 events):
Event: 10.826 Thread 0x0000027a5b303fd0 1765       3       java.net.URI$Parser::scan (53 bytes)
Event: 10.827 Thread 0x0000027a5b303fd0 nmethod 1765 0x0000027a48e17210 code [0x0000027a48e17460, 0x0000027a48e17ce8]
Event: 10.827 Thread 0x0000027a5b303fd0 1766       3       java.util.ArrayList::clear (43 bytes)
Event: 10.827 Thread 0x0000027a5b303fd0 nmethod 1766 0x0000027a48e18110 code [0x0000027a48e182c0, 0x0000027a48e18638]
Event: 10.828 Thread 0x0000027a5b303fd0 1767       3       java.util.ArrayList::toArray (12 bytes)
Event: 10.828 Thread 0x0000027a5b303fd0 nmethod 1767 0x0000027a48e18790 code [0x0000027a48e18940, 0x0000027a48e18b20]
Event: 10.828 Thread 0x0000027a5b303fd0 1768       3       java.util.TreeMap$PrivateEntryIterator::nextEntry (54 bytes)
Event: 10.828 Thread 0x0000027a5b303fd0 nmethod 1768 0x0000027a48e18c10 code [0x0000027a48e18e00, 0x0000027a48e191e0]
Event: 10.828 Thread 0x0000027a5b303fd0 1769       3       java.util.concurrent.atomic.AtomicLong::incrementAndGet (14 bytes)
Event: 10.828 Thread 0x0000027a5b303fd0 nmethod 1769 0x0000027a48e19390 code [0x0000027a48e19520, 0x0000027a48e19648]
Event: 10.834 Thread 0x0000027a5b303fd0 1770       3       java.lang.invoke.Invokers$Holder::linkToTargetMethod (10 bytes)
Event: 10.835 Thread 0x0000027a5b303fd0 nmethod 1770 0x0000027a48e19710 code [0x0000027a48e198e0, 0x0000027a48e19d00]
Event: 10.841 Thread 0x0000027a5b303fd0 1771       3       java.nio.MappedByteBuffer::limit (6 bytes)
Event: 10.841 Thread 0x0000027a5b303fd0 nmethod 1771 0x0000027a48e19e10 code [0x0000027a48e19fc0, 0x0000027a48e1a1d0]
Event: 10.841 Thread 0x0000027a5b303fd0 1772       3       java.util.ImmutableCollections$AbstractImmutableList::<init> (5 bytes)
Event: 10.841 Thread 0x0000027a5b303fd0 nmethod 1772 0x0000027a48e1a310 code [0x0000027a48e1a4c0, 0x0000027a48e1a6e8]
Event: 10.841 Thread 0x0000027a5b303fd0 1773       3       java.util.concurrent.CompletableFuture::<init> (5 bytes)
Event: 10.842 Thread 0x0000027a5b303fd0 nmethod 1773 0x0000027a48e1a810 code [0x0000027a48e1a9c0, 0x0000027a48e1ab28]
Event: 10.842 Thread 0x0000027a5b303fd0 1774       1       java.util.concurrent.atomic.AtomicReference::get (5 bytes)
Event: 10.842 Thread 0x0000027a5b303fd0 nmethod 1774 0x0000027a5061e610 code [0x0000027a5061e7a0, 0x0000027a5061e868]

GC Heap History (4 events):
Event: 2.743 GC heap before
{Heap before GC invocations=0 (full 0):
 garbage-first heap   total 65536K, used 13312K [0x00000000c1000000, 0x0000000100000000)
  region size 1024K, 13 young (13312K), 0 survivors (0K)
 Metaspace       used 5967K, committed 6144K, reserved 1114112K
  class space    used 685K, committed 768K, reserved 1048576K
}
Event: 2.755 GC heap after
{Heap after GC invocations=1 (full 0):
 garbage-first heap   total 65536K, used 4096K [0x00000000c1000000, 0x0000000100000000)
  region size 1024K, 2 young (2048K), 2 survivors (2048K)
 Metaspace       used 5967K, committed 6144K, reserved 1114112K
  class space    used 685K, committed 768K, reserved 1048576K
}
Event: 3.624 GC heap before
{Heap before GC invocations=1 (full 0):
 garbage-first heap   total 65536K, used 17408K [0x00000000c1000000, 0x0000000100000000)
  region size 1024K, 16 young (16384K), 2 survivors (2048K)
 Metaspace       used 10723K, committed 11008K, reserved 1114112K
  class space    used 1260K, committed 1408K, reserved 1048576K
}
Event: 3.632 GC heap after
{Heap after GC invocations=2 (full 0):
 garbage-first heap   total 65536K, used 6204K [0x00000000c1000000, 0x0000000100000000)
  region size 1024K, 2 young (2048K), 2 survivors (2048K)
 Metaspace       used 10723K, committed 11008K, reserved 1114112K
  class space    used 1260K, committed 1408K, reserved 1048576K
}

Dll operation events (8 events):
Event: 0.052 Loaded shared library C:\Program Files\Java\jdk-21\bin\java.dll
Event: 0.120 Loaded shared library C:\Program Files\Java\jdk-21\bin\jsvml.dll
Event: 0.217 Loaded shared library C:\Program Files\Java\jdk-21\bin\net.dll
Event: 0.220 Loaded shared library C:\Program Files\Java\jdk-21\bin\nio.dll
Event: 0.227 Loaded shared library C:\Program Files\Java\jdk-21\bin\zip.dll
Event: 0.363 Loaded shared library C:\Program Files\Java\jdk-21\bin\jimage.dll
Event: 0.509 Loaded shared library C:\Program Files\Java\jdk-21\bin\extnet.dll
Event: 2.568 Loaded shared library C:\Program Files\Java\jdk-21\bin\sunmscapi.dll

Deoptimization events (20 events):
Event: 3.456 Thread 0x0000027a3e55e4a0 DEOPT PACKING pc=0x0000027a505feff4 sp=0x000000c3e66fec70
Event: 3.456 Thread 0x0000027a3e55e4a0 DEOPT UNPACKING pc=0x0000027a500446a2 sp=0x000000c3e66fec38 mode 2
Event: 10.513 Thread 0x0000027a3e55e4a0 DEOPT PACKING pc=0x0000027a48b6b370 sp=0x000000c3e66fea90
Event: 10.513 Thread 0x0000027a3e55e4a0 DEOPT UNPACKING pc=0x0000027a50044e42 sp=0x000000c3e66fe068 mode 0
Event: 10.529 Thread 0x0000027a3e55e4a0 Uncommon trap: trap_request=0xffffffde fr.pc=0x0000027a505f31b0 relative=0x0000000000000950
Event: 10.529 Thread 0x0000027a3e55e4a0 Uncommon trap: reason=class_check action=maybe_recompile pc=0x0000027a505f31b0 method=java.util.HashMap.putVal(ILjava/lang/Object;Ljava/lang/Object;ZZ)Ljava/lang/Object; @ 253 c2
Event: 10.529 Thread 0x0000027a3e55e4a0 DEOPT PACKING pc=0x0000027a505f31b0 sp=0x000000c3e66fe670
Event: 10.529 Thread 0x0000027a3e55e4a0 DEOPT UNPACKING pc=0x0000027a500446a2 sp=0x000000c3e66fe5a8 mode 2
Event: 10.582 Thread 0x0000027a3e55e4a0 Uncommon trap: trap_request=0xffffff45 fr.pc=0x0000027a505df2c4 relative=0x0000000000000e44
Event: 10.582 Thread 0x0000027a3e55e4a0 Uncommon trap: reason=unstable_if action=reinterpret pc=0x0000027a505df2c4 method=java.util.concurrent.ConcurrentHashMap.putVal(Ljava/lang/Object;Ljava/lang/Object;Z)Ljava/lang/Object; @ 231 c2
Event: 10.582 Thread 0x0000027a3e55e4a0 DEOPT PACKING pc=0x0000027a505df2c4 sp=0x000000c3e66fedd0
Event: 10.582 Thread 0x0000027a3e55e4a0 DEOPT UNPACKING pc=0x0000027a500446a2 sp=0x000000c3e66fed30 mode 2
Event: 10.797 Thread 0x0000027a3e55e4a0 Uncommon trap: trap_request=0xffffffde fr.pc=0x0000027a505feff4 relative=0x0000000000000414
Event: 10.797 Thread 0x0000027a3e55e4a0 Uncommon trap: reason=class_check action=maybe_recompile pc=0x0000027a505feff4 method=java.lang.String.<init>(Ljava/lang/AbstractStringBuilder;Ljava/lang/Void;)V @ 10 c2
Event: 10.797 Thread 0x0000027a3e55e4a0 DEOPT PACKING pc=0x0000027a505feff4 sp=0x000000c3e66fef80
Event: 10.797 Thread 0x0000027a3e55e4a0 DEOPT UNPACKING pc=0x0000027a500446a2 sp=0x000000c3e66fef48 mode 2
Event: 10.825 Thread 0x0000027a3e55e4a0 Uncommon trap: trap_request=0xffffffde fr.pc=0x0000027a505feff4 relative=0x0000000000000414
Event: 10.825 Thread 0x0000027a3e55e4a0 Uncommon trap: reason=class_check action=maybe_recompile pc=0x0000027a505feff4 method=java.lang.String.<init>(Ljava/lang/AbstractStringBuilder;Ljava/lang/Void;)V @ 10 c2
Event: 10.825 Thread 0x0000027a3e55e4a0 DEOPT PACKING pc=0x0000027a505feff4 sp=0x000000c3e66ff050
Event: 10.825 Thread 0x0000027a3e55e4a0 DEOPT UNPACKING pc=0x0000027a500446a2 sp=0x000000c3e66ff018 mode 2

Classes loaded (20 events):
Event: 10.283 Loading class java/lang/invoke/VarHandleBytes$FieldInstanceReadOnly done
Event: 10.283 Loading class java/lang/invoke/VarHandleBytes$FieldInstanceReadWrite done
Event: 10.444 Loading class java/util/DualPivotQuicksort
Event: 10.445 Loading class java/util/DualPivotQuicksort done
Event: 10.634 Loading class java/nio/file/FileVisitor
Event: 10.634 Loading class java/nio/file/FileVisitor done
Event: 10.763 Loading class java/util/concurrent/CompletionException
Event: 10.764 Loading class java/util/concurrent/CompletionException done
Event: 10.779 Loading class java/util/stream/Streams$ConcatSpliterator$OfRef
Event: 10.781 Loading class java/util/stream/Streams$ConcatSpliterator
Event: 10.781 Loading class java/util/stream/Streams$ConcatSpliterator done
Event: 10.781 Loading class java/util/stream/Streams$ConcatSpliterator$OfRef done
Event: 10.782 Loading class java/util/stream/Streams$2
Event: 10.783 Loading class java/util/stream/Streams$2 done
Event: 10.806 Loading class java/util/LinkedList$DescendingIterator
Event: 10.807 Loading class java/util/LinkedList$DescendingIterator done
Event: 10.818 Loading class java/lang/ArrayIndexOutOfBoundsException
Event: 10.818 Loading class java/lang/ArrayIndexOutOfBoundsException done
Event: 10.820 Loading class java/util/ServiceConfigurationError
Event: 10.820 Loading class java/util/ServiceConfigurationError done

Classes unloaded (0 events):
No events

Classes redefined (0 events):
No events

Internal exceptions (20 events):
Event: 3.392 Thread 0x0000027a5b2e7d50 Exception <a 'java/net/ConnectException'{0x00000000c47a4fc8}: Connection refused: getsockopt> (0x00000000c47a4fc8) 
thrown [s\open\src\hotspot\share\prims\jni.cpp, line 539]
Event: 3.392 Thread 0x0000027a5b2e7d50 Exception <a 'java/net/ConnectException'{0x00000000c47a5820}: Connection refused: getsockopt> (0x00000000c47a5820) 
thrown [s\open\src\hotspot\share\prims\jni.cpp, line 539]
Event: 3.393 Thread 0x0000027a5b2e7d50 Exception <a 'java/net/ConnectException'{0x00000000c47a6078}: Connection refused: getsockopt> (0x00000000c47a6078) 
thrown [s\open\src\hotspot\share\prims\jni.cpp, line 539]
Event: 3.394 Thread 0x0000027a5b2e7d50 Exception <a 'java/net/ConnectException'{0x00000000c47a68d0}: Connection refused: getsockopt> (0x00000000c47a68d0) 
thrown [s\open\src\hotspot\share\prims\jni.cpp, line 539]
Event: 3.394 Thread 0x0000027a5b2e7d50 Exception <a 'java/net/ConnectException'{0x00000000c47a7368}: Connection refused: getsockopt> (0x00000000c47a7368) 
thrown [s\open\src\hotspot\share\prims\jni.cpp, line 539]
Event: 3.394 Thread 0x0000027a5b2e7d50 Exception <a 'java/net/ConnectException'{0x00000000c47a7bc0}: Connection refused: getsockopt> (0x00000000c47a7bc0) 
thrown [s\open\src\hotspot\share\prims\jni.cpp, line 539]
Event: 3.395 Thread 0x0000027a5b2e7d50 Exception <a 'java/net/ConnectException'{0x00000000c47a8418}: Connection refused: getsockopt> (0x00000000c47a8418) 
thrown [s\open\src\hotspot\share\prims\jni.cpp, line 539]
Event: 3.395 Thread 0x0000027a5b2e7d50 Exception <a 'java/net/ConnectException'{0x00000000c47a8c70}: Connection refused: getsockopt> (0x00000000c47a8c70) 
thrown [s\open\src\hotspot\share\prims\jni.cpp, line 539]
Event: 3.396 Thread 0x0000027a5b2e7d50 Exception <a 'java/net/ConnectException'{0x00000000c47a94c8}: Connection refused: getsockopt> (0x00000000c47a94c8) 
thrown [s\open\src\hotspot\share\prims\jni.cpp, line 539]
Event: 3.444 Thread 0x0000027a3e55e4a0 Exception <a 'java/lang/NoSuchMethodError'{0x00000000c46c3ea0}: 'java.lang.Object java.lang.invoke.DirectMethodHandle$Holder.newInvokeSpecial(java.lang.Object, java.lang.Object, int, int)'> (0x00000000c46c3ea0) 
thrown [s\open\src\hotspot\share\interpreter\linkResolver.cpp, line 773]
Event: 3.445 Thread 0x0000027a3e55e4a0 Exception <a 'java/lang/NoSuchMethodError'{0x00000000c46ce200}: 'void java.lang.invoke.DirectMethodHandle$Holder.invokeStatic(java.lang.Object, java.lang.Object, int)'> (0x00000000c46ce200) 
thrown [s\open\src\hotspot\share\interpreter\linkResolver.cpp, line 773]
Event: 3.479 Thread 0x0000027a3e55e4a0 Exception <a 'java/lang/NoSuchMethodError'{0x00000000c45d5c98}: 'java.lang.Object java.lang.invoke.DirectMethodHandle$Holder.newInvokeSpecial(java.lang.Object, java.lang.Object, java.lang.Object, java.lang.Object, java.lang.Object)'> (0x00000000c45d5c98) 
thrown [s\open\src\hotspot\share\interpreter\linkResolver.cpp, line 773]
Event: 3.561 Thread 0x0000027a3e55e4a0 Exception <a 'java/lang/NoSuchMethodError'{0x00000000c4045f10}: 'void java.lang.invoke.DirectMethodHandle$Holder.invokeSpecial(java.lang.Object, java.lang.Object, java.lang.Object)'> (0x00000000c4045f10) 
thrown [s\open\src\hotspot\share\interpreter\linkResolver.cpp, line 773]
Event: 3.638 Thread 0x0000027aa1758030 Exception <a 'java/lang/NoSuchMethodError'{0x00000000c4f5f680}: 'java.lang.Object java.lang.invoke.DirectMethodHandle$Holder.invokeSpecial(java.lang.Object, java.lang.Object, java.lang.Object, java.lang.Object, int)'> (0x00000000c4f5f680) 
thrown [s\open\src\hotspot\share\interpreter\linkResolver.cpp, line 773]
Event: 3.638 Thread 0x0000027aa1758030 Exception <a 'java/lang/NoSuchMethodError'{0x00000000c4f63238}: 'java.lang.Object java.lang.invoke.Invokers$Holder.linkToTargetMethod(java.lang.Object, java.lang.Object, int, java.lang.Object)'> (0x00000000c4f63238) 
thrown [s\open\src\hotspot\share\interpreter\linkResolver.cpp, line 773]
Event: 3.667 Thread 0x0000027aa1758030 Exception <a 'java/lang/NoSuchMethodError'{0x00000000c4fa40a8}: 'void java.lang.invoke.DirectMethodHandle$Holder.invokeSpecial(java.lang.Object, java.lang.Object, java.lang.Object, java.lang.Object, java.lang.Object)'> (0x00000000c4fa40a8) 
thrown [s\open\src\hotspot\share\interpreter\linkResolver.cpp, line 773]
Event: 10.298 Thread 0x0000027aa175ae20 Exception <a 'java/lang/NoSuchMethodError'{0x00000000c4ede108}: 'void java.lang.invoke.DirectMethodHandle$Holder.invokeSpecial(java.lang.Object, java.lang.Object, java.lang.Object, java.lang.Object, java.lang.Object, java.lang.Object, java.lang.Object)'> (0x00000000c4ede108) 
thrown [s\open\src\hotspot\share\interpreter\linkResolver.cpp, line 773]
Event: 10.519 Thread 0x0000027a3e55e4a0 Exception <a 'java/lang/NoSuchMethodError'{0x00000000c4cc8108}: 'java.lang.Object java.lang.invoke.DirectMethodHandle$Holder.invokeSpecialIFC(java.lang.Object, java.lang.Object, java.lang.Object)'> (0x00000000c4cc8108) 
thrown [s\open\src\hotspot\share\interpreter\linkResolver.cpp, line 773]
Event: 10.769 Thread 0x0000027a3e55e4a0 Exception <a 'java/lang/NoSuchMethodError'{0x00000000c4a41210}: 'void java.lang.invoke.DirectMethodHandle$Holder.invokeInterface(java.lang.Object, java.lang.Object)'> (0x00000000c4a41210) 
thrown [s\open\src\hotspot\share\interpreter\linkResolver.cpp, line 773]
Event: 10.770 Thread 0x0000027a3e55e4a0 Exception <a 'java/lang/IncompatibleClassChangeError'{0x00000000c4a44210}: Found class java.lang.Object, but interface was expected> (0x00000000c4a44210) 
thrown [s\open\src\hotspot\share\interpreter\linkResolver.cpp, line 840]

ZGC Phase Switch (0 events):
No events

VM Operations (20 events):
Event: 2.743 Executing VM operation: G1CollectForAllocation (G1 Evacuation Pause)
Event: 2.755 Executing VM operation: G1CollectForAllocation (G1 Evacuation Pause) done
Event: 2.768 Executing VM operation: HandshakeAllThreads (Deoptimize)
Event: 2.768 Executing VM operation: HandshakeAllThreads (Deoptimize) done
Event: 3.409 Executing VM operation: HandshakeAllThreads (Deoptimize)
Event: 3.409 Executing VM operation: HandshakeAllThreads (Deoptimize) done
Event: 3.458 Executing VM operation: HandshakeAllThreads (Deoptimize)
Event: 3.459 Executing VM operation: HandshakeAllThreads (Deoptimize) done
Event: 3.624 Executing VM operation: G1CollectForAllocation (G1 Evacuation Pause)
Event: 3.632 Executing VM operation: G1CollectForAllocation (G1 Evacuation Pause) done
Event: 4.640 Executing VM operation: Cleanup
Event: 4.640 Executing VM operation: Cleanup done
Event: 6.652 Executing VM operation: Cleanup
Event: 6.652 Executing VM operation: Cleanup done
Event: 10.253 Executing VM operation: HandshakeAllThreads (Deoptimize)
Event: 10.253 Executing VM operation: HandshakeAllThreads (Deoptimize) done
Event: 10.258 Executing VM operation: HandshakeAllThreads (Deoptimize)
Event: 10.258 Executing VM operation: HandshakeAllThreads (Deoptimize) done
Event: 10.258 Executing VM operation: Cleanup
Event: 10.258 Executing VM operation: Cleanup done

Events (20 events):
Event: 0.118 Thread 0x0000027a5b303fd0 Thread added: 0x0000027a5b303fd0
Event: 0.200 Thread 0x0000027a5b2e7030 Thread added: 0x0000027a5b2e7030
Event: 0.207 Thread 0x0000027a5b2e8a70 Thread added: 0x0000027a5b2e8a70
Event: 0.702 Thread 0x0000027a5b2e5c80 Thread added: 0x0000027a5b2e5c80
Event: 2.205 Thread 0x0000027a5b2e5c80 Thread exited: 0x0000027a5b2e5c80
Event: 2.351 Thread 0x0000027a5b2e5c80 Thread added: 0x0000027a5b2e5c80
Event: 3.211 Thread 0x0000027a5b2e6310 Thread added: 0x0000027a5b2e6310
Event: 3.307 Thread 0x0000027a5b2e76c0 Thread added: 0x0000027a5b2e76c0
Event: 3.310 Thread 0x0000027a5b2e7d50 Thread added: 0x0000027a5b2e7d50
Event: 3.312 Thread 0x0000027aa175a790 Thread added: 0x0000027aa175a790
Event: 3.598 Thread 0x0000027aa1758030 Thread added: 0x0000027aa1758030
Event: 3.685 Thread 0x0000027aa175ae20 Thread added: 0x0000027aa175ae20
Event: 3.688 Thread 0x0000027aa175c1d0 Thread added: 0x0000027aa175c1d0
Event: 10.645 Thread 0x0000027aa1759a70 Thread added: 0x0000027aa1759a70
Event: 10.647 Thread 0x0000027aa17579a0 Thread added: 0x0000027aa17579a0
Event: 10.650 Thread 0x0000027aa1756c80 Thread added: 0x0000027aa1756c80
Event: 10.650 Thread 0x0000027aa175c860 Thread added: 0x0000027aa175c860
Event: 10.771 Thread 0x0000027aa1756c80 Thread exited: 0x0000027aa1756c80
Event: 10.772 Thread 0x0000027aa17579a0 Thread exited: 0x0000027aa17579a0
Event: 10.772 Thread 0x0000027aa175c860 Thread exited: 0x0000027aa175c860


Dynamic libraries:
0x00007ff7eea60000 - 0x00007ff7eea70000 	C:\Program Files\Java\jdk-21\bin\javaw.exe
0x00007ffcd29d0000 - 0x00007ffcd2bc8000 	C:\WINDOWS\SYSTEM32\ntdll.dll
0x00007ffcd10a0000 - 0x00007ffcd115d000 	C:\WINDOWS\System32\KERNEL32.DLL
0x00007ffcd03d0000 - 0x00007ffcd06c6000 	C:\WINDOWS\System32\KERNELBASE.dll
0x00007ffcd07f0000 - 0x00007ffcd08f0000 	C:\WINDOWS\System32\ucrtbase.dll
0x00007ffccbb20000 - 0x00007ffccbb39000 	C:\Program Files\Java\jdk-21\bin\jli.dll
0x00007ffcd1680000 - 0x00007ffcd172f000 	C:\WINDOWS\System32\ADVAPI32.dll
0x00007ffcd21a0000 - 0x00007ffcd223e000 	C:\WINDOWS\System32\msvcrt.dll
0x00007ffcd0a30000 - 0x00007ffcd0acc000 	C:\WINDOWS\System32\sechost.dll
0x00007ffcd1550000 - 0x00007ffcd1676000 	C:\WINDOWS\System32\RPCRT4.dll
0x00007ffccbb80000 - 0x00007ffccbb9b000 	C:\Program Files\Java\jdk-21\bin\VCRUNTIME140.dll
0x00007ffcd0de0000 - 0x00007ffcd0f7e000 	C:\WINDOWS\System32\USER32.dll
0x00007ffcd06d0000 - 0x00007ffcd06f2000 	C:\WINDOWS\System32\win32u.dll
0x00007ffcd1010000 - 0x00007ffcd103c000 	C:\WINDOWS\System32\GDI32.dll
0x00007ffcc3540000 - 0x00007ffcc37da000 	C:\WINDOWS\WinSxS\amd64_microsoft.windows.common-controls_6595b64144ccf1df_6.0.19041.3636_none_60b6a03d71f818d5\COMCTL32.dll
0x00007ffcd0120000 - 0x00007ffcd023a000 	C:\WINDOWS\System32\gdi32full.dll
0x00007ffcd0700000 - 0x00007ffcd079d000 	C:\WINDOWS\System32\msvcp_win.dll
0x00007ffcc5c90000 - 0x00007ffcc5c9a000 	C:\WINDOWS\SYSTEM32\VERSION.dll
0x00007ffcd0f80000 - 0x00007ffcd0fb0000 	C:\WINDOWS\System32\IMM32.DLL
0x00007ffccbb70000 - 0x00007ffccbb7c000 	C:\Program Files\Java\jdk-21\bin\vcruntime140_1.dll
0x00007ffcc8a00000 - 0x00007ffcc8a8e000 	C:\Program Files\Java\jdk-21\bin\msvcp140.dll
0x00007ffca0040000 - 0x00007ffca0d57000 	C:\Program Files\Java\jdk-21\bin\server\jvm.dll
0x00007ffcd0ad0000 - 0x00007ffcd0b3b000 	C:\WINDOWS\System32\WS2_32.dll
0x00007ffccf660000 - 0x00007ffccf6ab000 	C:\WINDOWS\SYSTEM32\POWRPROF.dll
0x00007ffcc5a40000 - 0x00007ffcc5a67000 	C:\WINDOWS\SYSTEM32\WINMM.dll
0x00007ffccf510000 - 0x00007ffccf522000 	C:\WINDOWS\SYSTEM32\UMPDC.dll
0x00007ffccdf70000 - 0x00007ffccdf82000 	C:\WINDOWS\SYSTEM32\kernel.appcore.dll
0x00007ffccbae0000 - 0x00007ffccbaea000 	C:\Program Files\Java\jdk-21\bin\jimage.dll
0x00007ffcbfdd0000 - 0x00007ffcbffb4000 	C:\WINDOWS\SYSTEM32\DBGHELP.DLL
0x00007ffcc00e0000 - 0x00007ffcc0114000 	C:\WINDOWS\SYSTEM32\dbgcore.DLL
0x00007ffcd09a0000 - 0x00007ffcd0a22000 	C:\WINDOWS\System32\bcryptPrimitives.dll
0x00007ffccb140000 - 0x00007ffccb15f000 	C:\Program Files\Java\jdk-21\bin\java.dll
0x00007ffcd2240000 - 0x00007ffcd2985000 	C:\WINDOWS\System32\SHELL32.dll
0x00007ffcce170000 - 0x00007ffcce90b000 	C:\WINDOWS\SYSTEM32\windows.storage.dll
0x00007ffcd1190000 - 0x00007ffcd14e4000 	C:\WINDOWS\System32\combase.dll
0x00007ffccfaf0000 - 0x00007ffccfb1d000 	C:\WINDOWS\SYSTEM32\Wldp.dll
0x00007ffcd0c50000 - 0x00007ffcd0cfd000 	C:\WINDOWS\System32\SHCORE.dll
0x00007ffcd1040000 - 0x00007ffcd1095000 	C:\WINDOWS\System32\shlwapi.dll
0x00007ffccffe0000 - 0x00007ffcd0005000 	C:\WINDOWS\SYSTEM32\profapi.dll
0x00007ffcba8a0000 - 0x00007ffcba977000 	C:\Program Files\Java\jdk-21\bin\jsvml.dll
0x00007ffccb640000 - 0x00007ffccb650000 	C:\Program Files\Java\jdk-21\bin\net.dll
0x00007ffcc9b30000 - 0x00007ffcc9c3a000 	C:\WINDOWS\SYSTEM32\WINHTTP.dll
0x00007ffccf850000 - 0x00007ffccf8ba000 	C:\WINDOWS\system32\mswsock.dll
0x00007ffccade0000 - 0x00007ffccadf6000 	C:\Program Files\Java\jdk-21\bin\nio.dll
0x00007ffccac00000 - 0x00007ffccac18000 	C:\Program Files\Java\jdk-21\bin\zip.dll
0x00007ffccbd70000 - 0x00007ffccbd79000 	C:\Program Files\Java\jdk-21\bin\extnet.dll
0x00007ffccf530000 - 0x00007ffccf5fa000 	C:\WINDOWS\SYSTEM32\DNSAPI.dll
0x00007ffccf4d0000 - 0x00007ffccf50b000 	C:\WINDOWS\SYSTEM32\IPHLPAPI.DLL
0x00007ffcd1160000 - 0x00007ffcd1168000 	C:\WINDOWS\System32\NSI.dll
0x00007ffcc3910000 - 0x00007ffcc391a000 	C:\Windows\System32\rasadhlp.dll
0x00007ffcc4440000 - 0x00007ffcc44c0000 	C:\WINDOWS\System32\fwpuclnt.dll
0x00007ffcd03a0000 - 0x00007ffcd03c7000 	C:\WINDOWS\System32\bcrypt.dll
0x00007ffccad90000 - 0x00007ffccad9e000 	C:\Program Files\Java\jdk-21\bin\sunmscapi.dll
0x00007ffcd0240000 - 0x00007ffcd039d000 	C:\WINDOWS\System32\CRYPT32.dll
0x00007ffccfb60000 - 0x00007ffccfb87000 	C:\WINDOWS\SYSTEM32\ncrypt.dll
0x00007ffccfb20000 - 0x00007ffccfb5b000 	C:\WINDOWS\SYSTEM32\NTASN1.dll
0x00007ffccfa40000 - 0x00007ffccfa58000 	C:\WINDOWS\SYSTEM32\CRYPTSP.dll
0x00007ffccf0b0000 - 0x00007ffccf0e4000 	C:\WINDOWS\system32\rsaenh.dll
0x00007ffccff60000 - 0x00007ffccff8e000 	C:\WINDOWS\SYSTEM32\USERENV.dll
0x00007ffccfa60000 - 0x00007ffccfa6c000 	C:\WINDOWS\SYSTEM32\CRYPTBASE.dll
0x00007ffccabf0000 - 0x00007ffccabf7000 	C:\WINDOWS\system32\wshunix.dll

dbghelp: loaded successfully - version: 4.0.5 - missing functions: none
symbol engine: initialized successfully - sym options: 0x614 - pdb path: .;C:\Program Files\Java\jdk-21\bin;C:\WINDOWS\SYSTEM32;C:\WINDOWS\WinSxS\amd64_microsoft.windows.common-controls_6595b64144ccf1df_6.0.19041.3636_none_60b6a03d71f818d5;C:\Program Files\Java\jdk-21\bin\server

VM Arguments:
jvm_args: -Dfile.encoding=UTF-8 -Dstdout.encoding=UTF-8 -Dstderr.encoding=UTF-8 -XX:+ShowCodeDetailsInExceptionMessages 
java_command: selenium_maven.selenium_id1.javascriptexecutor1
java_class_path (initial): C:\Users\Akshay\eclipse-workspace\selenium-id1\target\test-classes;C:\Users\Akshay\eclipse-workspace\selenium-id1\target\classes;C:\Users\Akshay\.m2\repository\org\seleniumhq\selenium\selenium-java\4.15.0\selenium-java-4.15.0.jar;C:\Users\Akshay\.m2\repository\org\seleniumhq\selenium\selenium-api\4.15.0\selenium-api-4.15.0.jar;C:\Users\Akshay\.m2\repository\org\seleniumhq\selenium\selenium-chrome-driver\4.15.0\selenium-chrome-driver-4.15.0.jar;C:\Users\Akshay\.m2\repository\com\google\auto\service\auto-service-annotations\1.1.1\auto-service-annotations-1.1.1.jar;C:\Users\Akshay\.m2\repository\org\seleniumhq\selenium\selenium-chromium-driver\4.15.0\selenium-chromium-driver-4.15.0.jar;C:\Users\Akshay\.m2\repository\org\seleniumhq\selenium\selenium-json\4.15.0\selenium-json-4.15.0.jar;C:\Users\Akshay\.m2\repository\org\seleniumhq\selenium\selenium-manager\4.15.0\selenium-manager-4.15.0.jar;C:\Users\Akshay\.m2\repository\org\seleniumhq\selenium\selenium-devtools-v117\4.15.0\selenium-devtools-v117-4.15.0.jar;C:\Users\Akshay\.m2\repository\org\seleniumhq\selenium\selenium-devtools-v118\4.15.0\selenium-devtools-v118-4.15.0.jar;C:\Users\Akshay\.m2\repository\org\seleniumhq\selenium\selenium-devtools-v119\4.15.0\selenium-devtools-v119-4.15.0.jar;C:\Users\Akshay\.m2\repository\org\seleniumhq\selenium\selenium-devtools-v85\4.15.0\selenium-devtools-v85-4.15.0.jar;C:\Users\Akshay\.m2\repository\org\seleniumhq\selenium\selenium-edge-driver\4.15.0\selenium-edge-driver-4.15.0.jar;C:\Users\Akshay\.m2\repository\org\seleniumhq\selenium\selenium-firefox-driver\4.15.0\selenium-firefox-driver-4.15.0.jar;C:\Users\Akshay\.m2\repository\org\seleniumhq\selenium\selenium-http\4.15.0\selenium-http-4.15.0.jar;C:\Users\Akshay\.m2\repository\dev\failsafe\failsafe\3.3.2\failsafe-3.3.2.jar;C:\Users\Akshay\.m2\repository\org\seleniumhq\selenium\selenium-ie-driver\4.15.0\selenium-ie-driver-4.15.0.jar;C:\Users\Akshay\.m2\repository\org\seleniumhq\selenium\selenium-remote-driver\4.15.0\selenium-remote-driver-4.15.0.jar;C:\Users\Akshay\.m2\repository\com\google\guava\guava\32.1.2-jre\guava-32.1.2-jre.jar;C:\Users\Akshay\.m2\repository\com\google\guava\failureaccess\1.0.1\failureaccess-1.0.1.jar;C:\Users\Akshay\.m2\repository\com\google\guava\listenablefuture\9999.0-empty-to-avoid-conflict-with-guava\listenablefuture-9999.0-empty-to-avoid-conflict-with-guava.jar;C:\Users\Akshay\.m2\repository\com\google\code\findbugs\jsr305\3.0.2\jsr305-3.0.2.jar;C:\Users\Akshay\.m2\repository\org\checkerframework\checker-qual\3.33.0\checker-qual-3.33.0.jar;C:\Users\Akshay\.m2\repository\com\google\errorprone\error_prone_annotations\2.18.0\error_prone_annotations-2.18.0.jar;C:\Users\Akshay\.m2\repository\com\google\j2objc\j2objc-annotations\2.8\j2objc-annotations-2.8.jar;C:\Users\Akshay\.m2\repository\io\opentelemetry\opentelemetry-api\1.28.0\opentelemetry-api-1.28.0.jar;C:\Users\Akshay\.m2\repository\io\opentelemetry\opentelemetry-context\1.28.0\opentelemetry-context-1.28.0.jar;C:\Users\Akshay\.m2\repository\io\opentelemetry\opentelemetry-exporter-logging\1.28.0\opentelemetry-exporter-logging-1.28.0.jar;C:\Users\Akshay\.m2\repository\io\opentelemetry\opentelemetry-sdk-metrics\1.28.0\opentelemetry-sdk-metrics-1.28.0.jar;C:\Users\Akshay\.m2\repository\io\opentelemetry\opentelemetry-extension-incubator\1.28.0-alpha\opentelemetry-extension-incubator-1.28.0-alpha.jar;C:\Users\Akshay\.m2\repository\io\opentelemetry\opentelemetry-sdk-logs\1.28.0\opentelemetry-sdk-logs-1.28.0.jar;C:\Users\Akshay\.m2\repository\io\opentelemetry\opentelemetry-sdk-common\1.28.0\opentelemetry-sdk-common-1.28.0.jar;C:\Users\Akshay\.m2\repository\io\opentelemetry\opentelemetry-sdk-extension-autoconfigure-spi\1.28.0\opentelemetry-sdk-extension-autoconfigure-spi-1.28.0.jar;C:\Users\Akshay\.m2\repository\io\opentelemetry\opentelemetry-sdk-extension-autoconfigure\1.28.0\opentelemetry-sdk-extension-autoconfigure-1.28.0.jar;C:\Users\Akshay\.m2\repository\io\opentelemetry\opentelemetry-api-events\1.28.0-alpha\opentelemetry-api-events-1.28.0-alpha.jar;C:\Users\Akshay\.m2\repository\io\opentelemetry\opentelemetry-sdk-trace\1.28.0\opentelemetry-sdk-trace-1.28.0.jar;C:\Users\Akshay\.m2\repository\io\opentelemetry\opentelemetry-sdk\1.28.0\opentelemetry-sdk-1.28.0.jar;C:\Users\Akshay\.m2\repository\io\opentelemetry\opentelemetry-semconv\1.28.0-alpha\opentelemetry-semconv-1.28.0-alpha.jar;C:\Users\Akshay\.m2\repository\net\bytebuddy\byte-buddy\1.14.5\byte-buddy-1.14.5.jar;C:\Users\Akshay\.m2\repository\org\seleniumhq\selenium\selenium-os\4.15.0\selenium-os-4.15.0.jar;C:\Users\Akshay\.m2\repository\org\apache\commons\commons-exec\1.3\commons-exec-1.3.jar;C:\Users\Akshay\.m2\repository\org\seleniumhq\selenium\selenium-safari-driver\4.15.0\selenium-safari-driver-4.15.0.jar;C:\Users\Akshay\.m2\repository\org\seleniumhq\selenium\selenium-support\4.15.0\selenium-support-4.15.0.jar;C:\Users\Akshay\.m2\repository\junit\junit\4.11\junit-4.11.jar;C:\Users\Akshay\.m2\repository\org\hamcrest\hamcrest-core\1.3\hamcrest-core-1.3.jar
Launcher Type: SUN_STANDARD

[Global flags]
     intx CICompilerCount                          = 3                                         {product} {ergonomic}
     uint ConcGCThreads                            = 1                                         {product} {ergonomic}
     uint G1ConcRefinementThreads                  = 4                                         {product} {ergonomic}
   size_t G1HeapRegionSize                         = 1048576                                   {product} {ergonomic}
    uintx GCDrainStackTargetSize                   = 64                                        {product} {ergonomic}
   size_t InitialHeapSize                          = 67108864                                  {product} {ergonomic}
   size_t MarkStackSize                            = 4194304                                   {product} {ergonomic}
   size_t MaxHeapSize                              = 1056964608                                {product} {ergonomic}
   size_t MaxNewSize                               = 633339904                                 {product} {ergonomic}
   size_t MinHeapDeltaBytes                        = 1048576                                   {product} {ergonomic}
   size_t MinHeapSize                              = 8388608                                   {product} {ergonomic}
    uintx NonNMethodCodeHeapSize                   = 5832780                                {pd product} {ergonomic}
    uintx NonProfiledCodeHeapSize                  = 122912730                              {pd product} {ergonomic}
    uintx ProfiledCodeHeapSize                     = 122912730                              {pd product} {ergonomic}
    uintx ReservedCodeCacheSize                    = 251658240                              {pd product} {ergonomic}
     bool SegmentedCodeCache                       = true                                      {product} {ergonomic}
     bool ShowCodeDetailsInExceptionMessages       = true                                   {manageable} {command line}
   size_t SoftMaxHeapSize                          = 1056964608                             {manageable} {ergonomic}
     bool UseCompressedOops                        = true                           {product lp64_product} {ergonomic}
     bool UseG1GC                                  = true                                      {product} {ergonomic}
     bool UseLargePagesIndividualAllocation        = false                                  {pd product} {ergonomic}

Logging:
Log output configuration:
 #0: stdout all=warning uptime,level,tags foldmultilines=false
 #1: stderr all=off uptime,level,tags foldmultilines=false

Environment Variables:
JAVA_HOME=C:\Program Files\Java\jdk-21
PATH=C:\Program Files\Common Files\Oracle\Java\javapath;C:\WINDOWS\system32;C:\WINDOWS;C:\WINDOWS\System32\Wbem;C:\WINDOWS\System32\WindowsPowerShell\v1.0\;C:\WINDOWS\System32\OpenSSH\;C:\Program Files\Git\cmd;C:\Program Files\Java\jdk-21\bin;C:\Program Files\Java\jdk-21\bin;C:\Program Files\MySQL\MySQL Shell 8.0\bin\;C:\Users\Akshay\AppData\Local\Microsoft\WindowsApps;;C:\Program Files\JetBrains\PyCharm Community Edition 2022.2.1\bin;;C:\Program Files\heroku\bin
USERNAME=Akshay
OS=Windows_NT
PROCESSOR_IDENTIFIER=Intel64 Family 6 Model 69 Stepping 1, GenuineIntel
TMP=C:\Users\Akshay\AppData\Local\Temp
TEMP=C:\Users\Akshay\AppData\Local\Temp




Periodic native trim disabled

---------------  S Y S T E M  ---------------

OS:
 Windows 10 , 64 bit Build 19041 (10.0.19041.3636)
OS uptime: 8 days 22:49 hours

CPU: total 4 (initial active 4) (2 cores per cpu, 2 threads per core) family 6 model 69 stepping 1 microcode 0x25, cx8, cmov, fxsr, ht, mmx, sse, sse2, sse3, ssse3, sse4.1, sse4.2, popcnt, lzcnt, tsc, tscinvbit, avx, avx2, aes, erms, clmul, bmi1, bmi2, fma, vzeroupper, clflush, rdtscp, f16c
Processor Information for all 4 processors :
  Max Mhz: 2401, Current Mhz: 2401, Mhz Limit: 2401

Memory: 4k page, system-wide physical 4027M (283M free)
TotalPageFile size 16315M (AvailPageFile size 3M)
current process WorkingSet (physical memory assigned to process): 92M, peak: 92M
current process commit charge ("private bytes"): 165M, peak: 166M

vm_info: Java HotSpot(TM) 64-Bit Server VM (21.0.2+13-LTS-58) for windows-amd64 JRE (21.0.2+13-LTS-58), built on 2024-01-05T18:32:24Z by "mach5one" with MS VC++ 17.1 (VS2022)

END.
