#
# There is insufficient memory for the Java Runtime Environment to continue.
# Native memory allocation (malloc) failed to allocate 623856 bytes for Chunk::new
# Possible reasons:
#   The system is out of physical RAM or swap space
#   The process is running with CompressedOops enabled, and the Java Heap may be blocking the growth of the native heap
# Possible solutions:
#   Reduce memory load on the system
#   Increase physical memory or swap space
#   Check if swap backing store is full
#   Decrease Java heap size (-Xmx/-Xms)
#   Decrease number of Java threads
#   Decrease Java thread stack sizes (-Xss)
#   Set larger code cache with -XX:ReservedCodeCacheSize=
#   JVM is running with Unscaled Compressed Oops mode in which the Java heap is
#     placed in the first 4GB address space. The Java Heap base address is the
#     maximum limit for the native heap growth. Please use -XX:HeapBaseMinAddress
#     to set the Java Heap base and to place the Java Heap above 4GB virtual address.
# This output file may be truncated or incomplete.
#
#  Out of Memory Error (arena.cpp:168), pid=7108, tid=13612
#
# JRE version: Java(TM) SE Runtime Environment (21.0.2+13) (build 21.0.2+13-LTS-58)
# Java VM: Java HotSpot(TM) 64-Bit Server VM (21.0.2+13-LTS-58, mixed mode, sharing, tiered, compressed oops, compressed class ptrs, g1 gc, windows-amd64)
# No core dump will be written. Minidumps are not enabled by default on client versions of Windows
#

---------------  S U M M A R Y ------------

Command Line: -Dfile.encoding=UTF-8 -Dstdout.encoding=UTF-8 -Dstderr.encoding=UTF-8 -XX:+ShowCodeDetailsInExceptionMessages selenium_maven.selenium_id1.javascriptexecutor1

Host: Intel(R) Core(TM) i5-4210U CPU @ 1.70GHz, 4 cores, 3G,  Windows 10 , 64 bit Build 19041 (10.0.19041.3636)
Time: Thu May 23 18:04:13 2024 India Standard Time elapsed time: 11.391251 seconds (0d 0h 0m 11s)

---------------  T H R E A D  ---------------

Current thread (0x000002108312c5b0):  JavaThread "C2 CompilerThread0" daemon [_thread_in_native, id=13612, stack(0x0000008579f00000,0x000000857a000000) (1024K)]


Current CompileTask:
C2:  11391 1771       4       java.lang.invoke.MethodType::makeImpl (109 bytes)

Stack: [0x0000008579f00000,0x000000857a000000]
Native frames: (J=compiled Java code, j=interpreted, Vv=VM code, C=native code)
V  [jvm.dll+0x6cade9]
V  [jvm.dll+0x8569c1]
V  [jvm.dll+0x858d2e]
V  [jvm.dll+0x859413]
V  [jvm.dll+0x280e56]
V  [jvm.dll+0xc3f3d]
V  [jvm.dll+0xc4473]
V  [jvm.dll+0x2f437f]
V  [jvm.dll+0x5f5056]
V  [jvm.dll+0x252d7f]
V  [jvm.dll+0x24b637]
V  [jvm.dll+0x2490a3]
V  [jvm.dll+0x1c9634]
V  [jvm.dll+0x258859]
V  [jvm.dll+0x256e3a]
V  [jvm.dll+0x3ef6c6]
V  [jvm.dll+0x7ff568]
V  [jvm.dll+0x6c953d]
C  [ucrtbase.dll+0x21bb2]
C  [KERNEL32.DLL+0x17344]
C  [ntdll.dll+0x526b1]


---------------  P R O C E S S  ---------------

Threads class SMR info:
_java_thread_list=0x000002108314c490, length=20, elements={
0x00000210250fe3f0, 0x0000021083121160, 0x0000021083123780, 0x0000021083129900,
0x000002108312a360, 0x000002108312adc0, 0x000002108312b820, 0x000002108312c5b0,
0x000002108319d740, 0x0000021083277ef0, 0x0000021083289350, 0x00000210838ee920,
0x0000021083ca6500, 0x0000021083cf2630, 0x0000021083d21180, 0x0000021083d2e020,
0x0000021083d8ede0, 0x0000021083deadd0, 0x00000210883455f0, 0x0000021088346310
}

Java Threads: ( => current thread )
  0x00000210250fe3f0 JavaThread "Forwarding screenshot on session 87875864-fe82-4bc6-97d6-040347e75848 to remote"        [_thread_blocked, id=20272, stack(0x0000008579100000,0x0000008579200000) (1024K)]
  0x0000021083121160 JavaThread "Reference Handler"          daemon [_thread_blocked, id=4460, stack(0x0000008579900000,0x0000008579a00000) (1024K)]
  0x0000021083123780 JavaThread "Finalizer"                  daemon [_thread_blocked, id=8772, stack(0x0000008579a00000,0x0000008579b00000) (1024K)]
  0x0000021083129900 JavaThread "Signal Dispatcher"          daemon [_thread_blocked, id=22224, stack(0x0000008579b00000,0x0000008579c00000) (1024K)]
  0x000002108312a360 JavaThread "Attach Listener"            daemon [_thread_blocked, id=7192, stack(0x0000008579c00000,0x0000008579d00000) (1024K)]
  0x000002108312adc0 JavaThread "Service Thread"             daemon [_thread_blocked, id=20732, stack(0x0000008579d00000,0x0000008579e00000) (1024K)]
  0x000002108312b820 JavaThread "Monitor Deflation Thread"   daemon [_thread_blocked, id=15168, stack(0x0000008579e00000,0x0000008579f00000) (1024K)]
=>0x000002108312c5b0 JavaThread "C2 CompilerThread0"         daemon [_thread_in_native, id=13612, stack(0x0000008579f00000,0x000000857a000000) (1024K)]
  0x000002108319d740 JavaThread "C1 CompilerThread0"         daemon [_thread_blocked, id=18312, stack(0x000000857a000000,0x000000857a100000) (1024K)]
  0x0000021083277ef0 JavaThread "Notification Thread"        daemon [_thread_blocked, id=12868, stack(0x000000857a100000,0x000000857a200000) (1024K)]
  0x0000021083289350 JavaThread "Common-Cleaner"             daemon [_thread_blocked, id=24440, stack(0x000000857a200000,0x000000857a300000) (1024K)]
  0x00000210838ee920 JavaThread "ForkJoinPool.commonPool-worker-1" daemon [_thread_blocked, id=23376, stack(0x000000857a300000,0x000000857a400000) (1024K)]
  0x0000021083ca6500 JavaThread "HttpClient-1-SelectorManager" daemon [_thread_in_native, id=12972, stack(0x000000857a700000,0x000000857a800000) (1024K)]
  0x0000021083cf2630 JavaThread "Thread-2"                          [_thread_in_native, id=16592, stack(0x000000857a800000,0x000000857a900000) (1024K)]
  0x0000021083d21180 JavaThread "Driver Service Executor"    daemon [_thread_blocked, id=21220, stack(0x000000857a900000,0x000000857aa00000) (1024K)]
  0x0000021083d2e020 JavaThread "Driver Service Executor"    daemon [_thread_in_native, id=23516, stack(0x000000857aa00000,0x000000857ab00000) (1024K)]
  0x0000021083d8ede0 JavaThread "pool-1-thread-1"                   [_thread_blocked, id=12636, stack(0x000000857ac00000,0x000000857ad00000) (1024K)]
  0x0000021083deadd0 JavaThread "pool-1-thread-2"                   [_thread_blocked, id=7236, stack(0x000000857ad00000,0x000000857ae00000) (1024K)]
  0x00000210883455f0 JavaThread "pool-1-thread-3"                   [_thread_blocked, id=5136, stack(0x000000857ae00000,0x000000857af00000) (1024K)]
  0x0000021088346310 JavaThread "HttpClient-2-SelectorManager" daemon [_thread_in_native, id=16228, stack(0x000000857af00000,0x000000857b000000) (1024K)]
Total: 20

Other Threads:
  0x0000021027365f60 VMThread "VM Thread"                           [id=5720, stack(0x0000008579800000,0x0000008579900000) (1024K)]
  0x000002108311b020 WatcherThread "VM Periodic Task Thread"        [id=14476, stack(0x0000008579700000,0x0000008579800000) (1024K)]
  0x00000210272dfe70 WorkerThread "GC Thread#0"                     [id=24412, stack(0x0000008579200000,0x0000008579300000) (1024K)]
  0x0000021083bcb930 WorkerThread "GC Thread#1"                     [id=19580, stack(0x000000857a400000,0x000000857a500000) (1024K)]
  0x0000021083c38c70 WorkerThread "GC Thread#2"                     [id=10464, stack(0x000000857a500000,0x000000857a600000) (1024K)]
  0x0000021083c39010 WorkerThread "GC Thread#3"                     [id=20520, stack(0x000000857a600000,0x000000857a700000) (1024K)]
  0x00000210272e8c50 ConcurrentGCThread "G1 Main Marker"            [id=2312, stack(0x0000008579300000,0x0000008579400000) (1024K)]
  0x00000210272e9f60 WorkerThread "G1 Conc#0"                       [id=16452, stack(0x0000008579400000,0x0000008579500000) (1024K)]
  0x000002102733c970 ConcurrentGCThread "G1 Refine#0"               [id=8996, stack(0x0000008579500000,0x0000008579600000) (1024K)]
  0x000002102733de30 ConcurrentGCThread "G1 Service"                [id=22048, stack(0x0000008579600000,0x0000008579700000) (1024K)]
Total: 10

Threads with active compile tasks:
C2 CompilerThread0    11449 1771       4       java.lang.invoke.MethodType::makeImpl (109 bytes)
Total: 1

VM state: not at safepoint (normal execution)

VM Mutex/Monitor currently owned by a thread: None

Heap address: 0x00000000c1000000, size: 1008 MB, Compressed Oops mode: 32-bit

CDS archive(s) mapped at: [0x0000021042000000-0x0000021042c90000-0x0000021042c90000), size 13172736, SharedBaseAddress: 0x0000021042000000, ArchiveRelocationMode: 1.
Compressed class space mapped at: 0x0000021043000000-0x0000021083000000, reserved size: 1073741824
Narrow klass base: 0x0000021042000000, Narrow klass shift: 0, Narrow klass range: 0x100000000

GC Precious Log:
 CardTable entry size: 512
 Card Set container configuration: InlinePtr #cards 5 size 8 Array Of Cards #cards 12 size 40 Howl #buckets 4 coarsen threshold 1843 Howl Bitmap #cards 512 size 80 coarsen threshold 460 Card regions per heap region 1 cards per card region 2048
 CPUs: 4 total, 4 available
 Memory: 4027M
 Large Page Support: Disabled
 NUMA Support: Disabled
 Compressed Oops: Enabled (32-bit)
 Heap Region Size: 1M
 Heap Min Capacity: 8M
 Heap Initial Capacity: 64M
 Heap Max Capacity: 1008M
 Pre-touch: Disabled
 Parallel Workers: 4
 Concurrent Workers: 1
 Concurrent Refinement Workers: 4
 Periodic GC: Disabled

Heap:
 garbage-first heap   total 65536K, used 12145K [0x00000000c1000000, 0x0000000100000000)
  region size 1024K, 9 young (9216K), 2 survivors (2048K)
 Metaspace       used 12623K, committed 12928K, reserved 1114112K
  class space    used 1534K, committed 1664K, reserved 1048576K

Heap Regions: E=young(eden), S=young(survivor), O=old, HS=humongous(starts), HC=humongous(continues), CS=collection set, F=free, TAMS=top-at-mark-start, PB=parsable bottom
|   0|0x00000000c1000000, 0x00000000c1100000, 0x00000000c1100000|100%| O|  |TAMS 0x00000000c1000000| PB 0x00000000c1000000| Untracked 
|   1|0x00000000c1100000, 0x00000000c1200000, 0x00000000c1200000|100%| O|  |TAMS 0x00000000c1100000| PB 0x00000000c1100000| Untracked 
|   2|0x00000000c1200000, 0x00000000c1300000, 0x00000000c1300000|100%| O|  |TAMS 0x00000000c1200000| PB 0x00000000c1200000| Untracked 
|   3|0x00000000c1300000, 0x00000000c1400000, 0x00000000c1400000|100%| O|  |TAMS 0x00000000c1300000| PB 0x00000000c1300000| Untracked 
|   4|0x00000000c1400000, 0x00000000c1408900, 0x00000000c1500000|  3%| O|  |TAMS 0x00000000c1400000| PB 0x00000000c1400000| Untracked 
|   5|0x00000000c1500000, 0x00000000c1500000, 0x00000000c1600000|  0%| F|  |TAMS 0x00000000c1500000| PB 0x00000000c1500000| Untracked 
|   6|0x00000000c1600000, 0x00000000c1600000, 0x00000000c1700000|  0%| F|  |TAMS 0x00000000c1600000| PB 0x00000000c1600000| Untracked 
|   7|0x00000000c1700000, 0x00000000c1700000, 0x00000000c1800000|  0%| F|  |TAMS 0x00000000c1700000| PB 0x00000000c1700000| Untracked 
|   8|0x00000000c1800000, 0x00000000c1800000, 0x00000000c1900000|  0%| F|  |TAMS 0x00000000c1800000| PB 0x00000000c1800000| Untracked 
|   9|0x00000000c1900000, 0x00000000c1900000, 0x00000000c1a00000|  0%| F|  |TAMS 0x00000000c1900000| PB 0x00000000c1900000| Untracked 
|  10|0x00000000c1a00000, 0x00000000c1a00000, 0x00000000c1b00000|  0%| F|  |TAMS 0x00000000c1a00000| PB 0x00000000c1a00000| Untracked 
|  11|0x00000000c1b00000, 0x00000000c1b00000, 0x00000000c1c00000|  0%| F|  |TAMS 0x00000000c1b00000| PB 0x00000000c1b00000| Untracked 
|  12|0x00000000c1c00000, 0x00000000c1c00000, 0x00000000c1d00000|  0%| F|  |TAMS 0x00000000c1c00000| PB 0x00000000c1c00000| Untracked 
|  13|0x00000000c1d00000, 0x00000000c1d00000, 0x00000000c1e00000|  0%| F|  |TAMS 0x00000000c1d00000| PB 0x00000000c1d00000| Untracked 
|  14|0x00000000c1e00000, 0x00000000c1e00000, 0x00000000c1f00000|  0%| F|  |TAMS 0x00000000c1e00000| PB 0x00000000c1e00000| Untracked 
|  15|0x00000000c1f00000, 0x00000000c1f00000, 0x00000000c2000000|  0%| F|  |TAMS 0x00000000c1f00000| PB 0x00000000c1f00000| Untracked 
|  16|0x00000000c2000000, 0x00000000c2000000, 0x00000000c2100000|  0%| F|  |TAMS 0x00000000c2000000| PB 0x00000000c2000000| Untracked 
|  17|0x00000000c2100000, 0x00000000c2100000, 0x00000000c2200000|  0%| F|  |TAMS 0x00000000c2100000| PB 0x00000000c2100000| Untracked 
|  18|0x00000000c2200000, 0x00000000c2200000, 0x00000000c2300000|  0%| F|  |TAMS 0x00000000c2200000| PB 0x00000000c2200000| Untracked 
|  19|0x00000000c2300000, 0x00000000c2300000, 0x00000000c2400000|  0%| F|  |TAMS 0x00000000c2300000| PB 0x00000000c2300000| Untracked 
|  20|0x00000000c2400000, 0x00000000c2400000, 0x00000000c2500000|  0%| F|  |TAMS 0x00000000c2400000| PB 0x00000000c2400000| Untracked 
|  21|0x00000000c2500000, 0x00000000c2500000, 0x00000000c2600000|  0%| F|  |TAMS 0x00000000c2500000| PB 0x00000000c2500000| Untracked 
|  22|0x00000000c2600000, 0x00000000c2600000, 0x00000000c2700000|  0%| F|  |TAMS 0x00000000c2600000| PB 0x00000000c2600000| Untracked 
|  23|0x00000000c2700000, 0x00000000c2700000, 0x00000000c2800000|  0%| F|  |TAMS 0x00000000c2700000| PB 0x00000000c2700000| Untracked 
|  24|0x00000000c2800000, 0x00000000c2800000, 0x00000000c2900000|  0%| F|  |TAMS 0x00000000c2800000| PB 0x00000000c2800000| Untracked 
|  25|0x00000000c2900000, 0x00000000c2900000, 0x00000000c2a00000|  0%| F|  |TAMS 0x00000000c2900000| PB 0x00000000c2900000| Untracked 
|  26|0x00000000c2a00000, 0x00000000c2a00000, 0x00000000c2b00000|  0%| F|  |TAMS 0x00000000c2a00000| PB 0x00000000c2a00000| Untracked 
|  27|0x00000000c2b00000, 0x00000000c2b00000, 0x00000000c2c00000|  0%| F|  |TAMS 0x00000000c2b00000| PB 0x00000000c2b00000| Untracked 
|  28|0x00000000c2c00000, 0x00000000c2c00000, 0x00000000c2d00000|  0%| F|  |TAMS 0x00000000c2c00000| PB 0x00000000c2c00000| Untracked 
|  29|0x00000000c2d00000, 0x00000000c2d00000, 0x00000000c2e00000|  0%| F|  |TAMS 0x00000000c2d00000| PB 0x00000000c2d00000| Untracked 
|  30|0x00000000c2e00000, 0x00000000c2e00000, 0x00000000c2f00000|  0%| F|  |TAMS 0x00000000c2e00000| PB 0x00000000c2e00000| Untracked 
|  31|0x00000000c2f00000, 0x00000000c2f00000, 0x00000000c3000000|  0%| F|  |TAMS 0x00000000c2f00000| PB 0x00000000c2f00000| Untracked 
|  32|0x00000000c3000000, 0x00000000c3000000, 0x00000000c3100000|  0%| F|  |TAMS 0x00000000c3000000| PB 0x00000000c3000000| Untracked 
|  33|0x00000000c3100000, 0x00000000c3100000, 0x00000000c3200000|  0%| F|  |TAMS 0x00000000c3100000| PB 0x00000000c3100000| Untracked 
|  34|0x00000000c3200000, 0x00000000c3200000, 0x00000000c3300000|  0%| F|  |TAMS 0x00000000c3200000| PB 0x00000000c3200000| Untracked 
|  35|0x00000000c3300000, 0x00000000c3300000, 0x00000000c3400000|  0%| F|  |TAMS 0x00000000c3300000| PB 0x00000000c3300000| Untracked 
|  36|0x00000000c3400000, 0x00000000c3400000, 0x00000000c3500000|  0%| F|  |TAMS 0x00000000c3400000| PB 0x00000000c3400000| Untracked 
|  37|0x00000000c3500000, 0x00000000c3500000, 0x00000000c3600000|  0%| F|  |TAMS 0x00000000c3500000| PB 0x00000000c3500000| Untracked 
|  38|0x00000000c3600000, 0x00000000c3600000, 0x00000000c3700000|  0%| F|  |TAMS 0x00000000c3600000| PB 0x00000000c3600000| Untracked 
|  39|0x00000000c3700000, 0x00000000c3700000, 0x00000000c3800000|  0%| F|  |TAMS 0x00000000c3700000| PB 0x00000000c3700000| Untracked 
|  40|0x00000000c3800000, 0x00000000c3800000, 0x00000000c3900000|  0%| F|  |TAMS 0x00000000c3800000| PB 0x00000000c3800000| Untracked 
|  41|0x00000000c3900000, 0x00000000c3900000, 0x00000000c3a00000|  0%| F|  |TAMS 0x00000000c3900000| PB 0x00000000c3900000| Untracked 
|  42|0x00000000c3a00000, 0x00000000c3a00000, 0x00000000c3b00000|  0%| F|  |TAMS 0x00000000c3a00000| PB 0x00000000c3a00000| Untracked 
|  43|0x00000000c3b00000, 0x00000000c3b00000, 0x00000000c3c00000|  0%| F|  |TAMS 0x00000000c3b00000| PB 0x00000000c3b00000| Untracked 
|  44|0x00000000c3c00000, 0x00000000c3c00000, 0x00000000c3d00000|  0%| F|  |TAMS 0x00000000c3c00000| PB 0x00000000c3c00000| Untracked 
|  45|0x00000000c3d00000, 0x00000000c3d00000, 0x00000000c3e00000|  0%| F|  |TAMS 0x00000000c3d00000| PB 0x00000000c3d00000| Untracked 
|  46|0x00000000c3e00000, 0x00000000c3ed3ef0, 0x00000000c3f00000| 82%| S|CS|TAMS 0x00000000c3e00000| PB 0x00000000c3e00000| Complete 
|  47|0x00000000c3f00000, 0x00000000c4000000, 0x00000000c4000000|100%| S|CS|TAMS 0x00000000c3f00000| PB 0x00000000c3f00000| Complete 
|  48|0x00000000c4000000, 0x00000000c4000000, 0x00000000c4100000|  0%| F|  |TAMS 0x00000000c4000000| PB 0x00000000c4000000| Untracked 
|  49|0x00000000c4100000, 0x00000000c4100000, 0x00000000c4200000|  0%| F|  |TAMS 0x00000000c4100000| PB 0x00000000c4100000| Untracked 
|  50|0x00000000c4200000, 0x00000000c4200000, 0x00000000c4300000|  0%| F|  |TAMS 0x00000000c4200000| PB 0x00000000c4200000| Untracked 
|  51|0x00000000c4300000, 0x00000000c4300000, 0x00000000c4400000|  0%| F|  |TAMS 0x00000000c4300000| PB 0x00000000c4300000| Untracked 
|  52|0x00000000c4400000, 0x00000000c4400000, 0x00000000c4500000|  0%| F|  |TAMS 0x00000000c4400000| PB 0x00000000c4400000| Untracked 
|  53|0x00000000c4500000, 0x00000000c4500000, 0x00000000c4600000|  0%| F|  |TAMS 0x00000000c4500000| PB 0x00000000c4500000| Untracked 
|  54|0x00000000c4600000, 0x00000000c4600000, 0x00000000c4700000|  0%| F|  |TAMS 0x00000000c4600000| PB 0x00000000c4600000| Untracked 
|  55|0x00000000c4700000, 0x00000000c4700000, 0x00000000c4800000|  0%| F|  |TAMS 0x00000000c4700000| PB 0x00000000c4700000| Untracked 
|  56|0x00000000c4800000, 0x00000000c4800000, 0x00000000c4900000|  0%| F|  |TAMS 0x00000000c4800000| PB 0x00000000c4800000| Untracked 
|  57|0x00000000c4900000, 0x00000000c4959a20, 0x00000000c4a00000| 35%| E|  |TAMS 0x00000000c4900000| PB 0x00000000c4900000| Complete 
|  58|0x00000000c4a00000, 0x00000000c4b00000, 0x00000000c4b00000|100%| E|CS|TAMS 0x00000000c4a00000| PB 0x00000000c4a00000| Complete 
|  59|0x00000000c4b00000, 0x00000000c4c00000, 0x00000000c4c00000|100%| E|CS|TAMS 0x00000000c4b00000| PB 0x00000000c4b00000| Complete 
|  60|0x00000000c4c00000, 0x00000000c4d00000, 0x00000000c4d00000|100%| E|CS|TAMS 0x00000000c4c00000| PB 0x00000000c4c00000| Complete 
|  61|0x00000000c4d00000, 0x00000000c4e00000, 0x00000000c4e00000|100%| E|CS|TAMS 0x00000000c4d00000| PB 0x00000000c4d00000| Complete 
|  62|0x00000000c4e00000, 0x00000000c4f00000, 0x00000000c4f00000|100%| E|CS|TAMS 0x00000000c4e00000| PB 0x00000000c4e00000| Complete 
|  63|0x00000000c4f00000, 0x00000000c5000000, 0x00000000c5000000|100%| E|CS|TAMS 0x00000000c4f00000| PB 0x00000000c4f00000| Complete 

Card table byte_map: [0x000002103e920000,0x000002103eb20000] _byte_map_base: 0x000002103e318000

Marking Bits: (CMBitMap*) 0x00000210272e0570
 Bits: [0x000002103eb20000, 0x000002103fae0000)

Polling page: 0x0000021026a80000

Metaspace:

Usage:
  Non-class:     10.83 MB used.
      Class:      1.50 MB used.
       Both:     12.33 MB used.

Virtual space:
  Non-class space:       64.00 MB reserved,      11.00 MB ( 17%) committed,  1 nodes.
      Class space:        1.00 GB reserved,       1.62 MB ( <1%) committed,  1 nodes.
             Both:        1.06 GB reserved,      12.62 MB (  1%) committed. 

Chunk freelists:
   Non-Class:  4.95 MB
       Class:  14.23 MB
        Both:  19.18 MB

MaxMetaspaceSize: unlimited
CompressedClassSpaceSize: 1.00 GB
Initial GC threshold: 21.00 MB
Current GC threshold: 21.00 MB
CDS: on
 - commit_granule_bytes: 65536.
 - commit_granule_words: 8192.
 - virtual_space_node_default_size: 8388608.
 - enlarge_chunks_in_place: 1.
 - use_allocation_guard: 0.


Internal statistics:

num_allocs_failed_limit: 0.
num_arena_births: 308.
num_arena_deaths: 0.
num_vsnodes_births: 2.
num_vsnodes_deaths: 0.
num_space_committed: 202.
num_space_uncommitted: 0.
num_chunks_returned_to_freelist: 0.
num_chunks_taken_from_freelist: 632.
num_chunk_merges: 0.
num_chunk_splits: 371.
num_chunks_enlarged: 222.
num_inconsistent_stats: 0.

CodeHeap 'non-profiled nmethods': size=120000Kb used=562Kb max_used=562Kb free=119437Kb
 bounds [0x00000210371f0000, 0x0000021037460000, 0x000002103e720000]
CodeHeap 'profiled nmethods': size=120000Kb used=3478Kb max_used=3478Kb free=116521Kb
 bounds [0x000002102f720000, 0x000002102fa90000, 0x0000021036c50000]
CodeHeap 'non-nmethods': size=5760Kb used=1459Kb max_used=1477Kb free=4300Kb
 bounds [0x0000021036c50000, 0x0000021036ec0000, 0x00000210371f0000]
 total_blobs=2350 nmethods=1804 adapters=451
 compilation: enabled
              stopped_count=0, restarted_count=0
 full_count=0

Compilation events (20 events):
Event: 11.346 Thread 0x000002108319d740 1798       3       org.openqa.selenium.json.StaticInitializerCoercer::lambda$getMethods$1 (8 bytes)
Event: 11.346 Thread 0x000002108319d740 nmethod 1798 0x000002102fa82090 code [0x000002102fa82240, 0x000002102fa82408]
Event: 11.356 Thread 0x000002108319d740 1799       3       sun.net.util.IPAddressUtil::parseAsciiDigit (63 bytes)
Event: 11.357 Thread 0x000002108319d740 nmethod 1799 0x000002102fa82510 code [0x000002102fa82720, 0x000002102fa82bf8]
Event: 11.357 Thread 0x000002108319d740 1800       3       java.util.ArrayList::clear (43 bytes)
Event: 11.357 Thread 0x000002108319d740 nmethod 1800 0x000002102fa82d90 code [0x000002102fa82f40, 0x000002102fa832b8]
Event: 11.357 Thread 0x000002108319d740 1801       3       java.util.ArrayList::toArray (12 bytes)
Event: 11.357 Thread 0x000002108319d740 nmethod 1801 0x000002102fa83410 code [0x000002102fa835c0, 0x000002102fa837a0]
Event: 11.357 Thread 0x000002108319d740 1802       3       java.util.TreeMap$PrivateEntryIterator::nextEntry (54 bytes)
Event: 11.358 Thread 0x000002108319d740 nmethod 1802 0x000002102fa83890 code [0x000002102fa83a80, 0x000002102fa83e60]
Event: 11.358 Thread 0x000002108319d740 1803       3       java.util.concurrent.atomic.AtomicLong::incrementAndGet (14 bytes)
Event: 11.358 Thread 0x000002108319d740 nmethod 1803 0x000002102fa84010 code [0x000002102fa841a0, 0x000002102fa842c8]
Event: 11.364 Thread 0x000002108319d740 1804       3       java.nio.MappedByteBuffer::limit (6 bytes)
Event: 11.364 Thread 0x000002108319d740 nmethod 1804 0x000002102fa84390 code [0x000002102fa84540, 0x000002102fa84750]
Event: 11.365 Thread 0x000002108319d740 1806       3       java.lang.invoke.Invokers$Holder::linkToTargetMethod (10 bytes)
Event: 11.365 Thread 0x000002108319d740 nmethod 1806 0x000002102fa84890 code [0x000002102fa84a60, 0x000002102fa84e80]
Event: 11.372 Thread 0x000002108319d740 1807       3       java.util.ImmutableCollections$AbstractImmutableList::<init> (5 bytes)
Event: 11.372 Thread 0x000002108319d740 nmethod 1807 0x000002102fa84f90 code [0x000002102fa85140, 0x000002102fa85368]
Event: 11.372 Thread 0x000002108319d740 1808       3       java.util.concurrent.CompletableFuture::<init> (5 bytes)
Event: 11.372 Thread 0x000002108319d740 nmethod 1808 0x000002102fa85490 code [0x000002102fa85640, 0x000002102fa857a8]

GC Heap History (4 events):
Event: 2.639 GC heap before
{Heap before GC invocations=0 (full 0):
 garbage-first heap   total 65536K, used 13312K [0x00000000c1000000, 0x0000000100000000)
  region size 1024K, 13 young (13312K), 0 survivors (0K)
 Metaspace       used 5910K, committed 6144K, reserved 1114112K
  class space    used 674K, committed 768K, reserved 1048576K
}
Event: 2.649 GC heap after
{Heap after GC invocations=1 (full 0):
 garbage-first heap   total 65536K, used 4224K [0x00000000c1000000, 0x0000000100000000)
  region size 1024K, 2 young (2048K), 2 survivors (2048K)
 Metaspace       used 5910K, committed 6144K, reserved 1114112K
  class space    used 674K, committed 768K, reserved 1048576K
}
Event: 3.503 GC heap before
{Heap before GC invocations=1 (full 0):
 garbage-first heap   total 65536K, used 17536K [0x00000000c1000000, 0x0000000100000000)
  region size 1024K, 16 young (16384K), 2 survivors (2048K)
 Metaspace       used 10730K, committed 11072K, reserved 1114112K
  class space    used 1260K, committed 1408K, reserved 1048576K
}
Event: 3.511 GC heap after
{Heap after GC invocations=2 (full 0):
 garbage-first heap   total 65536K, used 6001K [0x00000000c1000000, 0x0000000100000000)
  region size 1024K, 2 young (2048K), 2 survivors (2048K)
 Metaspace       used 10730K, committed 11072K, reserved 1114112K
  class space    used 1260K, committed 1408K, reserved 1048576K
}

Dll operation events (8 events):
Event: 0.023 Loaded shared library C:\Program Files\Java\jdk-21\bin\java.dll
Event: 0.159 Loaded shared library C:\Program Files\Java\jdk-21\bin\jsvml.dll
Event: 0.376 Loaded shared library C:\Program Files\Java\jdk-21\bin\net.dll
Event: 0.379 Loaded shared library C:\Program Files\Java\jdk-21\bin\nio.dll
Event: 0.386 Loaded shared library C:\Program Files\Java\jdk-21\bin\zip.dll
Event: 0.539 Loaded shared library C:\Program Files\Java\jdk-21\bin\jimage.dll
Event: 0.660 Loaded shared library C:\Program Files\Java\jdk-21\bin\extnet.dll
Event: 2.958 Loaded shared library C:\Program Files\Java\jdk-21\bin\sunmscapi.dll

Deoptimization events (20 events):
Event: 3.127 Thread 0x00000210250fe3f0 Uncommon trap: trap_request=0xffffffde fr.pc=0x0000021037211e64 relative=0x0000000000000304
Event: 3.127 Thread 0x00000210250fe3f0 Uncommon trap: reason=class_check action=maybe_recompile pc=0x0000021037211e64 method=java.util.regex.Pattern$BmpCharPropertyGreedy.match(Ljava/util/regex/Matcher;ILjava/lang/CharSequence;)Z @ 26 c2
Event: 3.127 Thread 0x00000210250fe3f0 DEOPT PACKING pc=0x0000021037211e64 sp=0x00000085791fdfc0
Event: 3.127 Thread 0x00000210250fe3f0 DEOPT UNPACKING pc=0x0000021036ca46a2 sp=0x00000085791fdf78 mode 2
Event: 3.334 Thread 0x00000210250fe3f0 Uncommon trap: trap_request=0xffffffde fr.pc=0x000002103725fff4 relative=0x0000000000000414
Event: 3.334 Thread 0x00000210250fe3f0 Uncommon trap: reason=class_check action=maybe_recompile pc=0x000002103725fff4 method=java.lang.String.<init>(Ljava/lang/AbstractStringBuilder;Ljava/lang/Void;)V @ 10 c2
Event: 3.334 Thread 0x00000210250fe3f0 DEOPT PACKING pc=0x000002103725fff4 sp=0x00000085791feb10
Event: 3.334 Thread 0x00000210250fe3f0 DEOPT UNPACKING pc=0x0000021036ca46a2 sp=0x00000085791fead8 mode 2
Event: 11.141 Thread 0x00000210250fe3f0 Uncommon trap: trap_request=0xffffff45 fr.pc=0x000002103723d244 relative=0x0000000000000e44
Event: 11.141 Thread 0x00000210250fe3f0 Uncommon trap: reason=unstable_if action=reinterpret pc=0x000002103723d244 method=java.util.concurrent.ConcurrentHashMap.putVal(Ljava/lang/Object;Ljava/lang/Object;Z)Ljava/lang/Object; @ 231 c2
Event: 11.141 Thread 0x00000210250fe3f0 DEOPT PACKING pc=0x000002103723d244 sp=0x00000085791fec70
Event: 11.141 Thread 0x00000210250fe3f0 DEOPT UNPACKING pc=0x0000021036ca46a2 sp=0x00000085791febd0 mode 2
Event: 11.318 Thread 0x00000210250fe3f0 Uncommon trap: trap_request=0xffffffde fr.pc=0x000002103725fff4 relative=0x0000000000000414
Event: 11.318 Thread 0x00000210250fe3f0 Uncommon trap: reason=class_check action=maybe_recompile pc=0x000002103725fff4 method=java.lang.String.<init>(Ljava/lang/AbstractStringBuilder;Ljava/lang/Void;)V @ 10 c2
Event: 11.318 Thread 0x00000210250fe3f0 DEOPT PACKING pc=0x000002103725fff4 sp=0x00000085791fee20
Event: 11.318 Thread 0x00000210250fe3f0 DEOPT UNPACKING pc=0x0000021036ca46a2 sp=0x00000085791fede8 mode 2
Event: 11.355 Thread 0x00000210250fe3f0 Uncommon trap: trap_request=0xffffffde fr.pc=0x000002103725fff4 relative=0x0000000000000414
Event: 11.355 Thread 0x00000210250fe3f0 Uncommon trap: reason=class_check action=maybe_recompile pc=0x000002103725fff4 method=java.lang.String.<init>(Ljava/lang/AbstractStringBuilder;Ljava/lang/Void;)V @ 10 c2
Event: 11.355 Thread 0x00000210250fe3f0 DEOPT PACKING pc=0x000002103725fff4 sp=0x00000085791feef0
Event: 11.355 Thread 0x00000210250fe3f0 DEOPT UNPACKING pc=0x0000021036ca46a2 sp=0x00000085791feeb8 mode 2

Classes loaded (20 events):
Event: 10.707 Loading class java/lang/invoke/VarHandleBytes$FieldInstanceReadOnly done
Event: 10.707 Loading class java/lang/invoke/VarHandleBytes$FieldInstanceReadWrite done
Event: 10.854 Loading class java/util/DualPivotQuicksort
Event: 10.855 Loading class java/util/DualPivotQuicksort done
Event: 11.246 Loading class java/nio/file/FileVisitor
Event: 11.247 Loading class java/nio/file/FileVisitor done
Event: 11.298 Loading class java/util/concurrent/CompletionException
Event: 11.298 Loading class java/util/concurrent/CompletionException done
Event: 11.306 Loading class java/util/stream/Streams$ConcatSpliterator$OfRef
Event: 11.307 Loading class java/util/stream/Streams$ConcatSpliterator
Event: 11.307 Loading class java/util/stream/Streams$ConcatSpliterator done
Event: 11.307 Loading class java/util/stream/Streams$ConcatSpliterator$OfRef done
Event: 11.307 Loading class java/util/stream/Streams$2
Event: 11.309 Loading class java/util/stream/Streams$2 done
Event: 11.328 Loading class java/util/LinkedList$DescendingIterator
Event: 11.329 Loading class java/util/LinkedList$DescendingIterator done
Event: 11.341 Loading class java/lang/ArrayIndexOutOfBoundsException
Event: 11.341 Loading class java/lang/ArrayIndexOutOfBoundsException done
Event: 11.343 Loading class java/util/ServiceConfigurationError
Event: 11.343 Loading class java/util/ServiceConfigurationError done

Classes unloaded (0 events):
No events

Classes redefined (0 events):
No events

Internal exceptions (20 events):
Event: 3.241 Thread 0x0000021083d21180 Exception <a 'java/net/ConnectException'{0x00000000c47e46b8}: Connection refused: getsockopt> (0x00000000c47e46b8) 
thrown [s\open\src\hotspot\share\prims\jni.cpp, line 539]
Event: 3.242 Thread 0x0000021083d21180 Exception <a 'java/net/ConnectException'{0x00000000c47e4f10}: Connection refused: getsockopt> (0x00000000c47e4f10) 
thrown [s\open\src\hotspot\share\prims\jni.cpp, line 539]
Event: 3.244 Thread 0x0000021083d21180 Exception <a 'java/net/ConnectException'{0x00000000c47e5768}: Connection refused: getsockopt> (0x00000000c47e5768) 
thrown [s\open\src\hotspot\share\prims\jni.cpp, line 539]
Event: 3.245 Thread 0x0000021083d21180 Exception <a 'java/net/ConnectException'{0x00000000c47e5fc0}: Connection refused: getsockopt> (0x00000000c47e5fc0) 
thrown [s\open\src\hotspot\share\prims\jni.cpp, line 539]
Event: 3.246 Thread 0x0000021083d21180 Exception <a 'java/net/ConnectException'{0x00000000c47e70d8}: Connection refused: getsockopt> (0x00000000c47e70d8) 
thrown [s\open\src\hotspot\share\prims\jni.cpp, line 539]
Event: 3.248 Thread 0x0000021083d21180 Exception <a 'java/net/ConnectException'{0x00000000c47e7930}: Connection refused: getsockopt> (0x00000000c47e7930) 
thrown [s\open\src\hotspot\share\prims\jni.cpp, line 539]
Event: 3.249 Thread 0x0000021083d21180 Exception <a 'java/net/ConnectException'{0x00000000c47e8188}: Connection refused: getsockopt> (0x00000000c47e8188) 
thrown [s\open\src\hotspot\share\prims\jni.cpp, line 539]
Event: 3.250 Thread 0x0000021083d21180 Exception <a 'java/net/ConnectException'{0x00000000c47e89e0}: Connection refused: getsockopt> (0x00000000c47e89e0) 
thrown [s\open\src\hotspot\share\prims\jni.cpp, line 539]
Event: 3.251 Thread 0x0000021083d21180 Exception <a 'java/net/ConnectException'{0x00000000c47e9238}: Connection refused: getsockopt> (0x00000000c47e9238) 
thrown [s\open\src\hotspot\share\prims\jni.cpp, line 539]
Event: 3.321 Thread 0x00000210250fe3f0 Exception <a 'java/lang/NoSuchMethodError'{0x00000000c46eb288}: 'java.lang.Object java.lang.invoke.DirectMethodHandle$Holder.newInvokeSpecial(java.lang.Object, java.lang.Object, int, int)'> (0x00000000c46eb288) 
thrown [s\open\src\hotspot\share\interpreter\linkResolver.cpp, line 773]
Event: 3.323 Thread 0x00000210250fe3f0 Exception <a 'java/lang/NoSuchMethodError'{0x00000000c46f55e8}: 'void java.lang.invoke.DirectMethodHandle$Holder.invokeStatic(java.lang.Object, java.lang.Object, int)'> (0x00000000c46f55e8) 
thrown [s\open\src\hotspot\share\interpreter\linkResolver.cpp, line 773]
Event: 3.359 Thread 0x00000210250fe3f0 Exception <a 'java/lang/NoSuchMethodError'{0x00000000c45fce10}: 'java.lang.Object java.lang.invoke.DirectMethodHandle$Holder.newInvokeSpecial(java.lang.Object, java.lang.Object, java.lang.Object, java.lang.Object, java.lang.Object)'> (0x00000000c45fce10) 
thrown [s\open\src\hotspot\share\interpreter\linkResolver.cpp, line 773]
Event: 3.453 Thread 0x00000210250fe3f0 Exception <a 'java/lang/NoSuchMethodError'{0x00000000c406d310}: 'void java.lang.invoke.DirectMethodHandle$Holder.invokeSpecial(java.lang.Object, java.lang.Object, java.lang.Object)'> (0x00000000c406d310) 
thrown [s\open\src\hotspot\share\interpreter\linkResolver.cpp, line 773]
Event: 3.519 Thread 0x0000021083d8ede0 Exception <a 'java/lang/NoSuchMethodError'{0x00000000c4f51600}: 'java.lang.Object java.lang.invoke.DirectMethodHandle$Holder.invokeSpecial(java.lang.Object, java.lang.Object, java.lang.Object, java.lang.Object, int)'> (0x00000000c4f51600) 
thrown [s\open\src\hotspot\share\interpreter\linkResolver.cpp, line 773]
Event: 3.520 Thread 0x0000021083d8ede0 Exception <a 'java/lang/NoSuchMethodError'{0x00000000c4f55188}: 'java.lang.Object java.lang.invoke.Invokers$Holder.linkToTargetMethod(java.lang.Object, java.lang.Object, int, java.lang.Object)'> (0x00000000c4f55188) 
thrown [s\open\src\hotspot\share\interpreter\linkResolver.cpp, line 773]
Event: 3.556 Thread 0x0000021083d8ede0 Exception <a 'java/lang/NoSuchMethodError'{0x00000000c4f95e10}: 'void java.lang.invoke.DirectMethodHandle$Holder.invokeSpecial(java.lang.Object, java.lang.Object, java.lang.Object, java.lang.Object, java.lang.Object)'> (0x00000000c4f95e10) 
thrown [s\open\src\hotspot\share\interpreter\linkResolver.cpp, line 773]
Event: 10.719 Thread 0x0000021083deadd0 Exception <a 'java/lang/NoSuchMethodError'{0x00000000c4ed0340}: 'void java.lang.invoke.DirectMethodHandle$Holder.invokeSpecial(java.lang.Object, java.lang.Object, java.lang.Object, java.lang.Object, java.lang.Object, java.lang.Object, java.lang.Object)'> (0x00000000c4ed0340) 
thrown [s\open\src\hotspot\share\interpreter\linkResolver.cpp, line 773]
Event: 11.058 Thread 0x00000210250fe3f0 Exception <a 'java/lang/NoSuchMethodError'{0x00000000c4c9c9a8}: 'java.lang.Object java.lang.invoke.DirectMethodHandle$Holder.invokeSpecialIFC(java.lang.Object, java.lang.Object, java.lang.Object)'> (0x00000000c4c9c9a8) 
thrown [s\open\src\hotspot\share\interpreter\linkResolver.cpp, line 773]
Event: 11.300 Thread 0x00000210250fe3f0 Exception <a 'java/lang/NoSuchMethodError'{0x00000000c4a16480}: 'void java.lang.invoke.DirectMethodHandle$Holder.invokeInterface(java.lang.Object, java.lang.Object)'> (0x00000000c4a16480) 
thrown [s\open\src\hotspot\share\interpreter\linkResolver.cpp, line 773]
Event: 11.300 Thread 0x00000210250fe3f0 Exception <a 'java/lang/IncompatibleClassChangeError'{0x00000000c4a19480}: Found class java.lang.Object, but interface was expected> (0x00000000c4a19480) 
thrown [s\open\src\hotspot\share\interpreter\linkResolver.cpp, line 840]

ZGC Phase Switch (0 events):
No events

VM Operations (20 events):
Event: 2.347 Executing VM operation: HandshakeAllThreads (Deoptimize)
Event: 2.347 Executing VM operation: HandshakeAllThreads (Deoptimize) done
Event: 2.639 Executing VM operation: G1CollectForAllocation (G1 Evacuation Pause)
Event: 2.649 Executing VM operation: G1CollectForAllocation (G1 Evacuation Pause) done
Event: 2.659 Executing VM operation: HandshakeAllThreads (Deoptimize)
Event: 2.659 Executing VM operation: HandshakeAllThreads (Deoptimize) done
Event: 3.266 Executing VM operation: HandshakeAllThreads (Deoptimize)
Event: 3.266 Executing VM operation: HandshakeAllThreads (Deoptimize) done
Event: 3.337 Executing VM operation: HandshakeAllThreads (Deoptimize)
Event: 3.337 Executing VM operation: HandshakeAllThreads (Deoptimize) done
Event: 3.503 Executing VM operation: G1CollectForAllocation (G1 Evacuation Pause)
Event: 3.511 Executing VM operation: G1CollectForAllocation (G1 Evacuation Pause) done
Event: 4.518 Executing VM operation: Cleanup
Event: 4.518 Executing VM operation: Cleanup done
Event: 10.683 Executing VM operation: HandshakeAllThreads (Deoptimize)
Event: 10.683 Executing VM operation: HandshakeAllThreads (Deoptimize) done
Event: 10.683 Executing VM operation: Cleanup
Event: 10.684 Executing VM operation: Cleanup done
Event: 10.687 Executing VM operation: HandshakeAllThreads (Deoptimize)
Event: 10.687 Executing VM operation: HandshakeAllThreads (Deoptimize) done

Events (20 events):
Event: 0.191 Thread 0x000002108319d740 Thread added: 0x000002108319d740
Event: 0.355 Thread 0x0000021083277ef0 Thread added: 0x0000021083277ef0
Event: 0.362 Thread 0x0000021083289350 Thread added: 0x0000021083289350
Event: 0.853 Thread 0x0000021083a1bd20 Thread added: 0x0000021083a1bd20
Event: 2.108 Thread 0x0000021083a1bd20 Thread exited: 0x0000021083a1bd20
Event: 2.257 Thread 0x00000210838ee920 Thread added: 0x00000210838ee920
Event: 3.037 Thread 0x0000021083ca6500 Thread added: 0x0000021083ca6500
Event: 3.154 Thread 0x0000021083cf2630 Thread added: 0x0000021083cf2630
Event: 3.157 Thread 0x0000021083d21180 Thread added: 0x0000021083d21180
Event: 3.157 Thread 0x0000021083d2e020 Thread added: 0x0000021083d2e020
Event: 3.488 Thread 0x0000021083d8ede0 Thread added: 0x0000021083d8ede0
Event: 3.571 Thread 0x0000021083deadd0 Thread added: 0x0000021083deadd0
Event: 3.575 Thread 0x00000210883455f0 Thread added: 0x00000210883455f0
Event: 11.260 Thread 0x0000021088346310 Thread added: 0x0000021088346310
Event: 11.261 Thread 0x0000021088345c80 Thread added: 0x0000021088345c80
Event: 11.278 Thread 0x00000210883448d0 Thread added: 0x00000210883448d0
Event: 11.285 Thread 0x00000210883469a0 Thread added: 0x00000210883469a0
Event: 11.301 Thread 0x00000210883448d0 Thread exited: 0x00000210883448d0
Event: 11.301 Thread 0x0000021088345c80 Thread exited: 0x0000021088345c80
Event: 11.302 Thread 0x00000210883469a0 Thread exited: 0x00000210883469a0


Dynamic libraries:
0x00007ff7eea60000 - 0x00007ff7eea70000 	C:\Program Files\Java\jdk-21\bin\javaw.exe
0x00007ffcd29d0000 - 0x00007ffcd2bc8000 	C:\WINDOWS\SYSTEM32\ntdll.dll
0x00007ffcd10a0000 - 0x00007ffcd115d000 	C:\WINDOWS\System32\KERNEL32.DLL
0x00007ffcd03d0000 - 0x00007ffcd06c6000 	C:\WINDOWS\System32\KERNELBASE.dll
0x00007ffcd07f0000 - 0x00007ffcd08f0000 	C:\WINDOWS\System32\ucrtbase.dll
0x00007ffccbb20000 - 0x00007ffccbb39000 	C:\Program Files\Java\jdk-21\bin\jli.dll
0x00007ffcd1680000 - 0x00007ffcd172f000 	C:\WINDOWS\System32\ADVAPI32.dll
0x00007ffccbb80000 - 0x00007ffccbb9b000 	C:\Program Files\Java\jdk-21\bin\VCRUNTIME140.dll
0x00007ffcd21a0000 - 0x00007ffcd223e000 	C:\WINDOWS\System32\msvcrt.dll
0x00007ffcd0a30000 - 0x00007ffcd0acc000 	C:\WINDOWS\System32\sechost.dll
0x00007ffcd1550000 - 0x00007ffcd1676000 	C:\WINDOWS\System32\RPCRT4.dll
0x00007ffcd0de0000 - 0x00007ffcd0f7e000 	C:\WINDOWS\System32\USER32.dll
0x00007ffcd06d0000 - 0x00007ffcd06f2000 	C:\WINDOWS\System32\win32u.dll
0x00007ffcd1010000 - 0x00007ffcd103c000 	C:\WINDOWS\System32\GDI32.dll
0x00007ffcd0120000 - 0x00007ffcd023a000 	C:\WINDOWS\System32\gdi32full.dll
0x00007ffcd0700000 - 0x00007ffcd079d000 	C:\WINDOWS\System32\msvcp_win.dll
0x00007ffcc3540000 - 0x00007ffcc37da000 	C:\WINDOWS\WinSxS\amd64_microsoft.windows.common-controls_6595b64144ccf1df_6.0.19041.3636_none_60b6a03d71f818d5\COMCTL32.dll
0x00007ffcc5c90000 - 0x00007ffcc5c9a000 	C:\WINDOWS\SYSTEM32\VERSION.dll
0x00007ffcd0f80000 - 0x00007ffcd0fb0000 	C:\WINDOWS\System32\IMM32.DLL
0x00007ffccbb70000 - 0x00007ffccbb7c000 	C:\Program Files\Java\jdk-21\bin\vcruntime140_1.dll
0x00007ffcc8a00000 - 0x00007ffcc8a8e000 	C:\Program Files\Java\jdk-21\bin\msvcp140.dll
0x00007ffca0040000 - 0x00007ffca0d57000 	C:\Program Files\Java\jdk-21\bin\server\jvm.dll
0x00007ffcd0ad0000 - 0x00007ffcd0b3b000 	C:\WINDOWS\System32\WS2_32.dll
0x00007ffccf660000 - 0x00007ffccf6ab000 	C:\WINDOWS\SYSTEM32\POWRPROF.dll
0x00007ffcc5a40000 - 0x00007ffcc5a67000 	C:\WINDOWS\SYSTEM32\WINMM.dll
0x00007ffccf510000 - 0x00007ffccf522000 	C:\WINDOWS\SYSTEM32\UMPDC.dll
0x00007ffccdf70000 - 0x00007ffccdf82000 	C:\WINDOWS\SYSTEM32\kernel.appcore.dll
0x00007ffccbae0000 - 0x00007ffccbaea000 	C:\Program Files\Java\jdk-21\bin\jimage.dll
0x00007ffcbfdd0000 - 0x00007ffcbffb4000 	C:\WINDOWS\SYSTEM32\DBGHELP.DLL
0x00007ffcc00e0000 - 0x00007ffcc0114000 	C:\WINDOWS\SYSTEM32\dbgcore.DLL
0x00007ffcd09a0000 - 0x00007ffcd0a22000 	C:\WINDOWS\System32\bcryptPrimitives.dll
0x00007ffccb140000 - 0x00007ffccb15f000 	C:\Program Files\Java\jdk-21\bin\java.dll
0x00007ffcd2240000 - 0x00007ffcd2985000 	C:\WINDOWS\System32\SHELL32.dll
0x00007ffcce170000 - 0x00007ffcce90b000 	C:\WINDOWS\SYSTEM32\windows.storage.dll
0x00007ffcd1190000 - 0x00007ffcd14e4000 	C:\WINDOWS\System32\combase.dll
0x00007ffccfaf0000 - 0x00007ffccfb1d000 	C:\WINDOWS\SYSTEM32\Wldp.dll
0x00007ffcd0c50000 - 0x00007ffcd0cfd000 	C:\WINDOWS\System32\SHCORE.dll
0x00007ffcd1040000 - 0x00007ffcd1095000 	C:\WINDOWS\System32\shlwapi.dll
0x00007ffccffe0000 - 0x00007ffcd0005000 	C:\WINDOWS\SYSTEM32\profapi.dll
0x00007ffcba8a0000 - 0x00007ffcba977000 	C:\Program Files\Java\jdk-21\bin\jsvml.dll
0x00007ffccb640000 - 0x00007ffccb650000 	C:\Program Files\Java\jdk-21\bin\net.dll
0x00007ffcc9b30000 - 0x00007ffcc9c3a000 	C:\WINDOWS\SYSTEM32\WINHTTP.dll
0x00007ffccf850000 - 0x00007ffccf8ba000 	C:\WINDOWS\system32\mswsock.dll
0x00007ffccade0000 - 0x00007ffccadf6000 	C:\Program Files\Java\jdk-21\bin\nio.dll
0x00007ffccac00000 - 0x00007ffccac18000 	C:\Program Files\Java\jdk-21\bin\zip.dll
0x00007ffccbd70000 - 0x00007ffccbd79000 	C:\Program Files\Java\jdk-21\bin\extnet.dll
0x00007ffccf530000 - 0x00007ffccf5fa000 	C:\WINDOWS\SYSTEM32\DNSAPI.dll
0x00007ffccf4d0000 - 0x00007ffccf50b000 	C:\WINDOWS\SYSTEM32\IPHLPAPI.DLL
0x00007ffcd1160000 - 0x00007ffcd1168000 	C:\WINDOWS\System32\NSI.dll
0x00007ffcc3910000 - 0x00007ffcc391a000 	C:\Windows\System32\rasadhlp.dll
0x00007ffcc4440000 - 0x00007ffcc44c0000 	C:\WINDOWS\System32\fwpuclnt.dll
0x00007ffcd03a0000 - 0x00007ffcd03c7000 	C:\WINDOWS\System32\bcrypt.dll
0x00007ffccfa40000 - 0x00007ffccfa58000 	C:\WINDOWS\SYSTEM32\CRYPTSP.dll
0x00007ffccf0b0000 - 0x00007ffccf0e4000 	C:\WINDOWS\system32\rsaenh.dll
0x00007ffccff60000 - 0x00007ffccff8e000 	C:\WINDOWS\SYSTEM32\USERENV.dll
0x00007ffccfa60000 - 0x00007ffccfa6c000 	C:\WINDOWS\SYSTEM32\CRYPTBASE.dll
0x00007ffccad90000 - 0x00007ffccad9e000 	C:\Program Files\Java\jdk-21\bin\sunmscapi.dll
0x00007ffcd0240000 - 0x00007ffcd039d000 	C:\WINDOWS\System32\CRYPT32.dll
0x00007ffccfb60000 - 0x00007ffccfb87000 	C:\WINDOWS\SYSTEM32\ncrypt.dll
0x00007ffccfb20000 - 0x00007ffccfb5b000 	C:\WINDOWS\SYSTEM32\NTASN1.dll
0x00007ffccabf0000 - 0x00007ffccabf7000 	C:\WINDOWS\system32\wshunix.dll

dbghelp: loaded successfully - version: 4.0.5 - missing functions: none
symbol engine: initialized successfully - sym options: 0x614 - pdb path: .;C:\Program Files\Java\jdk-21\bin;C:\WINDOWS\SYSTEM32;C:\WINDOWS\WinSxS\amd64_microsoft.windows.common-controls_6595b64144ccf1df_6.0.19041.3636_none_60b6a03d71f818d5;C:\Program Files\Java\jdk-21\bin\server

VM Arguments:
jvm_args: -Dfile.encoding=UTF-8 -Dstdout.encoding=UTF-8 -Dstderr.encoding=UTF-8 -XX:+ShowCodeDetailsInExceptionMessages 
java_command: selenium_maven.selenium_id1.javascriptexecutor1
java_class_path (initial): C:\Users\Akshay\eclipse-workspace\selenium-id1\target\test-classes;C:\Users\Akshay\eclipse-workspace\selenium-id1\target\classes;C:\Users\Akshay\.m2\repository\org\seleniumhq\selenium\selenium-java\4.15.0\selenium-java-4.15.0.jar;C:\Users\Akshay\.m2\repository\org\seleniumhq\selenium\selenium-api\4.15.0\selenium-api-4.15.0.jar;C:\Users\Akshay\.m2\repository\org\seleniumhq\selenium\selenium-chrome-driver\4.15.0\selenium-chrome-driver-4.15.0.jar;C:\Users\Akshay\.m2\repository\com\google\auto\service\auto-service-annotations\1.1.1\auto-service-annotations-1.1.1.jar;C:\Users\Akshay\.m2\repository\org\seleniumhq\selenium\selenium-chromium-driver\4.15.0\selenium-chromium-driver-4.15.0.jar;C:\Users\Akshay\.m2\repository\org\seleniumhq\selenium\selenium-json\4.15.0\selenium-json-4.15.0.jar;C:\Users\Akshay\.m2\repository\org\seleniumhq\selenium\selenium-manager\4.15.0\selenium-manager-4.15.0.jar;C:\Users\Akshay\.m2\repository\org\seleniumhq\selenium\selenium-devtools-v117\4.15.0\selenium-devtools-v117-4.15.0.jar;C:\Users\Akshay\.m2\repository\org\seleniumhq\selenium\selenium-devtools-v118\4.15.0\selenium-devtools-v118-4.15.0.jar;C:\Users\Akshay\.m2\repository\org\seleniumhq\selenium\selenium-devtools-v119\4.15.0\selenium-devtools-v119-4.15.0.jar;C:\Users\Akshay\.m2\repository\org\seleniumhq\selenium\selenium-devtools-v85\4.15.0\selenium-devtools-v85-4.15.0.jar;C:\Users\Akshay\.m2\repository\org\seleniumhq\selenium\selenium-edge-driver\4.15.0\selenium-edge-driver-4.15.0.jar;C:\Users\Akshay\.m2\repository\org\seleniumhq\selenium\selenium-firefox-driver\4.15.0\selenium-firefox-driver-4.15.0.jar;C:\Users\Akshay\.m2\repository\org\seleniumhq\selenium\selenium-http\4.15.0\selenium-http-4.15.0.jar;C:\Users\Akshay\.m2\repository\dev\failsafe\failsafe\3.3.2\failsafe-3.3.2.jar;C:\Users\Akshay\.m2\repository\org\seleniumhq\selenium\selenium-ie-driver\4.15.0\selenium-ie-driver-4.15.0.jar;C:\Users\Akshay\.m2\repository\org\seleniumhq\selenium\selenium-remote-driver\4.15.0\selenium-remote-driver-4.15.0.jar;C:\Users\Akshay\.m2\repository\com\google\guava\guava\32.1.2-jre\guava-32.1.2-jre.jar;C:\Users\Akshay\.m2\repository\com\google\guava\failureaccess\1.0.1\failureaccess-1.0.1.jar;C:\Users\Akshay\.m2\repository\com\google\guava\listenablefuture\9999.0-empty-to-avoid-conflict-with-guava\listenablefuture-9999.0-empty-to-avoid-conflict-with-guava.jar;C:\Users\Akshay\.m2\repository\com\google\code\findbugs\jsr305\3.0.2\jsr305-3.0.2.jar;C:\Users\Akshay\.m2\repository\org\checkerframework\checker-qual\3.33.0\checker-qual-3.33.0.jar;C:\Users\Akshay\.m2\repository\com\google\errorprone\error_prone_annotations\2.18.0\error_prone_annotations-2.18.0.jar;C:\Users\Akshay\.m2\repository\com\google\j2objc\j2objc-annotations\2.8\j2objc-annotations-2.8.jar;C:\Users\Akshay\.m2\repository\io\opentelemetry\opentelemetry-api\1.28.0\opentelemetry-api-1.28.0.jar;C:\Users\Akshay\.m2\repository\io\opentelemetry\opentelemetry-context\1.28.0\opentelemetry-context-1.28.0.jar;C:\Users\Akshay\.m2\repository\io\opentelemetry\opentelemetry-exporter-logging\1.28.0\opentelemetry-exporter-logging-1.28.0.jar;C:\Users\Akshay\.m2\repository\io\opentelemetry\opentelemetry-sdk-metrics\1.28.0\opentelemetry-sdk-metrics-1.28.0.jar;C:\Users\Akshay\.m2\repository\io\opentelemetry\opentelemetry-extension-incubator\1.28.0-alpha\opentelemetry-extension-incubator-1.28.0-alpha.jar;C:\Users\Akshay\.m2\repository\io\opentelemetry\opentelemetry-sdk-logs\1.28.0\opentelemetry-sdk-logs-1.28.0.jar;C:\Users\Akshay\.m2\repository\io\opentelemetry\opentelemetry-sdk-common\1.28.0\opentelemetry-sdk-common-1.28.0.jar;C:\Users\Akshay\.m2\repository\io\opentelemetry\opentelemetry-sdk-extension-autoconfigure-spi\1.28.0\opentelemetry-sdk-extension-autoconfigure-spi-1.28.0.jar;C:\Users\Akshay\.m2\repository\io\opentelemetry\opentelemetry-sdk-extension-autoconfigure\1.28.0\opentelemetry-sdk-extension-autoconfigure-1.28.0.jar;C:\Users\Akshay\.m2\repository\io\opentelemetry\opentelemetry-api-events\1.28.0-alpha\opentelemetry-api-events-1.28.0-alpha.jar;C:\Users\Akshay\.m2\repository\io\opentelemetry\opentelemetry-sdk-trace\1.28.0\opentelemetry-sdk-trace-1.28.0.jar;C:\Users\Akshay\.m2\repository\io\opentelemetry\opentelemetry-sdk\1.28.0\opentelemetry-sdk-1.28.0.jar;C:\Users\Akshay\.m2\repository\io\opentelemetry\opentelemetry-semconv\1.28.0-alpha\opentelemetry-semconv-1.28.0-alpha.jar;C:\Users\Akshay\.m2\repository\net\bytebuddy\byte-buddy\1.14.5\byte-buddy-1.14.5.jar;C:\Users\Akshay\.m2\repository\org\seleniumhq\selenium\selenium-os\4.15.0\selenium-os-4.15.0.jar;C:\Users\Akshay\.m2\repository\org\apache\commons\commons-exec\1.3\commons-exec-1.3.jar;C:\Users\Akshay\.m2\repository\org\seleniumhq\selenium\selenium-safari-driver\4.15.0\selenium-safari-driver-4.15.0.jar;C:\Users\Akshay\.m2\repository\org\seleniumhq\selenium\selenium-support\4.15.0\selenium-support-4.15.0.jar;C:\Users\Akshay\.m2\repository\junit\junit\4.11\junit-4.11.jar;C:\Users\Akshay\.m2\repository\org\hamcrest\hamcrest-core\1.3\hamcrest-core-1.3.jar
Launcher Type: SUN_STANDARD

[Global flags]
     intx CICompilerCount                          = 3                                         {product} {ergonomic}
     uint ConcGCThreads                            = 1                                         {product} {ergonomic}
     uint G1ConcRefinementThreads                  = 4                                         {product} {ergonomic}
   size_t G1HeapRegionSize                         = 1048576                                   {product} {ergonomic}
    uintx GCDrainStackTargetSize                   = 64                                        {product} {ergonomic}
   size_t InitialHeapSize                          = 67108864                                  {product} {ergonomic}
   size_t MarkStackSize                            = 4194304                                   {product} {ergonomic}
   size_t MaxHeapSize                              = 1056964608                                {product} {ergonomic}
   size_t MaxNewSize                               = 633339904                                 {product} {ergonomic}
   size_t MinHeapDeltaBytes                        = 1048576                                   {product} {ergonomic}
   size_t MinHeapSize                              = 8388608                                   {product} {ergonomic}
    uintx NonNMethodCodeHeapSize                   = 5832780                                {pd product} {ergonomic}
    uintx NonProfiledCodeHeapSize                  = 122912730                              {pd product} {ergonomic}
    uintx ProfiledCodeHeapSize                     = 122912730                              {pd product} {ergonomic}
    uintx ReservedCodeCacheSize                    = 251658240                              {pd product} {ergonomic}
     bool SegmentedCodeCache                       = true                                      {product} {ergonomic}
     bool ShowCodeDetailsInExceptionMessages       = true                                   {manageable} {command line}
   size_t SoftMaxHeapSize                          = 1056964608                             {manageable} {ergonomic}
     bool UseCompressedOops                        = true                           {product lp64_product} {ergonomic}
     bool UseG1GC                                  = true                                      {product} {ergonomic}
     bool UseLargePagesIndividualAllocation        = false                                  {pd product} {ergonomic}

Logging:
Log output configuration:
 #0: stdout all=warning uptime,level,tags foldmultilines=false
 #1: stderr all=off uptime,level,tags foldmultilines=false

Environment Variables:
JAVA_HOME=C:\Program Files\Java\jdk-21
PATH=C:\Program Files\Common Files\Oracle\Java\javapath;C:\WINDOWS\system32;C:\WINDOWS;C:\WINDOWS\System32\Wbem;C:\WINDOWS\System32\WindowsPowerShell\v1.0\;C:\WINDOWS\System32\OpenSSH\;C:\Program Files\Git\cmd;C:\Program Files\Java\jdk-21\bin;C:\Program Files\Java\jdk-21\bin;C:\Program Files\MySQL\MySQL Shell 8.0\bin\;C:\Users\Akshay\AppData\Local\Microsoft\WindowsApps;;C:\Program Files\JetBrains\PyCharm Community Edition 2022.2.1\bin;;C:\Program Files\heroku\bin
USERNAME=Akshay
OS=Windows_NT
PROCESSOR_IDENTIFIER=Intel64 Family 6 Model 69 Stepping 1, GenuineIntel
TMP=C:\Users\Akshay\AppData\Local\Temp
TEMP=C:\Users\Akshay\AppData\Local\Temp




Periodic native trim disabled

---------------  S Y S T E M  ---------------

OS:
 Windows 10 , 64 bit Build 19041 (10.0.19041.3636)
OS uptime: 8 days 22:21 hours

CPU: total 4 (initial active 4) (2 cores per cpu, 2 threads per core) family 6 model 69 stepping 1 microcode 0x25, cx8, cmov, fxsr, ht, mmx, sse, sse2, sse3, ssse3, sse4.1, sse4.2, popcnt, lzcnt, tsc, tscinvbit, avx, avx2, aes, erms, clmul, bmi1, bmi2, fma, vzeroupper, clflush, rdtscp, f16c
Processor Information for all 4 processors :
  Max Mhz: 2401, Current Mhz: 2401, Mhz Limit: 2401

Memory: 4k page, system-wide physical 4027M (237M free)
TotalPageFile size 16315M (AvailPageFile size 2M)
current process WorkingSet (physical memory assigned to process): 88M, peak: 88M
current process commit charge ("private bytes"): 161M, peak: 162M

vm_info: Java HotSpot(TM) 64-Bit Server VM (21.0.2+13-LTS-58) for windows-amd64 JRE (21.0.2+13-LTS-58), built on 2024-01-05T18:32:24Z by "mach5one" with MS VC++ 17.1 (VS2022)

END.
