#
# There is insufficient memory for the Java Runtime Environment to continue.
# Native memory allocation (malloc) failed to allocate 332816 bytes for Chunk::new
# Possible reasons:
#   The system is out of physical RAM or swap space
#   The process is running with CompressedOops enabled, and the Java Heap may be blocking the growth of the native heap
# Possible solutions:
#   Reduce memory load on the system
#   Increase physical memory or swap space
#   Check if swap backing store is full
#   Decrease Java heap size (-Xmx/-Xms)
#   Decrease number of Java threads
#   Decrease Java thread stack sizes (-Xss)
#   Set larger code cache with -XX:ReservedCodeCacheSize=
#   JVM is running with Unscaled Compressed Oops mode in which the Java heap is
#     placed in the first 4GB address space. The Java Heap base address is the
#     maximum limit for the native heap growth. Please use -XX:HeapBaseMinAddress
#     to set the Java Heap base and to place the Java Heap above 4GB virtual address.
# This output file may be truncated or incomplete.
#
#  Out of Memory Error (arena.cpp:168), pid=24920, tid=21140
#
# JRE version: Java(TM) SE Runtime Environment (21.0.2+13) (build 21.0.2+13-LTS-58)
# Java VM: Java HotSpot(TM) 64-Bit Server VM (21.0.2+13-LTS-58, mixed mode, sharing, tiered, compressed oops, compressed class ptrs, g1 gc, windows-amd64)
# No core dump will be written. Minidumps are not enabled by default on client versions of Windows
#

---------------  S U M M A R Y ------------

Command Line: -Dfile.encoding=UTF-8 -Dstdout.encoding=UTF-8 -Dstderr.encoding=UTF-8 -XX:+ShowCodeDetailsInExceptionMessages reports.Report

Host: Intel(R) Core(TM) i5-4210U CPU @ 1.70GHz, 4 cores, 3G,  Windows 10 , 64 bit Build 19041 (10.0.19041.3636)
Time: Thu Jun  6 09:36:39 2024 India Standard Time elapsed time: 16.837181 seconds (0d 0h 0m 16s)

---------------  T H R E A D  ---------------

Current thread (0x00000255ed0cdfb0):  JavaThread "C2 CompilerThread0" daemon [_thread_in_native, id=21140, stack(0x000000a025900000,0x000000a025a00000) (1024K)]


Current CompileTask:
C2:  16837 2244       4       jdk.internal.loader.URLClassPath::getResource (74 bytes)

Stack: [0x000000a025900000,0x000000a025a00000]
Native frames: (J=compiled Java code, j=interpreted, Vv=VM code, C=native code)
V  [jvm.dll+0x6cade9]
V  [jvm.dll+0x8569c1]
V  [jvm.dll+0x858d2e]
V  [jvm.dll+0x859413]
V  [jvm.dll+0x280e56]
V  [jvm.dll+0xc3f3d]
V  [jvm.dll+0xc4473]
V  [jvm.dll+0x3b5bf2]
V  [jvm.dll+0x382855]
V  [jvm.dll+0x381cca]
V  [jvm.dll+0x249bd0]
V  [jvm.dll+0x2491b1]
V  [jvm.dll+0x1c9634]
V  [jvm.dll+0x258859]
V  [jvm.dll+0x256e3a]
V  [jvm.dll+0x3ef6c6]
V  [jvm.dll+0x7ff568]
V  [jvm.dll+0x6c953d]
C  [ucrtbase.dll+0x21bb2]
C  [KERNEL32.DLL+0x17344]
C  [ntdll.dll+0x526b1]


---------------  P R O C E S S  ---------------

Threads class SMR info:
_java_thread_list=0x00000255f252fe30, length=24, elements={
0x00000255d02005b0, 0x00000255ed0bb530, 0x00000255ed0bdaa0, 0x00000255ed0c0ec0,
0x00000255ed0c4350, 0x00000255ed0c4db0, 0x00000255ed0ca260, 0x00000255ed0cdfb0,
0x00000255ed0d1200, 0x00000255ed313820, 0x00000255ed3256b0, 0x00000255edd26350,
0x00000255f2363670, 0x00000255f22e2fe0, 0x00000255f22e7660, 0x00000255f2253b30,
0x00000255f22541a0, 0x00000255f22feb40, 0x00000255f22fd100, 0x00000255f22fd790,
0x00000255f22fe4b0, 0x00000255f22fc3e0, 0x00000255f22ff1d0, 0x00000255f22fbd50
}

Java Threads: ( => current thread )
  0x00000255d02005b0 JavaThread "main"                              [_thread_in_vm, id=15772, stack(0x000000a024b00000,0x000000a024c00000) (1024K)]
  0x00000255ed0bb530 JavaThread "Reference Handler"          daemon [_thread_blocked, id=1820, stack(0x000000a025300000,0x000000a025400000) (1024K)]
  0x00000255ed0bdaa0 JavaThread "Finalizer"                  daemon [_thread_blocked, id=19588, stack(0x000000a025400000,0x000000a025500000) (1024K)]
  0x00000255ed0c0ec0 JavaThread "Signal Dispatcher"          daemon [_thread_blocked, id=13700, stack(0x000000a025500000,0x000000a025600000) (1024K)]
  0x00000255ed0c4350 JavaThread "Attach Listener"            daemon [_thread_blocked, id=16024, stack(0x000000a025600000,0x000000a025700000) (1024K)]
  0x00000255ed0c4db0 JavaThread "Service Thread"             daemon [_thread_blocked, id=13524, stack(0x000000a025700000,0x000000a025800000) (1024K)]
  0x00000255ed0ca260 JavaThread "Monitor Deflation Thread"   daemon [_thread_blocked, id=7576, stack(0x000000a025800000,0x000000a025900000) (1024K)]
=>0x00000255ed0cdfb0 JavaThread "C2 CompilerThread0"         daemon [_thread_in_native, id=21140, stack(0x000000a025900000,0x000000a025a00000) (1024K)]
  0x00000255ed0d1200 JavaThread "C1 CompilerThread0"         daemon [_thread_blocked, id=16992, stack(0x000000a025a00000,0x000000a025b00000) (1024K)]
  0x00000255ed313820 JavaThread "Notification Thread"        daemon [_thread_blocked, id=14428, stack(0x000000a025b00000,0x000000a025c00000) (1024K)]
  0x00000255ed3256b0 JavaThread "Common-Cleaner"             daemon [_thread_blocked, id=4992, stack(0x000000a025c00000,0x000000a025d00000) (1024K)]
  0x00000255edd26350 JavaThread "ForkJoinPool.commonPool-worker-1" daemon [_thread_blocked, id=2108, stack(0x000000a026000000,0x000000a026100000) (1024K)]
  0x00000255f2363670 JavaThread "HttpClient-1-SelectorManager" daemon [_thread_in_native, id=14068, stack(0x000000a026100000,0x000000a026200000) (1024K)]
  0x00000255f22e2fe0 JavaThread "Thread-2"                          [_thread_in_native, id=18224, stack(0x000000a026200000,0x000000a026300000) (1024K)]
  0x00000255f22e7660 JavaThread "Driver Service Executor"    daemon [_thread_blocked, id=24744, stack(0x000000a026300000,0x000000a026400000) (1024K)]
  0x00000255f2253b30 JavaThread "Driver Service Executor"    daemon [_thread_in_native, id=8448, stack(0x000000a026400000,0x000000a026500000) (1024K)]
  0x00000255f22541a0 JavaThread "UrlChecker-2"               daemon [_thread_blocked, id=23568, stack(0x000000a026500000,0x000000a026600000) (1024K)]
  0x00000255f22feb40 JavaThread "pool-1-thread-1"                   [_thread_blocked, id=22812, stack(0x000000a026800000,0x000000a026900000) (1024K)]
  0x00000255f22fd100 JavaThread "pool-1-thread-2"                   [_thread_blocked, id=20964, stack(0x000000a026900000,0x000000a026a00000) (1024K)]
  0x00000255f22fd790 JavaThread "pool-1-thread-3"                   [_thread_blocked, id=18860, stack(0x000000a026a00000,0x000000a026b00000) (1024K)]
  0x00000255f22fe4b0 JavaThread "HttpClient-2-SelectorManager" daemon [_thread_in_native, id=16380, stack(0x000000a026b00000,0x000000a026c00000) (1024K)]
  0x00000255f22fc3e0 JavaThread "pool-2-thread-1"                   [_thread_blocked, id=17132, stack(0x000000a026c00000,0x000000a026d00000) (1024K)]
  0x00000255f22ff1d0 JavaThread "pool-2-thread-2"                   [_thread_blocked, id=23696, stack(0x000000a026d00000,0x000000a026e00000) (1024K)]
  0x00000255f22fbd50 JavaThread "pool-2-thread-3"                   [_thread_blocked, id=12688, stack(0x000000a026e00000,0x000000a026f00000) (1024K)]
Total: 24

Other Threads:
  0x00000255d24ec1e0 VMThread "VM Thread"                           [id=24888, stack(0x000000a025200000,0x000000a025300000) (1024K)]
  0x00000255d24d5a90 WatcherThread "VM Periodic Task Thread"        [id=25576, stack(0x000000a025100000,0x000000a025200000) (1024K)]
  0x00000255d2465c80 WorkerThread "GC Thread#0"                     [id=596, stack(0x000000a024c00000,0x000000a024d00000) (1024K)]
  0x00000255ed8c6bb0 WorkerThread "GC Thread#1"                     [id=4536, stack(0x000000a025d00000,0x000000a025e00000) (1024K)]
  0x00000255ed916160 WorkerThread "GC Thread#2"                     [id=6088, stack(0x000000a025e00000,0x000000a025f00000) (1024K)]
  0x00000255ed9555c0 WorkerThread "GC Thread#3"                     [id=3304, stack(0x000000a025f00000,0x000000a026000000) (1024K)]
  0x00000255d2470ae0 ConcurrentGCThread "G1 Main Marker"            [id=3684, stack(0x000000a024d00000,0x000000a024e00000) (1024K)]
  0x00000255d24714f0 WorkerThread "G1 Conc#0"                       [id=18884, stack(0x000000a024e00000,0x000000a024f00000) (1024K)]
  0x00000255d24c4b50 ConcurrentGCThread "G1 Refine#0"               [id=14156, stack(0x000000a024f00000,0x000000a025000000) (1024K)]
  0x00000255d24c55d0 ConcurrentGCThread "G1 Service"                [id=22388, stack(0x000000a025000000,0x000000a025100000) (1024K)]
Total: 10

Threads with active compile tasks:
C2 CompilerThread0    16888 2244       4       jdk.internal.loader.URLClassPath::getResource (74 bytes)
Total: 1

VM state: not at safepoint (normal execution)

VM Mutex/Monitor currently owned by a thread: None

Heap address: 0x00000000c1000000, size: 1008 MB, Compressed Oops mode: 32-bit

CDS archive(s) mapped at: [0x0000025580000000-0x0000025580c90000-0x0000025580c90000), size 13172736, SharedBaseAddress: 0x0000025580000000, ArchiveRelocationMode: 1.
Compressed class space mapped at: 0x0000025581000000-0x00000255c1000000, reserved size: 1073741824
Narrow klass base: 0x0000025580000000, Narrow klass shift: 0, Narrow klass range: 0x100000000

GC Precious Log:
 CardTable entry size: 512
 Card Set container configuration: InlinePtr #cards 5 size 8 Array Of Cards #cards 12 size 40 Howl #buckets 4 coarsen threshold 1843 Howl Bitmap #cards 512 size 80 coarsen threshold 460 Card regions per heap region 1 cards per card region 2048
 CPUs: 4 total, 4 available
 Memory: 4027M
 Large Page Support: Disabled
 NUMA Support: Disabled
 Compressed Oops: Enabled (32-bit)
 Heap Region Size: 1M
 Heap Min Capacity: 8M
 Heap Initial Capacity: 64M
 Heap Max Capacity: 1008M
 Pre-touch: Disabled
 Parallel Workers: 4
 Concurrent Workers: 1
 Concurrent Refinement Workers: 4
 Periodic GC: Disabled

Heap:
 garbage-first heap   total 65536K, used 29115K [0x00000000c1000000, 0x0000000100000000)
  region size 1024K, 25 young (25600K), 3 survivors (3072K)
 Metaspace       used 17430K, committed 17856K, reserved 1114112K
  class space    used 2102K, committed 2304K, reserved 1048576K

Heap Regions: E=young(eden), S=young(survivor), O=old, HS=humongous(starts), HC=humongous(continues), CS=collection set, F=free, TAMS=top-at-mark-start, PB=parsable bottom
|   0|0x00000000c1000000, 0x00000000c1100000, 0x00000000c1100000|100%| O|  |TAMS 0x00000000c1000000| PB 0x00000000c1000000| Untracked 
|   1|0x00000000c1100000, 0x00000000c1200000, 0x00000000c1200000|100%| O|  |TAMS 0x00000000c1100000| PB 0x00000000c1100000| Untracked 
|   2|0x00000000c1200000, 0x00000000c1300000, 0x00000000c1300000|100%| O|  |TAMS 0x00000000c1200000| PB 0x00000000c1200000| Untracked 
|   3|0x00000000c1300000, 0x00000000c1400000, 0x00000000c1400000|100%| O|  |TAMS 0x00000000c1300000| PB 0x00000000c1300000| Untracked 
|   4|0x00000000c1400000, 0x00000000c146ed70, 0x00000000c1500000| 43%| O|  |TAMS 0x00000000c1400000| PB 0x00000000c1400000| Untracked 
|   5|0x00000000c1500000, 0x00000000c1500000, 0x00000000c1600000|  0%| F|  |TAMS 0x00000000c1500000| PB 0x00000000c1500000| Untracked 
|   6|0x00000000c1600000, 0x00000000c1600000, 0x00000000c1700000|  0%| F|  |TAMS 0x00000000c1600000| PB 0x00000000c1600000| Untracked 
|   7|0x00000000c1700000, 0x00000000c1700000, 0x00000000c1800000|  0%| F|  |TAMS 0x00000000c1700000| PB 0x00000000c1700000| Untracked 
|   8|0x00000000c1800000, 0x00000000c1800000, 0x00000000c1900000|  0%| F|  |TAMS 0x00000000c1800000| PB 0x00000000c1800000| Untracked 
|   9|0x00000000c1900000, 0x00000000c1900000, 0x00000000c1a00000|  0%| F|  |TAMS 0x00000000c1900000| PB 0x00000000c1900000| Untracked 
|  10|0x00000000c1a00000, 0x00000000c1a00000, 0x00000000c1b00000|  0%| F|  |TAMS 0x00000000c1a00000| PB 0x00000000c1a00000| Untracked 
|  11|0x00000000c1b00000, 0x00000000c1b00000, 0x00000000c1c00000|  0%| F|  |TAMS 0x00000000c1b00000| PB 0x00000000c1b00000| Untracked 
|  12|0x00000000c1c00000, 0x00000000c1c00000, 0x00000000c1d00000|  0%| F|  |TAMS 0x00000000c1c00000| PB 0x00000000c1c00000| Untracked 
|  13|0x00000000c1d00000, 0x00000000c1d00000, 0x00000000c1e00000|  0%| F|  |TAMS 0x00000000c1d00000| PB 0x00000000c1d00000| Untracked 
|  14|0x00000000c1e00000, 0x00000000c1e00000, 0x00000000c1f00000|  0%| F|  |TAMS 0x00000000c1e00000| PB 0x00000000c1e00000| Untracked 
|  15|0x00000000c1f00000, 0x00000000c1f00000, 0x00000000c2000000|  0%| F|  |TAMS 0x00000000c1f00000| PB 0x00000000c1f00000| Untracked 
|  16|0x00000000c2000000, 0x00000000c2000000, 0x00000000c2100000|  0%| F|  |TAMS 0x00000000c2000000| PB 0x00000000c2000000| Untracked 
|  17|0x00000000c2100000, 0x00000000c2100000, 0x00000000c2200000|  0%| F|  |TAMS 0x00000000c2100000| PB 0x00000000c2100000| Untracked 
|  18|0x00000000c2200000, 0x00000000c2200000, 0x00000000c2300000|  0%| F|  |TAMS 0x00000000c2200000| PB 0x00000000c2200000| Untracked 
|  19|0x00000000c2300000, 0x00000000c2300000, 0x00000000c2400000|  0%| F|  |TAMS 0x00000000c2300000| PB 0x00000000c2300000| Untracked 
|  20|0x00000000c2400000, 0x00000000c2400000, 0x00000000c2500000|  0%| F|  |TAMS 0x00000000c2400000| PB 0x00000000c2400000| Untracked 
|  21|0x00000000c2500000, 0x00000000c2500000, 0x00000000c2600000|  0%| F|  |TAMS 0x00000000c2500000| PB 0x00000000c2500000| Untracked 
|  22|0x00000000c2600000, 0x00000000c2600000, 0x00000000c2700000|  0%| F|  |TAMS 0x00000000c2600000| PB 0x00000000c2600000| Untracked 
|  23|0x00000000c2700000, 0x00000000c2700000, 0x00000000c2800000|  0%| F|  |TAMS 0x00000000c2700000| PB 0x00000000c2700000| Untracked 
|  24|0x00000000c2800000, 0x00000000c2800000, 0x00000000c2900000|  0%| F|  |TAMS 0x00000000c2800000| PB 0x00000000c2800000| Untracked 
|  25|0x00000000c2900000, 0x00000000c2900000, 0x00000000c2a00000|  0%| F|  |TAMS 0x00000000c2900000| PB 0x00000000c2900000| Untracked 
|  26|0x00000000c2a00000, 0x00000000c2a00000, 0x00000000c2b00000|  0%| F|  |TAMS 0x00000000c2a00000| PB 0x00000000c2a00000| Untracked 
|  27|0x00000000c2b00000, 0x00000000c2b00000, 0x00000000c2c00000|  0%| F|  |TAMS 0x00000000c2b00000| PB 0x00000000c2b00000| Untracked 
|  28|0x00000000c2c00000, 0x00000000c2c00000, 0x00000000c2d00000|  0%| F|  |TAMS 0x00000000c2c00000| PB 0x00000000c2c00000| Untracked 
|  29|0x00000000c2d00000, 0x00000000c2d00000, 0x00000000c2e00000|  0%| F|  |TAMS 0x00000000c2d00000| PB 0x00000000c2d00000| Untracked 
|  30|0x00000000c2e00000, 0x00000000c2e00000, 0x00000000c2f00000|  0%| F|  |TAMS 0x00000000c2e00000| PB 0x00000000c2e00000| Untracked 
|  31|0x00000000c2f00000, 0x00000000c2f00000, 0x00000000c3000000|  0%| F|  |TAMS 0x00000000c2f00000| PB 0x00000000c2f00000| Untracked 
|  32|0x00000000c3000000, 0x00000000c3000000, 0x00000000c3100000|  0%| F|  |TAMS 0x00000000c3000000| PB 0x00000000c3000000| Untracked 
|  33|0x00000000c3100000, 0x00000000c3100000, 0x00000000c3200000|  0%| F|  |TAMS 0x00000000c3100000| PB 0x00000000c3100000| Untracked 
|  34|0x00000000c3200000, 0x00000000c3200000, 0x00000000c3300000|  0%| F|  |TAMS 0x00000000c3200000| PB 0x00000000c3200000| Untracked 
|  35|0x00000000c3300000, 0x00000000c3300000, 0x00000000c3400000|  0%| F|  |TAMS 0x00000000c3300000| PB 0x00000000c3300000| Untracked 
|  36|0x00000000c3400000, 0x00000000c3400000, 0x00000000c3500000|  0%| F|  |TAMS 0x00000000c3400000| PB 0x00000000c3400000| Untracked 
|  37|0x00000000c3500000, 0x00000000c3500000, 0x00000000c3600000|  0%| F|  |TAMS 0x00000000c3500000| PB 0x00000000c3500000| Untracked 
|  38|0x00000000c3600000, 0x00000000c3600000, 0x00000000c3700000|  0%| F|  |TAMS 0x00000000c3600000| PB 0x00000000c3600000| Untracked 
|  39|0x00000000c3700000, 0x00000000c377ad40, 0x00000000c3800000| 47%| E|  |TAMS 0x00000000c3700000| PB 0x00000000c3700000| Complete 
|  40|0x00000000c3800000, 0x00000000c3900000, 0x00000000c3900000|100%| E|CS|TAMS 0x00000000c3800000| PB 0x00000000c3800000| Complete 
|  41|0x00000000c3900000, 0x00000000c3a00000, 0x00000000c3a00000|100%| E|CS|TAMS 0x00000000c3900000| PB 0x00000000c3900000| Complete 
|  42|0x00000000c3a00000, 0x00000000c3b00000, 0x00000000c3b00000|100%| E|CS|TAMS 0x00000000c3a00000| PB 0x00000000c3a00000| Complete 
|  43|0x00000000c3b00000, 0x00000000c3c00000, 0x00000000c3c00000|100%| S|CS|TAMS 0x00000000c3b00000| PB 0x00000000c3b00000| Complete 
|  44|0x00000000c3c00000, 0x00000000c3d00000, 0x00000000c3d00000|100%| S|CS|TAMS 0x00000000c3c00000| PB 0x00000000c3c00000| Complete 
|  45|0x00000000c3d00000, 0x00000000c3e00000, 0x00000000c3e00000|100%| S|CS|TAMS 0x00000000c3d00000| PB 0x00000000c3d00000| Complete 
|  46|0x00000000c3e00000, 0x00000000c3f00000, 0x00000000c3f00000|100%| E|CS|TAMS 0x00000000c3e00000| PB 0x00000000c3e00000| Complete 
|  47|0x00000000c3f00000, 0x00000000c4000000, 0x00000000c4000000|100%| E|CS|TAMS 0x00000000c3f00000| PB 0x00000000c3f00000| Complete 
|  48|0x00000000c4000000, 0x00000000c4100000, 0x00000000c4100000|100%| E|CS|TAMS 0x00000000c4000000| PB 0x00000000c4000000| Complete 
|  49|0x00000000c4100000, 0x00000000c4200000, 0x00000000c4200000|100%| E|CS|TAMS 0x00000000c4100000| PB 0x00000000c4100000| Complete 
|  50|0x00000000c4200000, 0x00000000c4300000, 0x00000000c4300000|100%| E|CS|TAMS 0x00000000c4200000| PB 0x00000000c4200000| Complete 
|  51|0x00000000c4300000, 0x00000000c4400000, 0x00000000c4400000|100%| E|CS|TAMS 0x00000000c4300000| PB 0x00000000c4300000| Complete 
|  52|0x00000000c4400000, 0x00000000c4500000, 0x00000000c4500000|100%| E|CS|TAMS 0x00000000c4400000| PB 0x00000000c4400000| Complete 
|  53|0x00000000c4500000, 0x00000000c4600000, 0x00000000c4600000|100%| E|CS|TAMS 0x00000000c4500000| PB 0x00000000c4500000| Complete 
|  54|0x00000000c4600000, 0x00000000c4700000, 0x00000000c4700000|100%| E|CS|TAMS 0x00000000c4600000| PB 0x00000000c4600000| Complete 
|  55|0x00000000c4700000, 0x00000000c4800000, 0x00000000c4800000|100%| E|CS|TAMS 0x00000000c4700000| PB 0x00000000c4700000| Complete 
|  56|0x00000000c4800000, 0x00000000c4900000, 0x00000000c4900000|100%| E|CS|TAMS 0x00000000c4800000| PB 0x00000000c4800000| Complete 
|  57|0x00000000c4900000, 0x00000000c4a00000, 0x00000000c4a00000|100%| E|CS|TAMS 0x00000000c4900000| PB 0x00000000c4900000| Complete 
|  58|0x00000000c4a00000, 0x00000000c4b00000, 0x00000000c4b00000|100%| E|CS|TAMS 0x00000000c4a00000| PB 0x00000000c4a00000| Complete 
|  59|0x00000000c4b00000, 0x00000000c4c00000, 0x00000000c4c00000|100%| E|CS|TAMS 0x00000000c4b00000| PB 0x00000000c4b00000| Complete 
|  60|0x00000000c4c00000, 0x00000000c4d00000, 0x00000000c4d00000|100%| E|CS|TAMS 0x00000000c4c00000| PB 0x00000000c4c00000| Complete 
|  61|0x00000000c4d00000, 0x00000000c4e00000, 0x00000000c4e00000|100%| E|CS|TAMS 0x00000000c4d00000| PB 0x00000000c4d00000| Complete 
|  62|0x00000000c4e00000, 0x00000000c4f00000, 0x00000000c4f00000|100%| E|CS|TAMS 0x00000000c4e00000| PB 0x00000000c4e00000| Complete 
|  63|0x00000000c4f00000, 0x00000000c5000000, 0x00000000c5000000|100%| E|CS|TAMS 0x00000000c4f00000| PB 0x00000000c4f00000| Complete 

Card table byte_map: [0x00000255e9aa0000,0x00000255e9ca0000] _byte_map_base: 0x00000255e9498000

Marking Bits: (CMBitMap*) 0x00000255d24672a0
 Bits: [0x00000255e9ca0000, 0x00000255eac60000)

Polling page: 0x00000255d03a0000

Metaspace:

Usage:
  Non-class:     14.97 MB used.
      Class:      2.05 MB used.
       Both:     17.02 MB used.

Virtual space:
  Non-class space:       64.00 MB reserved,      15.19 MB ( 24%) committed,  1 nodes.
      Class space:        1.00 GB reserved,       2.25 MB ( <1%) committed,  1 nodes.
             Both:        1.06 GB reserved,      17.44 MB (  2%) committed. 

Chunk freelists:
   Non-Class:  32.00 KB
       Class:  13.67 MB
        Both:  13.70 MB

MaxMetaspaceSize: unlimited
CompressedClassSpaceSize: 1.00 GB
Initial GC threshold: 21.00 MB
Current GC threshold: 21.00 MB
CDS: on
 - commit_granule_bytes: 65536.
 - commit_granule_words: 8192.
 - virtual_space_node_default_size: 8388608.
 - enlarge_chunks_in_place: 1.
 - use_allocation_guard: 0.


Internal statistics:

num_allocs_failed_limit: 0.
num_arena_births: 344.
num_arena_deaths: 0.
num_vsnodes_births: 2.
num_vsnodes_deaths: 0.
num_space_committed: 279.
num_space_uncommitted: 0.
num_chunks_returned_to_freelist: 0.
num_chunks_taken_from_freelist: 812.
num_chunk_merges: 0.
num_chunk_splits: 511.
num_chunks_enlarged: 339.
num_inconsistent_stats: 0.

CodeHeap 'non-profiled nmethods': size=120000Kb used=795Kb max_used=795Kb free=119204Kb
 bounds [0x00000255e2370000, 0x00000255e25e0000, 0x00000255e98a0000]
CodeHeap 'profiled nmethods': size=120000Kb used=4378Kb max_used=4378Kb free=115621Kb
 bounds [0x00000255da8a0000, 0x00000255dacf0000, 0x00000255e1dd0000]
CodeHeap 'non-nmethods': size=5760Kb used=1516Kb max_used=1537Kb free=4243Kb
 bounds [0x00000255e1dd0000, 0x00000255e2040000, 0x00000255e2370000]
 total_blobs=2832 nmethods=2243 adapters=493
 compilation: enabled
              stopped_count=0, restarted_count=0
 full_count=0

Compilation events (20 events):
Event: 16.764 Thread 0x00000255ed0d1200 2236       1       java.util.stream.Collectors$CollectorImpl::supplier (5 bytes)
Event: 16.764 Thread 0x00000255ed0d1200 nmethod 2236 0x00000255e2435090 code [0x00000255e2435220, 0x00000255e24352e8]
Event: 16.764 Thread 0x00000255ed0d1200 2237       1       java.util.stream.Collectors$CollectorImpl::accumulator (5 bytes)
Event: 16.764 Thread 0x00000255ed0d1200 nmethod 2237 0x00000255e2435390 code [0x00000255e2435520, 0x00000255e24355e8]
Event: 16.764 Thread 0x00000255ed0d1200 2238       1       java.util.stream.Collectors$CollectorImpl::combiner (5 bytes)
Event: 16.764 Thread 0x00000255ed0d1200 nmethod 2238 0x00000255e2435690 code [0x00000255e2435820, 0x00000255e24358e8]
Event: 16.764 Thread 0x00000255ed0d1200 2240       3       java.util.Collections$UnmodifiableCollection::contains (11 bytes)
Event: 16.764 Thread 0x00000255ed0d1200 nmethod 2240 0x00000255dace4910 code [0x00000255dace4ac0, 0x00000255dace4c98]
Event: 16.764 Thread 0x00000255ed0d1200 2241       3       java.util.HashMap::putIfAbsent (13 bytes)
Event: 16.765 Thread 0x00000255ed0d1200 nmethod 2241 0x00000255dace4d90 code [0x00000255dace4f60, 0x00000255dace5268]
Event: 16.778 Thread 0x00000255ed0cdfb0 nmethod 2231 0x00000255e2435990 code [0x00000255e2435bc0, 0x00000255e2436728]
Event: 16.782 Thread 0x00000255ed0d1200 2242       3       java.lang.String::startsWith (123 bytes)
Event: 16.784 Thread 0x00000255ed0d1200 nmethod 2242 0x00000255dace5390 code [0x00000255dace55c0, 0x00000255dace5d38]
Event: 16.794 Thread 0x00000255ed0cdfb0 2243       4       java.lang.CharacterDataLatin1::equalsIgnoreCase (63 bytes)
Event: 16.795 Thread 0x00000255ed0cdfb0 nmethod 2243 0x00000255e2436c90 code [0x00000255e2436e20, 0x00000255e2436ed0]
Event: 16.811 Thread 0x00000255ed0cdfb0 2244       4       jdk.internal.loader.URLClassPath::getResource (74 bytes)
Event: 16.813 Thread 0x00000255ed0d1200 2245       3       java.io.File::<init> (47 bytes)
Event: 16.813 Thread 0x00000255ed0d1200 nmethod 2245 0x00000255dace5f90 code [0x00000255dace6180, 0x00000255dace6510]
Event: 16.813 Thread 0x00000255ed0d1200 2246       3       java.nio.ByteBuffer::limit (6 bytes)
Event: 16.814 Thread 0x00000255ed0d1200 nmethod 2246 0x00000255dace6690 code [0x00000255dace6840, 0x00000255dace6a08]

GC Heap History (4 events):
Event: 1.880 GC heap before
{Heap before GC invocations=0 (full 0):
 garbage-first heap   total 65536K, used 12288K [0x00000000c1000000, 0x0000000100000000)
  region size 1024K, 13 young (13312K), 0 survivors (0K)
 Metaspace       used 2387K, committed 2496K, reserved 1114112K
  class space    used 212K, committed 256K, reserved 1048576K
}
Event: 1.890 GC heap after
{Heap after GC invocations=1 (full 0):
 garbage-first heap   total 65536K, used 3976K [0x00000000c1000000, 0x0000000100000000)
  region size 1024K, 2 young (2048K), 2 survivors (2048K)
 Metaspace       used 2387K, committed 2496K, reserved 1114112K
  class space    used 212K, committed 256K, reserved 1048576K
}
Event: 4.294 GC heap before
{Heap before GC invocations=1 (full 0):
 garbage-first heap   total 65536K, used 19336K [0x00000000c1000000, 0x0000000100000000)
  region size 1024K, 18 young (18432K), 2 survivors (2048K)
 Metaspace       used 9520K, committed 9792K, reserved 1114112K
  class space    used 1070K, committed 1152K, reserved 1048576K
}
Event: 4.312 GC heap after
{Heap after GC invocations=2 (full 0):
 garbage-first heap   total 65536K, used 7611K [0x00000000c1000000, 0x0000000100000000)
  region size 1024K, 3 young (3072K), 3 survivors (3072K)
 Metaspace       used 9520K, committed 9792K, reserved 1114112K
  class space    used 1070K, committed 1152K, reserved 1048576K
}

Dll operation events (8 events):
Event: 0.012 Loaded shared library C:\Program Files\Java\jdk-21\bin\java.dll
Event: 0.064 Loaded shared library C:\Program Files\Java\jdk-21\bin\jsvml.dll
Event: 0.156 Loaded shared library C:\Program Files\Java\jdk-21\bin\net.dll
Event: 0.159 Loaded shared library C:\Program Files\Java\jdk-21\bin\nio.dll
Event: 0.165 Loaded shared library C:\Program Files\Java\jdk-21\bin\zip.dll
Event: 0.395 Loaded shared library C:\Program Files\Java\jdk-21\bin\jimage.dll
Event: 2.291 Loaded shared library C:\Program Files\Java\jdk-21\bin\extnet.dll
Event: 4.786 Loaded shared library C:\Program Files\Java\jdk-21\bin\sunmscapi.dll

Deoptimization events (20 events):
Event: 11.656 Thread 0x00000255d02005b0 Uncommon trap: trap_request=0xffffffde fr.pc=0x00000255e2428f4c relative=0x000000000000012c
Event: 11.656 Thread 0x00000255d02005b0 Uncommon trap: reason=class_check action=maybe_recompile pc=0x00000255e2428f4c method=jdk.internal.misc.Unsafe.allocateUninitializedArray(Ljava/lang/Class;I)Ljava/lang/Object; @ 51 c2
Event: 11.656 Thread 0x00000255d02005b0 DEOPT PACKING pc=0x00000255e2428f4c sp=0x000000a024bfe120
Event: 11.656 Thread 0x00000255d02005b0 DEOPT UNPACKING pc=0x00000255e1e246a2 sp=0x000000a024bfe098 mode 2
Event: 11.692 Thread 0x00000255d02005b0 Uncommon trap: trap_request=0xffffffde fr.pc=0x00000255e24086f4 relative=0x0000000000000414
Event: 11.692 Thread 0x00000255d02005b0 Uncommon trap: reason=class_check action=maybe_recompile pc=0x00000255e24086f4 method=java.lang.String.<init>(Ljava/lang/AbstractStringBuilder;Ljava/lang/Void;)V @ 10 c2
Event: 11.692 Thread 0x00000255d02005b0 DEOPT PACKING pc=0x00000255e24086f4 sp=0x000000a024bfebd0
Event: 11.692 Thread 0x00000255d02005b0 DEOPT UNPACKING pc=0x00000255e1e246a2 sp=0x000000a024bfeb98 mode 2
Event: 11.692 Thread 0x00000255d02005b0 Uncommon trap: trap_request=0xffffffde fr.pc=0x00000255e24086f4 relative=0x0000000000000414
Event: 11.692 Thread 0x00000255d02005b0 Uncommon trap: reason=class_check action=maybe_recompile pc=0x00000255e24086f4 method=java.lang.String.<init>(Ljava/lang/AbstractStringBuilder;Ljava/lang/Void;)V @ 10 c2
Event: 11.693 Thread 0x00000255d02005b0 DEOPT PACKING pc=0x00000255e24086f4 sp=0x000000a024bfed70
Event: 11.693 Thread 0x00000255d02005b0 DEOPT UNPACKING pc=0x00000255e1e246a2 sp=0x000000a024bfed38 mode 2
Event: 11.722 Thread 0x00000255d02005b0 Uncommon trap: trap_request=0xffffffde fr.pc=0x00000255e24086f4 relative=0x0000000000000414
Event: 11.722 Thread 0x00000255d02005b0 Uncommon trap: reason=class_check action=maybe_recompile pc=0x00000255e24086f4 method=java.lang.String.<init>(Ljava/lang/AbstractStringBuilder;Ljava/lang/Void;)V @ 10 c2
Event: 11.722 Thread 0x00000255d02005b0 DEOPT PACKING pc=0x00000255e24086f4 sp=0x000000a024bff010
Event: 11.722 Thread 0x00000255d02005b0 DEOPT UNPACKING pc=0x00000255e1e246a2 sp=0x000000a024bfefd8 mode 2
Event: 16.777 Thread 0x00000255d02005b0 Uncommon trap: trap_request=0xffffff45 fr.pc=0x00000255e23fee04 relative=0x0000000000000244
Event: 16.777 Thread 0x00000255d02005b0 Uncommon trap: reason=unstable_if action=reinterpret pc=0x00000255e23fee04 method=java.lang.String.startsWith(Ljava/lang/String;I)Z @ 50 c2
Event: 16.777 Thread 0x00000255d02005b0 DEOPT PACKING pc=0x00000255e23fee04 sp=0x000000a024bfe250
Event: 16.777 Thread 0x00000255d02005b0 DEOPT UNPACKING pc=0x00000255e1e246a2 sp=0x000000a024bfe1d8 mode 2

Classes loaded (20 events):
Event: 16.086 Loading class java/util/BitSet
Event: 16.087 Loading class java/util/BitSet done
Event: 16.087 Loading class java/io/CharArrayWriter
Event: 16.088 Loading class java/io/CharArrayWriter done
Event: 16.784 Loading class java/io/PrintWriter
Event: 16.785 Loading class java/io/PrintWriter done
Event: 16.797 Loading class java/util/stream/MatchOps$MatchKind
Event: 16.798 Loading class java/util/stream/MatchOps$MatchKind done
Event: 16.798 Loading class java/util/stream/MatchOps
Event: 16.799 Loading class java/util/stream/MatchOps done
Event: 16.799 Loading class java/util/stream/MatchOps$MatchOp
Event: 16.800 Loading class java/util/stream/MatchOps$MatchOp done
Event: 16.800 Loading class java/util/stream/MatchOps$BooleanTerminalSink
Event: 16.800 Loading class java/util/stream/MatchOps$BooleanTerminalSink done
Event: 16.800 Loading class java/util/stream/MatchOps$1MatchSink
Event: 16.801 Loading class java/util/stream/MatchOps$1MatchSink done
Event: 16.816 Loading class java/io/FilterReader
Event: 16.817 Loading class java/io/FilterReader done
Event: 16.828 Loading class javax/swing/tree/TreeNode
Event: 16.829 Loading class javax/swing/tree/TreeNode done

Classes unloaded (0 events):
No events

Classes redefined (0 events):
No events

Internal exceptions (20 events):
Event: 3.841 Thread 0x00000255d02005b0 Exception <a 'sun/nio/fs/WindowsException'{0x00000000c4470a10}> (0x00000000c4470a10) 
thrown [s\open\src\hotspot\share\prims\jni.cpp, line 520]
Event: 4.063 Thread 0x00000255d02005b0 Exception <a 'java/lang/NoSuchMethodError'{0x00000000c43f7d88}: 'void java.lang.invoke.DirectMethodHandle$Holder.invokeVirtual(java.lang.Object, java.lang.Object)'> (0x00000000c43f7d88) 
thrown [s\open\src\hotspot\share\interpreter\linkResolver.cpp, line 773]
Event: 4.402 Thread 0x00000255d02005b0 Exception <a 'java/lang/NoSuchMethodError'{0x00000000c4e96478}: 'java.lang.Object java.lang.invoke.DirectMethodHandle$Holder.invokeStaticInit(java.lang.Object, int, int, int, int)'> (0x00000000c4e96478) 
thrown [s\open\src\hotspot\share\interpreter\linkResolver.cpp, line 773]
Event: 4.673 Thread 0x00000255d02005b0 Exception <a 'java/lang/NoSuchMethodError'{0x00000000c4d5a120}: 'java.lang.Object java.lang.invoke.DirectMethodHandle$Holder.invokeStaticInit(java.lang.Object, java.lang.Object, int, int, int, int)'> (0x00000000c4d5a120) 
thrown [s\open\src\hotspot\share\interpreter\linkResolver.cpp, line 773]
Event: 4.952 Thread 0x00000255d02005b0 Exception <a 'java/lang/NoSuchMethodError'{0x00000000c4b241a0}: 'java.lang.Object java.lang.invoke.DirectMethodHandle$Holder.invokeInterface(java.lang.Object, java.lang.Object, java.lang.Object)'> (0x00000000c4b241a0) 
thrown [s\open\src\hotspot\share\interpreter\linkResolver.cpp, line 773]
Event: 4.953 Thread 0x00000255d02005b0 Exception <a 'java/lang/IncompatibleClassChangeError'{0x00000000c4b27588}: Found class java.lang.Object, but interface was expected> (0x00000000c4b27588) 
thrown [s\open\src\hotspot\share\interpreter\linkResolver.cpp, line 840]
Event: 4.955 Thread 0x00000255d02005b0 Exception <a 'java/lang/NoSuchMethodError'{0x00000000c4b2e878}: 'int java.lang.invoke.DirectMethodHandle$Holder.invokeSpecialIFC(java.lang.Object, java.lang.Object, java.lang.Object, java.lang.Object)'> (0x00000000c4b2e878) 
thrown [s\open\src\hotspot\share\interpreter\linkResolver.cpp, line 773]
Event: 4.971 Thread 0x00000255d02005b0 Exception <a 'java/lang/NoSuchMethodError'{0x00000000c4b91320}: 'java.lang.Object java.lang.invoke.DirectMethodHandle$Holder.invokeVirtual(java.lang.Object, java.lang.Object, java.lang.Object, java.lang.Object)'> (0x00000000c4b91320) 
thrown [s\open\src\hotspot\share\interpreter\linkResolver.cpp, line 773]
Event: 5.027 Thread 0x00000255f22541a0 Exception <a 'java/net/ConnectException'{0x00000000c4a41da0}: Connection refused: getsockopt> (0x00000000c4a41da0) 
thrown [s\open\src\hotspot\share\prims\jni.cpp, line 539]
Event: 5.047 Thread 0x00000255f22541a0 Exception <a 'java/net/ConnectException'{0x00000000c4a42e90}: Connection refused: getsockopt> (0x00000000c4a42e90) 
thrown [s\open\src\hotspot\share\prims\jni.cpp, line 539]
Event: 5.154 Thread 0x00000255d02005b0 Exception <a 'java/lang/NoSuchMethodError'{0x00000000c494abb0}: 'java.lang.Object java.lang.invoke.DirectMethodHandle$Holder.newInvokeSpecial(java.lang.Object, java.lang.Object, int, int)'> (0x00000000c494abb0) 
thrown [s\open\src\hotspot\share\interpreter\linkResolver.cpp, line 773]
Event: 5.156 Thread 0x00000255d02005b0 Exception <a 'java/lang/NoSuchMethodError'{0x00000000c49550f8}: 'void java.lang.invoke.DirectMethodHandle$Holder.invokeStatic(java.lang.Object, java.lang.Object, int)'> (0x00000000c49550f8) 
thrown [s\open\src\hotspot\share\interpreter\linkResolver.cpp, line 773]
Event: 5.210 Thread 0x00000255d02005b0 Exception <a 'java/lang/NoSuchMethodError'{0x00000000c4846be0}: 'java.lang.Object java.lang.invoke.DirectMethodHandle$Holder.newInvokeSpecial(java.lang.Object, java.lang.Object, java.lang.Object, java.lang.Object, java.lang.Object)'> (0x00000000c4846be0) 
thrown [s\open\src\hotspot\share\interpreter\linkResolver.cpp, line 773]
Event: 5.455 Thread 0x00000255f22feb40 Exception <a 'java/lang/NoSuchMethodError'{0x00000000c45293a8}: 'java.lang.Object java.lang.invoke.DirectMethodHandle$Holder.invokeSpecial(java.lang.Object, java.lang.Object, java.lang.Object, java.lang.Object, int)'> (0x00000000c45293a8) 
thrown [s\open\src\hotspot\share\interpreter\linkResolver.cpp, line 773]
Event: 5.456 Thread 0x00000255f22feb40 Exception <a 'java/lang/NoSuchMethodError'{0x00000000c452ccf0}: 'java.lang.Object java.lang.invoke.Invokers$Holder.linkToTargetMethod(java.lang.Object, java.lang.Object, int, java.lang.Object)'> (0x00000000c452ccf0) 
thrown [s\open\src\hotspot\share\interpreter\linkResolver.cpp, line 773]
Event: 5.576 Thread 0x00000255f22feb40 Exception <a 'java/lang/NoSuchMethodError'{0x00000000c456cd88}: 'void java.lang.invoke.DirectMethodHandle$Holder.invokeSpecial(java.lang.Object, java.lang.Object, java.lang.Object, java.lang.Object, java.lang.Object)'> (0x00000000c456cd88) 
thrown [s\open\src\hotspot\share\interpreter\linkResolver.cpp, line 773]
Event: 10.799 Thread 0x00000255f22feb40 Exception <a 'java/lang/NoSuchMethodError'{0x00000000c44d0fc0}: 'void java.lang.invoke.DirectMethodHandle$Holder.invokeSpecial(java.lang.Object, java.lang.Object, java.lang.Object, java.lang.Object, java.lang.Object, java.lang.Object, java.lang.Object)'> (0x00000000c44d0fc0) 
thrown [s\open\src\hotspot\share\interpreter\linkResolver.cpp, line 773]
Event: 10.956 Thread 0x00000255d02005b0 Exception <a 'java/lang/NoSuchMethodError'{0x00000000c4277ed8}: 'java.lang.Object java.lang.invoke.DirectMethodHandle$Holder.invokeSpecialIFC(java.lang.Object, java.lang.Object, java.lang.Object)'> (0x00000000c4277ed8) 
thrown [s\open\src\hotspot\share\interpreter\linkResolver.cpp, line 773]
Event: 11.694 Thread 0x00000255d02005b0 Exception <a 'java/lang/ClassNotFoundException'{0x00000000c3e53dd0}: sun/util/logging/resources/spi/loggingProvider> (0x00000000c3e53dd0) 
thrown [s\open\src\hotspot\share\classfile\systemDictionary.cpp, line 312]
Event: 16.754 Thread 0x00000255d02005b0 Exception <a 'java/lang/NoSuchMethodError'{0x00000000c3ab0a70}: 'long java.lang.invoke.DirectMethodHandle$Holder.invokeStatic(java.lang.Object, java.lang.Object)'> (0x00000000c3ab0a70) 
thrown [s\open\src\hotspot\share\interpreter\linkResolver.cpp, line 773]

ZGC Phase Switch (0 events):
No events

VM Operations (20 events):
Event: 5.102 Executing VM operation: HandshakeAllThreads (Deoptimize)
Event: 5.102 Executing VM operation: HandshakeAllThreads (Deoptimize) done
Event: 5.182 Executing VM operation: HandshakeAllThreads (Deoptimize)
Event: 5.182 Executing VM operation: HandshakeAllThreads (Deoptimize) done
Event: 6.188 Executing VM operation: Cleanup
Event: 6.188 Executing VM operation: Cleanup done
Event: 10.760 Executing VM operation: HandshakeAllThreads (Deoptimize)
Event: 10.760 Executing VM operation: HandshakeAllThreads (Deoptimize) done
Event: 10.766 Executing VM operation: HandshakeAllThreads (Deoptimize)
Event: 10.766 Executing VM operation: HandshakeAllThreads (Deoptimize) done
Event: 10.766 Executing VM operation: Cleanup
Event: 10.766 Executing VM operation: Cleanup done
Event: 11.784 Executing VM operation: Cleanup
Event: 11.784 Executing VM operation: Cleanup done
Event: 12.791 Executing VM operation: Cleanup
Event: 12.791 Executing VM operation: Cleanup done
Event: 14.804 Executing VM operation: Cleanup
Event: 14.805 Executing VM operation: Cleanup done
Event: 16.817 Executing VM operation: Cleanup
Event: 16.818 Executing VM operation: Cleanup done

Events (20 events):
Event: 0.061 Thread 0x00000255ed0d1200 Thread added: 0x00000255ed0d1200
Event: 0.141 Thread 0x00000255ed313820 Thread added: 0x00000255ed313820
Event: 0.147 Thread 0x00000255ed3256b0 Thread added: 0x00000255ed3256b0
Event: 2.524 Thread 0x00000255edd46b80 Thread added: 0x00000255edd46b80
Event: 3.336 Thread 0x00000255edd46b80 Thread exited: 0x00000255edd46b80
Event: 3.452 Thread 0x00000255edd26350 Thread added: 0x00000255edd26350
Event: 4.893 Thread 0x00000255f2363670 Thread added: 0x00000255f2363670
Event: 4.981 Thread 0x00000255f22e2fe0 Thread added: 0x00000255f22e2fe0
Event: 4.986 Thread 0x00000255f22e7660 Thread added: 0x00000255f22e7660
Event: 4.986 Thread 0x00000255f2253b30 Thread added: 0x00000255f2253b30
Event: 4.997 Thread 0x00000255f22541a0 Thread added: 0x00000255f22541a0
Event: 5.088 Thread 0x00000255f22fca70 Thread added: 0x00000255f22fca70
Event: 5.418 Thread 0x00000255f22feb40 Thread added: 0x00000255f22feb40
Event: 5.628 Thread 0x00000255f22fd100 Thread added: 0x00000255f22fd100
Event: 5.630 Thread 0x00000255f22fd790 Thread added: 0x00000255f22fd790
Event: 11.050 Thread 0x00000255f22fe4b0 Thread added: 0x00000255f22fe4b0
Event: 11.053 Thread 0x00000255f22fc3e0 Thread added: 0x00000255f22fc3e0
Event: 11.060 Thread 0x00000255f22ff1d0 Thread added: 0x00000255f22ff1d0
Event: 11.060 Thread 0x00000255f22fbd50 Thread added: 0x00000255f22fbd50
Event: 15.097 Thread 0x00000255f22fca70 Thread exited: 0x00000255f22fca70


Dynamic libraries:
0x00007ff683aa0000 - 0x00007ff683ab0000 	C:\Program Files\Java\jdk-21\bin\javaw.exe
0x00007fff931d0000 - 0x00007fff933c8000 	C:\WINDOWS\SYSTEM32\ntdll.dll
0x00007fff925b0000 - 0x00007fff9266d000 	C:\WINDOWS\System32\KERNEL32.DLL
0x00007fff90eb0000 - 0x00007fff911a6000 	C:\WINDOWS\System32\KERNELBASE.dll
0x00007fff90be0000 - 0x00007fff90ce0000 	C:\WINDOWS\System32\ucrtbase.dll
0x00007fff89680000 - 0x00007fff89699000 	C:\Program Files\Java\jdk-21\bin\jli.dll
0x00007fff928a0000 - 0x00007fff92950000 	C:\WINDOWS\System32\ADVAPI32.dll
0x00007fff92380000 - 0x00007fff9241e000 	C:\WINDOWS\System32\msvcrt.dll
0x00007fff92800000 - 0x00007fff928a0000 	C:\WINDOWS\System32\sechost.dll
0x00007fff92fe0000 - 0x00007fff93103000 	C:\WINDOWS\System32\RPCRT4.dll
0x00007fff909e0000 - 0x00007fff90a07000 	C:\WINDOWS\System32\bcrypt.dll
0x00007fff8c180000 - 0x00007fff8c19b000 	C:\Program Files\Java\jdk-21\bin\VCRUNTIME140.dll
0x00007fff92130000 - 0x00007fff922cf000 	C:\WINDOWS\System32\USER32.dll
0x00007fff90910000 - 0x00007fff90932000 	C:\WINDOWS\System32\win32u.dll
0x00007fff92420000 - 0x00007fff9244b000 	C:\WINDOWS\System32\GDI32.dll
0x00007fff90d90000 - 0x00007fff90ea7000 	C:\WINDOWS\System32\gdi32full.dll
0x00007fff90940000 - 0x00007fff909dd000 	C:\WINDOWS\System32\msvcp_win.dll
0x00007fff82090000 - 0x00007fff8232a000 	C:\WINDOWS\WinSxS\amd64_microsoft.windows.common-controls_6595b64144ccf1df_6.0.19041.4355_none_60b8b9eb71f62e16\COMCTL32.dll
0x00007fff85300000 - 0x00007fff8530a000 	C:\WINDOWS\SYSTEM32\VERSION.dll
0x00007fff91200000 - 0x00007fff91232000 	C:\WINDOWS\System32\IMM32.DLL
0x00007fff8c720000 - 0x00007fff8c72c000 	C:\Program Files\Java\jdk-21\bin\vcruntime140_1.dll
0x00007fff851f0000 - 0x00007fff8527e000 	C:\Program Files\Java\jdk-21\bin\msvcp140.dll
0x00007fff60a00000 - 0x00007fff61717000 	C:\Program Files\Java\jdk-21\bin\server\jvm.dll
0x00007fff92450000 - 0x00007fff924bb000 	C:\WINDOWS\System32\WS2_32.dll
0x00007fff8fdb0000 - 0x00007fff8fdfb000 	C:\WINDOWS\SYSTEM32\POWRPROF.dll
0x00007fff830d0000 - 0x00007fff830f7000 	C:\WINDOWS\SYSTEM32\WINMM.dll
0x00007fff8fc70000 - 0x00007fff8fc82000 	C:\WINDOWS\SYSTEM32\UMPDC.dll
0x00007fff8e700000 - 0x00007fff8e712000 	C:\WINDOWS\SYSTEM32\kernel.appcore.dll
0x00007fff8c650000 - 0x00007fff8c65a000 	C:\Program Files\Java\jdk-21\bin\jimage.dll
0x00007fff7d940000 - 0x00007fff7db24000 	C:\WINDOWS\SYSTEM32\DBGHELP.DLL
0x00007fff7d860000 - 0x00007fff7d894000 	C:\WINDOWS\SYSTEM32\dbgcore.DLL
0x00007fff90880000 - 0x00007fff90902000 	C:\WINDOWS\System32\bcryptPrimitives.dll
0x00007fff858c0000 - 0x00007fff858df000 	C:\Program Files\Java\jdk-21\bin\java.dll
0x00007fff91430000 - 0x00007fff91b9b000 	C:\WINDOWS\System32\SHELL32.dll
0x00007fff8e900000 - 0x00007fff8f09d000 	C:\WINDOWS\SYSTEM32\windows.storage.dll
0x00007fff92a20000 - 0x00007fff92d73000 	C:\WINDOWS\System32\combase.dll
0x00007fff902a0000 - 0x00007fff902ce000 	C:\WINDOWS\SYSTEM32\Wldp.dll
0x00007fff92950000 - 0x00007fff92a1d000 	C:\WINDOWS\System32\OLEAUT32.dll
0x00007fff92670000 - 0x00007fff9271d000 	C:\WINDOWS\System32\SHCORE.dll
0x00007fff913d0000 - 0x00007fff91425000 	C:\WINDOWS\System32\shlwapi.dll
0x00007fff907b0000 - 0x00007fff907d4000 	C:\WINDOWS\SYSTEM32\profapi.dll
0x00007fff85110000 - 0x00007fff851e7000 	C:\Program Files\Java\jdk-21\bin\jsvml.dll
0x00007fff8c170000 - 0x00007fff8c180000 	C:\Program Files\Java\jdk-21\bin\net.dll
0x00007fff85590000 - 0x00007fff8569a000 	C:\WINDOWS\SYSTEM32\WINHTTP.dll
0x00007fff90000000 - 0x00007fff9006a000 	C:\WINDOWS\system32\mswsock.dll
0x00007fff85550000 - 0x00007fff85566000 	C:\Program Files\Java\jdk-21\bin\nio.dll
0x00007fff850f0000 - 0x00007fff85108000 	C:\Program Files\Java\jdk-21\bin\zip.dll
0x00007fff858b0000 - 0x00007fff858b9000 	C:\Program Files\Java\jdk-21\bin\extnet.dll
0x00007fff8fce0000 - 0x00007fff8fdab000 	C:\WINDOWS\SYSTEM32\DNSAPI.dll
0x00007fff8fc90000 - 0x00007fff8fccb000 	C:\WINDOWS\SYSTEM32\IPHLPAPI.DLL
0x00007fff92540000 - 0x00007fff92548000 	C:\WINDOWS\System32\NSI.dll
0x00007fff81340000 - 0x00007fff8134a000 	C:\Windows\System32\rasadhlp.dll
0x00007fff81530000 - 0x00007fff815b0000 	C:\WINDOWS\System32\fwpuclnt.dll
0x00007fff90200000 - 0x00007fff90218000 	C:\WINDOWS\SYSTEM32\CRYPTSP.dll
0x00007fff8f8b0000 - 0x00007fff8f8e4000 	C:\WINDOWS\system32\rsaenh.dll
0x00007fff90720000 - 0x00007fff9074e000 	C:\WINDOWS\SYSTEM32\USERENV.dll
0x00007fff901f0000 - 0x00007fff901fc000 	C:\WINDOWS\SYSTEM32\CRYPTBASE.dll
0x00007fff89850000 - 0x00007fff8985e000 	C:\Program Files\Java\jdk-21\bin\sunmscapi.dll
0x00007fff90a10000 - 0x00007fff90b6e000 	C:\WINDOWS\System32\CRYPT32.dll
0x00007fff90310000 - 0x00007fff90339000 	C:\WINDOWS\SYSTEM32\ncrypt.dll
0x00007fff902d0000 - 0x00007fff9030b000 	C:\WINDOWS\SYSTEM32\NTASN1.dll
0x00007fff849f0000 - 0x00007fff849f7000 	C:\WINDOWS\system32\wshunix.dll

dbghelp: loaded successfully - version: 4.0.5 - missing functions: none
symbol engine: initialized successfully - sym options: 0x614 - pdb path: .;C:\Program Files\Java\jdk-21\bin;C:\WINDOWS\SYSTEM32;C:\WINDOWS\WinSxS\amd64_microsoft.windows.common-controls_6595b64144ccf1df_6.0.19041.4355_none_60b8b9eb71f62e16;C:\Program Files\Java\jdk-21\bin\server

VM Arguments:
jvm_args: -Dfile.encoding=UTF-8 -Dstdout.encoding=UTF-8 -Dstderr.encoding=UTF-8 -XX:+ShowCodeDetailsInExceptionMessages 
java_command: reports.Report
java_class_path (initial): C:\Users\Akshay\eclipse-workspace\selenium-id1\target\classes;C:\Users\Akshay\.m2\repository\org\seleniumhq\selenium\selenium-java\4.15.0\selenium-java-4.15.0.jar;C:\Users\Akshay\.m2\repository\org\seleniumhq\selenium\selenium-api\4.15.0\selenium-api-4.15.0.jar;C:\Users\Akshay\.m2\repository\org\seleniumhq\selenium\selenium-chrome-driver\4.15.0\selenium-chrome-driver-4.15.0.jar;C:\Users\Akshay\.m2\repository\com\google\auto\service\auto-service-annotations\1.1.1\auto-service-annotations-1.1.1.jar;C:\Users\Akshay\.m2\repository\org\seleniumhq\selenium\selenium-chromium-driver\4.15.0\selenium-chromium-driver-4.15.0.jar;C:\Users\Akshay\.m2\repository\org\seleniumhq\selenium\selenium-json\4.15.0\selenium-json-4.15.0.jar;C:\Users\Akshay\.m2\repository\org\seleniumhq\selenium\selenium-manager\4.15.0\selenium-manager-4.15.0.jar;C:\Users\Akshay\.m2\repository\org\seleniumhq\selenium\selenium-devtools-v117\4.15.0\selenium-devtools-v117-4.15.0.jar;C:\Users\Akshay\.m2\repository\org\seleniumhq\selenium\selenium-devtools-v118\4.15.0\selenium-devtools-v118-4.15.0.jar;C:\Users\Akshay\.m2\repository\org\seleniumhq\selenium\selenium-devtools-v119\4.15.0\selenium-devtools-v119-4.15.0.jar;C:\Users\Akshay\.m2\repository\org\seleniumhq\selenium\selenium-devtools-v85\4.15.0\selenium-devtools-v85-4.15.0.jar;C:\Users\Akshay\.m2\repository\org\seleniumhq\selenium\selenium-edge-driver\4.15.0\selenium-edge-driver-4.15.0.jar;C:\Users\Akshay\.m2\repository\org\seleniumhq\selenium\selenium-firefox-driver\4.15.0\selenium-firefox-driver-4.15.0.jar;C:\Users\Akshay\.m2\repository\org\seleniumhq\selenium\selenium-http\4.15.0\selenium-http-4.15.0.jar;C:\Users\Akshay\.m2\repository\dev\failsafe\failsafe\3.3.2\failsafe-3.3.2.jar;C:\Users\Akshay\.m2\repository\org\seleniumhq\selenium\selenium-ie-driver\4.15.0\selenium-ie-driver-4.15.0.jar;C:\Users\Akshay\.m2\repository\org\seleniumhq\selenium\selenium-remote-driver\4.15.0\selenium-remote-driver-4.15.0.jar;C:\Users\Akshay\.m2\repository\com\google\guava\guava\32.1.2-jre\guava-32.1.2-jre.jar;C:\Users\Akshay\.m2\repository\com\google\guava\failureaccess\1.0.1\failureaccess-1.0.1.jar;C:\Users\Akshay\.m2\repository\com\google\guava\listenablefuture\9999.0-empty-to-avoid-conflict-with-guava\listenablefuture-9999.0-empty-to-avoid-conflict-with-guava.jar;C:\Users\Akshay\.m2\repository\com\google\code\findbugs\jsr305\3.0.2\jsr305-3.0.2.jar;C:\Users\Akshay\.m2\repository\org\checkerframework\checker-qual\3.33.0\checker-qual-3.33.0.jar;C:\Users\Akshay\.m2\repository\com\google\errorprone\error_prone_annotations\2.18.0\error_prone_annotations-2.18.0.jar;C:\Users\Akshay\.m2\repository\com\google\j2objc\j2objc-annotations\2.8\j2objc-annotations-2.8.jar;C:\Users\Akshay\.m2\repository\io\opentelemetry\opentelemetry-api\1.28.0\opentelemetry-api-1.28.0.jar;C:\Users\Akshay\.m2\repository\io\opentelemetry\opentelemetry-context\1.28.0\opentelemetry-context-1.28.0.jar;C:\Users\Akshay\.m2\repository\io\opentelemetry\opentelemetry-exporter-logging\1.28.0\opentelemetry-exporter-logging-1.28.0.jar;C:\Users\Akshay\.m2\repository\io\opentelemetry\opentelemetry-sdk-metrics\1.28.0\opentelemetry-sdk-metrics-1.28.0.jar;C:\Users\Akshay\.m2\repository\io\opentelemetry\opentelemetry-extension-incubator\1.28.0-alpha\opentelemetry-extension-incubator-1.28.0-alpha.jar;C:\Users\Akshay\.m2\repository\io\opentelemetry\opentelemetry-sdk-logs\1.28.0\opentelemetry-sdk-logs-1.28.0.jar;C:\Users\Akshay\.m2\repository\io\opentelemetry\opentelemetry-sdk-common\1.28.0\opentelemetry-sdk-common-1.28.0.jar;C:\Users\Akshay\.m2\repository\io\opentelemetry\opentelemetry-sdk-extension-autoconfigure-spi\1.28.0\opentelemetry-sdk-extension-autoconfigure-spi-1.28.0.jar;C:\Users\Akshay\.m2\repository\io\opentelemetry\opentelemetry-sdk-extension-autoconfigure\1.28.0\opentelemetry-sdk-extension-autoconfigure-1.28.0.jar;C:\Users\Akshay\.m2\repository\io\opentelemetry\opentelemetry-api-events\1.28.0-alpha\opentelemetry-api-events-1.28.0-alpha.jar;C:\Users\Akshay\.m2\repository\io\opentelemetry\opentelemetry-sdk-trace\1.28.0\opentelemetry-sdk-trace-1.28.0.jar;C:\Users\Akshay\.m2\repository\io\opentelemetry\opentelemetry-sdk\1.28.0\opentelemetry-sdk-1.28.0.jar;C:\Users\Akshay\.m2\repository\io\opentelemetry\opentelemetry-semconv\1.28.0-alpha\opentelemetry-semconv-1.28.0-alpha.jar;C:\Users\Akshay\.m2\repository\net\bytebuddy\byte-buddy\1.14.5\byte-buddy-1.14.5.jar;C:\Users\Akshay\.m2\repository\org\seleniumhq\selenium\selenium-os\4.15.0\selenium-os-4.15.0.jar;C:\Users\Akshay\.m2\repository\org\apache\commons\commons-exec\1.3\commons-exec-1.3.jar;C:\Users\Akshay\.m2\repository\org\seleniumhq\selenium\selenium-safari-driver\4.15.0\selenium-safari-driver-4.15.0.jar;C:\Users\Akshay\.m2\repository\org\seleniumhq\selenium\selenium-support\4.15.0\selenium-support-4.15.0.jar;C:\Users\Akshay\.m2\repository\com\aventstack\extentreports\5.0.9\extentreports-5.0.9.jar;C:\Users\Akshay\.m2\repository\io\reactivex\rxjava3\rxjava\3.0.4\rxjava-3.0.4.jar;C:\Users\Akshay\.m2\repository\org\reactivestreams\reactive-streams\1.0.3\reactive-streams-1.0.3.jar;C:\Users\Akshay\.m2\repository\org\freemarker\freemarker\2.3.30\freemarker-2.3.30.jar;C:\Users\Akshay\.m2\repository\org\projectlombok\lombok\1.18.12\lombok-1.18.12.jar;C:\Users\Akshay\.m2\repository\com\google\code\gson\gson\2.8.6\gson-2.8.6.jar
Launcher Type: SUN_STANDARD

[Global flags]
     intx CICompilerCount                          = 3                                         {product} {ergonomic}
     uint ConcGCThreads                            = 1                                         {product} {ergonomic}
     uint G1ConcRefinementThreads                  = 4                                         {product} {ergonomic}
   size_t G1HeapRegionSize                         = 1048576                                   {product} {ergonomic}
    uintx GCDrainStackTargetSize                   = 64                                        {product} {ergonomic}
   size_t InitialHeapSize                          = 67108864                                  {product} {ergonomic}
   size_t MarkStackSize                            = 4194304                                   {product} {ergonomic}
   size_t MaxHeapSize                              = 1056964608                                {product} {ergonomic}
   size_t MaxNewSize                               = 633339904                                 {product} {ergonomic}
   size_t MinHeapDeltaBytes                        = 1048576                                   {product} {ergonomic}
   size_t MinHeapSize                              = 8388608                                   {product} {ergonomic}
    uintx NonNMethodCodeHeapSize                   = 5832780                                {pd product} {ergonomic}
    uintx NonProfiledCodeHeapSize                  = 122912730                              {pd product} {ergonomic}
    uintx ProfiledCodeHeapSize                     = 122912730                              {pd product} {ergonomic}
    uintx ReservedCodeCacheSize                    = 251658240                              {pd product} {ergonomic}
     bool SegmentedCodeCache                       = true                                      {product} {ergonomic}
     bool ShowCodeDetailsInExceptionMessages       = true                                   {manageable} {command line}
   size_t SoftMaxHeapSize                          = 1056964608                             {manageable} {ergonomic}
     bool UseCompressedOops                        = true                           {product lp64_product} {ergonomic}
     bool UseG1GC                                  = true                                      {product} {ergonomic}
     bool UseLargePagesIndividualAllocation        = false                                  {pd product} {ergonomic}

Logging:
Log output configuration:
 #0: stdout all=warning uptime,level,tags foldmultilines=false
 #1: stderr all=off uptime,level,tags foldmultilines=false

Environment Variables:
JAVA_HOME=C:\Program Files\Java\jdk-21
PATH=C:\Program Files\Common Files\Oracle\Java\javapath;C:\WINDOWS\system32;C:\WINDOWS;C:\WINDOWS\System32\Wbem;C:\WINDOWS\System32\WindowsPowerShell\v1.0\;C:\WINDOWS\System32\OpenSSH\;C:\Program Files\Git\cmd;C:\Program Files\Java\jdk-21\bin;C:\Program Files\Java\jdk-21\bin;C:\Program Files\MySQL\MySQL Shell 8.0\bin\;C:\Users\Akshay\AppData\Local\Microsoft\WindowsApps;;C:\Program Files\JetBrains\PyCharm Community Edition 2022.2.1\bin;;C:\Program Files\heroku\bin
USERNAME=Akshay
OS=Windows_NT
PROCESSOR_IDENTIFIER=Intel64 Family 6 Model 69 Stepping 1, GenuineIntel
TMP=C:\Users\Akshay\AppData\Local\Temp
TEMP=C:\Users\Akshay\AppData\Local\Temp




Periodic native trim disabled

---------------  S Y S T E M  ---------------

OS:
 Windows 10 , 64 bit Build 19041 (10.0.19041.3636)
OS uptime: 5 days 14:52 hours

CPU: total 4 (initial active 4) (2 cores per cpu, 2 threads per core) family 6 model 69 stepping 1 microcode 0x25, cx8, cmov, fxsr, ht, mmx, sse, sse2, sse3, ssse3, sse4.1, sse4.2, popcnt, lzcnt, tsc, tscinvbit, avx, avx2, aes, erms, clmul, bmi1, bmi2, fma, vzeroupper, clflush, rdtscp, f16c
Processor Information for all 4 processors :
  Max Mhz: 2401, Current Mhz: 2401, Mhz Limit: 2401

Memory: 4k page, system-wide physical 4027M (67M free)
TotalPageFile size 16315M (AvailPageFile size 2M)
current process WorkingSet (physical memory assigned to process): 103M, peak: 107M
current process commit charge ("private bytes"): 169M, peak: 177M

vm_info: Java HotSpot(TM) 64-Bit Server VM (21.0.2+13-LTS-58) for windows-amd64 JRE (21.0.2+13-LTS-58), built on 2024-01-05T18:32:24Z by "mach5one" with MS VC++ 17.1 (VS2022)

END.
