#
# There is insufficient memory for the Java Runtime Environment to continue.
# Native memory allocation (malloc) failed to allocate 34112 bytes for Chunk::new
# Possible reasons:
#   The system is out of physical RAM or swap space
#   The process is running with CompressedOops enabled, and the Java Heap may be blocking the growth of the native heap
# Possible solutions:
#   Reduce memory load on the system
#   Increase physical memory or swap space
#   Check if swap backing store is full
#   Decrease Java heap size (-Xmx/-Xms)
#   Decrease number of Java threads
#   Decrease Java thread stack sizes (-Xss)
#   Set larger code cache with -XX:ReservedCodeCacheSize=
#   JVM is running with Unscaled Compressed Oops mode in which the Java heap is
#     placed in the first 4GB address space. The Java Heap base address is the
#     maximum limit for the native heap growth. Please use -XX:HeapBaseMinAddress
#     to set the Java Heap base and to place the Java Heap above 4GB virtual address.
# This output file may be truncated or incomplete.
#
#  Out of Memory Error (arena.cpp:168), pid=12316, tid=22384
#
# JRE version: Java(TM) SE Runtime Environment (21.0.2+13) (build 21.0.2+13-LTS-58)
# Java VM: Java HotSpot(TM) 64-Bit Server VM (21.0.2+13-LTS-58, mixed mode, sharing, tiered, compressed oops, compressed class ptrs, g1 gc, windows-amd64)
# No core dump will be written. Minidumps are not enabled by default on client versions of Windows
#

---------------  S U M M A R Y ------------

Command Line: -Dfile.encoding=UTF-8 -Dstdout.encoding=UTF-8 -Dstderr.encoding=UTF-8 -XX:+ShowCodeDetailsInExceptionMessages selenium_maven.selenium_id1.Browser_launched_by_extend_class

Host: Intel(R) Core(TM) i5-4210U CPU @ 1.70GHz, 4 cores, 3G,  Windows 10 , 64 bit Build 19041 (10.0.19041.3636)
Time: Tue May 21 13:32:55 2024 India Standard Time elapsed time: 3.802016 seconds (0d 0h 0m 3s)

---------------  T H R E A D  ---------------

Current thread (0x0000027e9e4190c0):  JavaThread "Forwarding newSession on session null to remote"        [_thread_in_vm, id=22384, stack(0x000000ce0ee00000,0x000000ce0ef00000) (1024K)]

Stack: [0x000000ce0ee00000,0x000000ce0ef00000]
Native frames: (J=compiled Java code, j=interpreted, Vv=VM code, C=native code)
V  [jvm.dll+0x6cade9]
V  [jvm.dll+0x8569c1]
V  [jvm.dll+0x858d2e]
V  [jvm.dll+0x859413]
V  [jvm.dll+0x280e56]
V  [jvm.dll+0xc3f3d]
V  [jvm.dll+0xc4473]
V  [jvm.dll+0x2206f5]
V  [jvm.dll+0x21f636]
V  [jvm.dll+0x7cec21]
V  [jvm.dll+0x7cfc85]
V  [jvm.dll+0x7d022f]
V  [jvm.dll+0x7cfed8]
V  [jvm.dll+0x26ed7b]
V  [jvm.dll+0x26efaa]
V  [jvm.dll+0x5d0147]
V  [jvm.dll+0x5d30ff]
V  [jvm.dll+0x3d7870]
V  [jvm.dll+0x3d6eed]
C  0x0000027eaddc96e0

The last pc belongs to invokestatic (printed below).
Java frames: (J=compiled Java code, j=interpreted, Vv=VM code)
j  java.util.Arrays.sort([C)V+4 java.base@21.0.2
j  com.google.common.base.CharMatcher$AnyOf.<init>(Ljava/lang/CharSequence;)V+21
j  com.google.common.base.CharMatcher.anyOf(Ljava/lang/CharSequence;)Lcom/google/common/base/CharMatcher;+70
j  com.google.common.base.CharMatcher.noneOf(Ljava/lang/CharSequence;)Lcom/google/common/base/CharMatcher;+1
j  com.google.common.net.MediaType.<clinit>()V+39
v  ~StubRoutines::call_stub 0x0000027eaddb100d
j  org.openqa.selenium.remote.http.HttpMessage.getContentEncoding()Ljava/nio/charset/Charset;+16
j  org.openqa.selenium.remote.http.HttpResponse.getContentEncoding()Ljava/nio/charset/Charset;+1
j  org.openqa.selenium.remote.http.Contents.string(Lorg/openqa/selenium/remote/http/HttpMessage;)Ljava/lang/String;+5
j  org.openqa.selenium.remote.ProtocolHandshake.createSession(Lorg/openqa/selenium/remote/http/HttpHandler;Ljava/util/function/Supplier;J)Lorg/openqa/selenium/internal/Either;+75
j  org.openqa.selenium.remote.ProtocolHandshake.createSession(Lorg/openqa/selenium/remote/http/HttpHandler;Lorg/openqa/selenium/remote/NewSessionPayload;)Lorg/openqa/selenium/internal/Either;+78
j  org.openqa.selenium.remote.ProtocolHandshake.createSession(Lorg/openqa/selenium/remote/http/HttpHandler;Lorg/openqa/selenium/remote/Command;)Lorg/openqa/selenium/remote/ProtocolHandshake$Result;+53
j  org.openqa.selenium.remote.HttpCommandExecutor.execute(Lorg/openqa/selenium/remote/Command;)Lorg/openqa/selenium/remote/Response;+122
j  org.openqa.selenium.remote.service.DriverCommandExecutor.invokeExecute(Lorg/openqa/selenium/remote/Command;)Lorg/openqa/selenium/remote/Response;+2
j  org.openqa.selenium.remote.service.DriverCommandExecutor.execute(Lorg/openqa/selenium/remote/Command;)Lorg/openqa/selenium/remote/Response;+195
j  org.openqa.selenium.remote.RemoteWebDriver.execute(Lorg/openqa/selenium/remote/CommandPayload;)Lorg/openqa/selenium/remote/Response;+77
j  org.openqa.selenium.remote.RemoteWebDriver.startSession(Lorg/openqa/selenium/Capabilities;)V+18
j  org.openqa.selenium.remote.RemoteWebDriver.<init>(Lorg/openqa/selenium/remote/CommandExecutor;Lorg/openqa/selenium/Capabilities;)V+88
j  org.openqa.selenium.chromium.ChromiumDriver.<init>(Lorg/openqa/selenium/remote/CommandExecutor;Lorg/openqa/selenium/Capabilities;Ljava/lang/String;)V+3
j  org.openqa.selenium.chrome.ChromeDriver.<init>(Lorg/openqa/selenium/chrome/ChromeDriverService;Lorg/openqa/selenium/chrome/ChromeOptions;Lorg/openqa/selenium/remote/http/ClientConfig;)V+10
j  org.openqa.selenium.chrome.ChromeDriver.<init>(Lorg/openqa/selenium/chrome/ChromeDriverService;Lorg/openqa/selenium/chrome/ChromeOptions;)V+6
j  org.openqa.selenium.chrome.ChromeDriver.<init>()V+11
j  dynamic_code.Dynamic_Launchbrowser.launch_Browser(Ljava/lang/String;)V+13
j  selenium_maven.selenium_id1.Browser_launched_by_extend_class.main([Ljava/lang/String;)V+2
v  ~StubRoutines::call_stub 0x0000027eaddb100d
invokestatic  184 invokestatic  [0x0000027eaddc9640, 0x0000027eaddc98e8]  680 bytes
[MachCode]
  0x0000027eaddc9640: 4883 ec08 | c5fa 1104 | 24eb 1f48 | 83ec 10c5 | fb11 0424 | eb14 4883 | ec10 4889 | 0424 48c7 
  0x0000027eaddc9660: 4424 0800 | 0000 00eb | 0150 4c89 | 6dc0 410f | b755 0148 | 8b4d d0c1 | e202 8b5c | d138 c1eb 
  0x0000027eaddc9680: 1081 e3ff | 0000 0081 | fbb8 0000 | 000f 84b4 | 0000 00bb | b800 0000 | e805 0000 | 00e9 9900 
  0x0000027eaddc96a0: 0000 488b | d348 8d44 | 2408 4c89 | 6dc0 498b | cfc5 f877 | 4989 afa8 | 0300 0049 | 8987 9803 
  0x0000027eaddc96c0: 0000 4883 | ec20 40f6 | c40f 0f84 | 1900 0000 | 4883 ec08 | 48b8 806e | d985 fc7f | 0000 ffd0 
  0x0000027eaddc96e0: 4883 c408 | e90c 0000 | 0048 b880 | 6ed9 85fc | 7f00 00ff | d048 83c4 | 2049 c787 | 9803 0000 
  0x0000027eaddc9700: 0000 0000 | 49c7 87a8 | 0300 0000 | 0000 0049 | c787 a003 | 0000 0000 | 0000 c5f8 | 7749 837f 
  0x0000027eaddc9720: 0800 0f84 | 0500 0000 | e9d3 77fe | ff4c 8b6d | c04c 8b75 | c84e 8d74 | f500 c341 | 0fb7 5501 
  0x0000027eaddc9740: 488b 4dd0 | c1e2 0248 | 8b5c d140 | 488b 5b08 | 488b 5b08 | 488b 5b18 | 80bb 2001 | 0000 050f 
  0x0000027eaddc9760: 840d 0000 | 004c 3bbb | 3001 0000 | 0f85 21ff | ffff 488b | 5cd1 408b | 54d1 50c1 | ea1c 49ba 
  0x0000027eaddc9780: 10c6 6086 | fc7f 0000 | 498b 14d2 | 5248 8b45 | d848 85c0 | 0f84 1200 | 0000 4883 | 4008 0148 
  0x0000027eaddc97a0: 8358 0800 | 4883 c010 | 4889 45d8 | 488b 45d8 | 4885 c00f | 8423 0100 | 0080 78f0 | 0a0f 8519 
  0x0000027eaddc97c0: 0100 0048 | 83c0 084c | 8b68 f841 | 83ed 0041 | 83fd 020f | 8cf8 0000 | 004c 8b6b | 0845 0fb7 
  0x0000027eaddc97e0: 6d2e 4c2b | 2841 83ed | 014e 8b6c | ec08 4d85 | ed75 0748 | 8348 0801 | eb4a 458b | 6d08 49ba 
  0x0000027eaddc9800: 0000 00b9 | 7e02 0000 | 4d03 ea4c | 3368 0849 | f7c5 fcff | ffff 742c | 41f6 c502 | 7526 4883 
  0x0000027eaddc9820: 7808 0074 | 1b48 8378 | 0801 7414 | 4c33 6808 | 49f7 c5fc | ffff ff74 | 0b48 8348 | 0802 eb04 
  0x0000027eaddc9840: 4c89 6808 | 4883 c010 | 4c8b 68e8 | 4183 ed02 | 4183 fd02 | 0f8c 7700 | 0000 4c8b | 6b08 450f 
  0x0000027eaddc9860: b76d 2e4c | 2b28 4183 | ed01 4e8b | 6cec 084d | 85ed 7507 | 4883 4808 | 01eb 4a45 | 8b6d 0849 
  0x0000027eaddc9880: ba00 0000 | b97e 0200 | 004d 03ea | 4c33 6808 | 49f7 c5fc | ffff ff74 | 2c41 f6c5 | 0275 2648 
  0x0000027eaddc98a0: 8378 0800 | 741b 4883 | 7808 0174 | 144c 3368 | 0849 f7c5 | fcff ffff | 740b 4883 | 4808 02eb 
  0x0000027eaddc98c0: 044c 8968 | 0848 83c0 | 104c 8b68 | d841 83ed | 0441 c1e5 | 0349 03c5 | 4889 45d8 | 4c8d 6c24 
  0x0000027eaddc98e0: 084c 896d | f0ff 6350 
[/MachCode]

---------------  P R O C E S S  ---------------

Threads class SMR info:
_java_thread_list=0x0000027efa5a9ef0, length=21, elements={
0x0000027e9e4190c0, 0x0000027efa135740, 0x0000027efa13a2d0, 0x0000027efa13dfd0,
0x0000027efa13ea30, 0x0000027efa1414a0, 0x0000027efa145400, 0x0000027efa1481a0,
0x0000027efa148c40, 0x0000027efa393a90, 0x0000027efa3c02c0, 0x0000027efac639f0,
0x0000027efad3b720, 0x0000027efada8900, 0x0000027efada8f70, 0x0000027efadb57b0,
0x0000027efae4bf10, 0x0000027efae55080, 0x0000027e8007f580, 0x0000027e8007fc10,
0x0000027e8007eef0
}

Java Threads: ( => current thread )
=>0x0000027e9e4190c0 JavaThread "Forwarding newSession on session null to remote"        [_thread_in_vm, id=22384, stack(0x000000ce0ee00000,0x000000ce0ef00000) (1024K)]
  0x0000027efa135740 JavaThread "Reference Handler"          daemon [_thread_blocked, id=22700, stack(0x000000ce0f600000,0x000000ce0f700000) (1024K)]
  0x0000027efa13a2d0 JavaThread "Finalizer"                  daemon [_thread_blocked, id=22212, stack(0x000000ce0f700000,0x000000ce0f800000) (1024K)]
  0x0000027efa13dfd0 JavaThread "Signal Dispatcher"          daemon [_thread_blocked, id=23288, stack(0x000000ce0f800000,0x000000ce0f900000) (1024K)]
  0x0000027efa13ea30 JavaThread "Attach Listener"            daemon [_thread_blocked, id=21008, stack(0x000000ce0f900000,0x000000ce0fa00000) (1024K)]
  0x0000027efa1414a0 JavaThread "Service Thread"             daemon [_thread_blocked, id=21000, stack(0x000000ce0fa00000,0x000000ce0fb00000) (1024K)]
  0x0000027efa145400 JavaThread "Monitor Deflation Thread"   daemon [_thread_blocked, id=4252, stack(0x000000ce0fb00000,0x000000ce0fc00000) (1024K)]
  0x0000027efa1481a0 JavaThread "C2 CompilerThread0"         daemon [_thread_blocked, id=3968, stack(0x000000ce0fc00000,0x000000ce0fd00000) (1024K)]
  0x0000027efa148c40 JavaThread "C1 CompilerThread0"         daemon [_thread_blocked, id=8392, stack(0x000000ce0fd00000,0x000000ce0fe00000) (1024K)]
  0x0000027efa393a90 JavaThread "Notification Thread"        daemon [_thread_blocked, id=15576, stack(0x000000ce0fe00000,0x000000ce0ff00000) (1024K)]
  0x0000027efa3c02c0 JavaThread "Common-Cleaner"             daemon [_thread_blocked, id=19676, stack(0x000000ce0ff00000,0x000000ce10000000) (1024K)]
  0x0000027efac639f0 JavaThread "ForkJoinPool.commonPool-worker-1" daemon [_thread_blocked, id=21208, stack(0x000000ce10000000,0x000000ce10100000) (1024K)]
  0x0000027efad3b720 JavaThread "HttpClient-1-SelectorManager" daemon [_thread_in_native, id=23360, stack(0x000000ce10400000,0x000000ce10500000) (1024K)]
  0x0000027efada8900 JavaThread "Thread-2"                          [_thread_in_native, id=17100, stack(0x000000ce10500000,0x000000ce10600000) (1024K)]
  0x0000027efada8f70 JavaThread "Driver Service Executor"    daemon [_thread_blocked, id=19084, stack(0x000000ce10600000,0x000000ce10700000) (1024K)]
  0x0000027efadb57b0 JavaThread "Driver Service Executor"    daemon [_thread_in_native, id=2912, stack(0x000000ce10700000,0x000000ce10800000) (1024K)]
  0x0000027efae4bf10 JavaThread "UrlChecker-2"               daemon [_thread_blocked, id=23040, stack(0x000000ce10800000,0x000000ce10900000) (1024K)]
  0x0000027efae55080 JavaThread "Keep-Alive-Timer"           daemon [_thread_blocked, id=22696, stack(0x000000ce10a00000,0x000000ce10b00000) (1024K)]
  0x0000027e8007f580 JavaThread "pool-1-thread-1"                   [_thread_blocked, id=24476, stack(0x000000ce10b00000,0x000000ce10c00000) (1024K)]
  0x0000027e8007fc10 JavaThread "pool-1-thread-2"                   [_thread_blocked, id=7080, stack(0x000000ce10c00000,0x000000ce10d00000) (1024K)]
  0x0000027e8007eef0 JavaThread "pool-1-thread-3"                   [_thread_blocked, id=14616, stack(0x000000ce10d00000,0x000000ce10e00000) (1024K)]
Total: 21

Other Threads:
  0x0000027e9e4d5ec0 VMThread "VM Thread"                           [id=21432, stack(0x000000ce0f500000,0x000000ce0f600000) (1024K)]
  0x0000027efa11d520 WatcherThread "VM Periodic Task Thread"        [id=21884, stack(0x000000ce0f400000,0x000000ce0f500000) (1024K)]
  0x0000027e9e451900 WorkerThread "GC Thread#0"                     [id=18412, stack(0x000000ce0ef00000,0x000000ce0f000000) (1024K)]
  0x0000027efa652eb0 WorkerThread "GC Thread#1"                     [id=16008, stack(0x000000ce10100000,0x000000ce10200000) (1024K)]
  0x0000027efad40af0 WorkerThread "GC Thread#2"                     [id=4140, stack(0x000000ce10200000,0x000000ce10300000) (1024K)]
  0x0000027efad7bbd0 WorkerThread "GC Thread#3"                     [id=22972, stack(0x000000ce10300000,0x000000ce10400000) (1024K)]
  0x0000027e9e45b030 ConcurrentGCThread "G1 Main Marker"            [id=23260, stack(0x000000ce0f000000,0x000000ce0f100000) (1024K)]
  0x0000027e9e45bb30 WorkerThread "G1 Conc#0"                       [id=22244, stack(0x000000ce0f100000,0x000000ce0f200000) (1024K)]
  0x0000027e9e4b55d0 ConcurrentGCThread "G1 Refine#0"               [id=7304, stack(0x000000ce0f200000,0x000000ce0f300000) (1024K)]
  0x0000027e9e4b6140 ConcurrentGCThread "G1 Service"                [id=18660, stack(0x000000ce0f300000,0x000000ce0f400000) (1024K)]
Total: 10

Threads with active compile tasks:
Total: 0

VM state: not at safepoint (normal execution)

VM Mutex/Monitor currently owned by a thread: None

Heap address: 0x00000000c1000000, size: 1008 MB, Compressed Oops mode: 32-bit

CDS archive(s) mapped at: [0x0000027eb9000000-0x0000027eb9c90000-0x0000027eb9c90000), size 13172736, SharedBaseAddress: 0x0000027eb9000000, ArchiveRelocationMode: 1.
Compressed class space mapped at: 0x0000027eba000000-0x0000027efa000000, reserved size: 1073741824
Narrow klass base: 0x0000027eb9000000, Narrow klass shift: 0, Narrow klass range: 0x100000000

GC Precious Log:
 CardTable entry size: 512
 Card Set container configuration: InlinePtr #cards 5 size 8 Array Of Cards #cards 12 size 40 Howl #buckets 4 coarsen threshold 1843 Howl Bitmap #cards 512 size 80 coarsen threshold 460 Card regions per heap region 1 cards per card region 2048
 CPUs: 4 total, 4 available
 Memory: 4027M
 Large Page Support: Disabled
 NUMA Support: Disabled
 Compressed Oops: Enabled (32-bit)
 Heap Region Size: 1M
 Heap Min Capacity: 8M
 Heap Initial Capacity: 64M
 Heap Max Capacity: 1008M
 Pre-touch: Disabled
 Parallel Workers: 4
 Concurrent Workers: 1
 Concurrent Refinement Workers: 4
 Periodic GC: Disabled

Heap:
 garbage-first heap   total 65536K, used 7858K [0x00000000c1000000, 0x0000000100000000)
  region size 1024K, 5 young (5120K), 2 survivors (2048K)
 Metaspace       used 12165K, committed 12480K, reserved 1114112K
  class space    used 1472K, committed 1600K, reserved 1048576K

Heap Regions: E=young(eden), S=young(survivor), O=old, HS=humongous(starts), HC=humongous(continues), CS=collection set, F=free, TAMS=top-at-mark-start, PB=parsable bottom
|   0|0x00000000c1000000, 0x00000000c1100000, 0x00000000c1100000|100%| O|  |TAMS 0x00000000c1000000| PB 0x00000000c1000000| Untracked 
|   1|0x00000000c1100000, 0x00000000c1200000, 0x00000000c1200000|100%| O|  |TAMS 0x00000000c1100000| PB 0x00000000c1100000| Untracked 
|   2|0x00000000c1200000, 0x00000000c1300000, 0x00000000c1300000|100%| O|  |TAMS 0x00000000c1200000| PB 0x00000000c1200000| Untracked 
|   3|0x00000000c1300000, 0x00000000c1400000, 0x00000000c1400000|100%| O|  |TAMS 0x00000000c1300000| PB 0x00000000c1300000| Untracked 
|   4|0x00000000c1400000, 0x00000000c1400000, 0x00000000c1500000|  0%| F|  |TAMS 0x00000000c1400000| PB 0x00000000c1400000| Untracked 
|   5|0x00000000c1500000, 0x00000000c1500000, 0x00000000c1600000|  0%| F|  |TAMS 0x00000000c1500000| PB 0x00000000c1500000| Untracked 
|   6|0x00000000c1600000, 0x00000000c1600000, 0x00000000c1700000|  0%| F|  |TAMS 0x00000000c1600000| PB 0x00000000c1600000| Untracked 
|   7|0x00000000c1700000, 0x00000000c1700000, 0x00000000c1800000|  0%| F|  |TAMS 0x00000000c1700000| PB 0x00000000c1700000| Untracked 
|   8|0x00000000c1800000, 0x00000000c1800000, 0x00000000c1900000|  0%| F|  |TAMS 0x00000000c1800000| PB 0x00000000c1800000| Untracked 
|   9|0x00000000c1900000, 0x00000000c1900000, 0x00000000c1a00000|  0%| F|  |TAMS 0x00000000c1900000| PB 0x00000000c1900000| Untracked 
|  10|0x00000000c1a00000, 0x00000000c1a00000, 0x00000000c1b00000|  0%| F|  |TAMS 0x00000000c1a00000| PB 0x00000000c1a00000| Untracked 
|  11|0x00000000c1b00000, 0x00000000c1b00000, 0x00000000c1c00000|  0%| F|  |TAMS 0x00000000c1b00000| PB 0x00000000c1b00000| Untracked 
|  12|0x00000000c1c00000, 0x00000000c1c00000, 0x00000000c1d00000|  0%| F|  |TAMS 0x00000000c1c00000| PB 0x00000000c1c00000| Untracked 
|  13|0x00000000c1d00000, 0x00000000c1d00000, 0x00000000c1e00000|  0%| F|  |TAMS 0x00000000c1d00000| PB 0x00000000c1d00000| Untracked 
|  14|0x00000000c1e00000, 0x00000000c1e00000, 0x00000000c1f00000|  0%| F|  |TAMS 0x00000000c1e00000| PB 0x00000000c1e00000| Untracked 
|  15|0x00000000c1f00000, 0x00000000c1f00000, 0x00000000c2000000|  0%| F|  |TAMS 0x00000000c1f00000| PB 0x00000000c1f00000| Untracked 
|  16|0x00000000c2000000, 0x00000000c2000000, 0x00000000c2100000|  0%| F|  |TAMS 0x00000000c2000000| PB 0x00000000c2000000| Untracked 
|  17|0x00000000c2100000, 0x00000000c2100000, 0x00000000c2200000|  0%| F|  |TAMS 0x00000000c2100000| PB 0x00000000c2100000| Untracked 
|  18|0x00000000c2200000, 0x00000000c2200000, 0x00000000c2300000|  0%| F|  |TAMS 0x00000000c2200000| PB 0x00000000c2200000| Untracked 
|  19|0x00000000c2300000, 0x00000000c2300000, 0x00000000c2400000|  0%| F|  |TAMS 0x00000000c2300000| PB 0x00000000c2300000| Untracked 
|  20|0x00000000c2400000, 0x00000000c2400000, 0x00000000c2500000|  0%| F|  |TAMS 0x00000000c2400000| PB 0x00000000c2400000| Untracked 
|  21|0x00000000c2500000, 0x00000000c2500000, 0x00000000c2600000|  0%| F|  |TAMS 0x00000000c2500000| PB 0x00000000c2500000| Untracked 
|  22|0x00000000c2600000, 0x00000000c2600000, 0x00000000c2700000|  0%| F|  |TAMS 0x00000000c2600000| PB 0x00000000c2600000| Untracked 
|  23|0x00000000c2700000, 0x00000000c2700000, 0x00000000c2800000|  0%| F|  |TAMS 0x00000000c2700000| PB 0x00000000c2700000| Untracked 
|  24|0x00000000c2800000, 0x00000000c2800000, 0x00000000c2900000|  0%| F|  |TAMS 0x00000000c2800000| PB 0x00000000c2800000| Untracked 
|  25|0x00000000c2900000, 0x00000000c2900000, 0x00000000c2a00000|  0%| F|  |TAMS 0x00000000c2900000| PB 0x00000000c2900000| Untracked 
|  26|0x00000000c2a00000, 0x00000000c2a00000, 0x00000000c2b00000|  0%| F|  |TAMS 0x00000000c2a00000| PB 0x00000000c2a00000| Untracked 
|  27|0x00000000c2b00000, 0x00000000c2b00000, 0x00000000c2c00000|  0%| F|  |TAMS 0x00000000c2b00000| PB 0x00000000c2b00000| Untracked 
|  28|0x00000000c2c00000, 0x00000000c2c00000, 0x00000000c2d00000|  0%| F|  |TAMS 0x00000000c2c00000| PB 0x00000000c2c00000| Untracked 
|  29|0x00000000c2d00000, 0x00000000c2d00000, 0x00000000c2e00000|  0%| F|  |TAMS 0x00000000c2d00000| PB 0x00000000c2d00000| Untracked 
|  30|0x00000000c2e00000, 0x00000000c2e00000, 0x00000000c2f00000|  0%| F|  |TAMS 0x00000000c2e00000| PB 0x00000000c2e00000| Untracked 
|  31|0x00000000c2f00000, 0x00000000c2f00000, 0x00000000c3000000|  0%| F|  |TAMS 0x00000000c2f00000| PB 0x00000000c2f00000| Untracked 
|  32|0x00000000c3000000, 0x00000000c3000000, 0x00000000c3100000|  0%| F|  |TAMS 0x00000000c3000000| PB 0x00000000c3000000| Untracked 
|  33|0x00000000c3100000, 0x00000000c3100000, 0x00000000c3200000|  0%| F|  |TAMS 0x00000000c3100000| PB 0x00000000c3100000| Untracked 
|  34|0x00000000c3200000, 0x00000000c3200000, 0x00000000c3300000|  0%| F|  |TAMS 0x00000000c3200000| PB 0x00000000c3200000| Untracked 
|  35|0x00000000c3300000, 0x00000000c3300000, 0x00000000c3400000|  0%| F|  |TAMS 0x00000000c3300000| PB 0x00000000c3300000| Untracked 
|  36|0x00000000c3400000, 0x00000000c3400000, 0x00000000c3500000|  0%| F|  |TAMS 0x00000000c3400000| PB 0x00000000c3400000| Untracked 
|  37|0x00000000c3500000, 0x00000000c3500000, 0x00000000c3600000|  0%| F|  |TAMS 0x00000000c3500000| PB 0x00000000c3500000| Untracked 
|  38|0x00000000c3600000, 0x00000000c3600000, 0x00000000c3700000|  0%| F|  |TAMS 0x00000000c3600000| PB 0x00000000c3600000| Untracked 
|  39|0x00000000c3700000, 0x00000000c3700000, 0x00000000c3800000|  0%| F|  |TAMS 0x00000000c3700000| PB 0x00000000c3700000| Untracked 
|  40|0x00000000c3800000, 0x00000000c3800000, 0x00000000c3900000|  0%| F|  |TAMS 0x00000000c3800000| PB 0x00000000c3800000| Untracked 
|  41|0x00000000c3900000, 0x00000000c3900000, 0x00000000c3a00000|  0%| F|  |TAMS 0x00000000c3900000| PB 0x00000000c3900000| Untracked 
|  42|0x00000000c3a00000, 0x00000000c3a00000, 0x00000000c3b00000|  0%| F|  |TAMS 0x00000000c3a00000| PB 0x00000000c3a00000| Untracked 
|  43|0x00000000c3b00000, 0x00000000c3b00000, 0x00000000c3c00000|  0%| F|  |TAMS 0x00000000c3b00000| PB 0x00000000c3b00000| Untracked 
|  44|0x00000000c3c00000, 0x00000000c3c00000, 0x00000000c3d00000|  0%| F|  |TAMS 0x00000000c3c00000| PB 0x00000000c3c00000| Untracked 
|  45|0x00000000c3d00000, 0x00000000c3d00000, 0x00000000c3e00000|  0%| F|  |TAMS 0x00000000c3d00000| PB 0x00000000c3d00000| Untracked 
|  46|0x00000000c3e00000, 0x00000000c3eac940, 0x00000000c3f00000| 67%| S|CS|TAMS 0x00000000c3e00000| PB 0x00000000c3e00000| Complete 
|  47|0x00000000c3f00000, 0x00000000c4000000, 0x00000000c4000000|100%| S|CS|TAMS 0x00000000c3f00000| PB 0x00000000c3f00000| Complete 
|  48|0x00000000c4000000, 0x00000000c4000000, 0x00000000c4100000|  0%| F|  |TAMS 0x00000000c4000000| PB 0x00000000c4000000| Untracked 
|  49|0x00000000c4100000, 0x00000000c4100000, 0x00000000c4200000|  0%| F|  |TAMS 0x00000000c4100000| PB 0x00000000c4100000| Untracked 
|  50|0x00000000c4200000, 0x00000000c4200000, 0x00000000c4300000|  0%| F|  |TAMS 0x00000000c4200000| PB 0x00000000c4200000| Untracked 
|  51|0x00000000c4300000, 0x00000000c4300000, 0x00000000c4400000|  0%| F|  |TAMS 0x00000000c4300000| PB 0x00000000c4300000| Untracked 
|  52|0x00000000c4400000, 0x00000000c4400000, 0x00000000c4500000|  0%| F|  |TAMS 0x00000000c4400000| PB 0x00000000c4400000| Untracked 
|  53|0x00000000c4500000, 0x00000000c4500000, 0x00000000c4600000|  0%| F|  |TAMS 0x00000000c4500000| PB 0x00000000c4500000| Untracked 
|  54|0x00000000c4600000, 0x00000000c4600000, 0x00000000c4700000|  0%| F|  |TAMS 0x00000000c4600000| PB 0x00000000c4600000| Untracked 
|  55|0x00000000c4700000, 0x00000000c4700000, 0x00000000c4800000|  0%| F|  |TAMS 0x00000000c4700000| PB 0x00000000c4700000| Untracked 
|  56|0x00000000c4800000, 0x00000000c4800000, 0x00000000c4900000|  0%| F|  |TAMS 0x00000000c4800000| PB 0x00000000c4800000| Untracked 
|  57|0x00000000c4900000, 0x00000000c4900000, 0x00000000c4a00000|  0%| F|  |TAMS 0x00000000c4900000| PB 0x00000000c4900000| Untracked 
|  58|0x00000000c4a00000, 0x00000000c4a00000, 0x00000000c4b00000|  0%| F|  |TAMS 0x00000000c4a00000| PB 0x00000000c4a00000| Untracked 
|  59|0x00000000c4b00000, 0x00000000c4b00000, 0x00000000c4c00000|  0%| F|  |TAMS 0x00000000c4b00000| PB 0x00000000c4b00000| Untracked 
|  60|0x00000000c4c00000, 0x00000000c4c00000, 0x00000000c4d00000|  0%| F|  |TAMS 0x00000000c4c00000| PB 0x00000000c4c00000| Untracked 
|  61|0x00000000c4d00000, 0x00000000c4ddb398, 0x00000000c4e00000| 85%| E|  |TAMS 0x00000000c4d00000| PB 0x00000000c4d00000| Complete 
|  62|0x00000000c4e00000, 0x00000000c4f00000, 0x00000000c4f00000|100%| E|CS|TAMS 0x00000000c4e00000| PB 0x00000000c4e00000| Complete 
|  63|0x00000000c4f00000, 0x00000000c5000000, 0x00000000c5000000|100%| E|CS|TAMS 0x00000000c4f00000| PB 0x00000000c4f00000| Complete 

Card table byte_map: [0x0000027eb5a80000,0x0000027eb5c80000] _byte_map_base: 0x0000027eb5478000

Marking Bits: (CMBitMap*) 0x0000027e9e452000
 Bits: [0x0000027eb5c80000, 0x0000027eb6c40000)

Polling page: 0x0000027e9c350000

Metaspace:

Usage:
  Non-class:     10.44 MB used.
      Class:      1.44 MB used.
       Both:     11.88 MB used.

Virtual space:
  Non-class space:       64.00 MB reserved,      10.62 MB ( 17%) committed,  1 nodes.
      Class space:        1.00 GB reserved,       1.56 MB ( <1%) committed,  1 nodes.
             Both:        1.06 GB reserved,      12.19 MB (  1%) committed. 

Chunk freelists:
   Non-Class:  4.95 MB
       Class:  14.31 MB
        Both:  19.27 MB

MaxMetaspaceSize: unlimited
CompressedClassSpaceSize: 1.00 GB
Initial GC threshold: 21.00 MB
Current GC threshold: 21.00 MB
CDS: on
 - commit_granule_bytes: 65536.
 - commit_granule_words: 8192.
 - virtual_space_node_default_size: 8388608.
 - enlarge_chunks_in_place: 1.
 - use_allocation_guard: 0.


Internal statistics:

num_allocs_failed_limit: 0.
num_arena_births: 318.
num_arena_deaths: 0.
num_vsnodes_births: 2.
num_vsnodes_deaths: 0.
num_space_committed: 195.
num_space_uncommitted: 0.
num_chunks_returned_to_freelist: 0.
num_chunks_taken_from_freelist: 609.
num_chunk_merges: 0.
num_chunk_splits: 369.
num_chunks_enlarged: 209.
num_inconsistent_stats: 0.

CodeHeap 'non-profiled nmethods': size=120000Kb used=517Kb max_used=517Kb free=119482Kb
 bounds [0x0000027eae350000, 0x0000027eae5c0000, 0x0000027eb5880000]
CodeHeap 'profiled nmethods': size=120000Kb used=3140Kb max_used=3140Kb free=116859Kb
 bounds [0x0000027ea6880000, 0x0000027ea6ba0000, 0x0000027eaddb0000]
CodeHeap 'non-nmethods': size=5760Kb used=1456Kb max_used=1470Kb free=4303Kb
 bounds [0x0000027eaddb0000, 0x0000027eae020000, 0x0000027eae350000]
 total_blobs=2149 nmethods=1608 adapters=446
 compilation: enabled
              stopped_count=0, restarted_count=0
 full_count=0

Compilation events (20 events):
Event: 3.755 Thread 0x0000027efa148c40 1598       3       java.util.ArrayDeque::poll (5 bytes)
Event: 3.755 Thread 0x0000027efa148c40 nmethod 1598 0x0000027ea6b89910 code [0x0000027ea6b89ac0, 0x0000027ea6b89c80]
Event: 3.756 Thread 0x0000027efa148c40 1599   !   3       java.util.zip.ZipFile$ZipFileInputStream::read (135 bytes)
Event: 3.757 Thread 0x0000027efa148c40 nmethod 1599 0x0000027ea6b89d10 code [0x0000027ea6b89f40, 0x0000027ea6b8a5f0]
Event: 3.757 Thread 0x0000027efa148c40 1600       3       java.util.zip.ZipFile::ensureOpenOrZipException (19 bytes)
Event: 3.758 Thread 0x0000027efa148c40 nmethod 1600 0x0000027ea6b8a990 code [0x0000027ea6b8ab40, 0x0000027ea6b8ad18]
Event: 3.758 Thread 0x0000027efa148c40 1601       3       java.util.zip.ZipFile$ZipFileInputStream::initDataOffset (117 bytes)
Event: 3.759 Thread 0x0000027efa148c40 nmethod 1601 0x0000027ea6b8ae10 code [0x0000027ea6b8b040, 0x0000027ea6b8b7e0]
Event: 3.759 Thread 0x0000027efa148c40 1602       3       java.util.zip.ZipUtils::LOCNAM (7 bytes)
Event: 3.759 Thread 0x0000027efa148c40 nmethod 1602 0x0000027ea6b8bb10 code [0x0000027ea6b8bcc0, 0x0000027ea6b8be60]
Event: 3.759 Thread 0x0000027efa148c40 1603       3       java.util.zip.ZipUtils::LOCEXT (7 bytes)
Event: 3.759 Thread 0x0000027efa148c40 nmethod 1603 0x0000027ea6b8bf90 code [0x0000027ea6b8c140, 0x0000027ea6b8c2e0]
Event: 3.759 Thread 0x0000027efa148c40 1607   !   3       jdk.internal.loader.Resource::getBytes (244 bytes)
Event: 3.761 Thread 0x0000027efa148c40 nmethod 1607 0x0000027ea6b8c410 code [0x0000027ea6b8c740, 0x0000027ea6b8de68]
Event: 3.761 Thread 0x0000027efa148c40 1604   !   3       java.util.zip.Inflater::reset (64 bytes)
Event: 3.762 Thread 0x0000027efa148c40 nmethod 1604 0x0000027ea6b8e790 code [0x0000027ea6b8e960, 0x0000027ea6b8ecd8]
Event: 3.762 Thread 0x0000027efa148c40 1606   !   3       java.util.zip.ZipFile$CleanableResource::releaseInflater (53 bytes)
Event: 3.762 Thread 0x0000027efa148c40 nmethod 1606 0x0000027ea6b8ee90 code [0x0000027ea6b8f080, 0x0000027ea6b8f4c0]
Event: 3.781 Thread 0x0000027efa148c40 1608       3       jdk.internal.loader.BuiltinClassLoader::defineClass (121 bytes)
Event: 3.782 Thread 0x0000027efa148c40 nmethod 1608 0x0000027ea6b8f690 code [0x0000027ea6b8f9c0, 0x0000027ea6b90cd0]

GC Heap History (4 events):
Event: 1.936 GC heap before
{Heap before GC invocations=0 (full 0):
 garbage-first heap   total 65536K, used 13312K [0x00000000c1000000, 0x0000000100000000)
  region size 1024K, 13 young (13312K), 0 survivors (0K)
 Metaspace       used 5961K, committed 6144K, reserved 1114112K
  class space    used 689K, committed 768K, reserved 1048576K
}
Event: 1.945 GC heap after
{Heap after GC invocations=1 (full 0):
 garbage-first heap   total 65536K, used 4043K [0x00000000c1000000, 0x0000000100000000)
  region size 1024K, 2 young (2048K), 2 survivors (2048K)
 Metaspace       used 5961K, committed 6144K, reserved 1114112K
  class space    used 689K, committed 768K, reserved 1048576K
}
Event: 2.610 GC heap before
{Heap before GC invocations=1 (full 0):
 garbage-first heap   total 65536K, used 17355K [0x00000000c1000000, 0x0000000100000000)
  region size 1024K, 16 young (16384K), 2 survivors (2048K)
 Metaspace       used 11045K, committed 11328K, reserved 1114112K
  class space    used 1304K, committed 1408K, reserved 1048576K
}
Event: 2.618 GC heap after
{Heap after GC invocations=2 (full 0):
 garbage-first heap   total 65536K, used 5810K [0x00000000c1000000, 0x0000000100000000)
  region size 1024K, 2 young (2048K), 2 survivors (2048K)
 Metaspace       used 11045K, committed 11328K, reserved 1114112K
  class space    used 1304K, committed 1408K, reserved 1048576K
}

Dll operation events (8 events):
Event: 0.013 Loaded shared library C:\Program Files\Java\jdk-21\bin\java.dll
Event: 0.059 Loaded shared library C:\Program Files\Java\jdk-21\bin\jsvml.dll
Event: 0.155 Loaded shared library C:\Program Files\Java\jdk-21\bin\net.dll
Event: 0.158 Loaded shared library C:\Program Files\Java\jdk-21\bin\nio.dll
Event: 0.169 Loaded shared library C:\Program Files\Java\jdk-21\bin\zip.dll
Event: 0.295 Loaded shared library C:\Program Files\Java\jdk-21\bin\jimage.dll
Event: 0.382 Loaded shared library C:\Program Files\Java\jdk-21\bin\extnet.dll
Event: 2.168 Loaded shared library C:\Program Files\Java\jdk-21\bin\sunmscapi.dll

Deoptimization events (20 events):
Event: 2.295 Thread 0x0000027e9e4190c0 Uncommon trap: trap_request=0xffffffde fr.pc=0x0000027eae370d64 relative=0x0000000000000304
Event: 2.295 Thread 0x0000027e9e4190c0 Uncommon trap: reason=class_check action=maybe_recompile pc=0x0000027eae370d64 method=java.util.regex.Pattern$BmpCharPropertyGreedy.match(Ljava/util/regex/Matcher;ILjava/lang/CharSequence;)Z @ 26 c2
Event: 2.295 Thread 0x0000027e9e4190c0 DEOPT PACKING pc=0x0000027eae370d64 sp=0x000000ce0eefdd90
Event: 2.295 Thread 0x0000027e9e4190c0 DEOPT UNPACKING pc=0x0000027eade046a2 sp=0x000000ce0eefdd48 mode 2
Event: 2.295 Thread 0x0000027e9e4190c0 Uncommon trap: trap_request=0xffffffde fr.pc=0x0000027eae370d64 relative=0x0000000000000304
Event: 2.295 Thread 0x0000027e9e4190c0 Uncommon trap: reason=class_check action=maybe_recompile pc=0x0000027eae370d64 method=java.util.regex.Pattern$BmpCharPropertyGreedy.match(Ljava/util/regex/Matcher;ILjava/lang/CharSequence;)Z @ 26 c2
Event: 2.295 Thread 0x0000027e9e4190c0 DEOPT PACKING pc=0x0000027eae370d64 sp=0x000000ce0eefdd90
Event: 2.295 Thread 0x0000027e9e4190c0 DEOPT UNPACKING pc=0x0000027eade046a2 sp=0x000000ce0eefdd48 mode 2
Event: 2.345 Thread 0x0000027efae4bf10 Uncommon trap: trap_request=0xffffffde fr.pc=0x0000027eae370d64 relative=0x0000000000000304
Event: 2.345 Thread 0x0000027efae4bf10 Uncommon trap: reason=class_check action=maybe_recompile pc=0x0000027eae370d64 method=java.util.regex.Pattern$BmpCharPropertyGreedy.match(Ljava/util/regex/Matcher;ILjava/lang/CharSequence;)Z @ 26 c2
Event: 2.345 Thread 0x0000027efae4bf10 DEOPT PACKING pc=0x0000027eae370d64 sp=0x000000ce108fe440
Event: 2.345 Thread 0x0000027efae4bf10 DEOPT UNPACKING pc=0x0000027eade046a2 sp=0x000000ce108fe3d8 mode 2
Event: 2.470 Thread 0x0000027e9e4190c0 Uncommon trap: trap_request=0xffffffde fr.pc=0x0000027eae3bc974 relative=0x0000000000000414
Event: 2.470 Thread 0x0000027e9e4190c0 Uncommon trap: reason=class_check action=maybe_recompile pc=0x0000027eae3bc974 method=java.lang.String.<init>(Ljava/lang/AbstractStringBuilder;Ljava/lang/Void;)V @ 10 c2
Event: 2.470 Thread 0x0000027e9e4190c0 DEOPT PACKING pc=0x0000027eae3bc974 sp=0x000000ce0eefe8e0
Event: 2.470 Thread 0x0000027e9e4190c0 DEOPT UNPACKING pc=0x0000027eade046a2 sp=0x000000ce0eefe8a8 mode 2
Event: 2.662 Thread 0x0000027efad3b720 Uncommon trap: trap_request=0xffffff45 fr.pc=0x0000027eae3a0c48 relative=0x0000000000000bc8
Event: 2.662 Thread 0x0000027efad3b720 Uncommon trap: reason=unstable_if action=reinterpret pc=0x0000027eae3a0c48 method=java.util.concurrent.ConcurrentHashMap.addCount(JI)V @ 34 c2
Event: 2.662 Thread 0x0000027efad3b720 DEOPT PACKING pc=0x0000027eae3a0c48 sp=0x000000ce104fdd70
Event: 2.662 Thread 0x0000027efad3b720 DEOPT UNPACKING pc=0x0000027eade046a2 sp=0x000000ce104fdc30 mode 2

Classes loaded (20 events):
Event: 3.644 Loading class java/util/stream/LongPipeline$StatelessOp
Event: 3.645 Loading class java/util/stream/LongPipeline
Event: 3.645 Loading class java/util/stream/LongStream
Event: 3.646 Loading class java/util/stream/LongStream done
Event: 3.646 Loading class java/util/stream/LongPipeline done
Event: 3.647 Loading class java/util/stream/LongPipeline$StatelessOp done
Event: 3.647 Loading class java/util/stream/ReferencePipeline$5 done
Event: 3.647 Loading class java/util/stream/FindOps$FindSink$OfLong
Event: 3.648 Loading class java/util/stream/Sink$OfLong
Event: 3.648 Loading class java/util/stream/Sink$OfLong done
Event: 3.649 Loading class java/util/stream/FindOps$FindSink$OfLong done
Event: 3.649 Loading class java/util/OptionalLong
Event: 3.649 Loading class java/util/OptionalLong done
Event: 3.660 Loading class java/util/stream/ReferencePipeline$5$1
Event: 3.660 Loading class java/util/stream/ReferencePipeline$5$1 done
Event: 3.661 Loading class java/lang/invoke/VarHandleBytes$FieldInstanceReadWrite
Event: 3.662 Loading class java/lang/invoke/VarHandleBytes$FieldInstanceReadOnly
Event: 3.662 Loading class java/lang/invoke/VarHandleBytes$FieldInstanceReadOnly done
Event: 3.662 Loading class java/lang/invoke/VarHandleBytes$FieldInstanceReadWrite done
Event: 3.791 Loading class java/util/DualPivotQuicksort

Classes unloaded (0 events):
No events

Classes redefined (0 events):
No events

Internal exceptions (20 events):
Event: 1.701 Thread 0x0000027e9e4190c0 Exception <a 'java/lang/NoSuchMethodError'{0x00000000c4404348}: 'long java.lang.invoke.DirectMethodHandle$Holder.invokeSpecial(java.lang.Object, java.lang.Object)'> (0x00000000c4404348) 
thrown [s\open\src\hotspot\share\interpreter\linkResolver.cpp, line 773]
Event: 1.702 Thread 0x0000027e9e4190c0 Exception <a 'java/lang/NoSuchMethodError'{0x00000000c440aa18}: 'java.lang.Object java.lang.invoke.Invokers$Holder.invokeExact_MT(java.lang.Object, java.lang.Object, java.lang.Object, java.lang.Object, java.lang.Object, java.lang.Object)'> (0x00000000c440aa18) 
thrown [s\open\src\hotspot\share\interpreter\linkResolver.cpp, line 773]
Event: 1.837 Thread 0x0000027e9e4190c0 Exception <a 'sun/nio/fs/WindowsException'{0x00000000c433f1b0}> (0x00000000c433f1b0) 
thrown [s\open\src\hotspot\share\prims\jni.cpp, line 520]
Event: 1.966 Thread 0x0000027e9e4190c0 Exception <a 'java/lang/NoSuchMethodError'{0x00000000c4e65b00}: 'void java.lang.invoke.DirectMethodHandle$Holder.invokeVirtual(java.lang.Object, java.lang.Object)'> (0x00000000c4e65b00) 
thrown [s\open\src\hotspot\share\interpreter\linkResolver.cpp, line 773]
Event: 2.052 Thread 0x0000027e9e4190c0 Exception <a 'java/lang/NoSuchMethodError'{0x00000000c4a68388}: 'java.lang.Object java.lang.invoke.DirectMethodHandle$Holder.invokeStaticInit(java.lang.Object, int, int, int, int)'> (0x00000000c4a68388) 
thrown [s\open\src\hotspot\share\interpreter\linkResolver.cpp, line 773]
Event: 2.085 Thread 0x0000027e9e4190c0 Exception <a 'java/lang/NoSuchMethodError'{0x00000000c4aad530}: 'java.lang.Object java.lang.invoke.DirectMethodHandle$Holder.invokeStaticInit(java.lang.Object, java.lang.Object, int, int, int, int)'> (0x00000000c4aad530) 
thrown [s\open\src\hotspot\share\interpreter\linkResolver.cpp, line 773]
Event: 2.292 Thread 0x0000027e9e4190c0 Exception <a 'java/lang/NoSuchMethodError'{0x00000000c48baea8}: 'java.lang.Object java.lang.invoke.DirectMethodHandle$Holder.invokeInterface(java.lang.Object, java.lang.Object, java.lang.Object)'> (0x00000000c48baea8) 
thrown [s\open\src\hotspot\share\interpreter\linkResolver.cpp, line 773]
Event: 2.292 Thread 0x0000027e9e4190c0 Exception <a 'java/lang/IncompatibleClassChangeError'{0x00000000c48be290}: Found class java.lang.Object, but interface was expected> (0x00000000c48be290) 
thrown [s\open\src\hotspot\share\interpreter\linkResolver.cpp, line 840]
Event: 2.294 Thread 0x0000027e9e4190c0 Exception <a 'java/lang/NoSuchMethodError'{0x00000000c48c5580}: 'int java.lang.invoke.DirectMethodHandle$Holder.invokeSpecialIFC(java.lang.Object, java.lang.Object, java.lang.Object, java.lang.Object)'> (0x00000000c48c5580) 
thrown [s\open\src\hotspot\share\interpreter\linkResolver.cpp, line 773]
Event: 2.308 Thread 0x0000027e9e4190c0 Exception <a 'java/lang/NoSuchMethodError'{0x00000000c4737018}: 'java.lang.Object java.lang.invoke.DirectMethodHandle$Holder.invokeVirtual(java.lang.Object, java.lang.Object, java.lang.Object, java.lang.Object)'> (0x00000000c4737018) 
thrown [s\open\src\hotspot\share\interpreter\linkResolver.cpp, line 773]
Event: 2.355 Thread 0x0000027efae4bf10 Exception <a 'java/net/ConnectException'{0x00000000c47be248}: Connection refused: getsockopt> (0x00000000c47be248) 
thrown [s\open\src\hotspot\share\prims\jni.cpp, line 539]
Event: 2.370 Thread 0x0000027efae4bf10 Exception <a 'java/net/ConnectException'{0x00000000c47bf338}: Connection refused: getsockopt> (0x00000000c47bf338) 
thrown [s\open\src\hotspot\share\prims\jni.cpp, line 539]
Event: 2.455 Thread 0x0000027e9e4190c0 Exception <a 'java/lang/NoSuchMethodError'{0x00000000c46e22c8}: 'java.lang.Object java.lang.invoke.DirectMethodHandle$Holder.newInvokeSpecial(java.lang.Object, java.lang.Object, int, int)'> (0x00000000c46e22c8) 
thrown [s\open\src\hotspot\share\interpreter\linkResolver.cpp, line 773]
Event: 2.456 Thread 0x0000027e9e4190c0 Exception <a 'java/lang/NoSuchMethodError'{0x00000000c46ec530}: 'void java.lang.invoke.DirectMethodHandle$Holder.invokeStatic(java.lang.Object, java.lang.Object, int)'> (0x00000000c46ec530) 
thrown [s\open\src\hotspot\share\interpreter\linkResolver.cpp, line 773]
Event: 2.490 Thread 0x0000027e9e4190c0 Exception <a 'java/lang/NoSuchMethodError'{0x00000000c45fd480}: 'java.lang.Object java.lang.invoke.DirectMethodHandle$Holder.newInvokeSpecial(java.lang.Object, java.lang.Object, java.lang.Object, java.lang.Object, java.lang.Object)'> (0x00000000c45fd480) 
thrown [s\open\src\hotspot\share\interpreter\linkResolver.cpp, line 773]
Event: 2.560 Thread 0x0000027e9e4190c0 Exception <a 'java/lang/NoSuchMethodError'{0x00000000c4071e40}: 'void java.lang.invoke.DirectMethodHandle$Holder.invokeSpecial(java.lang.Object, java.lang.Object, java.lang.Object)'> (0x00000000c4071e40) 
thrown [s\open\src\hotspot\share\interpreter\linkResolver.cpp, line 773]
Event: 2.624 Thread 0x0000027e8007f580 Exception <a 'java/lang/NoSuchMethodError'{0x00000000c4f57d10}: 'java.lang.Object java.lang.invoke.DirectMethodHandle$Holder.invokeSpecial(java.lang.Object, java.lang.Object, java.lang.Object, java.lang.Object, int)'> (0x00000000c4f57d10) 
thrown [s\open\src\hotspot\share\interpreter\linkResolver.cpp, line 773]
Event: 2.624 Thread 0x0000027e8007f580 Exception <a 'java/lang/NoSuchMethodError'{0x00000000c4f5b658}: 'java.lang.Object java.lang.invoke.Invokers$Holder.linkToTargetMethod(java.lang.Object, java.lang.Object, int, java.lang.Object)'> (0x00000000c4f5b658) 
thrown [s\open\src\hotspot\share\interpreter\linkResolver.cpp, line 773]
Event: 2.649 Thread 0x0000027e8007f580 Exception <a 'java/lang/NoSuchMethodError'{0x00000000c4f9c3c0}: 'void java.lang.invoke.DirectMethodHandle$Holder.invokeSpecial(java.lang.Object, java.lang.Object, java.lang.Object, java.lang.Object, java.lang.Object)'> (0x00000000c4f9c3c0) 
thrown [s\open\src\hotspot\share\interpreter\linkResolver.cpp, line 773]
Event: 3.681 Thread 0x0000027e8007f580 Exception <a 'java/lang/NoSuchMethodError'{0x00000000c4eefda0}: 'void java.lang.invoke.DirectMethodHandle$Holder.invokeSpecial(java.lang.Object, java.lang.Object, java.lang.Object, java.lang.Object, java.lang.Object, java.lang.Object, java.lang.Object)'> (0x00000000c4eefda0) 
thrown [s\open\src\hotspot\share\interpreter\linkResolver.cpp, line 773]

ZGC Phase Switch (0 events):
No events

VM Operations (20 events):
Event: 1.718 Executing VM operation: HandshakeAllThreads (Deoptimize)
Event: 1.718 Executing VM operation: HandshakeAllThreads (Deoptimize) done
Event: 1.936 Executing VM operation: G1CollectForAllocation (G1 Evacuation Pause)
Event: 1.945 Executing VM operation: G1CollectForAllocation (G1 Evacuation Pause) done
Event: 1.953 Executing VM operation: HandshakeAllThreads (Deoptimize)
Event: 1.953 Executing VM operation: HandshakeAllThreads (Deoptimize) done
Event: 2.410 Executing VM operation: HandshakeAllThreads (Deoptimize)
Event: 2.410 Executing VM operation: HandshakeAllThreads (Deoptimize) done
Event: 2.420 Executing VM operation: HandshakeAllThreads (Deoptimize)
Event: 2.420 Executing VM operation: HandshakeAllThreads (Deoptimize) done
Event: 2.473 Executing VM operation: HandshakeAllThreads (Deoptimize)
Event: 2.473 Executing VM operation: HandshakeAllThreads (Deoptimize) done
Event: 2.610 Executing VM operation: G1CollectForAllocation (G1 Evacuation Pause)
Event: 2.618 Executing VM operation: G1CollectForAllocation (G1 Evacuation Pause) done
Event: 3.623 Executing VM operation: Cleanup
Event: 3.623 Executing VM operation: Cleanup done
Event: 3.630 Executing VM operation: HandshakeAllThreads (Deoptimize)
Event: 3.630 Executing VM operation: HandshakeAllThreads (Deoptimize) done
Event: 3.634 Executing VM operation: HandshakeAllThreads (Deoptimize)
Event: 3.634 Executing VM operation: HandshakeAllThreads (Deoptimize) done

Events (20 events):
Event: 0.056 Thread 0x0000027efa1414a0 Thread added: 0x0000027efa1414a0
Event: 0.057 Thread 0x0000027efa145400 Thread added: 0x0000027efa145400
Event: 0.057 Thread 0x0000027efa1481a0 Thread added: 0x0000027efa1481a0
Event: 0.057 Thread 0x0000027efa148c40 Thread added: 0x0000027efa148c40
Event: 0.140 Thread 0x0000027efa393a90 Thread added: 0x0000027efa393a90
Event: 0.145 Thread 0x0000027efa3c02c0 Thread added: 0x0000027efa3c02c0
Event: 0.436 Thread 0x0000027efa6532d0 Thread added: 0x0000027efa6532d0
Event: 0.577 Thread 0x0000027efa862f40 Thread added: 0x0000027efa862f40
Event: 1.461 Thread 0x0000027efa862f40 Thread exited: 0x0000027efa862f40
Event: 1.466 Thread 0x0000027efa6532d0 Thread exited: 0x0000027efa6532d0
Event: 1.581 Thread 0x0000027efac639f0 Thread added: 0x0000027efac639f0
Event: 2.234 Thread 0x0000027efad3b720 Thread added: 0x0000027efad3b720
Event: 2.320 Thread 0x0000027efada8900 Thread added: 0x0000027efada8900
Event: 2.323 Thread 0x0000027efada8f70 Thread added: 0x0000027efada8f70
Event: 2.324 Thread 0x0000027efadb57b0 Thread added: 0x0000027efadb57b0
Event: 2.335 Thread 0x0000027efae4bf10 Thread added: 0x0000027efae4bf10
Event: 2.409 Thread 0x0000027efae55080 Thread added: 0x0000027efae55080
Event: 2.595 Thread 0x0000027e8007f580 Thread added: 0x0000027e8007f580
Event: 2.667 Thread 0x0000027e8007fc10 Thread added: 0x0000027e8007fc10
Event: 2.668 Thread 0x0000027e8007eef0 Thread added: 0x0000027e8007eef0


Dynamic libraries:
0x00007ff7eea60000 - 0x00007ff7eea70000 	C:\Program Files\Java\jdk-21\bin\javaw.exe
0x00007ffcd29d0000 - 0x00007ffcd2bc8000 	C:\WINDOWS\SYSTEM32\ntdll.dll
0x00007ffcd10a0000 - 0x00007ffcd115d000 	C:\WINDOWS\System32\KERNEL32.DLL
0x00007ffcd03d0000 - 0x00007ffcd06c6000 	C:\WINDOWS\System32\KERNELBASE.dll
0x00007ffccd9f0000 - 0x00007ffccda80000 	C:\WINDOWS\SYSTEM32\apphelp.dll
0x00007ffcd07f0000 - 0x00007ffcd08f0000 	C:\WINDOWS\System32\ucrtbase.dll
0x00007ffccade0000 - 0x00007ffccadfb000 	C:\Program Files\Java\jdk-21\bin\VCRUNTIME140.dll
0x00007ffccb140000 - 0x00007ffccb159000 	C:\Program Files\Java\jdk-21\bin\jli.dll
0x00007ffcd1680000 - 0x00007ffcd172f000 	C:\WINDOWS\System32\ADVAPI32.dll
0x00007ffcd21a0000 - 0x00007ffcd223e000 	C:\WINDOWS\System32\msvcrt.dll
0x00007ffcd0a30000 - 0x00007ffcd0acc000 	C:\WINDOWS\System32\sechost.dll
0x00007ffcd1550000 - 0x00007ffcd1676000 	C:\WINDOWS\System32\RPCRT4.dll
0x00007ffcd0de0000 - 0x00007ffcd0f7e000 	C:\WINDOWS\System32\USER32.dll
0x00007ffcd06d0000 - 0x00007ffcd06f2000 	C:\WINDOWS\System32\win32u.dll
0x00007ffcd1010000 - 0x00007ffcd103c000 	C:\WINDOWS\System32\GDI32.dll
0x00007ffcd0120000 - 0x00007ffcd023a000 	C:\WINDOWS\System32\gdi32full.dll
0x00007ffcd0700000 - 0x00007ffcd079d000 	C:\WINDOWS\System32\msvcp_win.dll
0x00007ffcc3540000 - 0x00007ffcc37da000 	C:\WINDOWS\WinSxS\amd64_microsoft.windows.common-controls_6595b64144ccf1df_6.0.19041.3636_none_60b6a03d71f818d5\COMCTL32.dll
0x00007ffcc5c90000 - 0x00007ffcc5c9a000 	C:\WINDOWS\SYSTEM32\VERSION.dll
0x00007ffcd0f80000 - 0x00007ffcd0fb0000 	C:\WINDOWS\System32\IMM32.DLL
0x00007ffccb640000 - 0x00007ffccb64c000 	C:\Program Files\Java\jdk-21\bin\vcruntime140_1.dll
0x00007ffccac80000 - 0x00007ffccad0e000 	C:\Program Files\Java\jdk-21\bin\msvcp140.dll
0x00007ffc859c0000 - 0x00007ffc866d7000 	C:\Program Files\Java\jdk-21\bin\server\jvm.dll
0x00007ffcd0ad0000 - 0x00007ffcd0b3b000 	C:\WINDOWS\System32\WS2_32.dll
0x00007ffccf660000 - 0x00007ffccf6ab000 	C:\WINDOWS\SYSTEM32\POWRPROF.dll
0x00007ffcc5a40000 - 0x00007ffcc5a67000 	C:\WINDOWS\SYSTEM32\WINMM.dll
0x00007ffccf510000 - 0x00007ffccf522000 	C:\WINDOWS\SYSTEM32\UMPDC.dll
0x00007ffccdf70000 - 0x00007ffccdf82000 	C:\WINDOWS\SYSTEM32\kernel.appcore.dll
0x00007ffccb130000 - 0x00007ffccb13a000 	C:\Program Files\Java\jdk-21\bin\jimage.dll
0x00007ffcbfdd0000 - 0x00007ffcbffb4000 	C:\WINDOWS\SYSTEM32\DBGHELP.DLL
0x00007ffcc00e0000 - 0x00007ffcc0114000 	C:\WINDOWS\SYSTEM32\dbgcore.DLL
0x00007ffcd09a0000 - 0x00007ffcd0a22000 	C:\WINDOWS\System32\bcryptPrimitives.dll
0x00007ffccabf0000 - 0x00007ffccac0f000 	C:\Program Files\Java\jdk-21\bin\java.dll
0x00007ffcd2240000 - 0x00007ffcd2985000 	C:\WINDOWS\System32\SHELL32.dll
0x00007ffcce170000 - 0x00007ffcce90b000 	C:\WINDOWS\SYSTEM32\windows.storage.dll
0x00007ffcd1190000 - 0x00007ffcd14e4000 	C:\WINDOWS\System32\combase.dll
0x00007ffccfaf0000 - 0x00007ffccfb1d000 	C:\WINDOWS\SYSTEM32\Wldp.dll
0x00007ffcd0c50000 - 0x00007ffcd0cfd000 	C:\WINDOWS\System32\SHCORE.dll
0x00007ffcd1040000 - 0x00007ffcd1095000 	C:\WINDOWS\System32\shlwapi.dll
0x00007ffccffe0000 - 0x00007ffcd0005000 	C:\WINDOWS\SYSTEM32\profapi.dll
0x00007ffcc89f0000 - 0x00007ffcc8ac7000 	C:\Program Files\Java\jdk-21\bin\jsvml.dll
0x00007ffccac70000 - 0x00007ffccac80000 	C:\Program Files\Java\jdk-21\bin\net.dll
0x00007ffcc9b30000 - 0x00007ffcc9c3a000 	C:\WINDOWS\SYSTEM32\WINHTTP.dll
0x00007ffccf850000 - 0x00007ffccf8ba000 	C:\WINDOWS\system32\mswsock.dll
0x00007ffccab40000 - 0x00007ffccab56000 	C:\Program Files\Java\jdk-21\bin\nio.dll
0x00007ffcc9d10000 - 0x00007ffcc9d28000 	C:\Program Files\Java\jdk-21\bin\zip.dll
0x00007ffccbb20000 - 0x00007ffccbb29000 	C:\Program Files\Java\jdk-21\bin\extnet.dll
0x00007ffccf530000 - 0x00007ffccf5fa000 	C:\WINDOWS\SYSTEM32\DNSAPI.dll
0x00007ffccf4d0000 - 0x00007ffccf50b000 	C:\WINDOWS\SYSTEM32\IPHLPAPI.DLL
0x00007ffcd1160000 - 0x00007ffcd1168000 	C:\WINDOWS\System32\NSI.dll
0x00007ffcc3910000 - 0x00007ffcc391a000 	C:\Windows\System32\rasadhlp.dll
0x00007ffcc4440000 - 0x00007ffcc44c0000 	C:\WINDOWS\System32\fwpuclnt.dll
0x00007ffcd03a0000 - 0x00007ffcd03c7000 	C:\WINDOWS\System32\bcrypt.dll
0x00007ffccfa40000 - 0x00007ffccfa58000 	C:\WINDOWS\SYSTEM32\CRYPTSP.dll
0x00007ffccf0b0000 - 0x00007ffccf0e4000 	C:\WINDOWS\system32\rsaenh.dll
0x00007ffccff60000 - 0x00007ffccff8e000 	C:\WINDOWS\SYSTEM32\USERENV.dll
0x00007ffccfa60000 - 0x00007ffccfa6c000 	C:\WINDOWS\SYSTEM32\CRYPTBASE.dll
0x00007ffccbbc0000 - 0x00007ffccbbce000 	C:\Program Files\Java\jdk-21\bin\sunmscapi.dll
0x00007ffcd0240000 - 0x00007ffcd039d000 	C:\WINDOWS\System32\CRYPT32.dll
0x00007ffccfb60000 - 0x00007ffccfb87000 	C:\WINDOWS\SYSTEM32\ncrypt.dll
0x00007ffccfb20000 - 0x00007ffccfb5b000 	C:\WINDOWS\SYSTEM32\NTASN1.dll
0x00007ffcc86f0000 - 0x00007ffcc86f7000 	C:\WINDOWS\system32\wshunix.dll

dbghelp: loaded successfully - version: 4.0.5 - missing functions: none
symbol engine: initialized successfully - sym options: 0x614 - pdb path: .;C:\Program Files\Java\jdk-21\bin;C:\WINDOWS\SYSTEM32;C:\WINDOWS\WinSxS\amd64_microsoft.windows.common-controls_6595b64144ccf1df_6.0.19041.3636_none_60b6a03d71f818d5;C:\Program Files\Java\jdk-21\bin\server

VM Arguments:
jvm_args: -Dfile.encoding=UTF-8 -Dstdout.encoding=UTF-8 -Dstderr.encoding=UTF-8 -XX:+ShowCodeDetailsInExceptionMessages 
java_command: selenium_maven.selenium_id1.Browser_launched_by_extend_class
java_class_path (initial): C:\Users\Akshay\eclipse-workspace\selenium-id1\target\test-classes;C:\Users\Akshay\eclipse-workspace\selenium-id1\target\classes;C:\Users\Akshay\.m2\repository\org\seleniumhq\selenium\selenium-java\4.15.0\selenium-java-4.15.0.jar;C:\Users\Akshay\.m2\repository\org\seleniumhq\selenium\selenium-api\4.15.0\selenium-api-4.15.0.jar;C:\Users\Akshay\.m2\repository\org\seleniumhq\selenium\selenium-chrome-driver\4.15.0\selenium-chrome-driver-4.15.0.jar;C:\Users\Akshay\.m2\repository\com\google\auto\service\auto-service-annotations\1.1.1\auto-service-annotations-1.1.1.jar;C:\Users\Akshay\.m2\repository\org\seleniumhq\selenium\selenium-chromium-driver\4.15.0\selenium-chromium-driver-4.15.0.jar;C:\Users\Akshay\.m2\repository\org\seleniumhq\selenium\selenium-json\4.15.0\selenium-json-4.15.0.jar;C:\Users\Akshay\.m2\repository\org\seleniumhq\selenium\selenium-manager\4.15.0\selenium-manager-4.15.0.jar;C:\Users\Akshay\.m2\repository\org\seleniumhq\selenium\selenium-devtools-v117\4.15.0\selenium-devtools-v117-4.15.0.jar;C:\Users\Akshay\.m2\repository\org\seleniumhq\selenium\selenium-devtools-v118\4.15.0\selenium-devtools-v118-4.15.0.jar;C:\Users\Akshay\.m2\repository\org\seleniumhq\selenium\selenium-devtools-v119\4.15.0\selenium-devtools-v119-4.15.0.jar;C:\Users\Akshay\.m2\repository\org\seleniumhq\selenium\selenium-devtools-v85\4.15.0\selenium-devtools-v85-4.15.0.jar;C:\Users\Akshay\.m2\repository\org\seleniumhq\selenium\selenium-edge-driver\4.15.0\selenium-edge-driver-4.15.0.jar;C:\Users\Akshay\.m2\repository\org\seleniumhq\selenium\selenium-firefox-driver\4.15.0\selenium-firefox-driver-4.15.0.jar;C:\Users\Akshay\.m2\repository\org\seleniumhq\selenium\selenium-http\4.15.0\selenium-http-4.15.0.jar;C:\Users\Akshay\.m2\repository\dev\failsafe\failsafe\3.3.2\failsafe-3.3.2.jar;C:\Users\Akshay\.m2\repository\org\seleniumhq\selenium\selenium-ie-driver\4.15.0\selenium-ie-driver-4.15.0.jar;C:\Users\Akshay\.m2\repository\org\seleniumhq\selenium\selenium-remote-driver\4.15.0\selenium-remote-driver-4.15.0.jar;C:\Users\Akshay\.m2\repository\com\google\guava\guava\32.1.2-jre\guava-32.1.2-jre.jar;C:\Users\Akshay\.m2\repository\com\google\guava\failureaccess\1.0.1\failureaccess-1.0.1.jar;C:\Users\Akshay\.m2\repository\com\google\guava\listenablefuture\9999.0-empty-to-avoid-conflict-with-guava\listenablefuture-9999.0-empty-to-avoid-conflict-with-guava.jar;C:\Users\Akshay\.m2\repository\com\google\code\findbugs\jsr305\3.0.2\jsr305-3.0.2.jar;C:\Users\Akshay\.m2\repository\org\checkerframework\checker-qual\3.33.0\checker-qual-3.33.0.jar;C:\Users\Akshay\.m2\repository\com\google\errorprone\error_prone_annotations\2.18.0\error_prone_annotations-2.18.0.jar;C:\Users\Akshay\.m2\repository\com\google\j2objc\j2objc-annotations\2.8\j2objc-annotations-2.8.jar;C:\Users\Akshay\.m2\repository\io\opentelemetry\opentelemetry-api\1.28.0\opentelemetry-api-1.28.0.jar;C:\Users\Akshay\.m2\repository\io\opentelemetry\opentelemetry-context\1.28.0\opentelemetry-context-1.28.0.jar;C:\Users\Akshay\.m2\repository\io\opentelemetry\opentelemetry-exporter-logging\1.28.0\opentelemetry-exporter-logging-1.28.0.jar;C:\Users\Akshay\.m2\repository\io\opentelemetry\opentelemetry-sdk-metrics\1.28.0\opentelemetry-sdk-metrics-1.28.0.jar;C:\Users\Akshay\.m2\repository\io\opentelemetry\opentelemetry-extension-incubator\1.28.0-alpha\opentelemetry-extension-incubator-1.28.0-alpha.jar;C:\Users\Akshay\.m2\repository\io\opentelemetry\opentelemetry-sdk-logs\1.28.0\opentelemetry-sdk-logs-1.28.0.jar;C:\Users\Akshay\.m2\repository\io\opentelemetry\opentelemetry-sdk-common\1.28.0\opentelemetry-sdk-common-1.28.0.jar;C:\Users\Akshay\.m2\repository\io\opentelemetry\opentelemetry-sdk-extension-autoconfigure-spi\1.28.0\opentelemetry-sdk-extension-autoconfigure-spi-1.28.0.jar;C:\Users\Akshay\.m2\repository\io\opentelemetry\opentelemetry-sdk-extension-autoconfigure\1.28.0\opentelemetry-sdk-extension-autoconfigure-1.28.0.jar;C:\Users\Akshay\.m2\repository\io\opentelemetry\opentelemetry-api-events\1.28.0-alpha\opentelemetry-api-events-1.28.0-alpha.jar;C:\Users\Akshay\.m2\repository\io\opentelemetry\opentelemetry-sdk-trace\1.28.0\opentelemetry-sdk-trace-1.28.0.jar;C:\Users\Akshay\.m2\repository\io\opentelemetry\opentelemetry-sdk\1.28.0\opentelemetry-sdk-1.28.0.jar;C:\Users\Akshay\.m2\repository\io\opentelemetry\opentelemetry-semconv\1.28.0-alpha\opentelemetry-semconv-1.28.0-alpha.jar;C:\Users\Akshay\.m2\repository\net\bytebuddy\byte-buddy\1.14.5\byte-buddy-1.14.5.jar;C:\Users\Akshay\.m2\repository\org\seleniumhq\selenium\selenium-os\4.15.0\selenium-os-4.15.0.jar;C:\Users\Akshay\.m2\repository\org\apache\commons\commons-exec\1.3\commons-exec-1.3.jar;C:\Users\Akshay\.m2\repository\org\seleniumhq\selenium\selenium-safari-driver\4.15.0\selenium-safari-driver-4.15.0.jar;C:\Users\Akshay\.m2\repository\org\seleniumhq\selenium\selenium-support\4.15.0\selenium-support-4.15.0.jar;C:\Users\Akshay\.m2\repository\junit\junit\4.11\junit-4.11.jar;C:\Users\Akshay\.m2\repository\org\hamcrest\hamcrest-core\1.3\hamcrest-core-1.3.jar
Launcher Type: SUN_STANDARD

[Global flags]
     intx CICompilerCount                          = 3                                         {product} {ergonomic}
     uint ConcGCThreads                            = 1                                         {product} {ergonomic}
     uint G1ConcRefinementThreads                  = 4                                         {product} {ergonomic}
   size_t G1HeapRegionSize                         = 1048576                                   {product} {ergonomic}
    uintx GCDrainStackTargetSize                   = 64                                        {product} {ergonomic}
   size_t InitialHeapSize                          = 67108864                                  {product} {ergonomic}
   size_t MarkStackSize                            = 4194304                                   {product} {ergonomic}
   size_t MaxHeapSize                              = 1056964608                                {product} {ergonomic}
   size_t MaxNewSize                               = 633339904                                 {product} {ergonomic}
   size_t MinHeapDeltaBytes                        = 1048576                                   {product} {ergonomic}
   size_t MinHeapSize                              = 8388608                                   {product} {ergonomic}
    uintx NonNMethodCodeHeapSize                   = 5832780                                {pd product} {ergonomic}
    uintx NonProfiledCodeHeapSize                  = 122912730                              {pd product} {ergonomic}
    uintx ProfiledCodeHeapSize                     = 122912730                              {pd product} {ergonomic}
    uintx ReservedCodeCacheSize                    = 251658240                              {pd product} {ergonomic}
     bool SegmentedCodeCache                       = true                                      {product} {ergonomic}
     bool ShowCodeDetailsInExceptionMessages       = true                                   {manageable} {command line}
   size_t SoftMaxHeapSize                          = 1056964608                             {manageable} {ergonomic}
     bool UseCompressedOops                        = true                           {product lp64_product} {ergonomic}
     bool UseG1GC                                  = true                                      {product} {ergonomic}
     bool UseLargePagesIndividualAllocation        = false                                  {pd product} {ergonomic}

Logging:
Log output configuration:
 #0: stdout all=warning uptime,level,tags foldmultilines=false
 #1: stderr all=off uptime,level,tags foldmultilines=false

Environment Variables:
JAVA_HOME=C:\Program Files\Java\jdk-21
PATH=C:\Program Files\Common Files\Oracle\Java\javapath;C:\WINDOWS\system32;C:\WINDOWS;C:\WINDOWS\System32\Wbem;C:\WINDOWS\System32\WindowsPowerShell\v1.0\;C:\WINDOWS\System32\OpenSSH\;C:\Program Files\Git\cmd;C:\Program Files\Java\jdk-21\bin;C:\Program Files\Java\jdk-21\bin;C:\Program Files\MySQL\MySQL Shell 8.0\bin\;C:\Users\Akshay\AppData\Local\Microsoft\WindowsApps;;C:\Program Files\JetBrains\PyCharm Community Edition 2022.2.1\bin;;C:\Program Files\heroku\bin
USERNAME=Akshay
OS=Windows_NT
PROCESSOR_IDENTIFIER=Intel64 Family 6 Model 69 Stepping 1, GenuineIntel
TMP=C:\Users\Akshay\AppData\Local\Temp
TEMP=C:\Users\Akshay\AppData\Local\Temp




Periodic native trim disabled

---------------  S Y S T E M  ---------------

OS:
 Windows 10 , 64 bit Build 19041 (10.0.19041.3636)
OS uptime: 6 days 17:50 hours

CPU: total 4 (initial active 4) (2 cores per cpu, 2 threads per core) family 6 model 69 stepping 1 microcode 0x25, cx8, cmov, fxsr, ht, mmx, sse, sse2, sse3, ssse3, sse4.1, sse4.2, popcnt, lzcnt, tsc, tscinvbit, avx, avx2, aes, erms, clmul, bmi1, bmi2, fma, vzeroupper, clflush, rdtscp, f16c
Processor Information for all 4 processors :
  Max Mhz: 2401, Current Mhz: 2401, Mhz Limit: 2401

Memory: 4k page, system-wide physical 4027M (379M free)
TotalPageFile size 16315M (AvailPageFile size 0M)
current process WorkingSet (physical memory assigned to process): 88M, peak: 88M
current process commit charge ("private bytes"): 159M, peak: 160M

vm_info: Java HotSpot(TM) 64-Bit Server VM (21.0.2+13-LTS-58) for windows-amd64 JRE (21.0.2+13-LTS-58), built on 2024-01-05T18:32:24Z by "mach5one" with MS VC++ 17.1 (VS2022)

END.
