#
# There is insufficient memory for the Java Runtime Environment to continue.
# Native memory allocation (malloc) failed to allocate 1548288 bytes for Chunk::new
# Possible reasons:
#   The system is out of physical RAM or swap space
#   The process is running with CompressedOops enabled, and the Java Heap may be blocking the growth of the native heap
# Possible solutions:
#   Reduce memory load on the system
#   Increase physical memory or swap space
#   Check if swap backing store is full
#   Decrease Java heap size (-Xmx/-Xms)
#   Decrease number of Java threads
#   Decrease Java thread stack sizes (-Xss)
#   Set larger code cache with -XX:ReservedCodeCacheSize=
#   JVM is running with Unscaled Compressed Oops mode in which the Java heap is
#     placed in the first 4GB address space. The Java Heap base address is the
#     maximum limit for the native heap growth. Please use -XX:HeapBaseMinAddress
#     to set the Java Heap base and to place the Java Heap above 4GB virtual address.
# This output file may be truncated or incomplete.
#
#  Out of Memory Error (arena.cpp:168), pid=22452, tid=13200
#
# JRE version: Java(TM) SE Runtime Environment (21.0.2+13) (build 21.0.2+13-LTS-58)
# Java VM: Java HotSpot(TM) 64-Bit Server VM (21.0.2+13-LTS-58, mixed mode, sharing, tiered, compressed oops, compressed class ptrs, g1 gc, windows-amd64)
# No core dump will be written. Minidumps are not enabled by default on client versions of Windows
#

---------------  S U M M A R Y ------------

Command Line: -Dfile.encoding=UTF-8 -Dstdout.encoding=UTF-8 -Dstderr.encoding=UTF-8 -XX:+ShowCodeDetailsInExceptionMessages selenium_maven.selenium_id1.Browser_launched_by_extend_class

Host: Intel(R) Core(TM) i5-4210U CPU @ 1.70GHz, 4 cores, 3G,  Windows 10 , 64 bit Build 19041 (10.0.19041.3636)
Time: Tue May 21 13:33:59 2024 India Standard Time elapsed time: 5.055361 seconds (0d 0h 0m 5s)

---------------  T H R E A D  ---------------

Current thread (0x000001b94a5d3880):  JavaThread "C2 CompilerThread0" daemon [_thread_in_native, id=13200, stack(0x000000a55c300000,0x000000a55c400000) (1024K)]


Current CompileTask:
C2:   5055 1652       4       java.lang.invoke.MethodType::makeImpl (109 bytes)

Stack: [0x000000a55c300000,0x000000a55c400000]
Native frames: (J=compiled Java code, j=interpreted, Vv=VM code, C=native code)
V  [jvm.dll+0x6cade9]
V  [jvm.dll+0x8569c1]
V  [jvm.dll+0x858d2e]
V  [jvm.dll+0x859413]
V  [jvm.dll+0x280e56]
V  [jvm.dll+0xc3f3d]
V  [jvm.dll+0xc4473]
V  [jvm.dll+0x3b5c2c]
V  [jvm.dll+0x382855]
V  [jvm.dll+0x381cca]
V  [jvm.dll+0x249bd0]
V  [jvm.dll+0x2491b1]
V  [jvm.dll+0x1c9634]
V  [jvm.dll+0x258859]
V  [jvm.dll+0x256e3a]
V  [jvm.dll+0x3ef6c6]
V  [jvm.dll+0x7ff568]
V  [jvm.dll+0x6c953d]
C  [ucrtbase.dll+0x21bb2]
C  [KERNEL32.DLL+0x17344]
C  [ntdll.dll+0x526b1]


---------------  P R O C E S S  ---------------

Threads class SMR info:
_java_thread_list=0x000001b99073c8e0, length=25, elements={
0x000001b92d89fd80, 0x000001b94a5c46e0, 0x000001b94a5c8160, 0x000001b94a5ce270,
0x000001b94a5cecd0, 0x000001b94a5d1740, 0x000001b94a5d2ee0, 0x000001b94a5d3880,
0x000001b94a5d91a0, 0x000001b94a8346d0, 0x000001b94a83cae0, 0x000001b94a95a660,
0x000001b990687430, 0x000001b9906cbcd0, 0x000001b9906ccaa0, 0x000001b9906cd110,
0x000001b9906af690, 0x000001b9906b1030, 0x000001b9907c0d10, 0x000001b9907c20c0,
0x000001b9907c0680, 0x000001b9907c13a0, 0x000001b9907c3470, 0x000001b9907c1a30,
0x000001b9907c2750
}

Java Threads: ( => current thread )
  0x000001b92d89fd80 JavaThread "main"                              [_thread_in_Java, id=1548, stack(0x000000a55b500000,0x000000a55b600000) (1024K)]
  0x000001b94a5c46e0 JavaThread "Reference Handler"          daemon [_thread_blocked, id=19440, stack(0x000000a55bd00000,0x000000a55be00000) (1024K)]
  0x000001b94a5c8160 JavaThread "Finalizer"                  daemon [_thread_blocked, id=18560, stack(0x000000a55be00000,0x000000a55bf00000) (1024K)]
  0x000001b94a5ce270 JavaThread "Signal Dispatcher"          daemon [_thread_blocked, id=6852, stack(0x000000a55bf00000,0x000000a55c000000) (1024K)]
  0x000001b94a5cecd0 JavaThread "Attach Listener"            daemon [_thread_blocked, id=23348, stack(0x000000a55c000000,0x000000a55c100000) (1024K)]
  0x000001b94a5d1740 JavaThread "Service Thread"             daemon [_thread_blocked, id=1176, stack(0x000000a55c100000,0x000000a55c200000) (1024K)]
  0x000001b94a5d2ee0 JavaThread "Monitor Deflation Thread"   daemon [_thread_blocked, id=22804, stack(0x000000a55c200000,0x000000a55c300000) (1024K)]
=>0x000001b94a5d3880 JavaThread "C2 CompilerThread0"         daemon [_thread_in_native, id=13200, stack(0x000000a55c300000,0x000000a55c400000) (1024K)]
  0x000001b94a5d91a0 JavaThread "C1 CompilerThread0"         daemon [_thread_blocked, id=17640, stack(0x000000a55c400000,0x000000a55c500000) (1024K)]
  0x000001b94a8346d0 JavaThread "Notification Thread"        daemon [_thread_blocked, id=16052, stack(0x000000a55c500000,0x000000a55c600000) (1024K)]
  0x000001b94a83cae0 JavaThread "Common-Cleaner"             daemon [_thread_blocked, id=22012, stack(0x000000a55c600000,0x000000a55c700000) (1024K)]
  0x000001b94a95a660 JavaThread "ForkJoinPool.commonPool-worker-1" daemon [_thread_blocked, id=23288, stack(0x000000a55c700000,0x000000a55c800000) (1024K)]
  0x000001b990687430 JavaThread "HttpClient-1-SelectorManager" daemon [_thread_in_native, id=3968, stack(0x000000a55cb00000,0x000000a55cc00000) (1024K)]
  0x000001b9906cbcd0 JavaThread "Thread-2"                          [_thread_in_native, id=19676, stack(0x000000a55cc00000,0x000000a55cd00000) (1024K)]
  0x000001b9906ccaa0 JavaThread "Driver Service Executor"    daemon [_thread_blocked, id=16008, stack(0x000000a55cd00000,0x000000a55ce00000) (1024K)]
  0x000001b9906cd110 JavaThread "Driver Service Executor"    daemon [_thread_in_native, id=4140, stack(0x000000a55ce00000,0x000000a55cf00000) (1024K)]
  0x000001b9906af690 JavaThread "UrlChecker-2"               daemon [_thread_blocked, id=23360, stack(0x000000a55cf00000,0x000000a55d000000) (1024K)]
  0x000001b9906b1030 JavaThread "Keep-Alive-Timer"           daemon [_thread_blocked, id=21748, stack(0x000000a55d100000,0x000000a55d200000) (1024K)]
  0x000001b9907c0d10 JavaThread "pool-1-thread-1"                   [_thread_blocked, id=18972, stack(0x000000a55d200000,0x000000a55d300000) (1024K)]
  0x000001b9907c20c0 JavaThread "pool-1-thread-2"                   [_thread_blocked, id=19988, stack(0x000000a55d300000,0x000000a55d400000) (1024K)]
  0x000001b9907c0680 JavaThread "pool-1-thread-3"                   [_thread_blocked, id=3900, stack(0x000000a55d400000,0x000000a55d500000) (1024K)]
  0x000001b9907c13a0 JavaThread "HttpClient-2-SelectorManager" daemon [_thread_in_native, id=20324, stack(0x000000a55d500000,0x000000a55d600000) (1024K)]
  0x000001b9907c3470 JavaThread "pool-2-thread-1"                   [_thread_blocked, id=2828, stack(0x000000a55d600000,0x000000a55d700000) (1024K)]
  0x000001b9907c1a30 JavaThread "pool-2-thread-2"                   [_thread_blocked, id=14228, stack(0x000000a55d700000,0x000000a55d800000) (1024K)]
  0x000001b9907c2750 JavaThread "pool-2-thread-3"                   [_thread_blocked, id=24400, stack(0x000000a55d800000,0x000000a55d900000) (1024K)]
Total: 25

Other Threads:
  0x000001b92d8900d0 VMThread "VM Thread"                           [id=10936, stack(0x000000a55bc00000,0x000000a55bd00000) (1024K)]
  0x000001b92f9e1980 WatcherThread "VM Periodic Task Thread"        [id=24112, stack(0x000000a55bb00000,0x000000a55bc00000) (1024K)]
  0x000001b92d88fd30 WorkerThread "GC Thread#0"                     [id=22028, stack(0x000000a55b600000,0x000000a55b700000) (1024K)]
  0x000001b92d890470 WorkerThread "GC Thread#1"                     [id=21008, stack(0x000000a55c800000,0x000000a55c900000) (1024K)]
  0x000001b92d890810 WorkerThread "GC Thread#2"                     [id=21000, stack(0x000000a55c900000,0x000000a55ca00000) (1024K)]
  0x000001b92d890bb0 WorkerThread "GC Thread#3"                     [id=4252, stack(0x000000a55ca00000,0x000000a55cb00000) (1024K)]
  0x000001b92f97ccd0 ConcurrentGCThread "G1 Main Marker"            [id=21964, stack(0x000000a55b700000,0x000000a55b800000) (1024K)]
  0x000001b92d88f990 WorkerThread "G1 Conc#0"                       [id=364, stack(0x000000a55b800000,0x000000a55b900000) (1024K)]
  0x000001b92f9d5490 ConcurrentGCThread "G1 Refine#0"               [id=16692, stack(0x000000a55b900000,0x000000a55ba00000) (1024K)]
  0x000001b92f9d5f10 ConcurrentGCThread "G1 Service"                [id=21204, stack(0x000000a55ba00000,0x000000a55bb00000) (1024K)]
Total: 10

Threads with active compile tasks:
C2 CompilerThread0     5095 1652       4       java.lang.invoke.MethodType::makeImpl (109 bytes)
C1 CompilerThread0     5095 1787       3       java.security.AccessController::executePrivileged (65 bytes)
Total: 2

VM state: not at safepoint (normal execution)

VM Mutex/Monitor currently owned by a thread: None

Heap address: 0x00000000c1000000, size: 1008 MB, Compressed Oops mode: 32-bit

CDS archive(s) mapped at: [0x000001b94b000000-0x000001b94bc90000-0x000001b94bc90000), size 13172736, SharedBaseAddress: 0x000001b94b000000, ArchiveRelocationMode: 1.
Compressed class space mapped at: 0x000001b94c000000-0x000001b98c000000, reserved size: 1073741824
Narrow klass base: 0x000001b94b000000, Narrow klass shift: 0, Narrow klass range: 0x100000000

GC Precious Log:
 CardTable entry size: 512
 Card Set container configuration: InlinePtr #cards 5 size 8 Array Of Cards #cards 12 size 40 Howl #buckets 4 coarsen threshold 1843 Howl Bitmap #cards 512 size 80 coarsen threshold 460 Card regions per heap region 1 cards per card region 2048
 CPUs: 4 total, 4 available
 Memory: 4027M
 Large Page Support: Disabled
 NUMA Support: Disabled
 Compressed Oops: Enabled (32-bit)
 Heap Region Size: 1M
 Heap Min Capacity: 8M
 Heap Initial Capacity: 64M
 Heap Max Capacity: 1008M
 Pre-touch: Disabled
 Parallel Workers: 4
 Concurrent Workers: 1
 Concurrent Refinement Workers: 4
 Periodic GC: Disabled

Heap:
 garbage-first heap   total 65536K, used 13045K [0x00000000c1000000, 0x0000000100000000)
  region size 1024K, 10 young (10240K), 2 survivors (2048K)
 Metaspace       used 13518K, committed 13824K, reserved 1114112K
  class space    used 1649K, committed 1792K, reserved 1048576K

Heap Regions: E=young(eden), S=young(survivor), O=old, HS=humongous(starts), HC=humongous(continues), CS=collection set, F=free, TAMS=top-at-mark-start, PB=parsable bottom
|   0|0x00000000c1000000, 0x00000000c1100000, 0x00000000c1100000|100%| O|  |TAMS 0x00000000c1000000| PB 0x00000000c1000000| Untracked 
|   1|0x00000000c1100000, 0x00000000c1200000, 0x00000000c1200000|100%| O|  |TAMS 0x00000000c1100000| PB 0x00000000c1100000| Untracked 
|   2|0x00000000c1200000, 0x00000000c1300000, 0x00000000c1300000|100%| O|  |TAMS 0x00000000c1200000| PB 0x00000000c1200000| Untracked 
|   3|0x00000000c1300000, 0x00000000c13f5648, 0x00000000c1400000| 95%| O|  |TAMS 0x00000000c1300000| PB 0x00000000c1300000| Untracked 
|   4|0x00000000c1400000, 0x00000000c1400000, 0x00000000c1500000|  0%| F|  |TAMS 0x00000000c1400000| PB 0x00000000c1400000| Untracked 
|   5|0x00000000c1500000, 0x00000000c1500000, 0x00000000c1600000|  0%| F|  |TAMS 0x00000000c1500000| PB 0x00000000c1500000| Untracked 
|   6|0x00000000c1600000, 0x00000000c1600000, 0x00000000c1700000|  0%| F|  |TAMS 0x00000000c1600000| PB 0x00000000c1600000| Untracked 
|   7|0x00000000c1700000, 0x00000000c1700000, 0x00000000c1800000|  0%| F|  |TAMS 0x00000000c1700000| PB 0x00000000c1700000| Untracked 
|   8|0x00000000c1800000, 0x00000000c1800000, 0x00000000c1900000|  0%| F|  |TAMS 0x00000000c1800000| PB 0x00000000c1800000| Untracked 
|   9|0x00000000c1900000, 0x00000000c1900000, 0x00000000c1a00000|  0%| F|  |TAMS 0x00000000c1900000| PB 0x00000000c1900000| Untracked 
|  10|0x00000000c1a00000, 0x00000000c1a00000, 0x00000000c1b00000|  0%| F|  |TAMS 0x00000000c1a00000| PB 0x00000000c1a00000| Untracked 
|  11|0x00000000c1b00000, 0x00000000c1b00000, 0x00000000c1c00000|  0%| F|  |TAMS 0x00000000c1b00000| PB 0x00000000c1b00000| Untracked 
|  12|0x00000000c1c00000, 0x00000000c1c00000, 0x00000000c1d00000|  0%| F|  |TAMS 0x00000000c1c00000| PB 0x00000000c1c00000| Untracked 
|  13|0x00000000c1d00000, 0x00000000c1d00000, 0x00000000c1e00000|  0%| F|  |TAMS 0x00000000c1d00000| PB 0x00000000c1d00000| Untracked 
|  14|0x00000000c1e00000, 0x00000000c1e00000, 0x00000000c1f00000|  0%| F|  |TAMS 0x00000000c1e00000| PB 0x00000000c1e00000| Untracked 
|  15|0x00000000c1f00000, 0x00000000c1f00000, 0x00000000c2000000|  0%| F|  |TAMS 0x00000000c1f00000| PB 0x00000000c1f00000| Untracked 
|  16|0x00000000c2000000, 0x00000000c2000000, 0x00000000c2100000|  0%| F|  |TAMS 0x00000000c2000000| PB 0x00000000c2000000| Untracked 
|  17|0x00000000c2100000, 0x00000000c2100000, 0x00000000c2200000|  0%| F|  |TAMS 0x00000000c2100000| PB 0x00000000c2100000| Untracked 
|  18|0x00000000c2200000, 0x00000000c2200000, 0x00000000c2300000|  0%| F|  |TAMS 0x00000000c2200000| PB 0x00000000c2200000| Untracked 
|  19|0x00000000c2300000, 0x00000000c2300000, 0x00000000c2400000|  0%| F|  |TAMS 0x00000000c2300000| PB 0x00000000c2300000| Untracked 
|  20|0x00000000c2400000, 0x00000000c2400000, 0x00000000c2500000|  0%| F|  |TAMS 0x00000000c2400000| PB 0x00000000c2400000| Untracked 
|  21|0x00000000c2500000, 0x00000000c2500000, 0x00000000c2600000|  0%| F|  |TAMS 0x00000000c2500000| PB 0x00000000c2500000| Untracked 
|  22|0x00000000c2600000, 0x00000000c2600000, 0x00000000c2700000|  0%| F|  |TAMS 0x00000000c2600000| PB 0x00000000c2600000| Untracked 
|  23|0x00000000c2700000, 0x00000000c2700000, 0x00000000c2800000|  0%| F|  |TAMS 0x00000000c2700000| PB 0x00000000c2700000| Untracked 
|  24|0x00000000c2800000, 0x00000000c2800000, 0x00000000c2900000|  0%| F|  |TAMS 0x00000000c2800000| PB 0x00000000c2800000| Untracked 
|  25|0x00000000c2900000, 0x00000000c2900000, 0x00000000c2a00000|  0%| F|  |TAMS 0x00000000c2900000| PB 0x00000000c2900000| Untracked 
|  26|0x00000000c2a00000, 0x00000000c2a00000, 0x00000000c2b00000|  0%| F|  |TAMS 0x00000000c2a00000| PB 0x00000000c2a00000| Untracked 
|  27|0x00000000c2b00000, 0x00000000c2b00000, 0x00000000c2c00000|  0%| F|  |TAMS 0x00000000c2b00000| PB 0x00000000c2b00000| Untracked 
|  28|0x00000000c2c00000, 0x00000000c2c00000, 0x00000000c2d00000|  0%| F|  |TAMS 0x00000000c2c00000| PB 0x00000000c2c00000| Untracked 
|  29|0x00000000c2d00000, 0x00000000c2d00000, 0x00000000c2e00000|  0%| F|  |TAMS 0x00000000c2d00000| PB 0x00000000c2d00000| Untracked 
|  30|0x00000000c2e00000, 0x00000000c2e00000, 0x00000000c2f00000|  0%| F|  |TAMS 0x00000000c2e00000| PB 0x00000000c2e00000| Untracked 
|  31|0x00000000c2f00000, 0x00000000c2f00000, 0x00000000c3000000|  0%| F|  |TAMS 0x00000000c2f00000| PB 0x00000000c2f00000| Untracked 
|  32|0x00000000c3000000, 0x00000000c3000000, 0x00000000c3100000|  0%| F|  |TAMS 0x00000000c3000000| PB 0x00000000c3000000| Untracked 
|  33|0x00000000c3100000, 0x00000000c3100000, 0x00000000c3200000|  0%| F|  |TAMS 0x00000000c3100000| PB 0x00000000c3100000| Untracked 
|  34|0x00000000c3200000, 0x00000000c3200000, 0x00000000c3300000|  0%| F|  |TAMS 0x00000000c3200000| PB 0x00000000c3200000| Untracked 
|  35|0x00000000c3300000, 0x00000000c3300000, 0x00000000c3400000|  0%| F|  |TAMS 0x00000000c3300000| PB 0x00000000c3300000| Untracked 
|  36|0x00000000c3400000, 0x00000000c3400000, 0x00000000c3500000|  0%| F|  |TAMS 0x00000000c3400000| PB 0x00000000c3400000| Untracked 
|  37|0x00000000c3500000, 0x00000000c3500000, 0x00000000c3600000|  0%| F|  |TAMS 0x00000000c3500000| PB 0x00000000c3500000| Untracked 
|  38|0x00000000c3600000, 0x00000000c3600000, 0x00000000c3700000|  0%| F|  |TAMS 0x00000000c3600000| PB 0x00000000c3600000| Untracked 
|  39|0x00000000c3700000, 0x00000000c3700000, 0x00000000c3800000|  0%| F|  |TAMS 0x00000000c3700000| PB 0x00000000c3700000| Untracked 
|  40|0x00000000c3800000, 0x00000000c3800000, 0x00000000c3900000|  0%| F|  |TAMS 0x00000000c3800000| PB 0x00000000c3800000| Untracked 
|  41|0x00000000c3900000, 0x00000000c3900000, 0x00000000c3a00000|  0%| F|  |TAMS 0x00000000c3900000| PB 0x00000000c3900000| Untracked 
|  42|0x00000000c3a00000, 0x00000000c3a00000, 0x00000000c3b00000|  0%| F|  |TAMS 0x00000000c3a00000| PB 0x00000000c3a00000| Untracked 
|  43|0x00000000c3b00000, 0x00000000c3b00000, 0x00000000c3c00000|  0%| F|  |TAMS 0x00000000c3b00000| PB 0x00000000c3b00000| Untracked 
|  44|0x00000000c3c00000, 0x00000000c3c00000, 0x00000000c3d00000|  0%| F|  |TAMS 0x00000000c3c00000| PB 0x00000000c3c00000| Untracked 
|  45|0x00000000c3d00000, 0x00000000c3d00000, 0x00000000c3e00000|  0%| F|  |TAMS 0x00000000c3d00000| PB 0x00000000c3d00000| Untracked 
|  46|0x00000000c3e00000, 0x00000000c3ec8130, 0x00000000c3f00000| 78%| S|CS|TAMS 0x00000000c3e00000| PB 0x00000000c3e00000| Complete 
|  47|0x00000000c3f00000, 0x00000000c4000000, 0x00000000c4000000|100%| S|CS|TAMS 0x00000000c3f00000| PB 0x00000000c3f00000| Complete 
|  48|0x00000000c4000000, 0x00000000c4000000, 0x00000000c4100000|  0%| F|  |TAMS 0x00000000c4000000| PB 0x00000000c4000000| Untracked 
|  49|0x00000000c4100000, 0x00000000c4100000, 0x00000000c4200000|  0%| F|  |TAMS 0x00000000c4100000| PB 0x00000000c4100000| Untracked 
|  50|0x00000000c4200000, 0x00000000c4200000, 0x00000000c4300000|  0%| F|  |TAMS 0x00000000c4200000| PB 0x00000000c4200000| Untracked 
|  51|0x00000000c4300000, 0x00000000c4300000, 0x00000000c4400000|  0%| F|  |TAMS 0x00000000c4300000| PB 0x00000000c4300000| Untracked 
|  52|0x00000000c4400000, 0x00000000c4400000, 0x00000000c4500000|  0%| F|  |TAMS 0x00000000c4400000| PB 0x00000000c4400000| Untracked 
|  53|0x00000000c4500000, 0x00000000c4500000, 0x00000000c4600000|  0%| F|  |TAMS 0x00000000c4500000| PB 0x00000000c4500000| Untracked 
|  54|0x00000000c4600000, 0x00000000c4600000, 0x00000000c4700000|  0%| F|  |TAMS 0x00000000c4600000| PB 0x00000000c4600000| Untracked 
|  55|0x00000000c4700000, 0x00000000c4700000, 0x00000000c4800000|  0%| F|  |TAMS 0x00000000c4700000| PB 0x00000000c4700000| Untracked 
|  56|0x00000000c4800000, 0x00000000c4900000, 0x00000000c4900000|100%| E|  |TAMS 0x00000000c4800000| PB 0x00000000c4800000| Complete 
|  57|0x00000000c4900000, 0x00000000c4a00000, 0x00000000c4a00000|100%| E|CS|TAMS 0x00000000c4900000| PB 0x00000000c4900000| Complete 
|  58|0x00000000c4a00000, 0x00000000c4b00000, 0x00000000c4b00000|100%| E|CS|TAMS 0x00000000c4a00000| PB 0x00000000c4a00000| Complete 
|  59|0x00000000c4b00000, 0x00000000c4c00000, 0x00000000c4c00000|100%| E|CS|TAMS 0x00000000c4b00000| PB 0x00000000c4b00000| Complete 
|  60|0x00000000c4c00000, 0x00000000c4d00000, 0x00000000c4d00000|100%| E|CS|TAMS 0x00000000c4c00000| PB 0x00000000c4c00000| Complete 
|  61|0x00000000c4d00000, 0x00000000c4e00000, 0x00000000c4e00000|100%| E|CS|TAMS 0x00000000c4d00000| PB 0x00000000c4d00000| Complete 
|  62|0x00000000c4e00000, 0x00000000c4f00000, 0x00000000c4f00000|100%| E|CS|TAMS 0x00000000c4e00000| PB 0x00000000c4e00000| Complete 
|  63|0x00000000c4f00000, 0x00000000c5000000, 0x00000000c5000000|100%| E|CS|TAMS 0x00000000c4f00000| PB 0x00000000c4f00000| Complete 

Card table byte_map: [0x000001b946fa0000,0x000001b9471a0000] _byte_map_base: 0x000001b946998000

Marking Bits: (CMBitMap*) 0x000001b92f973ca0
 Bits: [0x000001b9471a0000, 0x000001b948160000)

Polling page: 0x000001b92d800000

Metaspace:

Usage:
  Non-class:     11.59 MB used.
      Class:      1.61 MB used.
       Both:     13.20 MB used.

Virtual space:
  Non-class space:       64.00 MB reserved,      11.75 MB ( 18%) committed,  1 nodes.
      Class space:        1.00 GB reserved,       1.75 MB ( <1%) committed,  1 nodes.
             Both:        1.06 GB reserved,      13.50 MB (  1%) committed. 

Chunk freelists:
   Non-Class:  4.14 MB
       Class:  14.16 MB
        Both:  18.30 MB

MaxMetaspaceSize: unlimited
CompressedClassSpaceSize: 1.00 GB
Initial GC threshold: 21.00 MB
Current GC threshold: 21.00 MB
CDS: on
 - commit_granule_bytes: 65536.
 - commit_granule_words: 8192.
 - virtual_space_node_default_size: 8388608.
 - enlarge_chunks_in_place: 1.
 - use_allocation_guard: 0.


Internal statistics:

num_allocs_failed_limit: 0.
num_arena_births: 332.
num_arena_deaths: 0.
num_vsnodes_births: 2.
num_vsnodes_deaths: 0.
num_space_committed: 216.
num_space_uncommitted: 0.
num_chunks_returned_to_freelist: 0.
num_chunks_taken_from_freelist: 665.
num_chunk_merges: 0.
num_chunk_splits: 411.
num_chunks_enlarged: 246.
num_inconsistent_stats: 0.

CodeHeap 'non-profiled nmethods': size=120000Kb used=561Kb max_used=561Kb free=119439Kb
 bounds [0x000001b93f870000, 0x000001b93fae0000, 0x000001b946da0000]
CodeHeap 'profiled nmethods': size=120000Kb used=3434Kb max_used=3434Kb free=116565Kb
 bounds [0x000001b937da0000, 0x000001b938100000, 0x000001b93f2d0000]
CodeHeap 'non-nmethods': size=5760Kb used=1471Kb max_used=1479Kb free=4288Kb
 bounds [0x000001b93f2d0000, 0x000001b93f540000, 0x000001b93f870000]
 total_blobs=2341 nmethods=1785 adapters=460
 compilation: enabled
              stopped_count=0, restarted_count=0
 full_count=0

Compilation events (20 events):
Event: 5.015 Thread 0x000001b94a5d91a0 1774       3       java.io.DataInputStream::readUTF (501 bytes)
Event: 5.018 Thread 0x000001b94a5d91a0 nmethod 1774 0x000001b9380f1b10 code [0x000001b9380f1f40, 0x000001b9380f3db0]
Event: 5.018 Thread 0x000001b94a5d91a0 1775       3       java.lang.invoke.VarHandleByteArrayAsShorts$ArrayHandle::get (36 bytes)
Event: 5.018 Thread 0x000001b94a5d91a0 nmethod 1775 0x000001b9380f4910 code [0x000001b9380f4ae0, 0x000001b9380f4f18]
Event: 5.018 Thread 0x000001b94a5d91a0 1776       3       java.lang.invoke.VarHandleByteArrayAsShorts$ArrayHandle::index (12 bytes)
Event: 5.019 Thread 0x000001b94a5d91a0 nmethod 1776 0x000001b9380f5090 code [0x000001b9380f5240, 0x000001b9380f5388]
Event: 5.019 Thread 0x000001b94a5d91a0 1777       3       java.io.DataInputStream::readUTF (5 bytes)
Event: 5.019 Thread 0x000001b94a5d91a0 nmethod 1777 0x000001b9380f5490 code [0x000001b9380f5640, 0x000001b9380f5778]
Event: 5.019 Thread 0x000001b94a5d91a0 1778       3       java.io.DataInputStream::readUnsignedShort (19 bytes)
Event: 5.020 Thread 0x000001b94a5d91a0 nmethod 1778 0x000001b9380f5810 code [0x000001b9380f5a20, 0x000001b9380f6070]
Event: 5.020 Thread 0x000001b94a5d91a0 1779       3       jdk.internal.util.ByteArray::getUnsignedShort (12 bytes)
Event: 5.020 Thread 0x000001b94a5d91a0 nmethod 1779 0x000001b9380f6310 code [0x000001b9380f6520, 0x000001b9380f6a90]
Event: 5.023 Thread 0x000001b94a5d91a0 1780       3       java.io.DataInputStream::readShort (19 bytes)
Event: 5.024 Thread 0x000001b94a5d91a0 nmethod 1780 0x000001b9380f6d10 code [0x000001b9380f6f20, 0x000001b9380f7520]
Event: 5.024 Thread 0x000001b94a5d91a0 1781       3       jdk.internal.util.ByteArray::getShort (9 bytes)
Event: 5.025 Thread 0x000001b94a5d91a0 nmethod 1781 0x000001b9380f7790 code [0x000001b9380f7980, 0x000001b9380f7e98]
Event: 5.025 Thread 0x000001b94a5d91a0 1782       3       java.io.DataInputStream::readFully (9 bytes)
Event: 5.025 Thread 0x000001b94a5d91a0 nmethod 1782 0x000001b9380f8110 code [0x000001b9380f82c0, 0x000001b9380f8408]
Event: 5.039 Thread 0x000001b94a5d91a0 1785       3       java.util.concurrent.ConcurrentHashMap$KeyIterator::next (34 bytes)
Event: 5.039 Thread 0x000001b94a5d91a0 nmethod 1785 0x000001b9380f8510 code [0x000001b9380f86e0, 0x000001b9380f89a0]

GC Heap History (4 events):
Event: 1.465 GC heap before
{Heap before GC invocations=0 (full 0):
 garbage-first heap   total 65536K, used 13312K [0x00000000c1000000, 0x0000000100000000)
  region size 1024K, 13 young (13312K), 0 survivors (0K)
 Metaspace       used 5969K, committed 6144K, reserved 1114112K
  class space    used 688K, committed 768K, reserved 1048576K
}
Event: 1.477 GC heap after
{Heap after GC invocations=1 (full 0):
 garbage-first heap   total 65536K, used 4160K [0x00000000c1000000, 0x0000000100000000)
  region size 1024K, 2 young (2048K), 2 survivors (2048K)
 Metaspace       used 5969K, committed 6144K, reserved 1114112K
  class space    used 688K, committed 768K, reserved 1048576K
}
Event: 2.050 GC heap before
{Heap before GC invocations=1 (full 0):
 garbage-first heap   total 65536K, used 17472K [0x00000000c1000000, 0x0000000100000000)
  region size 1024K, 16 young (16384K), 2 survivors (2048K)
 Metaspace       used 11058K, committed 11328K, reserved 1114112K
  class space    used 1305K, committed 1408K, reserved 1048576K
}
Event: 2.056 GC heap after
{Heap after GC invocations=2 (full 0):
 garbage-first heap   total 65536K, used 5877K [0x00000000c1000000, 0x0000000100000000)
  region size 1024K, 2 young (2048K), 2 survivors (2048K)
 Metaspace       used 11058K, committed 11328K, reserved 1114112K
  class space    used 1305K, committed 1408K, reserved 1048576K
}

Dll operation events (8 events):
Event: 0.014 Loaded shared library C:\Program Files\Java\jdk-21\bin\java.dll
Event: 0.059 Loaded shared library C:\Program Files\Java\jdk-21\bin\jsvml.dll
Event: 0.125 Loaded shared library C:\Program Files\Java\jdk-21\bin\net.dll
Event: 0.127 Loaded shared library C:\Program Files\Java\jdk-21\bin\nio.dll
Event: 0.132 Loaded shared library C:\Program Files\Java\jdk-21\bin\zip.dll
Event: 0.226 Loaded shared library C:\Program Files\Java\jdk-21\bin\jimage.dll
Event: 0.301 Loaded shared library C:\Program Files\Java\jdk-21\bin\extnet.dll
Event: 1.597 Loaded shared library C:\Program Files\Java\jdk-21\bin\sunmscapi.dll

Deoptimization events (20 events):
Event: 1.710 Thread 0x000001b92d89fd80 DEOPT PACKING pc=0x000001b93f8917e4 sp=0x000000a55b5fdf00
Event: 1.710 Thread 0x000001b92d89fd80 DEOPT UNPACKING pc=0x000001b93f3246a2 sp=0x000000a55b5fdeb8 mode 2
Event: 1.710 Thread 0x000001b92d89fd80 Uncommon trap: trap_request=0xffffffde fr.pc=0x000001b93f8917e4 relative=0x0000000000000304
Event: 1.710 Thread 0x000001b92d89fd80 Uncommon trap: reason=class_check action=maybe_recompile pc=0x000001b93f8917e4 method=java.util.regex.Pattern$BmpCharPropertyGreedy.match(Ljava/util/regex/Matcher;ILjava/lang/CharSequence;)Z @ 26 c2
Event: 1.710 Thread 0x000001b92d89fd80 DEOPT PACKING pc=0x000001b93f8917e4 sp=0x000000a55b5fdf00
Event: 1.710 Thread 0x000001b92d89fd80 DEOPT UNPACKING pc=0x000001b93f3246a2 sp=0x000000a55b5fdeb8 mode 2
Event: 1.760 Thread 0x000001b9906af690 Uncommon trap: trap_request=0xffffffde fr.pc=0x000001b93f8917e4 relative=0x0000000000000304
Event: 1.760 Thread 0x000001b9906af690 Uncommon trap: reason=class_check action=maybe_recompile pc=0x000001b93f8917e4 method=java.util.regex.Pattern$BmpCharPropertyGreedy.match(Ljava/util/regex/Matcher;ILjava/lang/CharSequence;)Z @ 26 c2
Event: 1.760 Thread 0x000001b9906af690 DEOPT PACKING pc=0x000001b93f8917e4 sp=0x000000a55cffe450
Event: 1.760 Thread 0x000001b9906af690 DEOPT UNPACKING pc=0x000001b93f3246a2 sp=0x000000a55cffe3e8 mode 2
Event: 1.920 Thread 0x000001b92d89fd80 Uncommon trap: trap_request=0xffffffde fr.pc=0x000001b93f8de274 relative=0x0000000000000414
Event: 1.920 Thread 0x000001b92d89fd80 Uncommon trap: reason=class_check action=maybe_recompile pc=0x000001b93f8de274 method=java.lang.String.<init>(Ljava/lang/AbstractStringBuilder;Ljava/lang/Void;)V @ 10 c2
Event: 1.920 Thread 0x000001b92d89fd80 DEOPT PACKING pc=0x000001b93f8de274 sp=0x000000a55b5fea50
Event: 1.920 Thread 0x000001b92d89fd80 DEOPT UNPACKING pc=0x000001b93f3246a2 sp=0x000000a55b5fea18 mode 2
Event: 4.801 Thread 0x000001b92d89fd80 Uncommon trap: trap_request=0xffffff45 fr.pc=0x000001b93f8d7e8c relative=0x0000000000000e0c
Event: 4.801 Thread 0x000001b92d89fd80 Uncommon trap: reason=unstable_if action=reinterpret pc=0x000001b93f8d7e8c method=java.util.concurrent.ConcurrentHashMap.putVal(Ljava/lang/Object;Ljava/lang/Object;Z)Ljava/lang/Object; @ 231 c2
Event: 4.801 Thread 0x000001b92d89fd80 DEOPT PACKING pc=0x000001b93f8d7e8c sp=0x000000a55b5febc0
Event: 4.801 Thread 0x000001b92d89fd80 DEOPT UNPACKING pc=0x000001b93f3246a2 sp=0x000000a55b5feb20 mode 2
Event: 4.863 Thread 0x000001b92d89fd80 DEOPT PACKING pc=0x000001b937e46570 sp=0x000000a55b5fec20
Event: 4.863 Thread 0x000001b92d89fd80 DEOPT UNPACKING pc=0x000001b93f324e42 sp=0x000000a55b5fe1f8 mode 0

Classes loaded (20 events):
Event: 4.989 Loading class jdk/internal/logger/SurrogateLogger
Event: 4.990 Loading class jdk/internal/logger/SimpleConsoleLogger
Event: 4.991 Loading class jdk/internal/logger/SimpleConsoleLogger done
Event: 4.991 Loading class jdk/internal/logger/SurrogateLogger done
Event: 4.991 Loading class jdk/internal/logger/SimpleConsoleLogger$Formatting
Event: 4.992 Loading class jdk/internal/logger/SimpleConsoleLogger$Formatting done
Event: 4.994 Loading class java/util/logging/Handler$1
Event: 4.997 Loading class java/util/logging/Handler$1 done
Event: 4.998 Loading class java/util/logging/StreamHandler$1
Event: 4.998 Loading class java/util/logging/StreamHandler$1 done
Event: 4.998 Loading class java/util/logging/LogManager$CloseOnReset
Event: 4.999 Loading class java/util/logging/LogManager$CloseOnReset done
Event: 5.030 Loading class sun/util/calendar/ZoneInfoFile$Checksum
Event: 5.031 Loading class sun/util/calendar/ZoneInfoFile$Checksum done
Event: 5.032 Loading class java/time/zone/ZoneRulesProvider
Event: 5.032 Loading class java/time/zone/ZoneRulesProvider done
Event: 5.032 Loading class java/time/zone/ZoneRulesProvider$1
Event: 5.033 Loading class java/time/zone/ZoneRulesProvider$1 done
Event: 5.033 Loading class java/time/zone/TzdbZoneRulesProvider
Event: 5.033 Loading class java/time/zone/TzdbZoneRulesProvider done

Classes unloaded (0 events):
No events

Classes redefined (0 events):
No events

Internal exceptions (20 events):
Event: 1.395 Thread 0x000001b92d89fd80 Exception <a 'sun/nio/fs/WindowsException'{0x00000000c4344270}> (0x00000000c4344270) 
thrown [s\open\src\hotspot\share\prims\jni.cpp, line 520]
Event: 1.488 Thread 0x000001b92d89fd80 Exception <a 'java/lang/NoSuchMethodError'{0x00000000c4e69e20}: 'void java.lang.invoke.DirectMethodHandle$Holder.invokeVirtual(java.lang.Object, java.lang.Object)'> (0x00000000c4e69e20) 
thrown [s\open\src\hotspot\share\interpreter\linkResolver.cpp, line 773]
Event: 1.551 Thread 0x000001b92d89fd80 Exception <a 'java/lang/NoSuchMethodError'{0x00000000c4a6cfe8}: 'java.lang.Object java.lang.invoke.DirectMethodHandle$Holder.invokeStaticInit(java.lang.Object, int, int, int, int)'> (0x00000000c4a6cfe8) 
thrown [s\open\src\hotspot\share\interpreter\linkResolver.cpp, line 773]
Event: 1.570 Thread 0x000001b92d89fd80 Exception <a 'java/lang/NoSuchMethodError'{0x00000000c4ab22a8}: 'java.lang.Object java.lang.invoke.DirectMethodHandle$Holder.invokeStaticInit(java.lang.Object, java.lang.Object, int, int, int, int)'> (0x00000000c4ab22a8) 
thrown [s\open\src\hotspot\share\interpreter\linkResolver.cpp, line 773]
Event: 1.706 Thread 0x000001b92d89fd80 Exception <a 'java/lang/NoSuchMethodError'{0x00000000c48ba078}: 'java.lang.Object java.lang.invoke.DirectMethodHandle$Holder.invokeInterface(java.lang.Object, java.lang.Object, java.lang.Object)'> (0x00000000c48ba078) 
thrown [s\open\src\hotspot\share\interpreter\linkResolver.cpp, line 773]
Event: 1.707 Thread 0x000001b92d89fd80 Exception <a 'java/lang/IncompatibleClassChangeError'{0x00000000c48bd460}: Found class java.lang.Object, but interface was expected> (0x00000000c48bd460) 
thrown [s\open\src\hotspot\share\interpreter\linkResolver.cpp, line 840]
Event: 1.709 Thread 0x000001b92d89fd80 Exception <a 'java/lang/NoSuchMethodError'{0x00000000c48c4750}: 'int java.lang.invoke.DirectMethodHandle$Holder.invokeSpecialIFC(java.lang.Object, java.lang.Object, java.lang.Object, java.lang.Object)'> (0x00000000c48c4750) 
thrown [s\open\src\hotspot\share\interpreter\linkResolver.cpp, line 773]
Event: 1.722 Thread 0x000001b92d89fd80 Exception <a 'java/lang/NoSuchMethodError'{0x00000000c4735190}: 'java.lang.Object java.lang.invoke.DirectMethodHandle$Holder.invokeVirtual(java.lang.Object, java.lang.Object, java.lang.Object, java.lang.Object)'> (0x00000000c4735190) 
thrown [s\open\src\hotspot\share\interpreter\linkResolver.cpp, line 773]
Event: 1.768 Thread 0x000001b9906af690 Exception <a 'java/net/ConnectException'{0x00000000c47c1140}: Connection refused: getsockopt> (0x00000000c47c1140) 
thrown [s\open\src\hotspot\share\prims\jni.cpp, line 539]
Event: 1.780 Thread 0x000001b9906af690 Exception <a 'java/net/ConnectException'{0x00000000c47c2230}: Connection refused: getsockopt> (0x00000000c47c2230) 
thrown [s\open\src\hotspot\share\prims\jni.cpp, line 539]
Event: 1.812 Thread 0x000001b9906af690 Exception <a 'java/net/ConnectException'{0x00000000c47c3148}: Connection refused: getsockopt> (0x00000000c47c3148) 
thrown [s\open\src\hotspot\share\prims\jni.cpp, line 539]
Event: 1.905 Thread 0x000001b92d89fd80 Exception <a 'java/lang/NoSuchMethodError'{0x00000000c46dead8}: 'java.lang.Object java.lang.invoke.DirectMethodHandle$Holder.newInvokeSpecial(java.lang.Object, java.lang.Object, int, int)'> (0x00000000c46dead8) 
thrown [s\open\src\hotspot\share\interpreter\linkResolver.cpp, line 773]
Event: 1.906 Thread 0x000001b92d89fd80 Exception <a 'java/lang/NoSuchMethodError'{0x00000000c46e8f98}: 'void java.lang.invoke.DirectMethodHandle$Holder.invokeStatic(java.lang.Object, java.lang.Object, int)'> (0x00000000c46e8f98) 
thrown [s\open\src\hotspot\share\interpreter\linkResolver.cpp, line 773]
Event: 1.940 Thread 0x000001b92d89fd80 Exception <a 'java/lang/NoSuchMethodError'{0x00000000c45fa2b8}: 'java.lang.Object java.lang.invoke.DirectMethodHandle$Holder.newInvokeSpecial(java.lang.Object, java.lang.Object, java.lang.Object, java.lang.Object, java.lang.Object)'> (0x00000000c45fa2b8) 
thrown [s\open\src\hotspot\share\interpreter\linkResolver.cpp, line 773]
Event: 2.009 Thread 0x000001b92d89fd80 Exception <a 'java/lang/NoSuchMethodError'{0x00000000c406f848}: 'void java.lang.invoke.DirectMethodHandle$Holder.invokeSpecial(java.lang.Object, java.lang.Object, java.lang.Object)'> (0x00000000c406f848) 
thrown [s\open\src\hotspot\share\interpreter\linkResolver.cpp, line 773]
Event: 2.063 Thread 0x000001b9907c0d10 Exception <a 'java/lang/NoSuchMethodError'{0x00000000c4f567e8}: 'java.lang.Object java.lang.invoke.DirectMethodHandle$Holder.invokeSpecial(java.lang.Object, java.lang.Object, java.lang.Object, java.lang.Object, int)'> (0x00000000c4f567e8) 
thrown [s\open\src\hotspot\share\interpreter\linkResolver.cpp, line 773]
Event: 2.063 Thread 0x000001b9907c0d10 Exception <a 'java/lang/NoSuchMethodError'{0x00000000c4f5a130}: 'java.lang.Object java.lang.invoke.Invokers$Holder.linkToTargetMethod(java.lang.Object, java.lang.Object, int, java.lang.Object)'> (0x00000000c4f5a130) 
thrown [s\open\src\hotspot\share\interpreter\linkResolver.cpp, line 773]
Event: 2.085 Thread 0x000001b9907c0d10 Exception <a 'java/lang/NoSuchMethodError'{0x00000000c4f9afc0}: 'void java.lang.invoke.DirectMethodHandle$Holder.invokeSpecial(java.lang.Object, java.lang.Object, java.lang.Object, java.lang.Object, java.lang.Object)'> (0x00000000c4f9afc0) 
thrown [s\open\src\hotspot\share\interpreter\linkResolver.cpp, line 773]
Event: 4.622 Thread 0x000001b9907c0d10 Exception <a 'java/lang/NoSuchMethodError'{0x00000000c4eef1d0}: 'void java.lang.invoke.DirectMethodHandle$Holder.invokeSpecial(java.lang.Object, java.lang.Object, java.lang.Object, java.lang.Object, java.lang.Object, java.lang.Object, java.lang.Object)'> (0x00000000c4eef1d0) 
thrown [s\open\src\hotspot\share\interpreter\linkResolver.cpp, line 773]
Event: 4.764 Thread 0x000001b92d89fd80 Exception <a 'java/lang/NoSuchMethodError'{0x00000000c4cbaa78}: 'java.lang.Object java.lang.invoke.DirectMethodHandle$Holder.invokeSpecialIFC(java.lang.Object, java.lang.Object, java.lang.Object)'> (0x00000000c4cbaa78) 
thrown [s\open\src\hotspot\share\interpreter\linkResolver.cpp, line 773]

ZGC Phase Switch (0 events):
No events

VM Operations (20 events):
Event: 1.481 Executing VM operation: HandshakeAllThreads (Deoptimize)
Event: 1.481 Executing VM operation: HandshakeAllThreads (Deoptimize) done
Event: 1.864 Executing VM operation: HandshakeAllThreads (Deoptimize)
Event: 1.864 Executing VM operation: HandshakeAllThreads (Deoptimize) done
Event: 1.872 Executing VM operation: HandshakeAllThreads (Deoptimize)
Event: 1.872 Executing VM operation: HandshakeAllThreads (Deoptimize) done
Event: 1.923 Executing VM operation: HandshakeAllThreads (Deoptimize)
Event: 1.923 Executing VM operation: HandshakeAllThreads (Deoptimize) done
Event: 2.050 Executing VM operation: G1CollectForAllocation (G1 Evacuation Pause)
Event: 2.057 Executing VM operation: G1CollectForAllocation (G1 Evacuation Pause) done
Event: 3.068 Executing VM operation: Cleanup
Event: 3.068 Executing VM operation: Cleanup done
Event: 4.590 Executing VM operation: HandshakeAllThreads (Deoptimize)
Event: 4.590 Executing VM operation: HandshakeAllThreads (Deoptimize) done
Event: 4.590 Executing VM operation: Cleanup
Event: 4.590 Executing VM operation: Cleanup done
Event: 4.593 Executing VM operation: HandshakeAllThreads (Deoptimize)
Event: 4.593 Executing VM operation: HandshakeAllThreads (Deoptimize) done
Event: 5.031 Executing VM operation: HandshakeAllThreads (Deoptimize)
Event: 5.031 Executing VM operation: HandshakeAllThreads (Deoptimize) done

Events (20 events):
Event: 0.057 Thread 0x000001b94a5d3880 Thread added: 0x000001b94a5d3880
Event: 0.057 Thread 0x000001b94a5d91a0 Thread added: 0x000001b94a5d91a0
Event: 0.112 Thread 0x000001b94a8346d0 Thread added: 0x000001b94a8346d0
Event: 0.116 Thread 0x000001b94a83cae0 Thread added: 0x000001b94a83cae0
Event: 0.469 Thread 0x000001b99018d300 Thread added: 0x000001b99018d300
Event: 1.119 Thread 0x000001b99018d300 Thread exited: 0x000001b99018d300
Event: 1.219 Thread 0x000001b94a95a660 Thread added: 0x000001b94a95a660
Event: 1.646 Thread 0x000001b990687430 Thread added: 0x000001b990687430
Event: 1.735 Thread 0x000001b9906cbcd0 Thread added: 0x000001b9906cbcd0
Event: 1.737 Thread 0x000001b9906ccaa0 Thread added: 0x000001b9906ccaa0
Event: 1.738 Thread 0x000001b9906cd110 Thread added: 0x000001b9906cd110
Event: 1.752 Thread 0x000001b9906af690 Thread added: 0x000001b9906af690
Event: 1.863 Thread 0x000001b9906b1030 Thread added: 0x000001b9906b1030
Event: 2.039 Thread 0x000001b9907c0d10 Thread added: 0x000001b9907c0d10
Event: 2.099 Thread 0x000001b9907c20c0 Thread added: 0x000001b9907c20c0
Event: 2.100 Thread 0x000001b9907c0680 Thread added: 0x000001b9907c0680
Event: 4.855 Thread 0x000001b9907c13a0 Thread added: 0x000001b9907c13a0
Event: 4.856 Thread 0x000001b9907c3470 Thread added: 0x000001b9907c3470
Event: 4.859 Thread 0x000001b9907c1a30 Thread added: 0x000001b9907c1a30
Event: 4.859 Thread 0x000001b9907c2750 Thread added: 0x000001b9907c2750


Dynamic libraries:
0x00007ff7eea60000 - 0x00007ff7eea70000 	C:\Program Files\Java\jdk-21\bin\javaw.exe
0x00007ffcd29d0000 - 0x00007ffcd2bc8000 	C:\WINDOWS\SYSTEM32\ntdll.dll
0x00007ffcd10a0000 - 0x00007ffcd115d000 	C:\WINDOWS\System32\KERNEL32.DLL
0x00007ffcd03d0000 - 0x00007ffcd06c6000 	C:\WINDOWS\System32\KERNELBASE.dll
0x00007ffccd9f0000 - 0x00007ffccda80000 	C:\WINDOWS\SYSTEM32\apphelp.dll
0x00007ffcd07f0000 - 0x00007ffcd08f0000 	C:\WINDOWS\System32\ucrtbase.dll
0x00007ffccade0000 - 0x00007ffccadfb000 	C:\Program Files\Java\jdk-21\bin\VCRUNTIME140.dll
0x00007ffccb140000 - 0x00007ffccb159000 	C:\Program Files\Java\jdk-21\bin\jli.dll
0x00007ffcd1680000 - 0x00007ffcd172f000 	C:\WINDOWS\System32\ADVAPI32.dll
0x00007ffcd21a0000 - 0x00007ffcd223e000 	C:\WINDOWS\System32\msvcrt.dll
0x00007ffcd0a30000 - 0x00007ffcd0acc000 	C:\WINDOWS\System32\sechost.dll
0x00007ffcd1550000 - 0x00007ffcd1676000 	C:\WINDOWS\System32\RPCRT4.dll
0x00007ffcd0de0000 - 0x00007ffcd0f7e000 	C:\WINDOWS\System32\USER32.dll
0x00007ffcd06d0000 - 0x00007ffcd06f2000 	C:\WINDOWS\System32\win32u.dll
0x00007ffcd1010000 - 0x00007ffcd103c000 	C:\WINDOWS\System32\GDI32.dll
0x00007ffcd0120000 - 0x00007ffcd023a000 	C:\WINDOWS\System32\gdi32full.dll
0x00007ffcd0700000 - 0x00007ffcd079d000 	C:\WINDOWS\System32\msvcp_win.dll
0x00007ffcc3540000 - 0x00007ffcc37da000 	C:\WINDOWS\WinSxS\amd64_microsoft.windows.common-controls_6595b64144ccf1df_6.0.19041.3636_none_60b6a03d71f818d5\COMCTL32.dll
0x00007ffcc5c90000 - 0x00007ffcc5c9a000 	C:\WINDOWS\SYSTEM32\VERSION.dll
0x00007ffcd0f80000 - 0x00007ffcd0fb0000 	C:\WINDOWS\System32\IMM32.DLL
0x00007ffccb640000 - 0x00007ffccb64c000 	C:\Program Files\Java\jdk-21\bin\vcruntime140_1.dll
0x00007ffccac80000 - 0x00007ffccad0e000 	C:\Program Files\Java\jdk-21\bin\msvcp140.dll
0x00007ffc859c0000 - 0x00007ffc866d7000 	C:\Program Files\Java\jdk-21\bin\server\jvm.dll
0x00007ffcd0ad0000 - 0x00007ffcd0b3b000 	C:\WINDOWS\System32\WS2_32.dll
0x00007ffccf660000 - 0x00007ffccf6ab000 	C:\WINDOWS\SYSTEM32\POWRPROF.dll
0x00007ffcc5a40000 - 0x00007ffcc5a67000 	C:\WINDOWS\SYSTEM32\WINMM.dll
0x00007ffccf510000 - 0x00007ffccf522000 	C:\WINDOWS\SYSTEM32\UMPDC.dll
0x00007ffccdf70000 - 0x00007ffccdf82000 	C:\WINDOWS\SYSTEM32\kernel.appcore.dll
0x00007ffccb130000 - 0x00007ffccb13a000 	C:\Program Files\Java\jdk-21\bin\jimage.dll
0x00007ffcbfdd0000 - 0x00007ffcbffb4000 	C:\WINDOWS\SYSTEM32\DBGHELP.DLL
0x00007ffcc00e0000 - 0x00007ffcc0114000 	C:\WINDOWS\SYSTEM32\dbgcore.DLL
0x00007ffcd09a0000 - 0x00007ffcd0a22000 	C:\WINDOWS\System32\bcryptPrimitives.dll
0x00007ffccabf0000 - 0x00007ffccac0f000 	C:\Program Files\Java\jdk-21\bin\java.dll
0x00007ffcd2240000 - 0x00007ffcd2985000 	C:\WINDOWS\System32\SHELL32.dll
0x00007ffcce170000 - 0x00007ffcce90b000 	C:\WINDOWS\SYSTEM32\windows.storage.dll
0x00007ffcd1190000 - 0x00007ffcd14e4000 	C:\WINDOWS\System32\combase.dll
0x00007ffccfaf0000 - 0x00007ffccfb1d000 	C:\WINDOWS\SYSTEM32\Wldp.dll
0x00007ffcd0c50000 - 0x00007ffcd0cfd000 	C:\WINDOWS\System32\SHCORE.dll
0x00007ffcd1040000 - 0x00007ffcd1095000 	C:\WINDOWS\System32\shlwapi.dll
0x00007ffccffe0000 - 0x00007ffcd0005000 	C:\WINDOWS\SYSTEM32\profapi.dll
0x00007ffcc89f0000 - 0x00007ffcc8ac7000 	C:\Program Files\Java\jdk-21\bin\jsvml.dll
0x00007ffccac70000 - 0x00007ffccac80000 	C:\Program Files\Java\jdk-21\bin\net.dll
0x00007ffcc9b30000 - 0x00007ffcc9c3a000 	C:\WINDOWS\SYSTEM32\WINHTTP.dll
0x00007ffccf850000 - 0x00007ffccf8ba000 	C:\WINDOWS\system32\mswsock.dll
0x00007ffccab40000 - 0x00007ffccab56000 	C:\Program Files\Java\jdk-21\bin\nio.dll
0x00007ffcc9d10000 - 0x00007ffcc9d28000 	C:\Program Files\Java\jdk-21\bin\zip.dll
0x00007ffccbb20000 - 0x00007ffccbb29000 	C:\Program Files\Java\jdk-21\bin\extnet.dll
0x00007ffccf530000 - 0x00007ffccf5fa000 	C:\WINDOWS\SYSTEM32\DNSAPI.dll
0x00007ffccf4d0000 - 0x00007ffccf50b000 	C:\WINDOWS\SYSTEM32\IPHLPAPI.DLL
0x00007ffcd1160000 - 0x00007ffcd1168000 	C:\WINDOWS\System32\NSI.dll
0x00007ffcc3910000 - 0x00007ffcc391a000 	C:\Windows\System32\rasadhlp.dll
0x00007ffcc4440000 - 0x00007ffcc44c0000 	C:\WINDOWS\System32\fwpuclnt.dll
0x00007ffcd03a0000 - 0x00007ffcd03c7000 	C:\WINDOWS\System32\bcrypt.dll
0x00007ffccfa40000 - 0x00007ffccfa58000 	C:\WINDOWS\SYSTEM32\CRYPTSP.dll
0x00007ffccf0b0000 - 0x00007ffccf0e4000 	C:\WINDOWS\system32\rsaenh.dll
0x00007ffccff60000 - 0x00007ffccff8e000 	C:\WINDOWS\SYSTEM32\USERENV.dll
0x00007ffccfa60000 - 0x00007ffccfa6c000 	C:\WINDOWS\SYSTEM32\CRYPTBASE.dll
0x00007ffccbbc0000 - 0x00007ffccbbce000 	C:\Program Files\Java\jdk-21\bin\sunmscapi.dll
0x00007ffcd0240000 - 0x00007ffcd039d000 	C:\WINDOWS\System32\CRYPT32.dll
0x00007ffccfb60000 - 0x00007ffccfb87000 	C:\WINDOWS\SYSTEM32\ncrypt.dll
0x00007ffccfb20000 - 0x00007ffccfb5b000 	C:\WINDOWS\SYSTEM32\NTASN1.dll
0x00007ffcc86f0000 - 0x00007ffcc86f7000 	C:\WINDOWS\system32\wshunix.dll

dbghelp: loaded successfully - version: 4.0.5 - missing functions: none
symbol engine: initialized successfully - sym options: 0x614 - pdb path: .;C:\Program Files\Java\jdk-21\bin;C:\WINDOWS\SYSTEM32;C:\WINDOWS\WinSxS\amd64_microsoft.windows.common-controls_6595b64144ccf1df_6.0.19041.3636_none_60b6a03d71f818d5;C:\Program Files\Java\jdk-21\bin\server

VM Arguments:
jvm_args: -Dfile.encoding=UTF-8 -Dstdout.encoding=UTF-8 -Dstderr.encoding=UTF-8 -XX:+ShowCodeDetailsInExceptionMessages 
java_command: selenium_maven.selenium_id1.Browser_launched_by_extend_class
java_class_path (initial): C:\Users\Akshay\eclipse-workspace\selenium-id1\target\test-classes;C:\Users\Akshay\eclipse-workspace\selenium-id1\target\classes;C:\Users\Akshay\.m2\repository\org\seleniumhq\selenium\selenium-java\4.15.0\selenium-java-4.15.0.jar;C:\Users\Akshay\.m2\repository\org\seleniumhq\selenium\selenium-api\4.15.0\selenium-api-4.15.0.jar;C:\Users\Akshay\.m2\repository\org\seleniumhq\selenium\selenium-chrome-driver\4.15.0\selenium-chrome-driver-4.15.0.jar;C:\Users\Akshay\.m2\repository\com\google\auto\service\auto-service-annotations\1.1.1\auto-service-annotations-1.1.1.jar;C:\Users\Akshay\.m2\repository\org\seleniumhq\selenium\selenium-chromium-driver\4.15.0\selenium-chromium-driver-4.15.0.jar;C:\Users\Akshay\.m2\repository\org\seleniumhq\selenium\selenium-json\4.15.0\selenium-json-4.15.0.jar;C:\Users\Akshay\.m2\repository\org\seleniumhq\selenium\selenium-manager\4.15.0\selenium-manager-4.15.0.jar;C:\Users\Akshay\.m2\repository\org\seleniumhq\selenium\selenium-devtools-v117\4.15.0\selenium-devtools-v117-4.15.0.jar;C:\Users\Akshay\.m2\repository\org\seleniumhq\selenium\selenium-devtools-v118\4.15.0\selenium-devtools-v118-4.15.0.jar;C:\Users\Akshay\.m2\repository\org\seleniumhq\selenium\selenium-devtools-v119\4.15.0\selenium-devtools-v119-4.15.0.jar;C:\Users\Akshay\.m2\repository\org\seleniumhq\selenium\selenium-devtools-v85\4.15.0\selenium-devtools-v85-4.15.0.jar;C:\Users\Akshay\.m2\repository\org\seleniumhq\selenium\selenium-edge-driver\4.15.0\selenium-edge-driver-4.15.0.jar;C:\Users\Akshay\.m2\repository\org\seleniumhq\selenium\selenium-firefox-driver\4.15.0\selenium-firefox-driver-4.15.0.jar;C:\Users\Akshay\.m2\repository\org\seleniumhq\selenium\selenium-http\4.15.0\selenium-http-4.15.0.jar;C:\Users\Akshay\.m2\repository\dev\failsafe\failsafe\3.3.2\failsafe-3.3.2.jar;C:\Users\Akshay\.m2\repository\org\seleniumhq\selenium\selenium-ie-driver\4.15.0\selenium-ie-driver-4.15.0.jar;C:\Users\Akshay\.m2\repository\org\seleniumhq\selenium\selenium-remote-driver\4.15.0\selenium-remote-driver-4.15.0.jar;C:\Users\Akshay\.m2\repository\com\google\guava\guava\32.1.2-jre\guava-32.1.2-jre.jar;C:\Users\Akshay\.m2\repository\com\google\guava\failureaccess\1.0.1\failureaccess-1.0.1.jar;C:\Users\Akshay\.m2\repository\com\google\guava\listenablefuture\9999.0-empty-to-avoid-conflict-with-guava\listenablefuture-9999.0-empty-to-avoid-conflict-with-guava.jar;C:\Users\Akshay\.m2\repository\com\google\code\findbugs\jsr305\3.0.2\jsr305-3.0.2.jar;C:\Users\Akshay\.m2\repository\org\checkerframework\checker-qual\3.33.0\checker-qual-3.33.0.jar;C:\Users\Akshay\.m2\repository\com\google\errorprone\error_prone_annotations\2.18.0\error_prone_annotations-2.18.0.jar;C:\Users\Akshay\.m2\repository\com\google\j2objc\j2objc-annotations\2.8\j2objc-annotations-2.8.jar;C:\Users\Akshay\.m2\repository\io\opentelemetry\opentelemetry-api\1.28.0\opentelemetry-api-1.28.0.jar;C:\Users\Akshay\.m2\repository\io\opentelemetry\opentelemetry-context\1.28.0\opentelemetry-context-1.28.0.jar;C:\Users\Akshay\.m2\repository\io\opentelemetry\opentelemetry-exporter-logging\1.28.0\opentelemetry-exporter-logging-1.28.0.jar;C:\Users\Akshay\.m2\repository\io\opentelemetry\opentelemetry-sdk-metrics\1.28.0\opentelemetry-sdk-metrics-1.28.0.jar;C:\Users\Akshay\.m2\repository\io\opentelemetry\opentelemetry-extension-incubator\1.28.0-alpha\opentelemetry-extension-incubator-1.28.0-alpha.jar;C:\Users\Akshay\.m2\repository\io\opentelemetry\opentelemetry-sdk-logs\1.28.0\opentelemetry-sdk-logs-1.28.0.jar;C:\Users\Akshay\.m2\repository\io\opentelemetry\opentelemetry-sdk-common\1.28.0\opentelemetry-sdk-common-1.28.0.jar;C:\Users\Akshay\.m2\repository\io\opentelemetry\opentelemetry-sdk-extension-autoconfigure-spi\1.28.0\opentelemetry-sdk-extension-autoconfigure-spi-1.28.0.jar;C:\Users\Akshay\.m2\repository\io\opentelemetry\opentelemetry-sdk-extension-autoconfigure\1.28.0\opentelemetry-sdk-extension-autoconfigure-1.28.0.jar;C:\Users\Akshay\.m2\repository\io\opentelemetry\opentelemetry-api-events\1.28.0-alpha\opentelemetry-api-events-1.28.0-alpha.jar;C:\Users\Akshay\.m2\repository\io\opentelemetry\opentelemetry-sdk-trace\1.28.0\opentelemetry-sdk-trace-1.28.0.jar;C:\Users\Akshay\.m2\repository\io\opentelemetry\opentelemetry-sdk\1.28.0\opentelemetry-sdk-1.28.0.jar;C:\Users\Akshay\.m2\repository\io\opentelemetry\opentelemetry-semconv\1.28.0-alpha\opentelemetry-semconv-1.28.0-alpha.jar;C:\Users\Akshay\.m2\repository\net\bytebuddy\byte-buddy\1.14.5\byte-buddy-1.14.5.jar;C:\Users\Akshay\.m2\repository\org\seleniumhq\selenium\selenium-os\4.15.0\selenium-os-4.15.0.jar;C:\Users\Akshay\.m2\repository\org\apache\commons\commons-exec\1.3\commons-exec-1.3.jar;C:\Users\Akshay\.m2\repository\org\seleniumhq\selenium\selenium-safari-driver\4.15.0\selenium-safari-driver-4.15.0.jar;C:\Users\Akshay\.m2\repository\org\seleniumhq\selenium\selenium-support\4.15.0\selenium-support-4.15.0.jar;C:\Users\Akshay\.m2\repository\junit\junit\4.11\junit-4.11.jar;C:\Users\Akshay\.m2\repository\org\hamcrest\hamcrest-core\1.3\hamcrest-core-1.3.jar
Launcher Type: SUN_STANDARD

[Global flags]
     intx CICompilerCount                          = 3                                         {product} {ergonomic}
     uint ConcGCThreads                            = 1                                         {product} {ergonomic}
     uint G1ConcRefinementThreads                  = 4                                         {product} {ergonomic}
   size_t G1HeapRegionSize                         = 1048576                                   {product} {ergonomic}
    uintx GCDrainStackTargetSize                   = 64                                        {product} {ergonomic}
   size_t InitialHeapSize                          = 67108864                                  {product} {ergonomic}
   size_t MarkStackSize                            = 4194304                                   {product} {ergonomic}
   size_t MaxHeapSize                              = 1056964608                                {product} {ergonomic}
   size_t MaxNewSize                               = 633339904                                 {product} {ergonomic}
   size_t MinHeapDeltaBytes                        = 1048576                                   {product} {ergonomic}
   size_t MinHeapSize                              = 8388608                                   {product} {ergonomic}
    uintx NonNMethodCodeHeapSize                   = 5832780                                {pd product} {ergonomic}
    uintx NonProfiledCodeHeapSize                  = 122912730                              {pd product} {ergonomic}
    uintx ProfiledCodeHeapSize                     = 122912730                              {pd product} {ergonomic}
    uintx ReservedCodeCacheSize                    = 251658240                              {pd product} {ergonomic}
     bool SegmentedCodeCache                       = true                                      {product} {ergonomic}
     bool ShowCodeDetailsInExceptionMessages       = true                                   {manageable} {command line}
   size_t SoftMaxHeapSize                          = 1056964608                             {manageable} {ergonomic}
     bool UseCompressedOops                        = true                           {product lp64_product} {ergonomic}
     bool UseG1GC                                  = true                                      {product} {ergonomic}
     bool UseLargePagesIndividualAllocation        = false                                  {pd product} {ergonomic}

Logging:
Log output configuration:
 #0: stdout all=warning uptime,level,tags foldmultilines=false
 #1: stderr all=off uptime,level,tags foldmultilines=false

Environment Variables:
JAVA_HOME=C:\Program Files\Java\jdk-21
PATH=C:\Program Files\Common Files\Oracle\Java\javapath;C:\WINDOWS\system32;C:\WINDOWS;C:\WINDOWS\System32\Wbem;C:\WINDOWS\System32\WindowsPowerShell\v1.0\;C:\WINDOWS\System32\OpenSSH\;C:\Program Files\Git\cmd;C:\Program Files\Java\jdk-21\bin;C:\Program Files\Java\jdk-21\bin;C:\Program Files\MySQL\MySQL Shell 8.0\bin\;C:\Users\Akshay\AppData\Local\Microsoft\WindowsApps;;C:\Program Files\JetBrains\PyCharm Community Edition 2022.2.1\bin;;C:\Program Files\heroku\bin
USERNAME=Akshay
OS=Windows_NT
PROCESSOR_IDENTIFIER=Intel64 Family 6 Model 69 Stepping 1, GenuineIntel
TMP=C:\Users\Akshay\AppData\Local\Temp
TEMP=C:\Users\Akshay\AppData\Local\Temp




Periodic native trim disabled

---------------  S Y S T E M  ---------------

OS:
 Windows 10 , 64 bit Build 19041 (10.0.19041.3636)
OS uptime: 6 days 17:51 hours

CPU: total 4 (initial active 4) (2 cores per cpu, 2 threads per core) family 6 model 69 stepping 1 microcode 0x25, cx8, cmov, fxsr, ht, mmx, sse, sse2, sse3, ssse3, sse4.1, sse4.2, popcnt, lzcnt, tsc, tscinvbit, avx, avx2, aes, erms, clmul, bmi1, bmi2, fma, vzeroupper, clflush, rdtscp, f16c
Processor Information for all 4 processors :
  Max Mhz: 2401, Current Mhz: 2401, Mhz Limit: 2401

Memory: 4k page, system-wide physical 4027M (290M free)
TotalPageFile size 16315M (AvailPageFile size 8M)
current process WorkingSet (physical memory assigned to process): 95M, peak: 95M
current process commit charge ("private bytes"): 168M, peak: 169M

vm_info: Java HotSpot(TM) 64-Bit Server VM (21.0.2+13-LTS-58) for windows-amd64 JRE (21.0.2+13-LTS-58), built on 2024-01-05T18:32:24Z by "mach5one" with MS VC++ 17.1 (VS2022)

END.
